<testsuites>
  <testsuite tests="1" time="" name="" resources="1" excluded="0" filed="1">
    <properties></properties>
    <testcase classname="Kubescape" name="Pods in default namespace" time="0001-01-01 00:00:00 +0000 UTC" resources="1" excluded="0" filed="1">
      <failure message="1 resources failed" type="">&#xA;</failure>
    </testcase>
  </testsuite>
</testsuites>
