<testsuites errors="0" disabled="0" failures="43" tests="59" time="" name="Kubescape Scanning"><testsuite name="DevOpsBest" disabled="0" errors="0" failures="8" hostname="" id="0" skipped="" time="" timestamp="2022-03-03 09:28:57.297341435 +0000 UTC"><properties><property name="riskScore" value="36.84"></property></properties><testcase classname="DevOpsBest" status="passed" name="Image pull policy on latest tag" time=""></testcase><testcase classname="DevOpsBest" status="passed" name="Container hostPort" time=""></testcase><testcase classname="DevOpsBest" status="failed" name="Containers mounting Docker socket" time=""><failure message="apiVersion: ca-webhook; kind: ca-webhook; name: ca-webhook&#xA;apiVersion: ca-websocket; kind: ca-websocket; name: ca-websocket" type="Control">More details: https://hub.armo.cloud/docs/c-0074</failure></testcase><testcase classname="DevOpsBest" status="failed" name="Resources memory limit and request" time=""><failure message="apiVersion: apache; kind: apache; name: apache&#xA;apiVersion: kube-controller-manager-david-virtualbox; kind: kube-controller-manager-david-virtualbox; name: kube-controller-manager-david-virtualbox&#xA;apiVersion: etcd-david-virtualbox; kind: etcd-david-virtualbox; name: etcd-david-virtualbox&#xA;apiVersion: kube-apiserver-david-virtualbox; kind: kube-apiserver-david-virtualbox; name: kube-apiserver-david-virtualbox&#xA;apiVersion: storage-provisioner; kind: storage-provisioner; name: storage-provisioner&#xA;apiVersion: nginx-ingress; kind: nginx-ingress; name: nginx-ingress&#xA;apiVersion: kube-proxy; kind: kube-proxy; name: kube-proxy&#xA;apiVersion: kube-scheduler-david-virtualbox; kind: kube-scheduler-david-virtualbox; name: kube-scheduler-david-virtualbox" type="Control">More details: https://hub.armo.cloud/docs/c-0004</failure></testcase><testcase classname="DevOpsBest" status="failed" name="Naked PODs" time=""><failure message="apiVersion: storage-provisioner; kind: storage-provisioner; name: storage-provisioner" type="Control">More details: https://hub.armo.cloud/docs/c-0073</failure></testcase><testcase classname="DevOpsBest" status="failed" name="K8s common labels usage" time=""><failure message="apiVersion: kube-apiserver-david-virtualbox; kind: kube-apiserver-david-virtualbox; name: kube-apiserver-david-virtualbox&#xA;apiVersion: ca-notification-server; kind: ca-notification-server; name: ca-notification-server&#xA;apiVersion: ca-ocimage; kind: ca-ocimage; name: ca-ocimage&#xA;apiVersion: ca-oracle; kind: ca-oracle; name: ca-oracle&#xA;apiVersion: apache; kind: apache; name: apache&#xA;apiVersion: kube-proxy; kind: kube-proxy; name: kube-proxy&#xA;apiVersion: kube-controller-manager-david-virtualbox; kind: kube-controller-manager-david-virtualbox; name: kube-controller-manager-david-virtualbox&#xA;apiVersion: ca-posture; kind: ca-posture; name: ca-posture&#xA;apiVersion: ca-webhook; kind: ca-webhook; name: ca-webhook&#xA;apiVersion: ca-dashboard-aggregator; kind: ca-dashboard-aggregator; name: ca-dashboard-aggregator&#xA;apiVersion: coredns; kind: coredns; name: coredns&#xA;apiVersion: ca-websocket; kind: ca-websocket; name: ca-websocket&#xA;apiVersion: kube-scheduler-david-virtualbox; kind: kube-scheduler-david-virtualbox; name: kube-scheduler-david-virtualbox&#xA;apiVersion: nginx-ingress; kind: nginx-ingress; name: nginx-ingress&#xA;apiVersion: etcd-david-virtualbox; kind: etcd-david-virtualbox; name: etcd-david-virtualbox&#xA;apiVersion: ca-rbac; kind: ca-rbac; name: ca-rbac&#xA;apiVersion: ca-audit; kind: ca-audit; name: ca-audit&#xA;apiVersion: storage-provisioner; kind: storage-provisioner; name: storage-provisioner&#xA;apiVersion: ca-vuln-scan; kind: ca-vuln-scan; name: ca-vuln-scan" type="Control">More details: https://hub.armo.cloud/docs/c-0077</failure></testcase><testcase classname="DevOpsBest" status="failed" name="Label usage for resources" time=""><failure message="apiVersion: etcd-david-virtualbox; kind: etcd-david-virtualbox; name: etcd-david-virtualbox&#xA;apiVersion: ca-posture; kind: ca-posture; name: ca-posture&#xA;apiVersion: kube-proxy; kind: kube-proxy; name: kube-proxy&#xA;apiVersion: ca-ocimage; kind: ca-ocimage; name: ca-ocimage&#xA;apiVersion: ca-oracle; kind: ca-oracle; name: ca-oracle&#xA;apiVersion: apache; kind: apache; name: apache&#xA;apiVersion: ca-rbac; kind: ca-rbac; name: ca-rbac&#xA;apiVersion: kube-apiserver-david-virtualbox; kind: kube-apiserver-david-virtualbox; name: kube-apiserver-david-virtualbox&#xA;apiVersion: ca-websocket; kind: ca-websocket; name: ca-websocket&#xA;apiVersion: ca-audit; kind: ca-audit; name: ca-audit&#xA;apiVersion: coredns; kind: coredns; name: coredns&#xA;apiVersion: storage-provisioner; kind: storage-provisioner; name: storage-provisioner&#xA;apiVersion: kube-scheduler-david-virtualbox; kind: kube-scheduler-david-virtualbox; name: kube-scheduler-david-virtualbox&#xA;apiVersion: kube-controller-manager-david-virtualbox; kind: kube-controller-manager-david-virtualbox; name: kube-controller-manager-david-virtualbox&#xA;apiVersion: nginx-ingress; kind: nginx-ingress; name: nginx-ingress&#xA;apiVersion: ca-dashboard-aggregator; kind: ca-dashboard-aggregator; name: ca-dashboard-aggregator&#xA;apiVersion: ca-webhook; kind: ca-webhook; name: ca-webhook&#xA;apiVersion: ca-vuln-scan; kind: ca-vuln-scan; name: ca-vuln-scan&#xA;apiVersion: ca-notification-server; kind: ca-notification-server; name: ca-notification-server" type="Control">More details: https://hub.armo.cloud/docs/c-0076</failure></testcase><testcase classname="DevOpsBest" status="failed" name="Resources CPU limit and request" time=""><failure message="apiVersion: kube-proxy; kind: kube-proxy; name: kube-proxy&#xA;apiVersion: kube-scheduler-david-virtualbox; kind: kube-scheduler-david-virtualbox; name: kube-scheduler-david-virtualbox&#xA;apiVersion: storage-provisioner; kind: storage-provisioner; name: storage-provisioner&#xA;apiVersion: nginx-ingress; kind: nginx-ingress; name: nginx-ingress&#xA;apiVersion: etcd-david-virtualbox; kind: etcd-david-virtualbox; name: etcd-david-virtualbox&#xA;apiVersion: coredns; kind: coredns; name: coredns&#xA;apiVersion: kube-apiserver-david-virtualbox; kind: kube-apiserver-david-virtualbox; name: kube-apiserver-david-virtualbox&#xA;apiVersion: kube-controller-manager-david-virtualbox; kind: kube-controller-manager-david-virtualbox; name: kube-controller-manager-david-virtualbox&#xA;apiVersion: apache; kind: apache; name: apache" type="Control">More details: https://hub.armo.cloud/docs/c-0050</failure></testcase><testcase classname="DevOpsBest" status="passed" name="Pods in default namespace" time=""></testcase><testcase classname="DevOpsBest" status="failed" name="Configured liveness probe" time=""><failure message="apiVersion: ca-websocket; kind: ca-websocket; name: ca-websocket&#xA;apiVersion: ca-audit; kind: ca-audit; name: ca-audit&#xA;apiVersion: ca-posture; kind: ca-posture; name: ca-posture&#xA;apiVersion: ca-ocimage; kind: ca-ocimage; name: ca-ocimage&#xA;apiVersion: ca-notification-server; kind: ca-notification-server; name: ca-notification-server&#xA;apiVersion: ca-dashboard-aggregator; kind: ca-dashboard-aggregator; name: ca-dashboard-aggregator&#xA;apiVersion: ca-rbac; kind: ca-rbac; name: ca-rbac&#xA;apiVersion: apache; kind: apache; name: apache&#xA;apiVersion: ca-webhook; kind: ca-webhook; name: ca-webhook&#xA;apiVersion: nginx-ingress; kind: nginx-ingress; name: nginx-ingress&#xA;apiVersion: ca-vuln-scan; kind: ca-vuln-scan; name: ca-vuln-scan&#xA;apiVersion: storage-provisioner; kind: storage-provisioner; name: storage-provisioner&#xA;apiVersion: ca-oracle; kind: ca-oracle; name: ca-oracle&#xA;apiVersion: kube-proxy; kind: kube-proxy; name: kube-proxy" type="Control">More details: https://hub.armo.cloud/docs/c-0056</failure></testcase><testcase classname="DevOpsBest" status="failed" name="Configured readiness probe" time=""><failure message="apiVersion: ca-dashboard-aggregator; kind: ca-dashboard-aggregator; name: ca-dashboard-aggregator&#xA;apiVersion: nginx-ingress; kind: nginx-ingress; name: nginx-ingress&#xA;apiVersion: apache; kind: apache; name: apache&#xA;apiVersion: kube-controller-manager-david-virtualbox; kind: kube-controller-manager-david-virtualbox; name: kube-controller-manager-david-virtualbox&#xA;apiVersion: storage-provisioner; kind: storage-provisioner; name: storage-provisioner&#xA;apiVersion: ca-audit; kind: ca-audit; name: ca-audit&#xA;apiVersion: etcd-david-virtualbox; kind: etcd-david-virtualbox; name: etcd-david-virtualbox&#xA;apiVersion: ca-rbac; kind: ca-rbac; name: ca-rbac&#xA;apiVersion: kube-proxy; kind: kube-proxy; name: kube-proxy&#xA;apiVersion: ca-oracle; kind: ca-oracle; name: ca-oracle&#xA;apiVersion: ca-vuln-scan; kind: ca-vuln-scan; name: ca-vuln-scan&#xA;apiVersion: kube-scheduler-david-virtualbox; kind: kube-scheduler-david-virtualbox; name: kube-scheduler-david-virtualbox&#xA;apiVersion: ca-notification-server; kind: ca-notification-server; name: ca-notification-server&#xA;apiVersion: ca-ocimage; kind: ca-ocimage; name: ca-ocimage" type="Control">More details: https://hub.armo.cloud/docs/c-0018</failure></testcase></testsuite><testsuite name="MITRE" disabled="0" errors="0" failures="19" hostname="" id="1" skipped="" time="" timestamp="2022-03-03 09:28:57.297341435 +0000 UTC"><properties><property name="riskScore" value="19.82"></property></properties><testcase classname="MITRE" status="failed" name="Applications credentials in configuration files" time=""><failure message="apiVersion: ca-webhook; kind: ca-webhook; name: ca-webhook&#xA;apiVersion: bla; kind: bla; name: bla" type="Control">More details: https://hub.armo.cloud/docs/c-0012</failure></testcase><testcase classname="MITRE" status="failed" name="List Kubernetes secrets" time=""><failure message="apiVersion: resourcequota-controller; kind: resourcequota-controller; name: resourcequota-controller&#xA;apiVersion: system:kube-controller-manager; kind: system:kube-controller-manager; namespace: ; name: system:kube-controller-manager&#xA;apiVersion: system:masters; kind: system:masters; namespace: ; name: system:masters&#xA;apiVersion: namespace-controller; kind: namespace-controller; name: namespace-controller&#xA;apiVersion: persistent-volume-binder; kind: persistent-volume-binder; name: persistent-volume-binder&#xA;apiVersion: ca-controller-service-account; kind: ca-controller-service-account; name: ca-controller-service-account&#xA;apiVersion: token-cleaner; kind: token-cleaner; name: token-cleaner&#xA;apiVersion: nginx-ingress; kind: nginx-ingress; name: nginx-ingress&#xA;apiVersion: bootstrap-signer; kind: bootstrap-signer; name: bootstrap-signer&#xA;apiVersion: generic-garbage-collector; kind: generic-garbage-collector; name: generic-garbage-collector&#xA;apiVersion: default; kind: default; name: default&#xA;apiVersion: kubescape-discovery; kind: kubescape-discovery; name: kubescape-discovery&#xA;apiVersion: expand-controller; kind: expand-controller; name: expand-controller" type="Control">More details: https://hub.armo.cloud/docs/c-0015</failure></testcase><testcase classname="MITRE" status="failed" name="Exec into container" time=""><failure message="apiVersion: default; kind: default; name: default&#xA;apiVersion: ca-controller-service-account; kind: ca-controller-service-account; name: ca-controller-service-account&#xA;apiVersion: nginx-ingress; kind: nginx-ingress; name: nginx-ingress&#xA;apiVersion: system:masters; kind: system:masters; namespace: ; name: system:masters" type="Control">More details: https://hub.armo.cloud/docs/c-0002</failure></testcase><testcase classname="MITRE" status="failed" name="Cluster-admin binding" time=""><failure message="apiVersion: nginx-ingress; kind: nginx-ingress; name: nginx-ingress&#xA;apiVersion: default; kind: default; name: default&#xA;apiVersion: ca-controller-service-account; kind: ca-controller-service-account; name: ca-controller-service-account&#xA;apiVersion: system:masters; kind: system:masters; namespace: ; name: system:masters" type="Control">More details: https://hub.armo.cloud/docs/c-0035</failure></testcase><testcase classname="MITRE" status="failed" name="Data Destruction" time=""><failure message="apiVersion: daemon-set-controller; kind: daemon-set-controller; name: daemon-set-controller&#xA;apiVersion: token-cleaner; kind: token-cleaner; name: token-cleaner&#xA;apiVersion: job-controller; kind: job-controller; name: job-controller&#xA;apiVersion: generic-garbage-collector; kind: generic-garbage-collector; name: generic-garbage-collector&#xA;apiVersion: ttl-after-finished-controller; kind: ttl-after-finished-controller; name: ttl-after-finished-controller&#xA;apiVersion: ca-controller-service-account; kind: ca-controller-service-account; name: ca-controller-service-account&#xA;apiVersion: statefulset-controller; kind: statefulset-controller; name: statefulset-controller&#xA;apiVersion: default; kind: default; name: default&#xA;apiVersion: cronjob-controller; kind: cronjob-controller; name: cronjob-controller&#xA;apiVersion: namespace-controller; kind: namespace-controller; name: namespace-controller&#xA;apiVersion: deployment-controller; kind: deployment-controller; name: deployment-controller&#xA;apiVersion: replication-controller; kind: replication-controller; name: replication-controller&#xA;apiVersion: system:masters; kind: system:masters; namespace: ; name: system:masters&#xA;apiVersion: node-controller; kind: node-controller; name: node-controller&#xA;apiVersion: persistent-volume-binder; kind: persistent-volume-binder; name: persistent-volume-binder&#xA;apiVersion: pod-garbage-collector; kind: pod-garbage-collector; name: pod-garbage-collector&#xA;apiVersion: replicaset-controller; kind: replicaset-controller; name: replicaset-controller&#xA;apiVersion: nginx-ingress; kind: nginx-ingress; name: nginx-ingress&#xA;apiVersion: system:kube-controller-manager; kind: system:kube-controller-manager; namespace: ; name: system:kube-controller-manager&#xA;apiVersion: system:kube-scheduler; kind: system:kube-scheduler; namespace: ; name: system:kube-scheduler" type="Control">More details: https://hub.armo.cloud/docs/c-0007</failure></testcase><testcase classname="MITRE" status="skipped" name="Disable anonymous access to Kubelet service" time=""><skipped message=""></skipped></testcase><testcase classname="MITRE" status="skipped" name="Kubernetes CronJob" time=""><skipped message=""></skipped></testcase><testcase classname="MITRE" status="skipped" name="Exposed sensitive interfaces" time=""><skipped message=""></skipped></testcase><testcase classname="MITRE" status="skipped" name="Access tiller endpoint" time=""><skipped message=""></skipped></testcase><testcase classname="MITRE" status="skipped" name="CVE-2021-25741 - Using symlink for arbitrary host file system access." time=""><skipped message=""></skipped></testcase><testcase classname="MITRE" status="failed" name="Writable hostPath mount" time=""><failure message="apiVersion: kube-controller-manager-david-virtualbox; kind: kube-controller-manager-david-virtualbox; name: kube-controller-manager-david-virtualbox&#xA;apiVersion: ca-websocket; kind: ca-websocket; name: ca-websocket&#xA;apiVersion: ca-webhook; kind: ca-webhook; name: ca-webhook&#xA;apiVersion: etcd-david-virtualbox; kind: etcd-david-virtualbox; name: etcd-david-virtualbox&#xA;apiVersion: kube-proxy; kind: kube-proxy; name: kube-proxy&#xA;apiVersion: storage-provisioner; kind: storage-provisioner; name: storage-provisioner" type="Control">More details: https://hub.armo.cloud/docs/c-0045</failure></testcase><testcase classname="MITRE" status="failed" name="CVE-2021-25742-nginx-ingress-snippet-annotation-vulnerability" time=""><failure message="apiVersion: nginx-ingress; kind: nginx-ingress; name: nginx-ingress" type="Control">More details: https://hub.armo.cloud/docs/c-0059</failure></testcase><testcase classname="MITRE" status="failed" name="Mount service principal" time=""><failure message="apiVersion: kube-apiserver-david-virtualbox; kind: kube-apiserver-david-virtualbox; name: kube-apiserver-david-virtualbox&#xA;apiVersion: ca-websocket; kind: ca-websocket; name: ca-websocket&#xA;apiVersion: ca-webhook; kind: ca-webhook; name: ca-webhook&#xA;apiVersion: etcd-david-virtualbox; kind: etcd-david-virtualbox; name: etcd-david-virtualbox&#xA;apiVersion: kube-scheduler-david-virtualbox; kind: kube-scheduler-david-virtualbox; name: kube-scheduler-david-virtualbox&#xA;apiVersion: kube-controller-manager-david-virtualbox; kind: kube-controller-manager-david-virtualbox; name: kube-controller-manager-david-virtualbox" type="Control">More details: https://hub.armo.cloud/docs/c-0020</failure></testcase><testcase classname="MITRE" status="failed" name="HostPath mount" time=""><failure message="apiVersion: ca-webhook; kind: ca-webhook; name: ca-webhook&#xA;apiVersion: kube-controller-manager-david-virtualbox; kind: kube-controller-manager-david-virtualbox; name: kube-controller-manager-david-virtualbox&#xA;apiVersion: kube-scheduler-david-virtualbox; kind: kube-scheduler-david-virtualbox; name: kube-scheduler-david-virtualbox&#xA;apiVersion: kube-apiserver-david-virtualbox; kind: kube-apiserver-david-virtualbox; name: kube-apiserver-david-virtualbox&#xA;apiVersion: ca-websocket; kind: ca-websocket; name: ca-websocket&#xA;apiVersion: etcd-david-virtualbox; kind: etcd-david-virtualbox; name: etcd-david-virtualbox" type="Control">More details: https://hub.armo.cloud/docs/c-0048</failure></testcase><testcase classname="MITRE" status="failed" name="CoreDNS poisoning" time=""><failure message="apiVersion: ca-controller-service-account; kind: ca-controller-service-account; name: ca-controller-service-account&#xA;apiVersion: generic-garbage-collector; kind: generic-garbage-collector; name: generic-garbage-collector&#xA;apiVersion: root-ca-cert-publisher; kind: root-ca-cert-publisher; name: root-ca-cert-publisher&#xA;apiVersion: system:masters; kind: system:masters; namespace: ; name: system:masters&#xA;apiVersion: default; kind: default; name: default&#xA;apiVersion: nginx-ingress; kind: nginx-ingress; name: nginx-ingress" type="Control">More details: https://hub.armo.cloud/docs/c-0037</failure></testcase><testcase classname="MITRE" status="skipped" name="SSH server running inside container" time=""><skipped message=""></skipped></testcase><testcase classname="MITRE" status="failed" name="Delete Kubernetes events" time=""><failure message="apiVersion: generic-garbage-collector; kind: generic-garbage-collector; name: generic-garbage-collector&#xA;apiVersion: ca-controller-service-account; kind: ca-controller-service-account; name: ca-controller-service-account&#xA;apiVersion: namespace-controller; kind: namespace-controller; name: namespace-controller&#xA;apiVersion: system:masters; kind: system:masters; namespace: ; name: system:masters&#xA;apiVersion: default; kind: default; name: default&#xA;apiVersion: nginx-ingress; kind: nginx-ingress; name: nginx-ingress" type="Control">More details: https://hub.armo.cloud/docs/c-0031</failure></testcase><testcase classname="MITRE" status="failed" name="PSP enabled" time=""><failure message="apiVersion: kube-apiserver-david-virtualbox; kind: kube-apiserver-david-virtualbox; name: kube-apiserver-david-virtualbox" type="Control">More details: https://hub.armo.cloud/docs/c-0068</failure></testcase><testcase classname="MITRE" status="failed" name="Secret/ETCD encryption enabled" time=""><failure message="apiVersion: kube-apiserver-david-virtualbox; kind: kube-apiserver-david-virtualbox; name: kube-apiserver-david-virtualbox" type="Control">More details: https://hub.armo.cloud/docs/c-0066</failure></testcase><testcase classname="MITRE" status="skipped" name="Enforce Kubelet client TLS authentication" time=""><skipped message=""></skipped></testcase><testcase classname="MITRE" status="failed" name="Malicious admission controller (validating)" time=""><failure message="apiVersion: ca-validate-cfg; kind: ca-validate-cfg; namespace: ; name: ca-validate-cfg" type="Control">More details: https://hub.armo.cloud/docs/c-0036</failure></testcase><testcase classname="MITRE" status="failed" name="Audit logs enabled" time=""><failure message="apiVersion: kube-apiserver-david-virtualbox; kind: kube-apiserver-david-virtualbox; name: kube-apiserver-david-virtualbox" type="Control">More details: https://hub.armo.cloud/docs/c-0067</failure></testcase><testcase classname="MITRE" status="passed" name="Access Kubernetes dashboard" time=""></testcase><testcase classname="MITRE" status="failed" name="Malicious admission controller (mutating)" time=""><failure message="apiVersion: ca-mutate-cfg; kind: ca-mutate-cfg; namespace: ; name: ca-mutate-cfg" type="Control">More details: https://hub.armo.cloud/docs/c-0039</failure></testcase><testcase classname="MITRE" status="failed" name="Privileged container" time=""><failure message="apiVersion: kube-proxy; kind: kube-proxy; name: kube-proxy" type="Control">More details: https://hub.armo.cloud/docs/c-0057</failure></testcase><testcase classname="MITRE" status="failed" name="Access container service account" time=""><failure message="apiVersion: ttl-controller; kind: ttl-controller; name: ttl-controller&#xA;apiVersion: replicaset-controller; kind: replicaset-controller; name: replicaset-controller&#xA;apiVersion: root-ca-cert-publisher; kind: root-ca-cert-publisher; name: root-ca-cert-publisher&#xA;apiVersion: namespace-controller; kind: namespace-controller; name: namespace-controller&#xA;apiVersion: job-controller; kind: job-controller; name: job-controller&#xA;apiVersion: certificate-controller; kind: certificate-controller; name: certificate-controller&#xA;apiVersion: resourcequota-controller; kind: resourcequota-controller; name: resourcequota-controller&#xA;apiVersion: generic-garbage-collector; kind: generic-garbage-collector; name: generic-garbage-collector&#xA;apiVersion: clusterrole-aggregation-controller; kind: clusterrole-aggregation-controller; name: clusterrole-aggregation-controller&#xA;apiVersion: attachdetach-controller; kind: attachdetach-controller; name: attachdetach-controller&#xA;apiVersion: daemon-set-controller; kind: daemon-set-controller; name: daemon-set-controller&#xA;apiVersion: cronjob-controller; kind: cronjob-controller; name: cronjob-controller&#xA;apiVersion: storage-provisioner; kind: storage-provisioner; name: storage-provisioner&#xA;apiVersion: horizontal-pod-autoscaler; kind: horizontal-pod-autoscaler; name: horizontal-pod-autoscaler&#xA;apiVersion: bootstrap-signer; kind: bootstrap-signer; name: bootstrap-signer&#xA;apiVersion: default; kind: default; name: default&#xA;apiVersion: persistent-volume-binder; kind: persistent-volume-binder; name: persistent-volume-binder&#xA;apiVersion: token-cleaner; kind: token-cleaner; name: token-cleaner&#xA;apiVersion: expand-controller; kind: expand-controller; name: expand-controller&#xA;apiVersion: service-account-controller; kind: service-account-controller; name: service-account-controller&#xA;apiVersion: endpointslice-controller; kind: endpointslice-controller; name: endpointslice-controller&#xA;apiVersion: service-controller; kind: service-controller; name: service-controller&#xA;apiVersion: endpointslicemirroring-controller; kind: endpointslicemirroring-controller; name: endpointslicemirroring-controller&#xA;apiVersion: endpoint-controller; kind: endpoint-controller; name: endpoint-controller&#xA;apiVersion: disruption-controller; kind: disruption-controller; name: disruption-controller&#xA;apiVersion: coredns; kind: coredns; name: coredns&#xA;apiVersion: pod-garbage-collector; kind: pod-garbage-collector; name: pod-garbage-collector&#xA;apiVersion: ephemeral-volume-controller; kind: ephemeral-volume-controller; name: ephemeral-volume-controller&#xA;apiVersion: pvc-protection-controller; kind: pvc-protection-controller; name: pvc-protection-controller&#xA;apiVersion: ttl-after-finished-controller; kind: ttl-after-finished-controller; name: ttl-after-finished-controller&#xA;apiVersion: statefulset-controller; kind: statefulset-controller; name: statefulset-controller&#xA;apiVersion: ca-controller-service-account; kind: ca-controller-service-account; name: ca-controller-service-account&#xA;apiVersion: nginx-ingress; kind: nginx-ingress; name: nginx-ingress&#xA;apiVersion: node-controller; kind: node-controller; name: node-controller&#xA;apiVersion: deployment-controller; kind: deployment-controller; name: deployment-controller&#xA;apiVersion: kube-proxy; kind: kube-proxy; name: kube-proxy&#xA;apiVersion: replication-controller; kind: replication-controller; name: replication-controller&#xA;apiVersion: pv-protection-controller; kind: pv-protection-controller; name: pv-protection-controller" type="Control">More details: https://hub.armo.cloud/docs/c-0053</failure></testcase><testcase classname="MITRE" status="failed" name="Cluster internal networking" time=""><failure message="apiVersion: kube-public; kind: kube-public; namespace: ; name: kube-public&#xA;apiVersion: cyberarmor-system; kind: cyberarmor-system; namespace: ; name: cyberarmor-system&#xA;apiVersion: system-test; kind: system-test; namespace: ; name: system-test&#xA;apiVersion: kube-system; kind: kube-system; namespace: ; name: kube-system&#xA;apiVersion: armo-system; kind: armo-system; namespace: ; name: armo-system&#xA;apiVersion: kube-node-lease; kind: kube-node-lease; namespace: ; name: kube-node-lease&#xA;apiVersion: default; kind: default; namespace: ; name: default&#xA;apiVersion: nginx-ingress; kind: nginx-ingress; namespace: ; name: nginx-ingress" type="Control">More details: https://hub.armo.cloud/docs/c-0054</failure></testcase><testcase classname="MITRE" status="skipped" name="Exposed dashboard" time=""><skipped message=""></skipped></testcase></testsuite><testsuite name="ArmoBest" disabled="0" errors="0" failures="25" hostname="" id="2" skipped="" time="" timestamp="2022-03-03 09:28:57.297341435 +0000 UTC"><properties><property name="riskScore" value="29.23"></property></properties><testcase classname="ArmoBest" status="failed" name="No impersonation" time=""><failure message="apiVersion: default; kind: default; name: default&#xA;apiVersion: ca-controller-service-account; kind: ca-controller-service-account; name: ca-controller-service-account&#xA;apiVersion: system:masters; kind: system:masters; namespace: ; name: system:masters&#xA;apiVersion: nginx-ingress; kind: nginx-ingress; name: nginx-ingress" type="Control">More details: https://hub.armo.cloud/docs/c-0065</failure></testcase><testcase classname="ArmoBest" status="failed" name="Exec into container" time=""><failure message="apiVersion: ca-controller-service-account; kind: ca-controller-service-account; name: ca-controller-service-account&#xA;apiVersion: nginx-ingress; kind: nginx-ingress; name: nginx-ingress&#xA;apiVersion: system:masters; kind: system:masters; namespace: ; name: system:masters&#xA;apiVersion: default; kind: default; name: default" type="Control">More details: https://hub.armo.cloud/docs/c-0002</failure></testcase><testcase classname="ArmoBest" status="failed" name="Images from allowed registry" time=""><failure message="apiVersion: ca-notification-server; kind: ca-notification-server; name: ca-notification-server&#xA;apiVersion: ca-websocket; kind: ca-websocket; name: ca-websocket&#xA;apiVersion: ca-ocimage; kind: ca-ocimage; name: ca-ocimage&#xA;apiVersion: ca-vuln-scan; kind: ca-vuln-scan; name: ca-vuln-scan&#xA;apiVersion: apache; kind: apache; name: apache&#xA;apiVersion: ca-posture; kind: ca-posture; name: ca-posture&#xA;apiVersion: ca-oracle; kind: ca-oracle; name: ca-oracle&#xA;apiVersion: ca-rbac; kind: ca-rbac; name: ca-rbac&#xA;apiVersion: ca-dashboard-aggregator; kind: ca-dashboard-aggregator; name: ca-dashboard-aggregator&#xA;apiVersion: ca-audit; kind: ca-audit; name: ca-audit&#xA;apiVersion: storage-provisioner; kind: storage-provisioner; name: storage-provisioner&#xA;apiVersion: ca-webhook; kind: ca-webhook; name: ca-webhook" type="Control">More details: https://hub.armo.cloud/docs/c-0078</failure></testcase><testcase classname="ArmoBest" status="failed" name="Immutable container filesystem" time=""><failure message="apiVersion: ca-audit; kind: ca-audit; name: ca-audit&#xA;apiVersion: ca-webhook; kind: ca-webhook; name: ca-webhook&#xA;apiVersion: ca-posture; kind: ca-posture; name: ca-posture&#xA;apiVersion: kube-scheduler-david-virtualbox; kind: kube-scheduler-david-virtualbox; name: kube-scheduler-david-virtualbox&#xA;apiVersion: ca-oracle; kind: ca-oracle; name: ca-oracle&#xA;apiVersion: storage-provisioner; kind: storage-provisioner; name: storage-provisioner&#xA;apiVersion: ca-vuln-scan; kind: ca-vuln-scan; name: ca-vuln-scan&#xA;apiVersion: nginx-ingress; kind: nginx-ingress; name: nginx-ingress&#xA;apiVersion: ca-ocimage; kind: ca-ocimage; name: ca-ocimage&#xA;apiVersion: ca-dashboard-aggregator; kind: ca-dashboard-aggregator; name: ca-dashboard-aggregator&#xA;apiVersion: ca-rbac; kind: ca-rbac; name: ca-rbac&#xA;apiVersion: ca-websocket; kind: ca-websocket; name: ca-websocket&#xA;apiVersion: kube-controller-manager-david-virtualbox; kind: kube-controller-manager-david-virtualbox; name: kube-controller-manager-david-virtualbox&#xA;apiVersion: kube-apiserver-david-virtualbox; kind: kube-apiserver-david-virtualbox; name: kube-apiserver-david-virtualbox&#xA;apiVersion: ca-notification-server; kind: ca-notification-server; name: ca-notification-server&#xA;apiVersion: etcd-david-virtualbox; kind: etcd-david-virtualbox; name: etcd-david-virtualbox&#xA;apiVersion: kube-proxy; kind: kube-proxy; name: kube-proxy&#xA;apiVersion: apache; kind: apache; name: apache" type="Control">More details: https://hub.armo.cloud/docs/c-0017</failure></testcase><testcase classname="ArmoBest" status="failed" name="Applications credentials in configuration files" time=""><failure message="apiVersion: ca-webhook; kind: ca-webhook; name: ca-webhook&#xA;apiVersion: bla; kind: bla; name: bla" type="Control">More details: https://hub.armo.cloud/docs/c-0012</failure></testcase><testcase classname="ArmoBest" status="failed" name="Non-root containers" time=""><failure message="apiVersion: ca-dashboard-aggregator; kind: ca-dashboard-aggregator; name: ca-dashboard-aggregator&#xA;apiVersion: ca-vuln-scan; kind: ca-vuln-scan; name: ca-vuln-scan&#xA;apiVersion: kube-apiserver-david-virtualbox; kind: kube-apiserver-david-virtualbox; name: kube-apiserver-david-virtualbox&#xA;apiVersion: ca-webhook; kind: ca-webhook; name: ca-webhook&#xA;apiVersion: kube-controller-manager-david-virtualbox; kind: kube-controller-manager-david-virtualbox; name: kube-controller-manager-david-virtualbox&#xA;apiVersion: ca-audit; kind: ca-audit; name: ca-audit&#xA;apiVersion: ca-ocimage; kind: ca-ocimage; name: ca-ocimage&#xA;apiVersion: storage-provisioner; kind: storage-provisioner; name: storage-provisioner&#xA;apiVersion: ca-posture; kind: ca-posture; name: ca-posture&#xA;apiVersion: kube-proxy; kind: kube-proxy; name: kube-proxy&#xA;apiVersion: ca-oracle; kind: ca-oracle; name: ca-oracle&#xA;apiVersion: coredns; kind: coredns; name: coredns&#xA;apiVersion: apache; kind: apache; name: apache&#xA;apiVersion: etcd-david-virtualbox; kind: etcd-david-virtualbox; name: etcd-david-virtualbox&#xA;apiVersion: nginx-ingress; kind: nginx-ingress; name: nginx-ingress&#xA;apiVersion: kube-scheduler-david-virtualbox; kind: kube-scheduler-david-virtualbox; name: kube-scheduler-david-virtualbox&#xA;apiVersion: ca-notification-server; kind: ca-notification-server; name: ca-notification-server&#xA;apiVersion: ca-rbac; kind: ca-rbac; name: ca-rbac&#xA;apiVersion: ca-websocket; kind: ca-websocket; name: ca-websocket" type="Control">More details: https://hub.armo.cloud/docs/c-0013</failure></testcase><testcase classname="ArmoBest" status="failed" name="Namespace without service accounts" time=""><failure message="apiVersion: system-test; kind: system-test; namespace: ; name: system-test&#xA;apiVersion: armo-system; kind: armo-system; namespace: ; name: armo-system&#xA;apiVersion: default; kind: default; namespace: ; name: default&#xA;apiVersion: kube-public; kind: kube-public; namespace: ; name: kube-public&#xA;apiVersion: kube-node-lease; kind: kube-node-lease; namespace: ; name: kube-node-lease" type="Control">More details: https://hub.armo.cloud/docs/c-0060</failure></testcase><testcase classname="ArmoBest" status="passed" name="Insecure capabilities" time=""></testcase><testcase classname="ArmoBest" status="skipped" name="Exposed dashboard" time=""><skipped message=""></skipped></testcase><testcase classname="ArmoBest" status="failed" name="Privileged container" time=""><failure message="apiVersion: kube-proxy; kind: kube-proxy; name: kube-proxy" type="Control">More details: https://hub.armo.cloud/docs/c-0057</failure></testcase><testcase classname="ArmoBest" status="failed" name="Cluster-admin binding" time=""><failure message="apiVersion: default; kind: default; name: default&#xA;apiVersion: ca-controller-service-account; kind: ca-controller-service-account; name: ca-controller-service-account&#xA;apiVersion: system:masters; kind: system:masters; namespace: ; name: system:masters&#xA;apiVersion: nginx-ingress; kind: nginx-ingress; name: nginx-ingress" type="Control">More details: https://hub.armo.cloud/docs/c-0035</failure></testcase><testcase classname="ArmoBest" status="failed" name="Automatic mapping of service account" time=""><failure message="apiVersion: persistent-volume-binder; kind: persistent-volume-binder; name: persistent-volume-binder&#xA;apiVersion: ca-websocket; kind: ca-websocket; name: ca-websocket&#xA;apiVersion: pvc-protection-controller; kind: pvc-protection-controller; name: pvc-protection-controller&#xA;apiVersion: etcd-david-virtualbox; kind: etcd-david-virtualbox; name: etcd-david-virtualbox&#xA;apiVersion: default; kind: default; name: default&#xA;apiVersion: ca-notification-server; kind: ca-notification-server; name: ca-notification-server&#xA;apiVersion: daemon-set-controller; kind: daemon-set-controller; name: daemon-set-controller&#xA;apiVersion: certificate-controller; kind: certificate-controller; name: certificate-controller&#xA;apiVersion: ca-vuln-scan; kind: ca-vuln-scan; name: ca-vuln-scan&#xA;apiVersion: disruption-controller; kind: disruption-controller; name: disruption-controller&#xA;apiVersion: endpointslicemirroring-controller; kind: endpointslicemirroring-controller; name: endpointslicemirroring-controller&#xA;apiVersion: kube-apiserver-david-virtualbox; kind: kube-apiserver-david-virtualbox; name: kube-apiserver-david-virtualbox&#xA;apiVersion: ca-oracle; kind: ca-oracle; name: ca-oracle&#xA;apiVersion: endpoint-controller; kind: endpoint-controller; name: endpoint-controller&#xA;apiVersion: attachdetach-controller; kind: attachdetach-controller; name: attachdetach-controller&#xA;apiVersion: expand-controller; kind: expand-controller; name: expand-controller&#xA;apiVersion: kube-proxy; kind: kube-proxy; name: kube-proxy&#xA;apiVersion: kube-controller-manager-david-virtualbox; kind: kube-controller-manager-david-virtualbox; name: kube-controller-manager-david-virtualbox&#xA;apiVersion: ca-webhook; kind: ca-webhook; name: ca-webhook&#xA;apiVersion: ca-ocimage; kind: ca-ocimage; name: ca-ocimage&#xA;apiVersion: nginx-ingress; kind: nginx-ingress; name: nginx-ingress&#xA;apiVersion: ephemeral-volume-controller; kind: ephemeral-volume-controller; name: ephemeral-volume-controller&#xA;apiVersion: pod-garbage-collector; kind: pod-garbage-collector; name: pod-garbage-collector&#xA;apiVersion: ca-posture; kind: ca-posture; name: ca-posture&#xA;apiVersion: storage-provisioner; kind: storage-provisioner; name: storage-provisioner&#xA;apiVersion: generic-garbage-collector; kind: generic-garbage-collector; name: generic-garbage-collector&#xA;apiVersion: apache; kind: apache; name: apache&#xA;apiVersion: resourcequota-controller; kind: resourcequota-controller; name: resourcequota-controller&#xA;apiVersion: statefulset-controller; kind: statefulset-controller; name: statefulset-controller&#xA;apiVersion: kube-scheduler-david-virtualbox; kind: kube-scheduler-david-virtualbox; name: kube-scheduler-david-virtualbox&#xA;apiVersion: ca-audit; kind: ca-audit; name: ca-audit&#xA;apiVersion: token-cleaner; kind: token-cleaner; name: token-cleaner&#xA;apiVersion: namespace-controller; kind: namespace-controller; name: namespace-controller&#xA;apiVersion: ca-dashboard-aggregator; kind: ca-dashboard-aggregator; name: ca-dashboard-aggregator&#xA;apiVersion: replicaset-controller; kind: replicaset-controller; name: replicaset-controller&#xA;apiVersion: ttl-controller; kind: ttl-controller; name: ttl-controller&#xA;apiVersion: ca-rbac; kind: ca-rbac; name: ca-rbac&#xA;apiVersion: horizontal-pod-autoscaler; kind: horizontal-pod-autoscaler; name: horizontal-pod-autoscaler&#xA;apiVersion: ttl-after-finished-controller; kind: ttl-after-finished-controller; name: ttl-after-finished-controller&#xA;apiVersion: pv-protection-controller; kind: pv-protection-controller; name: pv-protection-controller&#xA;apiVersion: deployment-controller; kind: deployment-controller; name: deployment-controller&#xA;apiVersion: endpointslice-controller; kind: endpointslice-controller; name: endpointslice-controller&#xA;apiVersion: replication-controller; kind: replication-controller; name: replication-controller&#xA;apiVersion: service-controller; kind: service-controller; name: service-controller&#xA;apiVersion: coredns; kind: coredns; name: coredns&#xA;apiVersion: root-ca-cert-publisher; kind: root-ca-cert-publisher; name: root-ca-cert-publisher&#xA;apiVersion: bootstrap-signer; kind: bootstrap-signer; name: bootstrap-signer&#xA;apiVersion: clusterrole-aggregation-controller; kind: clusterrole-aggregation-controller; name: clusterrole-aggregation-controller&#xA;apiVersion: cronjob-controller; kind: cronjob-controller; name: cronjob-controller&#xA;apiVersion: ca-controller-service-account; kind: ca-controller-service-account; name: ca-controller-service-account&#xA;apiVersion: job-controller; kind: job-controller; name: job-controller&#xA;apiVersion: service-account-controller; kind: service-account-controller; name: service-account-controller&#xA;apiVersion: node-controller; kind: node-controller; name: node-controller" type="Control">More details: https://hub.armo.cloud/docs/c-0034</failure></testcase><testcase classname="ArmoBest" status="skipped" name="Disable anonymous access to Kubelet service" time=""><skipped message=""></skipped></testcase><testcase classname="ArmoBest" status="failed" name="Cluster internal networking" time=""><failure message="apiVersion: kube-node-lease; kind: kube-node-lease; namespace: ; name: kube-node-lease&#xA;apiVersion: default; kind: default; namespace: ; name: default&#xA;apiVersion: nginx-ingress; kind: nginx-ingress; namespace: ; name: nginx-ingress&#xA;apiVersion: kube-public; kind: kube-public; namespace: ; name: kube-public&#xA;apiVersion: cyberarmor-system; kind: cyberarmor-system; namespace: ; name: cyberarmor-system&#xA;apiVersion: system-test; kind: system-test; namespace: ; name: system-test&#xA;apiVersion: kube-system; kind: kube-system; namespace: ; name: kube-system&#xA;apiVersion: armo-system; kind: armo-system; namespace: ; name: armo-system" type="Control">More details: https://hub.armo.cloud/docs/c-0054</failure></testcase><testcase classname="ArmoBest" status="failed" name="HostNetwork access" time=""><failure message="apiVersion: etcd-david-virtualbox; kind: etcd-david-virtualbox; name: etcd-david-virtualbox&#xA;apiVersion: kube-scheduler-david-virtualbox; kind: kube-scheduler-david-virtualbox; name: kube-scheduler-david-virtualbox&#xA;apiVersion: kube-apiserver-david-virtualbox; kind: kube-apiserver-david-virtualbox; name: kube-apiserver-david-virtualbox&#xA;apiVersion: storage-provisioner; kind: storage-provisioner; name: storage-provisioner&#xA;apiVersion: kube-controller-manager-david-virtualbox; kind: kube-controller-manager-david-virtualbox; name: kube-controller-manager-david-virtualbox&#xA;apiVersion: kube-proxy; kind: kube-proxy; name: kube-proxy" type="Control">More details: https://hub.armo.cloud/docs/c-0041</failure></testcase><testcase classname="ArmoBest" status="passed" name="Control plane hardening" time=""></testcase><testcase classname="ArmoBest" status="failed" name="Allowed hostPath" time=""><failure message="apiVersion: etcd-david-virtualbox; kind: etcd-david-virtualbox; name: etcd-david-virtualbox&#xA;apiVersion: storage-provisioner; kind: storage-provisioner; name: storage-provisioner&#xA;apiVersion: kube-proxy; kind: kube-proxy; name: kube-proxy&#xA;apiVersion: kube-controller-manager-david-virtualbox; kind: kube-controller-manager-david-virtualbox; name: kube-controller-manager-david-virtualbox&#xA;apiVersion: ca-webhook; kind: ca-webhook; name: ca-webhook&#xA;apiVersion: ca-websocket; kind: ca-websocket; name: ca-websocket" type="Control">More details: https://hub.armo.cloud/docs/c-0006</failure></testcase><testcase classname="ArmoBest" status="failed" name="Portforwarding privileges" time=""><failure message="apiVersion: generic-garbage-collector; kind: generic-garbage-collector; name: generic-garbage-collector&#xA;apiVersion: namespace-controller; kind: namespace-controller; name: namespace-controller&#xA;apiVersion: kubescape-discovery; kind: kubescape-discovery; name: kubescape-discovery&#xA;apiVersion: system:masters; kind: system:masters; namespace: ; name: system:masters&#xA;apiVersion: ca-controller-service-account; kind: ca-controller-service-account; name: ca-controller-service-account&#xA;apiVersion: default; kind: default; name: default&#xA;apiVersion: nginx-ingress; kind: nginx-ingress; name: nginx-ingress" type="Control">More details: https://hub.armo.cloud/docs/c-0063</failure></testcase><testcase classname="ArmoBest" status="passed" name="Sudo in container entrypoint" time=""></testcase><testcase classname="ArmoBest" status="failed" name="Resource policies" time=""><failure message="apiVersion: kube-proxy; kind: kube-proxy; name: kube-proxy&#xA;apiVersion: kube-scheduler-david-virtualbox; kind: kube-scheduler-david-virtualbox; name: kube-scheduler-david-virtualbox&#xA;apiVersion: storage-provisioner; kind: storage-provisioner; name: storage-provisioner&#xA;apiVersion: kube-apiserver-david-virtualbox; kind: kube-apiserver-david-virtualbox; name: kube-apiserver-david-virtualbox&#xA;apiVersion: coredns; kind: coredns; name: coredns&#xA;apiVersion: apache; kind: apache; name: apache&#xA;apiVersion: etcd-david-virtualbox; kind: etcd-david-virtualbox; name: etcd-david-virtualbox&#xA;apiVersion: kube-controller-manager-david-virtualbox; kind: kube-controller-manager-david-virtualbox; name: kube-controller-manager-david-virtualbox&#xA;apiVersion: nginx-ingress; kind: nginx-ingress; name: nginx-ingress" type="Control">More details: https://hub.armo.cloud/docs/c-0009</failure></testcase><testcase classname="ArmoBest" status="failed" name="CVE-2021-25742-nginx-ingress-snippet-annotation-vulnerability" time=""><failure message="apiVersion: nginx-ingress; kind: nginx-ingress; name: nginx-ingress" type="Control">More details: https://hub.armo.cloud/docs/c-0059</failure></testcase><testcase classname="ArmoBest" status="passed" name="Host PID/IPC privileges" time=""></testcase><testcase classname="ArmoBest" status="passed" name="Pods in default namespace" time=""></testcase><testcase classname="ArmoBest" status="failed" name="Network mapping" time=""><failure message="apiVersion: kube-public; kind: kube-public; namespace: ; name: kube-public&#xA;apiVersion: kube-system; kind: kube-system; namespace: ; name: kube-system&#xA;apiVersion: system-test; kind: system-test; namespace: ; name: system-test&#xA;apiVersion: armo-system; kind: armo-system; namespace: ; name: armo-system&#xA;apiVersion: nginx-ingress; kind: nginx-ingress; namespace: ; name: nginx-ingress&#xA;apiVersion: default; kind: default; namespace: ; name: default&#xA;apiVersion: cyberarmor-system; kind: cyberarmor-system; namespace: ; name: cyberarmor-system&#xA;apiVersion: kube-node-lease; kind: kube-node-lease; namespace: ; name: kube-node-lease" type="Control">More details: https://hub.armo.cloud/docs/c-0049</failure></testcase><testcase classname="ArmoBest" status="failed" name="Allow privilege escalation" time=""><failure message="apiVersion: ca-audit; kind: ca-audit; name: ca-audit&#xA;apiVersion: ca-ocimage; kind: ca-ocimage; name: ca-ocimage&#xA;apiVersion: kube-scheduler-david-virtualbox; kind: kube-scheduler-david-virtualbox; name: kube-scheduler-david-virtualbox&#xA;apiVersion: ca-notification-server; kind: ca-notification-server; name: ca-notification-server&#xA;apiVersion: apache; kind: apache; name: apache&#xA;apiVersion: ca-rbac; kind: ca-rbac; name: ca-rbac&#xA;apiVersion: ca-dashboard-aggregator; kind: ca-dashboard-aggregator; name: ca-dashboard-aggregator&#xA;apiVersion: kube-apiserver-david-virtualbox; kind: kube-apiserver-david-virtualbox; name: kube-apiserver-david-virtualbox&#xA;apiVersion: ca-vuln-scan; kind: ca-vuln-scan; name: ca-vuln-scan&#xA;apiVersion: ca-posture; kind: ca-posture; name: ca-posture&#xA;apiVersion: ca-oracle; kind: ca-oracle; name: ca-oracle&#xA;apiVersion: ca-webhook; kind: ca-webhook; name: ca-webhook&#xA;apiVersion: kube-controller-manager-david-virtualbox; kind: kube-controller-manager-david-virtualbox; name: kube-controller-manager-david-virtualbox&#xA;apiVersion: kube-proxy; kind: kube-proxy; name: kube-proxy&#xA;apiVersion: nginx-ingress; kind: nginx-ingress; name: nginx-ingress&#xA;apiVersion: etcd-david-virtualbox; kind: etcd-david-virtualbox; name: etcd-david-virtualbox&#xA;apiVersion: ca-websocket; kind: ca-websocket; name: ca-websocket&#xA;apiVersion: storage-provisioner; kind: storage-provisioner; name: storage-provisioner" type="Control">More details: https://hub.armo.cloud/docs/c-0016</failure></testcase><testcase classname="ArmoBest" status="failed" name="Linux hardening" time=""><failure message="apiVersion: ca-rbac; kind: ca-rbac; name: ca-rbac&#xA;apiVersion: ca-dashboard-aggregator; kind: ca-dashboard-aggregator; name: ca-dashboard-aggregator&#xA;apiVersion: nginx-ingress; kind: nginx-ingress; name: nginx-ingress&#xA;apiVersion: ca-webhook; kind: ca-webhook; name: ca-webhook&#xA;apiVersion: ca-vuln-scan; kind: ca-vuln-scan; name: ca-vuln-scan&#xA;apiVersion: ca-websocket; kind: ca-websocket; name: ca-websocket&#xA;apiVersion: ca-posture; kind: ca-posture; name: ca-posture&#xA;apiVersion: storage-provisioner; kind: storage-provisioner; name: storage-provisioner&#xA;apiVersion: ca-audit; kind: ca-audit; name: ca-audit&#xA;apiVersion: ca-oracle; kind: ca-oracle; name: ca-oracle&#xA;apiVersion: ca-notification-server; kind: ca-notification-server; name: ca-notification-server&#xA;apiVersion: apache; kind: apache; name: apache&#xA;apiVersion: kube-proxy; kind: kube-proxy; name: kube-proxy&#xA;apiVersion: ca-ocimage; kind: ca-ocimage; name: ca-ocimage" type="Control">More details: https://hub.armo.cloud/docs/c-0055</failure></testcase><testcase classname="ArmoBest" status="failed" name="Secret/ETCD encryption enabled" time=""><failure message="apiVersion: kube-apiserver-david-virtualbox; kind: kube-apiserver-david-virtualbox; name: kube-apiserver-david-virtualbox" type="Control">More details: https://hub.armo.cloud/docs/c-0066</failure></testcase><testcase classname="ArmoBest" status="passed" name="Container hostPort" time=""></testcase><testcase classname="ArmoBest" status="skipped" name="CVE-2021-25741 - Using symlink for arbitrary host file system access." time=""><skipped message=""></skipped></testcase><testcase classname="ArmoBest" status="failed" name="Audit logs enabled" time=""><failure message="apiVersion: kube-apiserver-david-virtualbox; kind: kube-apiserver-david-virtualbox; name: kube-apiserver-david-virtualbox" type="Control">More details: https://hub.armo.cloud/docs/c-0067</failure></testcase><testcase classname="ArmoBest" status="failed" name="Ingress and Egress blocked" time=""><failure message="apiVersion: storage-provisioner; kind: storage-provisioner; name: storage-provisioner&#xA;apiVersion: ca-websocket; kind: ca-websocket; name: ca-websocket&#xA;apiVersion: nginx-ingress; kind: nginx-ingress; name: nginx-ingress&#xA;apiVersion: etcd-david-virtualbox; kind: etcd-david-virtualbox; name: etcd-david-virtualbox&#xA;apiVersion: ca-oracle; kind: ca-oracle; name: ca-oracle&#xA;apiVersion: apache; kind: apache; name: apache&#xA;apiVersion: kube-controller-manager-david-virtualbox; kind: kube-controller-manager-david-virtualbox; name: kube-controller-manager-david-virtualbox&#xA;apiVersion: kube-proxy; kind: kube-proxy; name: kube-proxy&#xA;apiVersion: kube-apiserver-david-virtualbox; kind: kube-apiserver-david-virtualbox; name: kube-apiserver-david-virtualbox&#xA;apiVersion: coredns; kind: coredns; name: coredns&#xA;apiVersion: ca-vuln-scan; kind: ca-vuln-scan; name: ca-vuln-scan&#xA;apiVersion: ca-rbac; kind: ca-rbac; name: ca-rbac&#xA;apiVersion: ca-posture; kind: ca-posture; name: ca-posture&#xA;apiVersion: ca-webhook; kind: ca-webhook; name: ca-webhook&#xA;apiVersion: ca-notification-server; kind: ca-notification-server; name: ca-notification-server&#xA;apiVersion: ca-dashboard-aggregator; kind: ca-dashboard-aggregator; name: ca-dashboard-aggregator&#xA;apiVersion: ca-ocimage; kind: ca-ocimage; name: ca-ocimage&#xA;apiVersion: ca-audit; kind: ca-audit; name: ca-audit&#xA;apiVersion: kube-scheduler-david-virtualbox; kind: kube-scheduler-david-virtualbox; name: kube-scheduler-david-virtualbox" type="Control">More details: https://hub.armo.cloud/docs/c-0030</failure></testcase><testcase classname="ArmoBest" status="failed" name="Forbidden Container Registries" time=""><failure message="apiVersion: ca-websocket; kind: ca-websocket; name: ca-websocket&#xA;apiVersion: ca-vuln-scan; kind: ca-vuln-scan; name: ca-vuln-scan&#xA;apiVersion: ca-dashboard-aggregator; kind: ca-dashboard-aggregator; name: ca-dashboard-aggregator&#xA;apiVersion: ca-posture; kind: ca-posture; name: ca-posture&#xA;apiVersion: ca-ocimage; kind: ca-ocimage; name: ca-ocimage&#xA;apiVersion: ca-webhook; kind: ca-webhook; name: ca-webhook&#xA;apiVersion: ca-notification-server; kind: ca-notification-server; name: ca-notification-server&#xA;apiVersion: apache; kind: apache; name: apache&#xA;apiVersion: ca-oracle; kind: ca-oracle; name: ca-oracle&#xA;apiVersion: ca-audit; kind: ca-audit; name: ca-audit&#xA;apiVersion: ca-rbac; kind: ca-rbac; name: ca-rbac" type="Control">More details: https://hub.armo.cloud/docs/c-0001</failure></testcase><testcase classname="ArmoBest" status="skipped" name="Enforce Kubelet client TLS authentication" time=""><skipped message=""></skipped></testcase><testcase classname="ArmoBest" status="failed" name="CVE-2022-0185-linux-kernel-container-escape" time=""><failure message="apiVersion: david-virtualbox; kind: david-virtualbox; namespace: ; name: david-virtualbox" type="Control">More details: https://hub.armo.cloud/docs/c-0079</failure></testcase><testcase classname="ArmoBest" status="failed" name="PSP enabled" time=""><failure message="apiVersion: kube-apiserver-david-virtualbox; kind: kube-apiserver-david-virtualbox; name: kube-apiserver-david-virtualbox" type="Control">More details: https://hub.armo.cloud/docs/c-0068</failure></testcase></testsuite><testsuite name="NSA" disabled="0" errors="0" failures="18" hostname="" id="3" skipped="" time="" timestamp="2022-03-03 09:28:57.297341435 +0000 UTC"><properties><property name="riskScore" value="35.25"></property></properties><testcase classname="NSA" status="skipped" name="Disable anonymous access to Kubelet service" time=""><skipped message=""></skipped></testcase><testcase classname="NSA" status="failed" name="Secret/ETCD encryption enabled" time=""><failure message="apiVersion: kube-apiserver-david-virtualbox; kind: kube-apiserver-david-virtualbox; name: kube-apiserver-david-virtualbox" type="Control">More details: https://hub.armo.cloud/docs/c-0066</failure></testcase><testcase classname="NSA" status="failed" name="Allow privilege escalation" time=""><failure message="apiVersion: kube-controller-manager-david-virtualbox; kind: kube-controller-manager-david-virtualbox; name: kube-controller-manager-david-virtualbox&#xA;apiVersion: ca-dashboard-aggregator; kind: ca-dashboard-aggregator; name: ca-dashboard-aggregator&#xA;apiVersion: nginx-ingress; kind: nginx-ingress; name: nginx-ingress&#xA;apiVersion: kube-scheduler-david-virtualbox; kind: kube-scheduler-david-virtualbox; name: kube-scheduler-david-virtualbox&#xA;apiVersion: ca-vuln-scan; kind: ca-vuln-scan; name: ca-vuln-scan&#xA;apiVersion: ca-notification-server; kind: ca-notification-server; name: ca-notification-server&#xA;apiVersion: apache; kind: apache; name: apache&#xA;apiVersion: etcd-david-virtualbox; kind: etcd-david-virtualbox; name: etcd-david-virtualbox&#xA;apiVersion: ca-ocimage; kind: ca-ocimage; name: ca-ocimage&#xA;apiVersion: kube-proxy; kind: kube-proxy; name: kube-proxy&#xA;apiVersion: ca-audit; kind: ca-audit; name: ca-audit&#xA;apiVersion: kube-apiserver-david-virtualbox; kind: kube-apiserver-david-virtualbox; name: kube-apiserver-david-virtualbox&#xA;apiVersion: ca-posture; kind: ca-posture; name: ca-posture&#xA;apiVersion: ca-oracle; kind: ca-oracle; name: ca-oracle&#xA;apiVersion: ca-webhook; kind: ca-webhook; name: ca-webhook&#xA;apiVersion: storage-provisioner; kind: storage-provisioner; name: storage-provisioner&#xA;apiVersion: ca-rbac; kind: ca-rbac; name: ca-rbac&#xA;apiVersion: ca-websocket; kind: ca-websocket; name: ca-websocket" type="Control">More details: https://hub.armo.cloud/docs/c-0016</failure></testcase><testcase classname="NSA" status="failed" name="Ingress and Egress blocked" time=""><failure message="apiVersion: kube-proxy; kind: kube-proxy; name: kube-proxy&#xA;apiVersion: ca-oracle; kind: ca-oracle; name: ca-oracle&#xA;apiVersion: ca-websocket; kind: ca-websocket; name: ca-websocket&#xA;apiVersion: ca-vuln-scan; kind: ca-vuln-scan; name: ca-vuln-scan&#xA;apiVersion: ca-rbac; kind: ca-rbac; name: ca-rbac&#xA;apiVersion: ca-posture; kind: ca-posture; name: ca-posture&#xA;apiVersion: ca-notification-server; kind: ca-notification-server; name: ca-notification-server&#xA;apiVersion: ca-webhook; kind: ca-webhook; name: ca-webhook&#xA;apiVersion: kube-controller-manager-david-virtualbox; kind: kube-controller-manager-david-virtualbox; name: kube-controller-manager-david-virtualbox&#xA;apiVersion: apache; kind: apache; name: apache&#xA;apiVersion: etcd-david-virtualbox; kind: etcd-david-virtualbox; name: etcd-david-virtualbox&#xA;apiVersion: storage-provisioner; kind: storage-provisioner; name: storage-provisioner&#xA;apiVersion: ca-ocimage; kind: ca-ocimage; name: ca-ocimage&#xA;apiVersion: coredns; kind: coredns; name: coredns&#xA;apiVersion: kube-scheduler-david-virtualbox; kind: kube-scheduler-david-virtualbox; name: kube-scheduler-david-virtualbox&#xA;apiVersion: nginx-ingress; kind: nginx-ingress; name: nginx-ingress&#xA;apiVersion: ca-dashboard-aggregator; kind: ca-dashboard-aggregator; name: ca-dashboard-aggregator&#xA;apiVersion: ca-audit; kind: ca-audit; name: ca-audit&#xA;apiVersion: kube-apiserver-david-virtualbox; kind: kube-apiserver-david-virtualbox; name: kube-apiserver-david-virtualbox" type="Control">More details: https://hub.armo.cloud/docs/c-0030</failure></testcase><testcase classname="NSA" status="failed" name="Privileged container" time=""><failure message="apiVersion: kube-proxy; kind: kube-proxy; name: kube-proxy" type="Control">More details: https://hub.armo.cloud/docs/c-0057</failure></testcase><testcase classname="NSA" status="passed" name="Insecure capabilities" time=""></testcase><testcase classname="NSA" status="failed" name="Cluster internal networking" time=""><failure message="apiVersion: nginx-ingress; kind: nginx-ingress; namespace: ; name: nginx-ingress&#xA;apiVersion: kube-public; kind: kube-public; namespace: ; name: kube-public&#xA;apiVersion: cyberarmor-system; kind: cyberarmor-system; namespace: ; name: cyberarmor-system&#xA;apiVersion: system-test; kind: system-test; namespace: ; name: system-test&#xA;apiVersion: kube-system; kind: kube-system; namespace: ; name: kube-system&#xA;apiVersion: armo-system; kind: armo-system; namespace: ; name: armo-system&#xA;apiVersion: kube-node-lease; kind: kube-node-lease; namespace: ; name: kube-node-lease&#xA;apiVersion: default; kind: default; namespace: ; name: default" type="Control">More details: https://hub.armo.cloud/docs/c-0054</failure></testcase><testcase classname="NSA" status="failed" name="Resource policies" time=""><failure message="apiVersion: kube-scheduler-david-virtualbox; kind: kube-scheduler-david-virtualbox; name: kube-scheduler-david-virtualbox&#xA;apiVersion: kube-controller-manager-david-virtualbox; kind: kube-controller-manager-david-virtualbox; name: kube-controller-manager-david-virtualbox&#xA;apiVersion: etcd-david-virtualbox; kind: etcd-david-virtualbox; name: etcd-david-virtualbox&#xA;apiVersion: nginx-ingress; kind: nginx-ingress; name: nginx-ingress&#xA;apiVersion: kube-proxy; kind: kube-proxy; name: kube-proxy&#xA;apiVersion: apache; kind: apache; name: apache&#xA;apiVersion: storage-provisioner; kind: storage-provisioner; name: storage-provisioner&#xA;apiVersion: kube-apiserver-david-virtualbox; kind: kube-apiserver-david-virtualbox; name: kube-apiserver-david-virtualbox&#xA;apiVersion: coredns; kind: coredns; name: coredns" type="Control">More details: https://hub.armo.cloud/docs/c-0009</failure></testcase><testcase classname="NSA" status="failed" name="Exec into container" time=""><failure message="apiVersion: ca-controller-service-account; kind: ca-controller-service-account; name: ca-controller-service-account&#xA;apiVersion: nginx-ingress; kind: nginx-ingress; name: nginx-ingress&#xA;apiVersion: system:masters; kind: system:masters; namespace: ; name: system:masters&#xA;apiVersion: default; kind: default; name: default" type="Control">More details: https://hub.armo.cloud/docs/c-0002</failure></testcase><testcase classname="NSA" status="failed" name="Allowed hostPath" time=""><failure message="apiVersion: etcd-david-virtualbox; kind: etcd-david-virtualbox; name: etcd-david-virtualbox&#xA;apiVersion: storage-provisioner; kind: storage-provisioner; name: storage-provisioner&#xA;apiVersion: kube-proxy; kind: kube-proxy; name: kube-proxy&#xA;apiVersion: kube-controller-manager-david-virtualbox; kind: kube-controller-manager-david-virtualbox; name: kube-controller-manager-david-virtualbox&#xA;apiVersion: ca-webhook; kind: ca-webhook; name: ca-webhook&#xA;apiVersion: ca-websocket; kind: ca-websocket; name: ca-websocket" type="Control">More details: https://hub.armo.cloud/docs/c-0006</failure></testcase><testcase classname="NSA" status="failed" name="Immutable container filesystem" time=""><failure message="apiVersion: ca-posture; kind: ca-posture; name: ca-posture&#xA;apiVersion: ca-notification-server; kind: ca-notification-server; name: ca-notification-server&#xA;apiVersion: ca-ocimage; kind: ca-ocimage; name: ca-ocimage&#xA;apiVersion: ca-audit; kind: ca-audit; name: ca-audit&#xA;apiVersion: nginx-ingress; kind: nginx-ingress; name: nginx-ingress&#xA;apiVersion: kube-apiserver-david-virtualbox; kind: kube-apiserver-david-virtualbox; name: kube-apiserver-david-virtualbox&#xA;apiVersion: ca-rbac; kind: ca-rbac; name: ca-rbac&#xA;apiVersion: etcd-david-virtualbox; kind: etcd-david-virtualbox; name: etcd-david-virtualbox&#xA;apiVersion: kube-proxy; kind: kube-proxy; name: kube-proxy&#xA;apiVersion: ca-websocket; kind: ca-websocket; name: ca-websocket&#xA;apiVersion: ca-oracle; kind: ca-oracle; name: ca-oracle&#xA;apiVersion: storage-provisioner; kind: storage-provisioner; name: storage-provisioner&#xA;apiVersion: ca-vuln-scan; kind: ca-vuln-scan; name: ca-vuln-scan&#xA;apiVersion: kube-scheduler-david-virtualbox; kind: kube-scheduler-david-virtualbox; name: kube-scheduler-david-virtualbox&#xA;apiVersion: ca-webhook; kind: ca-webhook; name: ca-webhook&#xA;apiVersion: ca-dashboard-aggregator; kind: ca-dashboard-aggregator; name: ca-dashboard-aggregator&#xA;apiVersion: kube-controller-manager-david-virtualbox; kind: kube-controller-manager-david-virtualbox; name: kube-controller-manager-david-virtualbox&#xA;apiVersion: apache; kind: apache; name: apache" type="Control">More details: https://hub.armo.cloud/docs/c-0017</failure></testcase><testcase classname="NSA" status="failed" name="Cluster-admin binding" time=""><failure message="apiVersion: default; kind: default; name: default&#xA;apiVersion: ca-controller-service-account; kind: ca-controller-service-account; name: ca-controller-service-account&#xA;apiVersion: system:masters; kind: system:masters; namespace: ; name: system:masters&#xA;apiVersion: nginx-ingress; kind: nginx-ingress; name: nginx-ingress" type="Control">More details: https://hub.armo.cloud/docs/c-0035</failure></testcase><testcase classname="NSA" status="failed" name="Applications credentials in configuration files" time=""><failure message="apiVersion: bla; kind: bla; name: bla&#xA;apiVersion: ca-webhook; kind: ca-webhook; name: ca-webhook" type="Control">More details: https://hub.armo.cloud/docs/c-0012</failure></testcase><testcase classname="NSA" status="failed" name="CVE-2021-25742-nginx-ingress-snippet-annotation-vulnerability" time=""><failure message="apiVersion: nginx-ingress; kind: nginx-ingress; name: nginx-ingress" type="Control">More details: https://hub.armo.cloud/docs/c-0059</failure></testcase><testcase classname="NSA" status="skipped" name="CVE-2021-25741 - Using symlink for arbitrary host file system access." time=""><skipped message=""></skipped></testcase><testcase classname="NSA" status="skipped" name="Enforce Kubelet client TLS authentication" time=""><skipped message=""></skipped></testcase><testcase classname="NSA" status="failed" name="PSP enabled" time=""><failure message="apiVersion: kube-apiserver-david-virtualbox; kind: kube-apiserver-david-virtualbox; name: kube-apiserver-david-virtualbox" type="Control">More details: https://hub.armo.cloud/docs/c-0068</failure></testcase><testcase classname="NSA" status="passed" name="Control plane hardening" time=""></testcase><testcase classname="NSA" status="passed" name="Container hostPort" time=""></testcase><testcase classname="NSA" status="failed" name="Linux hardening" time=""><failure message="apiVersion: ca-audit; kind: ca-audit; name: ca-audit&#xA;apiVersion: ca-websocket; kind: ca-websocket; name: ca-websocket&#xA;apiVersion: ca-posture; kind: ca-posture; name: ca-posture&#xA;apiVersion: ca-dashboard-aggregator; kind: ca-dashboard-aggregator; name: ca-dashboard-aggregator&#xA;apiVersion: apache; kind: apache; name: apache&#xA;apiVersion: storage-provisioner; kind: storage-provisioner; name: storage-provisioner&#xA;apiVersion: ca-rbac; kind: ca-rbac; name: ca-rbac&#xA;apiVersion: ca-vuln-scan; kind: ca-vuln-scan; name: ca-vuln-scan&#xA;apiVersion: kube-proxy; kind: kube-proxy; name: kube-proxy&#xA;apiVersion: ca-ocimage; kind: ca-ocimage; name: ca-ocimage&#xA;apiVersion: ca-oracle; kind: ca-oracle; name: ca-oracle&#xA;apiVersion: nginx-ingress; kind: nginx-ingress; name: nginx-ingress&#xA;apiVersion: ca-notification-server; kind: ca-notification-server; name: ca-notification-server&#xA;apiVersion: ca-webhook; kind: ca-webhook; name: ca-webhook" type="Control">More details: https://hub.armo.cloud/docs/c-0055</failure></testcase><testcase classname="NSA" status="failed" name="Audit logs enabled" time=""><failure message="apiVersion: kube-apiserver-david-virtualbox; kind: kube-apiserver-david-virtualbox; name: kube-apiserver-david-virtualbox" type="Control">More details: https://hub.armo.cloud/docs/c-0067</failure></testcase><testcase classname="NSA" status="failed" name="Non-root containers" time=""><failure message="apiVersion: ca-dashboard-aggregator; kind: ca-dashboard-aggregator; name: ca-dashboard-aggregator&#xA;apiVersion: kube-controller-manager-david-virtualbox; kind: kube-controller-manager-david-virtualbox; name: kube-controller-manager-david-virtualbox&#xA;apiVersion: ca-audit; kind: ca-audit; name: ca-audit&#xA;apiVersion: ca-vuln-scan; kind: ca-vuln-scan; name: ca-vuln-scan&#xA;apiVersion: ca-oracle; kind: ca-oracle; name: ca-oracle&#xA;apiVersion: apache; kind: apache; name: apache&#xA;apiVersion: etcd-david-virtualbox; kind: etcd-david-virtualbox; name: etcd-david-virtualbox&#xA;apiVersion: ca-websocket; kind: ca-websocket; name: ca-websocket&#xA;apiVersion: ca-webhook; kind: ca-webhook; name: ca-webhook&#xA;apiVersion: ca-ocimage; kind: ca-ocimage; name: ca-ocimage&#xA;apiVersion: kube-scheduler-david-virtualbox; kind: kube-scheduler-david-virtualbox; name: kube-scheduler-david-virtualbox&#xA;apiVersion: storage-provisioner; kind: storage-provisioner; name: storage-provisioner&#xA;apiVersion: ca-posture; kind: ca-posture; name: ca-posture&#xA;apiVersion: kube-proxy; kind: kube-proxy; name: kube-proxy&#xA;apiVersion: ca-rbac; kind: ca-rbac; name: ca-rbac&#xA;apiVersion: kube-apiserver-david-virtualbox; kind: kube-apiserver-david-virtualbox; name: kube-apiserver-david-virtualbox&#xA;apiVersion: coredns; kind: coredns; name: coredns&#xA;apiVersion: nginx-ingress; kind: nginx-ingress; name: nginx-ingress&#xA;apiVersion: ca-notification-server; kind: ca-notification-server; name: ca-notification-server" type="Control">More details: https://hub.armo.cloud/docs/c-0013</failure></testcase><testcase classname="NSA" status="failed" name="Automatic mapping of service account" time=""><failure message="apiVersion: kube-apiserver-david-virtualbox; kind: kube-apiserver-david-virtualbox; name: kube-apiserver-david-virtualbox&#xA;apiVersion: ephemeral-volume-controller; kind: ephemeral-volume-controller; name: ephemeral-volume-controller&#xA;apiVersion: disruption-controller; kind: disruption-controller; name: disruption-controller&#xA;apiVersion: node-controller; kind: node-controller; name: node-controller&#xA;apiVersion: pvc-protection-controller; kind: pvc-protection-controller; name: pvc-protection-controller&#xA;apiVersion: clusterrole-aggregation-controller; kind: clusterrole-aggregation-controller; name: clusterrole-aggregation-controller&#xA;apiVersion: pod-garbage-collector; kind: pod-garbage-collector; name: pod-garbage-collector&#xA;apiVersion: cronjob-controller; kind: cronjob-controller; name: cronjob-controller&#xA;apiVersion: job-controller; kind: job-controller; name: job-controller&#xA;apiVersion: endpoint-controller; kind: endpoint-controller; name: endpoint-controller&#xA;apiVersion: kube-scheduler-david-virtualbox; kind: kube-scheduler-david-virtualbox; name: kube-scheduler-david-virtualbox&#xA;apiVersion: service-account-controller; kind: service-account-controller; name: service-account-controller&#xA;apiVersion: coredns; kind: coredns; name: coredns&#xA;apiVersion: token-cleaner; kind: token-cleaner; name: token-cleaner&#xA;apiVersion: namespace-controller; kind: namespace-controller; name: namespace-controller&#xA;apiVersion: ca-webhook; kind: ca-webhook; name: ca-webhook&#xA;apiVersion: storage-provisioner; kind: storage-provisioner; name: storage-provisioner&#xA;apiVersion: daemon-set-controller; kind: daemon-set-controller; name: daemon-set-controller&#xA;apiVersion: ttl-after-finished-controller; kind: ttl-after-finished-controller; name: ttl-after-finished-controller&#xA;apiVersion: apache; kind: apache; name: apache&#xA;apiVersion: ca-notification-server; kind: ca-notification-server; name: ca-notification-server&#xA;apiVersion: ttl-controller; kind: ttl-controller; name: ttl-controller&#xA;apiVersion: deployment-controller; kind: deployment-controller; name: deployment-controller&#xA;apiVersion: resourcequota-controller; kind: resourcequota-controller; name: resourcequota-controller&#xA;apiVersion: etcd-david-virtualbox; kind: etcd-david-virtualbox; name: etcd-david-virtualbox&#xA;apiVersion: attachdetach-controller; kind: attachdetach-controller; name: attachdetach-controller&#xA;apiVersion: endpointslicemirroring-controller; kind: endpointslicemirroring-controller; name: endpointslicemirroring-controller&#xA;apiVersion: root-ca-cert-publisher; kind: root-ca-cert-publisher; name: root-ca-cert-publisher&#xA;apiVersion: certificate-controller; kind: certificate-controller; name: certificate-controller&#xA;apiVersion: replicaset-controller; kind: replicaset-controller; name: replicaset-controller&#xA;apiVersion: ca-controller-service-account; kind: ca-controller-service-account; name: ca-controller-service-account&#xA;apiVersion: ca-vuln-scan; kind: ca-vuln-scan; name: ca-vuln-scan&#xA;apiVersion: expand-controller; kind: expand-controller; name: expand-controller&#xA;apiVersion: kube-controller-manager-david-virtualbox; kind: kube-controller-manager-david-virtualbox; name: kube-controller-manager-david-virtualbox&#xA;apiVersion: ca-dashboard-aggregator; kind: ca-dashboard-aggregator; name: ca-dashboard-aggregator&#xA;apiVersion: statefulset-controller; kind: statefulset-controller; name: statefulset-controller&#xA;apiVersion: ca-ocimage; kind: ca-ocimage; name: ca-ocimage&#xA;apiVersion: ca-websocket; kind: ca-websocket; name: ca-websocket&#xA;apiVersion: bootstrap-signer; kind: bootstrap-signer; name: bootstrap-signer&#xA;apiVersion: ca-audit; kind: ca-audit; name: ca-audit&#xA;apiVersion: generic-garbage-collector; kind: generic-garbage-collector; name: generic-garbage-collector&#xA;apiVersion: ca-posture; kind: ca-posture; name: ca-posture&#xA;apiVersion: replication-controller; kind: replication-controller; name: replication-controller&#xA;apiVersion: ca-oracle; kind: ca-oracle; name: ca-oracle&#xA;apiVersion: kube-proxy; kind: kube-proxy; name: kube-proxy&#xA;apiVersion: endpointslice-controller; kind: endpointslice-controller; name: endpointslice-controller&#xA;apiVersion: nginx-ingress; kind: nginx-ingress; name: nginx-ingress&#xA;apiVersion: horizontal-pod-autoscaler; kind: horizontal-pod-autoscaler; name: horizontal-pod-autoscaler&#xA;apiVersion: service-controller; kind: service-controller; name: service-controller&#xA;apiVersion: persistent-volume-binder; kind: persistent-volume-binder; name: persistent-volume-binder&#xA;apiVersion: default; kind: default; name: default&#xA;apiVersion: ca-rbac; kind: ca-rbac; name: ca-rbac&#xA;apiVersion: pv-protection-controller; kind: pv-protection-controller; name: pv-protection-controller" type="Control">More details: https://hub.armo.cloud/docs/c-0034</failure></testcase><testcase classname="NSA" status="failed" name="HostNetwork access" time=""><failure message="apiVersion: kube-scheduler-david-virtualbox; kind: kube-scheduler-david-virtualbox; name: kube-scheduler-david-virtualbox&#xA;apiVersion: kube-apiserver-david-virtualbox; kind: kube-apiserver-david-virtualbox; name: kube-apiserver-david-virtualbox&#xA;apiVersion: storage-provisioner; kind: storage-provisioner; name: storage-provisioner&#xA;apiVersion: kube-controller-manager-david-virtualbox; kind: kube-controller-manager-david-virtualbox; name: kube-controller-manager-david-virtualbox&#xA;apiVersion: kube-proxy; kind: kube-proxy; name: kube-proxy&#xA;apiVersion: etcd-david-virtualbox; kind: etcd-david-virtualbox; name: etcd-david-virtualbox" type="Control">More details: https://hub.armo.cloud/docs/c-0041</failure></testcase><testcase classname="NSA" status="passed" name="Host PID/IPC privileges" time=""></testcase><testcase classname="NSA" status="skipped" name="Exposed dashboard" time=""><skipped message=""></skipped></testcase></testsuite></testsuites>