<testsuites errors="0" disabled="0" failures="132" tests="209" time="" name=""><testsuite name="/v1/armo-system/Pod/armo-kubescape-27426720--1-sdfpb" disabled="0" errors="0" failures="0" hostname="" id="1" skipped="" time="" timestamp="0001-01-01 00:00:00 +0000 UTC"><properties><property name="ID" value="/v1/armo-system/Pod/armo-kubescape-27426720--1-sdfpb"></property></properties><testcase classname="C-0073" status="passed" name="Naked PODs" time=""></testcase></testsuite><testsuite name="/kube-system/ServiceAccount/service-account-controller/rbac.authorization.k8s.io/v1//ClusterRole/system:controller:service-account-controller/rbac.authorization.k8s.io/v1//ClusterRoleBinding/system:controller:service-account-controller" disabled="0" errors="0" failures="1" hostname="" id="2" skipped="" time="" timestamp="0001-01-01 00:00:00 +0000 UTC"><properties><property name="ID" value="/kube-system/ServiceAccount/service-account-controller/rbac.authorization.k8s.io/v1//ClusterRole/system:controller:service-account-controller/rbac.authorization.k8s.io/v1//ClusterRoleBinding/system:controller:service-account-controller"></property></properties><testcase classname="C-0002" status="passed" name="Exec into container" time=""></testcase><testcase classname="C-0031" status="passed" name="Delete Kubernetes events" time=""></testcase><testcase classname="C-0015" status="passed" name="List Kubernetes secrets" time=""></testcase><testcase classname="C-0035" status="passed" name="Cluster-admin binding" time=""></testcase><testcase classname="C-0007" status="passed" name="Data Destruction" time=""></testcase><testcase classname="C-0065" status="passed" name="No impersonation" time=""></testcase><testcase classname="C-0063" status="passed" name="Portforwarding privileges" time=""></testcase><testcase classname="C-0014" status="passed" name="Access Kubernetes dashboard" time=""></testcase><testcase classname="C-0037" status="passed" name="CoreDNS poisoning" time=""></testcase><testcase classname="C-0053" status="failed" name="Access container service account" time=""><failure message="" type="">More deatiles: https://hub.armo.cloud/docs/c-0053</failure></testcase></testsuite><testsuite name="/kube-system/ServiceAccount/ttl-controller/rbac.authorization.k8s.io/v1//ClusterRole/system:controller:ttl-controller/rbac.authorization.k8s.io/v1//ClusterRoleBinding/system:controller:ttl-controller" disabled="0" errors="0" failures="1" hostname="" id="3" skipped="" time="" timestamp="0001-01-01 00:00:00 +0000 UTC"><properties><property name="ID" value="/kube-system/ServiceAccount/ttl-controller/rbac.authorization.k8s.io/v1//ClusterRole/system:controller:ttl-controller/rbac.authorization.k8s.io/v1//ClusterRoleBinding/system:controller:ttl-controller"></property></properties><testcase classname="C-0002" status="passed" name="Exec into container" time=""></testcase><testcase classname="C-0031" status="passed" name="Delete Kubernetes events" time=""></testcase><testcase classname="C-0015" status="passed" name="List Kubernetes secrets" time=""></testcase><testcase classname="C-0035" status="passed" name="Cluster-admin binding" time=""></testcase><testcase classname="C-0007" status="passed" name="Data Destruction" time=""></testcase><testcase classname="C-0065" status="passed" name="No impersonation" time=""></testcase><testcase classname="C-0063" status="passed" name="Portforwarding privileges" time=""></testcase><testcase classname="C-0014" status="passed" name="Access Kubernetes dashboard" time=""></testcase><testcase classname="C-0037" status="passed" name="CoreDNS poisoning" time=""></testcase><testcase classname="C-0053" status="failed" name="Access container service account" time=""><failure message="" type="">More deatiles: https://hub.armo.cloud/docs/c-0053</failure></testcase></testsuite><testsuite name="/v1//Namespace/kube-node-lease" disabled="0" errors="0" failures="3" hostname="" id="4" skipped="" time="" timestamp="0001-01-01 00:00:00 +0000 UTC"><properties><property name="ID" value="/v1//Namespace/kube-node-lease"></property></properties><testcase classname="C-0049" status="failed" name="Network mapping" time=""><failure message="" type="">More deatiles: https://hub.armo.cloud/docs/c-0049</failure></testcase><testcase classname="C-0054" status="failed" name="Cluster internal networking" time=""><failure message="" type="">More deatiles: https://hub.armo.cloud/docs/c-0054</failure></testcase><testcase classname="C-0060" status="failed" name="Namespace without service accounts" time=""><failure message="" type="">More deatiles: https://hub.armo.cloud/docs/c-0060</failure></testcase></testsuite><testsuite name="/kube-system/ServiceAccount/statefulset-controller/rbac.authorization.k8s.io/v1//ClusterRole/system:controller:statefulset-controller/rbac.authorization.k8s.io/v1//ClusterRoleBinding/system:controller:statefulset-controller" disabled="0" errors="0" failures="2" hostname="" id="5" skipped="" time="" timestamp="0001-01-01 00:00:00 +0000 UTC"><properties><property name="ID" value="/kube-system/ServiceAccount/statefulset-controller/rbac.authorization.k8s.io/v1//ClusterRole/system:controller:statefulset-controller/rbac.authorization.k8s.io/v1//ClusterRoleBinding/system:controller:statefulset-controller"></property></properties><testcase classname="C-0002" status="passed" name="Exec into container" time=""></testcase><testcase classname="C-0031" status="passed" name="Delete Kubernetes events" time=""></testcase><testcase classname="C-0015" status="passed" name="List Kubernetes secrets" time=""></testcase><testcase classname="C-0035" status="passed" name="Cluster-admin binding" time=""></testcase><testcase classname="C-0007" status="failed" name="Data Destruction" time=""><failure message="relatedObjects[1].rules[4].resources[0];relatedObjects[1].rules[4].verbs[1];relatedObjects[1].rules[4].apiGroups[0];relatedObjects[0].roleRef.subjects[0];relatedObjects[0].roleRef.name" type="">More deatiles: https://hub.armo.cloud/docs/c-0007</failure></testcase><testcase classname="C-0065" status="passed" name="No impersonation" time=""></testcase><testcase classname="C-0063" status="passed" name="Portforwarding privileges" time=""></testcase><testcase classname="C-0014" status="passed" name="Access Kubernetes dashboard" time=""></testcase><testcase classname="C-0037" status="passed" name="CoreDNS poisoning" time=""></testcase><testcase classname="C-0053" status="failed" name="Access container service account" time=""><failure message="" type="">More deatiles: https://hub.armo.cloud/docs/c-0053</failure></testcase></testsuite><testsuite name="/kube-system/ServiceAccount/storage-provisioner/rbac.authorization.k8s.io/v1/kube-system/Role/system:persistent-volume-provisioner/rbac.authorization.k8s.io/v1/kube-system/RoleBinding/system:persistent-volume-provisioner" disabled="0" errors="0" failures="1" hostname="" id="6" skipped="" time="" timestamp="0001-01-01 00:00:00 +0000 UTC"><properties><property name="ID" value="/kube-system/ServiceAccount/storage-provisioner/rbac.authorization.k8s.io/v1/kube-system/Role/system:persistent-volume-provisioner/rbac.authorization.k8s.io/v1/kube-system/RoleBinding/system:persistent-volume-provisioner"></property></properties><testcase classname="C-0002" status="passed" name="Exec into container" time=""></testcase><testcase classname="C-0031" status="passed" name="Delete Kubernetes events" time=""></testcase><testcase classname="C-0015" status="passed" name="List Kubernetes secrets" time=""></testcase><testcase classname="C-0035" status="passed" name="Cluster-admin binding" time=""></testcase><testcase classname="C-0007" status="passed" name="Data Destruction" time=""></testcase><testcase classname="C-0065" status="passed" name="No impersonation" time=""></testcase><testcase classname="C-0063" status="passed" name="Portforwarding privileges" time=""></testcase><testcase classname="C-0014" status="passed" name="Access Kubernetes dashboard" time=""></testcase><testcase classname="C-0037" status="passed" name="CoreDNS poisoning" time=""></testcase><testcase classname="C-0053" status="failed" name="Access container service account" time=""><failure message="" type="">More deatiles: https://hub.armo.cloud/docs/c-0053</failure></testcase></testsuite><testsuite name="/v1/cyberarmor-system/Pod/ca-notification-server-6fd966c875-h7lw7" disabled="0" errors="0" failures="0" hostname="" id="7" skipped="" time="" timestamp="0001-01-01 00:00:00 +0000 UTC"><properties><property name="ID" value="/v1/cyberarmor-system/Pod/ca-notification-server-6fd966c875-h7lw7"></property></properties><testcase classname="C-0073" status="passed" name="Naked PODs" time=""></testcase></testsuite><testsuite name="/v1/system-test/ConfigMap/kube-root-ca.crt" disabled="0" errors="0" failures="0" hostname="" id="8" skipped="" time="" timestamp="0001-01-01 00:00:00 +0000 UTC"><properties><property name="ID" value="/v1/system-test/ConfigMap/kube-root-ca.crt"></property></properties><testcase classname="C-0012" status="passed" name="Applications credentials in configuration files" time=""></testcase></testsuite><testsuite name="rbac.authorization.k8s.io//Group/system:masters/rbac.authorization.k8s.io/v1//ClusterRole/cluster-admin/rbac.authorization.k8s.io/v1//ClusterRoleBinding/cluster-admin" disabled="0" errors="0" failures="8" hostname="" id="9" skipped="" time="" timestamp="0001-01-01 00:00:00 +0000 UTC"><properties><property name="ID" value="rbac.authorization.k8s.io//Group/system:masters/rbac.authorization.k8s.io/v1//ClusterRole/cluster-admin/rbac.authorization.k8s.io/v1//ClusterRoleBinding/cluster-admin"></property></properties><testcase classname="C-0002" status="failed" name="Exec into container" time=""><failure message="relatedObjects[1].rules[0].resources[0];relatedObjects[1].rules[0].verbs[0];relatedObjects[1].rules[0].apiGroups[0];relatedObjects[0].roleRef.subjects[0];relatedObjects[0].roleRef.name" type="">More deatiles: https://hub.armo.cloud/docs/c-0002</failure></testcase><testcase classname="C-0031" status="failed" name="Delete Kubernetes events" time=""><failure message="relatedObjects[1].rules[0].resources[0];relatedObjects[1].rules[0].verbs[0];relatedObjects[1].rules[0].apiGroups[0];relatedObjects[0].roleRef.subjects[0];relatedObjects[0].roleRef.name" type="">More deatiles: https://hub.armo.cloud/docs/c-0031</failure></testcase><testcase classname="C-0015" status="failed" name="List Kubernetes secrets" time=""><failure message="relatedObjects[1].rules[0].resources[0];relatedObjects[1].rules[0].verbs[0];relatedObjects[1].rules[0].apiGroups[0];relatedObjects[0].roleRef.subjects[0];relatedObjects[0].roleRef.name" type="">More deatiles: https://hub.armo.cloud/docs/c-0015</failure></testcase><testcase classname="C-0035" status="failed" name="Cluster-admin binding" time=""><failure message="relatedObjects[1].rules[0].resources[0];relatedObjects[1].rules[0].verbs[0];relatedObjects[1].rules[0].apiGroups[0];relatedObjects[0].roleRef.subjects[0];relatedObjects[0].roleRef.name" type="">More deatiles: https://hub.armo.cloud/docs/c-0035</failure></testcase><testcase classname="C-0007" status="failed" name="Data Destruction" time=""><failure message="relatedObjects[1].rules[0].resources[0];relatedObjects[1].rules[0].verbs[0];relatedObjects[1].rules[0].apiGroups[0];relatedObjects[0].roleRef.subjects[0];relatedObjects[0].roleRef.name" type="">More deatiles: https://hub.armo.cloud/docs/c-0007</failure></testcase><testcase classname="C-0065" status="failed" name="No impersonation" time=""><failure message="relatedObjects[1].rules[0].resources[0];relatedObjects[1].rules[0].verbs[0];relatedObjects[1].rules[0].apiGroups[0];relatedObjects[0].roleRef.subjects[0];relatedObjects[0].roleRef.name" type="">More deatiles: https://hub.armo.cloud/docs/c-0065</failure></testcase><testcase classname="C-0063" status="failed" name="Portforwarding privileges" time=""><failure message="relatedObjects[1].rules[0].resources[0];relatedObjects[1].rules[0].verbs[0];relatedObjects[1].rules[0].apiGroups[0];relatedObjects[0].roleRef.subjects[0];relatedObjects[0].roleRef.name" type="">More deatiles: https://hub.armo.cloud/docs/c-0063</failure></testcase><testcase classname="C-0014" status="passed" name="Access Kubernetes dashboard" time=""></testcase><testcase classname="C-0037" status="failed" name="CoreDNS poisoning" time=""><failure message="relatedObjects[1].rules[0].resources[0];relatedObjects[1].rules[0].verbs[0];relatedObjects[1].rules[0].apiGroups[0];relatedObjects[0].roleRef.subjects[0];relatedObjects[0].roleRef.name" type="">More deatiles: https://hub.armo.cloud/docs/c-0037</failure></testcase></testsuite><testsuite name="/kube-system/ServiceAccount/cronjob-controller/rbac.authorization.k8s.io/v1//ClusterRole/system:controller:cronjob-controller/rbac.authorization.k8s.io/v1//ClusterRoleBinding/system:controller:cronjob-controller" disabled="0" errors="0" failures="2" hostname="" id="10" skipped="" time="" timestamp="0001-01-01 00:00:00 +0000 UTC"><properties><property name="ID" value="/kube-system/ServiceAccount/cronjob-controller/rbac.authorization.k8s.io/v1//ClusterRole/system:controller:cronjob-controller/rbac.authorization.k8s.io/v1//ClusterRoleBinding/system:controller:cronjob-controller"></property></properties><testcase classname="C-0002" status="passed" name="Exec into container" time=""></testcase><testcase classname="C-0031" status="passed" name="Delete Kubernetes events" time=""></testcase><testcase classname="C-0015" status="passed" name="List Kubernetes secrets" time=""></testcase><testcase classname="C-0035" status="passed" name="Cluster-admin binding" time=""></testcase><testcase classname="C-0007" status="failed" name="Data Destruction" time=""><failure message="relatedObjects[1].rules[1].resources[0];relatedObjects[1].rules[1].verbs[1];relatedObjects[1].rules[1].apiGroups[0];relatedObjects[0].roleRef.subjects[0];relatedObjects[0].roleRef.name;relatedObjects[1].rules[4].resources[0];relatedObjects[1].rules[4].verbs[0];relatedObjects[1].rules[4].apiGroups[0];relatedObjects[0].roleRef.subjects[0];relatedObjects[0].roleRef.name" type="">More deatiles: https://hub.armo.cloud/docs/c-0007</failure></testcase><testcase classname="C-0065" status="passed" name="No impersonation" time=""></testcase><testcase classname="C-0063" status="passed" name="Portforwarding privileges" time=""></testcase><testcase classname="C-0014" status="passed" name="Access Kubernetes dashboard" time=""></testcase><testcase classname="C-0037" status="passed" name="CoreDNS poisoning" time=""></testcase><testcase classname="C-0053" status="failed" name="Access container service account" time=""><failure message="" type="">More deatiles: https://hub.armo.cloud/docs/c-0053</failure></testcase></testsuite><testsuite name="/kube-system/ServiceAccount/job-controller/rbac.authorization.k8s.io/v1//ClusterRole/system:controller:job-controller/rbac.authorization.k8s.io/v1//ClusterRoleBinding/system:controller:job-controller" disabled="0" errors="0" failures="2" hostname="" id="11" skipped="" time="" timestamp="0001-01-01 00:00:00 +0000 UTC"><properties><property name="ID" value="/kube-system/ServiceAccount/job-controller/rbac.authorization.k8s.io/v1//ClusterRole/system:controller:job-controller/rbac.authorization.k8s.io/v1//ClusterRoleBinding/system:controller:job-controller"></property></properties><testcase classname="C-0002" status="passed" name="Exec into container" time=""></testcase><testcase classname="C-0031" status="passed" name="Delete Kubernetes events" time=""></testcase><testcase classname="C-0015" status="passed" name="List Kubernetes secrets" time=""></testcase><testcase classname="C-0035" status="passed" name="Cluster-admin binding" time=""></testcase><testcase classname="C-0007" status="failed" name="Data Destruction" time=""><failure message="relatedObjects[1].rules[3].resources[0];relatedObjects[1].rules[3].verbs[1];relatedObjects[1].rules[3].apiGroups[0];relatedObjects[0].roleRef.subjects[0];relatedObjects[0].roleRef.name" type="">More deatiles: https://hub.armo.cloud/docs/c-0007</failure></testcase><testcase classname="C-0065" status="passed" name="No impersonation" time=""></testcase><testcase classname="C-0063" status="passed" name="Portforwarding privileges" time=""></testcase><testcase classname="C-0014" status="passed" name="Access Kubernetes dashboard" time=""></testcase><testcase classname="C-0037" status="passed" name="CoreDNS poisoning" time=""></testcase><testcase classname="C-0053" status="failed" name="Access container service account" time=""><failure message="" type="">More deatiles: https://hub.armo.cloud/docs/c-0053</failure></testcase></testsuite><testsuite name="/v1/armo-system/Pod/armo-web-socket-fbf96f9f5-snmrb" disabled="0" errors="0" failures="0" hostname="" id="12" skipped="" time="" timestamp="0001-01-01 00:00:00 +0000 UTC"><properties><property name="ID" value="/v1/armo-system/Pod/armo-web-socket-fbf96f9f5-snmrb"></property></properties><testcase classname="C-0073" status="passed" name="Naked PODs" time=""></testcase></testsuite><testsuite name="/v1/kube-system/ConfigMap/coredns" disabled="0" errors="0" failures="0" hostname="" id="13" skipped="" time="" timestamp="0001-01-01 00:00:00 +0000 UTC"><properties><property name="ID" value="/v1/kube-system/ConfigMap/coredns"></property></properties><testcase classname="C-0012" status="passed" name="Applications credentials in configuration files" time=""></testcase></testsuite><testsuite name="/v1/armo-system/ServiceAccount/default" disabled="0" errors="0" failures="1" hostname="" id="14" skipped="" time="" timestamp="0001-01-01 00:00:00 +0000 UTC"><properties><property name="ID" value="/v1/armo-system/ServiceAccount/default"></property></properties><testcase classname="C-0034" status="failed" name="Automatic mapping of service account" time=""><failure message="automountServiceAccountToken=false" type="">More deatiles: https://hub.armo.cloud/docs/c-0034</failure></testcase><testcase classname="C-0060" status="passed" name="Namespace without service accounts" time=""></testcase></testsuite><testsuite name="apps/v1/armo-system/Deployment/armo-vuln-scan" disabled="0" errors="0" failures="11" hostname="" id="15" skipped="" time="" timestamp="0001-01-01 00:00:00 +0000 UTC"><properties><property name="ID" value="apps/v1/armo-system/Deployment/armo-vuln-scan"></property></properties><testcase classname="C-0034" status="passed" name="Automatic mapping of service account" time=""></testcase><testcase classname="C-0078" status="failed" name="Images from allowed registry" time=""><failure message="spec.template.spec.containers[0].image" type="">More deatiles: https://hub.armo.cloud/docs/c-0078</failure></testcase><testcase classname="C-0017" status="failed" name="Immutable container filesystem" time=""><failure message="spec.template.spec.containers[0].securityContext.readOnlyRootFilesystem=true" type="">More deatiles: https://hub.armo.cloud/docs/c-0017</failure></testcase><testcase classname="C-0009" status="passed" name="Resource policies" time=""></testcase><testcase classname="C-0030" status="failed" name="Ingress and Egress blocked" time=""><failure message="" type="">More deatiles: https://hub.armo.cloud/docs/c-0030</failure></testcase><testcase classname="C-0048" status="passed" name="HostPath mount" time=""></testcase><testcase classname="C-0075" status="passed" name="Image pull policy on latest tag" time=""></testcase><testcase classname="C-0050" status="passed" name="Resources CPU limit and request" time=""></testcase><testcase classname="C-0038" status="passed" name="Host PID/IPC privileges" time=""></testcase><testcase classname="C-0046" status="passed" name="Insecure capabilities" time=""></testcase><testcase classname="C-0061" status="passed" name="Pods in default namespace" time=""></testcase><testcase classname="C-0016" status="failed" name="Allow privilege escalation" time=""><failure message="spec.template.spec.containers[0].securityContext.allowPrivilegeEscalation=false" type="">More deatiles: https://hub.armo.cloud/docs/c-0016</failure></testcase><testcase classname="C-0014" status="passed" name="Access Kubernetes dashboard" time=""></testcase><testcase classname="C-0001" status="failed" name="Forbidden Container Registries" time=""><failure message="spec.template.spec.containers[0].image" type="">More deatiles: https://hub.armo.cloud/docs/c-0001</failure></testcase><testcase classname="C-0074" status="passed" name="Containers mounting Docker socket" time=""></testcase><testcase classname="C-0018" status="failed" name="Configured readiness probe" time=""><failure message="spec.template.spec.containers[0].readinessProbe=YOUR_VALUE" type="">More deatiles: https://hub.armo.cloud/docs/c-0018</failure></testcase><testcase classname="C-0020" status="passed" name="Mount service principal" time=""></testcase><testcase classname="C-0044" status="passed" name="Container hostPort" time=""></testcase><testcase classname="C-0012" status="passed" name="Applications credentials in configuration files" time=""></testcase><testcase classname="C-0041" status="passed" name="HostNetwork access" time=""></testcase><testcase classname="C-0055" status="failed" name="Linux hardening" time=""><failure message="spec.template.spec.securityContext" type="">More deatiles: https://hub.armo.cloud/docs/c-0055</failure></testcase><testcase classname="C-0006" status="passed" name="Allowed hostPath" time=""></testcase><testcase classname="C-0077" status="failed" name="K8s common labels usage" time=""><failure message="metadata.labels=YOUR_VALUE;spec.template.metadata.labels=YOUR_VALUE" type="">More deatiles: https://hub.armo.cloud/docs/c-0077</failure></testcase><testcase classname="C-0004" status="passed" name="Resources memory limit and request" time=""></testcase><testcase classname="C-0056" status="failed" name="Configured liveness probe" time=""><failure message="spec.template.spec.containers[0].livenessProbe=YOUR_VALUE" type="">More deatiles: https://hub.armo.cloud/docs/c-0056</failure></testcase><testcase classname="C-0057" status="passed" name="Privileged container" time=""></testcase><testcase classname="C-0045" status="passed" name="Writable hostPath mount" time=""></testcase><testcase classname="C-0076" status="failed" name="Label usage for resources" time=""><failure message="metadata.labels=YOUR_VALUE;spec.template.metadata.labels=YOUR_VALUE" type="">More deatiles: https://hub.armo.cloud/docs/c-0076</failure></testcase><testcase classname="C-0013" status="failed" name="Non-root containers" time=""><failure message="spec.template.spec.securityContext.runAsNonRoot=true;spec.template.spec.securityContext.allowPrivilegeEscalation=false" type="">More deatiles: https://hub.armo.cloud/docs/c-0013</failure></testcase><testcase classname="C-0062" status="passed" name="Sudo in container entrypoint" time=""></testcase></testsuite><testsuite name="apps/v1/kube-system/DaemonSet/kube-proxy" disabled="0" errors="0" failures="17" hostname="" id="16" skipped="" time="" timestamp="0001-01-01 00:00:00 +0000 UTC"><properties><property name="ID" value="apps/v1/kube-system/DaemonSet/kube-proxy"></property></properties><testcase classname="C-0034" status="failed" name="Automatic mapping of service account" time=""><failure message="spec.template.spec.automountServiceAccountToken=false" type="">More deatiles: https://hub.armo.cloud/docs/c-0034</failure></testcase><testcase classname="C-0078" status="passed" name="Images from allowed registry" time=""></testcase><testcase classname="C-0017" status="failed" name="Immutable container filesystem" time=""><failure message="spec.template.spec.containers[0].securityContext.readOnlyRootFilesystem=true" type="">More deatiles: https://hub.armo.cloud/docs/c-0017</failure></testcase><testcase classname="C-0009" status="failed" name="Resource policies" time=""><failure message="spec.template.spec.containers[0].resources.limits.cpu=YOUR_VALUE;spec.template.spec.containers[0].resources.limits.memory=YOUR_VALUE" type="">More deatiles: https://hub.armo.cloud/docs/c-0009</failure></testcase><testcase classname="C-0030" status="failed" name="Ingress and Egress blocked" time=""><failure message="" type="">More deatiles: https://hub.armo.cloud/docs/c-0030</failure></testcase><testcase classname="C-0048" status="passed" name="HostPath mount" time=""></testcase><testcase classname="C-0075" status="passed" name="Image pull policy on latest tag" time=""></testcase><testcase classname="C-0050" status="failed" name="Resources CPU limit and request" time=""><failure message="spec.template.spec.containers[0].resources.limits.cpu=YOUR_VALUE;spec.template.spec.containers[0].resources.requests.cpu=YOUR_VALUE" type="">More deatiles: https://hub.armo.cloud/docs/c-0050</failure></testcase><testcase classname="C-0038" status="passed" name="Host PID/IPC privileges" time=""></testcase><testcase classname="C-0046" status="passed" name="Insecure capabilities" time=""></testcase><testcase classname="C-0061" status="passed" name="Pods in default namespace" time=""></testcase><testcase classname="C-0016" status="failed" name="Allow privilege escalation" time=""><failure message="spec.template.spec.containers[0].securityContext.allowPrivilegeEscalation=false" type="">More deatiles: https://hub.armo.cloud/docs/c-0016</failure></testcase><testcase classname="C-0014" status="passed" name="Access Kubernetes dashboard" time=""></testcase><testcase classname="C-0001" status="passed" name="Forbidden Container Registries" time=""></testcase><testcase classname="C-0074" status="passed" name="Containers mounting Docker socket" time=""></testcase><testcase classname="C-0018" status="failed" name="Configured readiness probe" time=""><failure message="spec.template.spec.containers[0].readinessProbe=YOUR_VALUE" type="">More deatiles: https://hub.armo.cloud/docs/c-0018</failure></testcase><testcase classname="C-0020" status="passed" name="Mount service principal" time=""></testcase><testcase classname="C-0044" status="passed" name="Container hostPort" time=""></testcase><testcase classname="C-0012" status="passed" name="Applications credentials in configuration files" time=""></testcase><testcase classname="C-0041" status="failed" name="HostNetwork access" time=""><failure message="spec.template.spec.hostNetwork" type="">More deatiles: https://hub.armo.cloud/docs/c-0041</failure></testcase><testcase classname="C-0055" status="failed" name="Linux hardening" time=""><failure message="spec.template.spec.securityContext" type="">More deatiles: https://hub.armo.cloud/docs/c-0055</failure></testcase><testcase classname="C-0006" status="failed" name="Allowed hostPath" time=""><failure message="spec.template.spec.containers[0].volumeMounts[1].readOnly=true" type="">More deatiles: https://hub.armo.cloud/docs/c-0006</failure></testcase><testcase classname="C-0077" status="failed" name="K8s common labels usage" time=""><failure message="metadata.labels=YOUR_VALUE;spec.template.metadata.labels=YOUR_VALUE" type="">More deatiles: https://hub.armo.cloud/docs/c-0077</failure></testcase><testcase classname="C-0004" status="failed" name="Resources memory limit and request" time=""><failure message="spec.containers[0].resources.limits.memory=YOUR_VALUE;spec.containers[0].resources.requests.memory=YOUR_VALUE" type="">More deatiles: https://hub.armo.cloud/docs/c-0004</failure></testcase><testcase classname="C-0056" status="failed" name="Configured liveness probe" time=""><failure message="spec.template.spec.containers[0].livenessProbe=YOUR_VALUE" type="">More deatiles: https://hub.armo.cloud/docs/c-0056</failure></testcase><testcase classname="C-0057" status="failed" name="Privileged container" time=""><failure message="spec.template.spec.containers[0].securityContext.privileged" type="">More deatiles: https://hub.armo.cloud/docs/c-0057</failure></testcase><testcase classname="C-0045" status="failed" name="Writable hostPath mount" time=""><failure message="spec.template.spec.containers[0].volumeMounts[1].readOnly=true" type="">More deatiles: https://hub.armo.cloud/docs/c-0045</failure></testcase><testcase classname="C-0076" status="failed" name="Label usage for resources" time=""><failure message="metadata.labels=YOUR_VALUE;spec.template.metadata.labels=YOUR_VALUE" type="">More deatiles: https://hub.armo.cloud/docs/c-0076</failure></testcase><testcase classname="C-0013" status="failed" name="Non-root containers" time=""><failure message="spec.template.spec.securityContext.runAsNonRoot=true;spec.template.spec.securityContext.allowPrivilegeEscalation=false" type="">More deatiles: https://hub.armo.cloud/docs/c-0013</failure></testcase><testcase classname="C-0062" status="passed" name="Sudo in container entrypoint" time=""></testcase></testsuite><testsuite name="/v1/kube-system/ServiceAccount/clusterrole-aggregation-controller" disabled="0" errors="0" failures="1" hostname="" id="17" skipped="" time="" timestamp="0001-01-01 00:00:00 +0000 UTC"><properties><property name="ID" value="/v1/kube-system/ServiceAccount/clusterrole-aggregation-controller"></property></properties><testcase classname="C-0034" status="failed" name="Automatic mapping of service account" time=""><failure message="automountServiceAccountToken=false" type="">More deatiles: https://hub.armo.cloud/docs/c-0034</failure></testcase><testcase classname="C-0060" status="passed" name="Namespace without service accounts" time=""></testcase></testsuite><testsuite name="/v1/cyberarmor-system/Pod/ca-dashboard-aggregator-7c97dc5c8f-j9nxn" disabled="0" errors="0" failures="0" hostname="" id="18" skipped="" time="" timestamp="0001-01-01 00:00:00 +0000 UTC"><properties><property name="ID" value="/v1/cyberarmor-system/Pod/ca-dashboard-aggregator-7c97dc5c8f-j9nxn"></property></properties><testcase classname="C-0073" status="passed" name="Naked PODs" time=""></testcase></testsuite><testsuite name="/v1//Namespace/default" disabled="0" errors="0" failures="3" hostname="" id="19" skipped="" time="" timestamp="0001-01-01 00:00:00 +0000 UTC"><properties><property name="ID" value="/v1//Namespace/default"></property></properties><testcase classname="C-0049" status="failed" name="Network mapping" time=""><failure message="" type="">More deatiles: https://hub.armo.cloud/docs/c-0049</failure></testcase><testcase classname="C-0054" status="failed" name="Cluster internal networking" time=""><failure message="" type="">More deatiles: https://hub.armo.cloud/docs/c-0054</failure></testcase><testcase classname="C-0060" status="failed" name="Namespace without service accounts" time=""><failure message="" type="">More deatiles: https://hub.armo.cloud/docs/c-0060</failure></testcase></testsuite><testsuite name="/v1/kube-node-lease/ServiceAccount/default" disabled="0" errors="0" failures="1" hostname="" id="20" skipped="" time="" timestamp="0001-01-01 00:00:00 +0000 UTC"><properties><property name="ID" value="/v1/kube-node-lease/ServiceAccount/default"></property></properties><testcase classname="C-0034" status="failed" name="Automatic mapping of service account" time=""><failure message="automountServiceAccountToken=false" type="">More deatiles: https://hub.armo.cloud/docs/c-0034</failure></testcase><testcase classname="C-0060" status="passed" name="Namespace without service accounts" time=""></testcase></testsuite><testsuite name="/v1/kube-system/ServiceAccount/endpoint-controller" disabled="0" errors="0" failures="1" hostname="" id="21" skipped="" time="" timestamp="0001-01-01 00:00:00 +0000 UTC"><properties><property name="ID" value="/v1/kube-system/ServiceAccount/endpoint-controller"></property></properties><testcase classname="C-0034" status="failed" name="Automatic mapping of service account" time=""><failure message="automountServiceAccountToken=false" type="">More deatiles: https://hub.armo.cloud/docs/c-0034</failure></testcase><testcase classname="C-0060" status="passed" name="Namespace without service accounts" time=""></testcase></testsuite><testsuite name="rbac.authorization.k8s.io//Group/system:nodes/rbac.authorization.k8s.io/v1/kube-system/Role/kubeadm:nodes-kubeadm-config/rbac.authorization.k8s.io/v1/kube-system/RoleBinding/kubeadm:nodes-kubeadm-config" disabled="0" errors="0" failures="0" hostname="" id="22" skipped="" time="" timestamp="0001-01-01 00:00:00 +0000 UTC"><properties><property name="ID" value="rbac.authorization.k8s.io//Group/system:nodes/rbac.authorization.k8s.io/v1/kube-system/Role/kubeadm:nodes-kubeadm-config/rbac.authorization.k8s.io/v1/kube-system/RoleBinding/kubeadm:nodes-kubeadm-config"></property></properties><testcase classname="C-0002" status="passed" name="Exec into container" time=""></testcase><testcase classname="C-0031" status="passed" name="Delete Kubernetes events" time=""></testcase><testcase classname="C-0015" status="passed" name="List Kubernetes secrets" time=""></testcase><testcase classname="C-0035" status="passed" name="Cluster-admin binding" time=""></testcase><testcase classname="C-0007" status="passed" name="Data Destruction" time=""></testcase><testcase classname="C-0065" status="passed" name="No impersonation" time=""></testcase><testcase classname="C-0063" status="passed" name="Portforwarding privileges" time=""></testcase><testcase classname="C-0014" status="passed" name="Access Kubernetes dashboard" time=""></testcase><testcase classname="C-0037" status="passed" name="CoreDNS poisoning" time=""></testcase></testsuite><testsuite name="rbac.authorization.k8s.io//Group/system:unauthenticated/rbac.authorization.k8s.io/v1//ClusterRole/system:public-info-viewer/rbac.authorization.k8s.io/v1//ClusterRoleBinding/system:public-info-viewer" disabled="0" errors="0" failures="0" hostname="" id="23" skipped="" time="" timestamp="0001-01-01 00:00:00 +0000 UTC"><properties><property name="ID" value="rbac.authorization.k8s.io//Group/system:unauthenticated/rbac.authorization.k8s.io/v1//ClusterRole/system:public-info-viewer/rbac.authorization.k8s.io/v1//ClusterRoleBinding/system:public-info-viewer"></property></properties><testcase classname="C-0002" status="passed" name="Exec into container" time=""></testcase><testcase classname="C-0031" status="passed" name="Delete Kubernetes events" time=""></testcase><testcase classname="C-0015" status="passed" name="List Kubernetes secrets" time=""></testcase><testcase classname="C-0035" status="passed" name="Cluster-admin binding" time=""></testcase><testcase classname="C-0007" status="passed" name="Data Destruction" time=""></testcase><testcase classname="C-0065" status="passed" name="No impersonation" time=""></testcase><testcase classname="C-0063" status="passed" name="Portforwarding privileges" time=""></testcase><testcase classname="C-0014" status="passed" name="Access Kubernetes dashboard" time=""></testcase><testcase classname="C-0037" status="passed" name="CoreDNS poisoning" time=""></testcase></testsuite><testsuite name="/v1/kube-system/ServiceAccount/expand-controller" disabled="0" errors="0" failures="1" hostname="" id="24" skipped="" time="" timestamp="0001-01-01 00:00:00 +0000 UTC"><properties><property name="ID" value="/v1/kube-system/ServiceAccount/expand-controller"></property></properties><testcase classname="C-0034" status="failed" name="Automatic mapping of service account" time=""><failure message="automountServiceAccountToken=false" type="">More deatiles: https://hub.armo.cloud/docs/c-0034</failure></testcase><testcase classname="C-0060" status="passed" name="Namespace without service accounts" time=""></testcase></testsuite><testsuite name="rbac.authorization.k8s.io//Group/system:bootstrappers:kubeadm:default-node-token/rbac.authorization.k8s.io/v1/kube-system/Role/kubeadm:nodes-kubeadm-config/rbac.authorization.k8s.io/v1/kube-system/RoleBinding/kubeadm:nodes-kubeadm-config" disabled="0" errors="0" failures="0" hostname="" id="25" skipped="" time="" timestamp="0001-01-01 00:00:00 +0000 UTC"><properties><property name="ID" value="rbac.authorization.k8s.io//Group/system:bootstrappers:kubeadm:default-node-token/rbac.authorization.k8s.io/v1/kube-system/Role/kubeadm:nodes-kubeadm-config/rbac.authorization.k8s.io/v1/kube-system/RoleBinding/kubeadm:nodes-kubeadm-config"></property></properties><testcase classname="C-0002" status="passed" name="Exec into container" time=""></testcase><testcase classname="C-0031" status="passed" name="Delete Kubernetes events" time=""></testcase><testcase classname="C-0015" status="passed" name="List Kubernetes secrets" time=""></testcase><testcase classname="C-0035" status="passed" name="Cluster-admin binding" time=""></testcase><testcase classname="C-0007" status="passed" name="Data Destruction" time=""></testcase><testcase classname="C-0065" status="passed" name="No impersonation" time=""></testcase><testcase classname="C-0063" status="passed" name="Portforwarding privileges" time=""></testcase><testcase classname="C-0014" status="passed" name="Access Kubernetes dashboard" time=""></testcase><testcase classname="C-0037" status="passed" name="CoreDNS poisoning" time=""></testcase></testsuite><testsuite name="rbac.authorization.k8s.io//User/system:kube-controller-manager/rbac.authorization.k8s.io/v1/kube-system/Role/system::leader-locking-kube-controller-manager/rbac.authorization.k8s.io/v1/kube-system/RoleBinding/system::leader-locking-kube-controller-manager" disabled="0" errors="0" failures="0" hostname="" id="26" skipped="" time="" timestamp="0001-01-01 00:00:00 +0000 UTC"><properties><property name="ID" value="rbac.authorization.k8s.io//User/system:kube-controller-manager/rbac.authorization.k8s.io/v1/kube-system/Role/system::leader-locking-kube-controller-manager/rbac.authorization.k8s.io/v1/kube-system/RoleBinding/system::leader-locking-kube-controller-manager"></property></properties><testcase classname="C-0002" status="passed" name="Exec into container" time=""></testcase><testcase classname="C-0031" status="passed" name="Delete Kubernetes events" time=""></testcase><testcase classname="C-0015" status="passed" name="List Kubernetes secrets" time=""></testcase><testcase classname="C-0035" status="passed" name="Cluster-admin binding" time=""></testcase><testcase classname="C-0007" status="passed" name="Data Destruction" time=""></testcase><testcase classname="C-0065" status="passed" name="No impersonation" time=""></testcase><testcase classname="C-0063" status="passed" name="Portforwarding privileges" time=""></testcase><testcase classname="C-0014" status="passed" name="Access Kubernetes dashboard" time=""></testcase><testcase classname="C-0037" status="passed" name="CoreDNS poisoning" time=""></testcase></testsuite><testsuite name="batch/v1beta1/armo-system/CronJob/armo-kubescape" disabled="0" errors="0" failures="12" hostname="" id="27" skipped="" time="" timestamp="0001-01-01 00:00:00 +0000 UTC"><properties><property name="ID" value="batch/v1beta1/armo-system/CronJob/armo-kubescape"></property></properties><testcase classname="C-0034" status="passed" name="Automatic mapping of service account" time=""></testcase><testcase classname="C-0078" status="failed" name="Images from allowed registry" time=""><failure message="spec.jobTemplate.spec.template.spec.containers[0].image" type="">More deatiles: https://hub.armo.cloud/docs/c-0078</failure></testcase><testcase classname="C-0017" status="failed" name="Immutable container filesystem" time=""><failure message="spec.jobTemplate.spec.template.spec.containers[0].securityContext.readOnlyRootFilesystem=true" type="">More deatiles: https://hub.armo.cloud/docs/c-0017</failure></testcase><testcase classname="C-0009" status="passed" name="Resource policies" time=""></testcase><testcase classname="C-0030" status="failed" name="Ingress and Egress blocked" time=""><failure message="" type="">More deatiles: https://hub.armo.cloud/docs/c-0030</failure></testcase><testcase classname="C-0048" status="passed" name="HostPath mount" time=""></testcase><testcase classname="C-0075" status="passed" name="Image pull policy on latest tag" time=""></testcase><testcase classname="C-0050" status="passed" name="Resources CPU limit and request" time=""></testcase><testcase classname="C-0038" status="passed" name="Host PID/IPC privileges" time=""></testcase><testcase classname="C-0046" status="passed" name="Insecure capabilities" time=""></testcase><testcase classname="C-0026" status="failed" name="Kubernetes CronJob" time=""><failure message="" type="">More deatiles: https://hub.armo.cloud/docs/c-0026</failure></testcase><testcase classname="C-0061" status="passed" name="Pods in default namespace" time=""></testcase><testcase classname="C-0016" status="failed" name="Allow privilege escalation" time=""><failure message="spec.jobTemplate.spec.template.spec.containers[0].securityContext.allowPrivilegeEscalation=false" type="">More deatiles: https://hub.armo.cloud/docs/c-0016</failure></testcase><testcase classname="C-0014" status="passed" name="Access Kubernetes dashboard" time=""></testcase><testcase classname="C-0001" status="failed" name="Forbidden Container Registries" time=""><failure message="spec.jobTemplate.spec.template.spec.containers[0].image" type="">More deatiles: https://hub.armo.cloud/docs/c-0001</failure></testcase><testcase classname="C-0074" status="passed" name="Containers mounting Docker socket" time=""></testcase><testcase classname="C-0018" status="failed" name="Configured readiness probe" time=""><failure message="spec.jobTemplate.spec.template.spec.containers[0].readinessProbe=YOUR_VALUE" type="">More deatiles: https://hub.armo.cloud/docs/c-0018</failure></testcase><testcase classname="C-0020" status="passed" name="Mount service principal" time=""></testcase><testcase classname="C-0044" status="passed" name="Container hostPort" time=""></testcase><testcase classname="C-0012" status="passed" name="Applications credentials in configuration files" time=""></testcase><testcase classname="C-0041" status="passed" name="HostNetwork access" time=""></testcase><testcase classname="C-0055" status="failed" name="Linux hardening" time=""><failure message="spec.jobTemplate.spec.template.spec.securityContext" type="">More deatiles: https://hub.armo.cloud/docs/c-0055</failure></testcase><testcase classname="C-0006" status="passed" name="Allowed hostPath" time=""></testcase><testcase classname="C-0077" status="failed" name="K8s common labels usage" time=""><failure message="metadata.labels=YOUR_VALUE;spec.jobTemplate.spec.template.metadata.labels=YOUR_VALUE" type="">More deatiles: https://hub.armo.cloud/docs/c-0077</failure></testcase><testcase classname="C-0004" status="passed" name="Resources memory limit and request" time=""></testcase><testcase classname="C-0056" status="failed" name="Configured liveness probe" time=""><failure message="spec.jobTemplate.spec.template.spec.containers[0].livenessProbe=YOUR_VALUE" type="">More deatiles: https://hub.armo.cloud/docs/c-0056</failure></testcase><testcase classname="C-0057" status="passed" name="Privileged container" time=""></testcase><testcase classname="C-0045" status="passed" name="Writable hostPath mount" time=""></testcase><testcase classname="C-0076" status="failed" name="Label usage for resources" time=""><failure message="metadata.labels=YOUR_VALUE;spec.jobTemplate.spec.template.metadata.labels=YOUR_VALUE" type="">More deatiles: https://hub.armo.cloud/docs/c-0076</failure></testcase><testcase classname="C-0013" status="failed" name="Non-root containers" time=""><failure message="spec.jobTemplate.spec.template.securityContext.runAsNonRoot=true;spec.jobTemplate.spec.template.securityContext.allowPrivilegeEscalation=false" type="">More deatiles: https://hub.armo.cloud/docs/c-0013</failure></testcase><testcase classname="C-0062" status="passed" name="Sudo in container entrypoint" time=""></testcase></testsuite><testsuite name="/v1//Namespace/system-test" disabled="0" errors="0" failures="3" hostname="" id="28" skipped="" time="" timestamp="0001-01-01 00:00:00 +0000 UTC"><properties><property name="ID" value="/v1//Namespace/system-test"></property></properties><testcase classname="C-0049" status="failed" name="Network mapping" time=""><failure message="" type="">More deatiles: https://hub.armo.cloud/docs/c-0049</failure></testcase><testcase classname="C-0054" status="failed" name="Cluster internal networking" time=""><failure message="" type="">More deatiles: https://hub.armo.cloud/docs/c-0054</failure></testcase><testcase classname="C-0060" status="failed" name="Namespace without service accounts" time=""><failure message="" type="">More deatiles: https://hub.armo.cloud/docs/c-0060</failure></testcase></testsuite><testsuite name="/kube-system/ServiceAccount/kube-proxy/rbac.authorization.k8s.io/v1//ClusterRole/system:node-proxier/rbac.authorization.k8s.io/v1//ClusterRoleBinding/kubeadm:node-proxier" disabled="0" errors="0" failures="1" hostname="" id="29" skipped="" time="" timestamp="0001-01-01 00:00:00 +0000 UTC"><properties><property name="ID" value="/kube-system/ServiceAccount/kube-proxy/rbac.authorization.k8s.io/v1//ClusterRole/system:node-proxier/rbac.authorization.k8s.io/v1//ClusterRoleBinding/kubeadm:node-proxier"></property></properties><testcase classname="C-0002" status="passed" name="Exec into container" time=""></testcase><testcase classname="C-0031" status="passed" name="Delete Kubernetes events" time=""></testcase><testcase classname="C-0015" status="passed" name="List Kubernetes secrets" time=""></testcase><testcase classname="C-0035" status="passed" name="Cluster-admin binding" time=""></testcase><testcase classname="C-0007" status="passed" name="Data Destruction" time=""></testcase><testcase classname="C-0065" status="passed" name="No impersonation" time=""></testcase><testcase classname="C-0063" status="passed" name="Portforwarding privileges" time=""></testcase><testcase classname="C-0014" status="passed" name="Access Kubernetes dashboard" time=""></testcase><testcase classname="C-0037" status="passed" name="CoreDNS poisoning" time=""></testcase><testcase classname="C-0053" status="failed" name="Access container service account" time=""><failure message="" type="">More deatiles: https://hub.armo.cloud/docs/c-0053</failure></testcase></testsuite><testsuite name="/armo-system/ServiceAccount/armo-scanner-service-account/rbac.authorization.k8s.io/v1//ClusterRole/armo-scanner-service-account-roles/rbac.authorization.k8s.io/v1//ClusterRoleBinding/armo-scanner-service-account-role-binding" disabled="0" errors="0" failures="2" hostname="" id="30" skipped="" time="" timestamp="0001-01-01 00:00:00 +0000 UTC"><properties><property name="ID" value="/armo-system/ServiceAccount/armo-scanner-service-account/rbac.authorization.k8s.io/v1//ClusterRole/armo-scanner-service-account-roles/rbac.authorization.k8s.io/v1//ClusterRoleBinding/armo-scanner-service-account-role-binding"></property></properties><testcase classname="C-0002" status="passed" name="Exec into container" time=""></testcase><testcase classname="C-0031" status="passed" name="Delete Kubernetes events" time=""></testcase><testcase classname="C-0015" status="failed" name="List Kubernetes secrets" time=""><failure message="relatedObjects[1].rules[0].resources[0];relatedObjects[1].rules[0].verbs[0];relatedObjects[1].rules[0].verbs[1];relatedObjects[1].rules[0].verbs[2];relatedObjects[1].rules[0].apiGroups[0];relatedObjects[0].roleRef.subjects[0];relatedObjects[0].roleRef.name" type="">More deatiles: https://hub.armo.cloud/docs/c-0015</failure></testcase><testcase classname="C-0035" status="passed" name="Cluster-admin binding" time=""></testcase><testcase classname="C-0007" status="passed" name="Data Destruction" time=""></testcase><testcase classname="C-0065" status="passed" name="No impersonation" time=""></testcase><testcase classname="C-0063" status="failed" name="Portforwarding privileges" time=""><failure message="relatedObjects[1].rules[0].resources[0];relatedObjects[1].rules[0].verbs[0];relatedObjects[1].rules[0].apiGroups[0];relatedObjects[0].roleRef.subjects[0];relatedObjects[0].roleRef.name" type="">More deatiles: https://hub.armo.cloud/docs/c-0063</failure></testcase><testcase classname="C-0014" status="passed" name="Access Kubernetes dashboard" time=""></testcase><testcase classname="C-0037" status="passed" name="CoreDNS poisoning" time=""></testcase><testcase classname="C-0053" status="passed" name="Access container service account" time=""></testcase></testsuite><testsuite name="/v1/armo-system/ServiceAccount/armo-kubescape-service-account" disabled="0" errors="0" failures="0" hostname="" id="31" skipped="" time="" timestamp="0001-01-01 00:00:00 +0000 UTC"><properties><property name="ID" value="/v1/armo-system/ServiceAccount/armo-kubescape-service-account"></property></properties><testcase classname="C-0034" status="passed" name="Automatic mapping of service account" time=""></testcase><testcase classname="C-0060" status="passed" name="Namespace without service accounts" time=""></testcase></testsuite><testsuite name="/v1/kube-system/ServiceAccount/node-controller" disabled="0" errors="0" failures="1" hostname="" id="32" skipped="" time="" timestamp="0001-01-01 00:00:00 +0000 UTC"><properties><property name="ID" value="/v1/kube-system/ServiceAccount/node-controller"></property></properties><testcase classname="C-0034" status="failed" name="Automatic mapping of service account" time=""><failure message="automountServiceAccountToken=false" type="">More deatiles: https://hub.armo.cloud/docs/c-0034</failure></testcase><testcase classname="C-0060" status="passed" name="Namespace without service accounts" time=""></testcase></testsuite><testsuite name="apps/v1/cyberarmor-system/Deployment/ca-ocimage" disabled="0" errors="0" failures="12" hostname="" id="33" skipped="" time="" timestamp="0001-01-01 00:00:00 +0000 UTC"><properties><property name="ID" value="apps/v1/cyberarmor-system/Deployment/ca-ocimage"></property></properties><testcase classname="C-0034" status="failed" name="Automatic mapping of service account" time=""><failure message="spec.template.spec.automountServiceAccountToken=false" type="">More deatiles: https://hub.armo.cloud/docs/c-0034</failure></testcase><testcase classname="C-0078" status="failed" name="Images from allowed registry" time=""><failure message="spec.template.spec.containers[0].image" type="">More deatiles: https://hub.armo.cloud/docs/c-0078</failure></testcase><testcase classname="C-0017" status="failed" name="Immutable container filesystem" time=""><failure message="spec.template.spec.containers[0].securityContext.readOnlyRootFilesystem=true" type="">More deatiles: https://hub.armo.cloud/docs/c-0017</failure></testcase><testcase classname="C-0009" status="passed" name="Resource policies" time=""></testcase><testcase classname="C-0030" status="failed" name="Ingress and Egress blocked" time=""><failure message="" type="">More deatiles: https://hub.armo.cloud/docs/c-0030</failure></testcase><testcase classname="C-0048" status="passed" name="HostPath mount" time=""></testcase><testcase classname="C-0075" status="passed" name="Image pull policy on latest tag" time=""></testcase><testcase classname="C-0050" status="passed" name="Resources CPU limit and request" time=""></testcase><testcase classname="C-0038" status="passed" name="Host PID/IPC privileges" time=""></testcase><testcase classname="C-0046" status="passed" name="Insecure capabilities" time=""></testcase><testcase classname="C-0061" status="passed" name="Pods in default namespace" time=""></testcase><testcase classname="C-0016" status="failed" name="Allow privilege escalation" time=""><failure message="spec.template.spec.containers[0].securityContext.allowPrivilegeEscalation=false" type="">More deatiles: https://hub.armo.cloud/docs/c-0016</failure></testcase><testcase classname="C-0014" status="passed" name="Access Kubernetes dashboard" time=""></testcase><testcase classname="C-0001" status="failed" name="Forbidden Container Registries" time=""><failure message="spec.template.spec.containers[0].image" type="">More deatiles: https://hub.armo.cloud/docs/c-0001</failure></testcase><testcase classname="C-0074" status="passed" name="Containers mounting Docker socket" time=""></testcase><testcase classname="C-0018" status="failed" name="Configured readiness probe" time=""><failure message="spec.template.spec.containers[0].readinessProbe=YOUR_VALUE" type="">More deatiles: https://hub.armo.cloud/docs/c-0018</failure></testcase><testcase classname="C-0020" status="passed" name="Mount service principal" time=""></testcase><testcase classname="C-0044" status="passed" name="Container hostPort" time=""></testcase><testcase classname="C-0012" status="passed" name="Applications credentials in configuration files" time=""></testcase><testcase classname="C-0041" status="passed" name="HostNetwork access" time=""></testcase><testcase classname="C-0055" status="failed" name="Linux hardening" time=""><failure message="spec.template.spec.securityContext" type="">More deatiles: https://hub.armo.cloud/docs/c-0055</failure></testcase><testcase classname="C-0006" status="passed" name="Allowed hostPath" time=""></testcase><testcase classname="C-0077" status="failed" name="K8s common labels usage" time=""><failure message="metadata.labels=YOUR_VALUE;spec.template.metadata.labels=YOUR_VALUE" type="">More deatiles: https://hub.armo.cloud/docs/c-0077</failure></testcase><testcase classname="C-0004" status="passed" name="Resources memory limit and request" time=""></testcase><testcase classname="C-0056" status="failed" name="Configured liveness probe" time=""><failure message="spec.template.spec.containers[0].livenessProbe=YOUR_VALUE" type="">More deatiles: https://hub.armo.cloud/docs/c-0056</failure></testcase><testcase classname="C-0057" status="passed" name="Privileged container" time=""></testcase><testcase classname="C-0045" status="passed" name="Writable hostPath mount" time=""></testcase><testcase classname="C-0076" status="failed" name="Label usage for resources" time=""><failure message="metadata.labels=YOUR_VALUE;spec.template.metadata.labels=YOUR_VALUE" type="">More deatiles: https://hub.armo.cloud/docs/c-0076</failure></testcase><testcase classname="C-0013" status="failed" name="Non-root containers" time=""><failure message="spec.template.spec.securityContext.runAsNonRoot=true;spec.template.spec.securityContext.allowPrivilegeEscalation=false" type="">More deatiles: https://hub.armo.cloud/docs/c-0013</failure></testcase><testcase classname="C-0062" status="passed" name="Sudo in container entrypoint" time=""></testcase></testsuite><testsuite name="/v1/kube-system/ServiceAccount/replication-controller" disabled="0" errors="0" failures="1" hostname="" id="34" skipped="" time="" timestamp="0001-01-01 00:00:00 +0000 UTC"><properties><property name="ID" value="/v1/kube-system/ServiceAccount/replication-controller"></property></properties><testcase classname="C-0034" status="failed" name="Automatic mapping of service account" time=""><failure message="automountServiceAccountToken=false" type="">More deatiles: https://hub.armo.cloud/docs/c-0034</failure></testcase><testcase classname="C-0060" status="passed" name="Namespace without service accounts" time=""></testcase></testsuite><testsuite name="/v1/nginx-ingress/ConfigMap/ingress-controller-leader-nginx" disabled="0" errors="0" failures="0" hostname="" id="35" skipped="" time="" timestamp="0001-01-01 00:00:00 +0000 UTC"><properties><property name="ID" value="/v1/nginx-ingress/ConfigMap/ingress-controller-leader-nginx"></property></properties><testcase classname="C-0012" status="passed" name="Applications credentials in configuration files" time=""></testcase></testsuite><testsuite name="/v1/default/ConfigMap/kube-root-ca.crt" disabled="0" errors="0" failures="0" hostname="" id="36" skipped="" time="" timestamp="0001-01-01 00:00:00 +0000 UTC"><properties><property name="ID" value="/v1/default/ConfigMap/kube-root-ca.crt"></property></properties><testcase classname="C-0012" status="passed" name="Applications credentials in configuration files" time=""></testcase></testsuite><testsuite name="rbac.authorization.k8s.io//User/system:kube-scheduler/rbac.authorization.k8s.io/v1/kube-system/Role/extension-apiserver-authentication-reader/rbac.authorization.k8s.io/v1/kube-system/RoleBinding/system::extension-apiserver-authentication-reader" disabled="0" errors="0" failures="0" hostname="" id="37" skipped="" time="" timestamp="0001-01-01 00:00:00 +0000 UTC"><properties><property name="ID" value="rbac.authorization.k8s.io//User/system:kube-scheduler/rbac.authorization.k8s.io/v1/kube-system/Role/extension-apiserver-authentication-reader/rbac.authorization.k8s.io/v1/kube-system/RoleBinding/system::extension-apiserver-authentication-reader"></property></properties><testcase classname="C-0002" status="passed" name="Exec into container" time=""></testcase><testcase classname="C-0031" status="passed" name="Delete Kubernetes events" time=""></testcase><testcase classname="C-0015" status="passed" name="List Kubernetes secrets" time=""></testcase><testcase classname="C-0035" status="passed" name="Cluster-admin binding" time=""></testcase><testcase classname="C-0007" status="passed" name="Data Destruction" time=""></testcase><testcase classname="C-0065" status="passed" name="No impersonation" time=""></testcase><testcase classname="C-0063" status="passed" name="Portforwarding privileges" time=""></testcase><testcase classname="C-0014" status="passed" name="Access Kubernetes dashboard" time=""></testcase><testcase classname="C-0037" status="passed" name="CoreDNS poisoning" time=""></testcase></testsuite><testsuite name="/kube-system/ServiceAccount/attachdetach-controller/rbac.authorization.k8s.io/v1//ClusterRole/system:controller:attachdetach-controller/rbac.authorization.k8s.io/v1//ClusterRoleBinding/system:controller:attachdetach-controller" disabled="0" errors="0" failures="1" hostname="" id="38" skipped="" time="" timestamp="0001-01-01 00:00:00 +0000 UTC"><properties><property name="ID" value="/kube-system/ServiceAccount/attachdetach-controller/rbac.authorization.k8s.io/v1//ClusterRole/system:controller:attachdetach-controller/rbac.authorization.k8s.io/v1//ClusterRoleBinding/system:controller:attachdetach-controller"></property></properties><testcase classname="C-0002" status="passed" name="Exec into container" time=""></testcase><testcase classname="C-0031" status="passed" name="Delete Kubernetes events" time=""></testcase><testcase classname="C-0015" status="passed" name="List Kubernetes secrets" time=""></testcase><testcase classname="C-0035" status="passed" name="Cluster-admin binding" time=""></testcase><testcase classname="C-0007" status="passed" name="Data Destruction" time=""></testcase><testcase classname="C-0065" status="passed" name="No impersonation" time=""></testcase><testcase classname="C-0063" status="passed" name="Portforwarding privileges" time=""></testcase><testcase classname="C-0014" status="passed" name="Access Kubernetes dashboard" time=""></testcase><testcase classname="C-0037" status="passed" name="CoreDNS poisoning" time=""></testcase><testcase classname="C-0053" status="failed" name="Access container service account" time=""><failure message="" type="">More deatiles: https://hub.armo.cloud/docs/c-0053</failure></testcase></testsuite><testsuite name="/v1/armo-system/Pod/armo-scan-scheduler-27426240--1-d2xlt" disabled="0" errors="0" failures="0" hostname="" id="39" skipped="" time="" timestamp="0001-01-01 00:00:00 +0000 UTC"><properties><property name="ID" value="/v1/armo-system/Pod/armo-scan-scheduler-27426240--1-d2xlt"></property></properties><testcase classname="C-0073" status="passed" name="Naked PODs" time=""></testcase></testsuite><testsuite name="/v1/kube-system/ServiceAccount/persistent-volume-binder" disabled="0" errors="0" failures="1" hostname="" id="40" skipped="" time="" timestamp="0001-01-01 00:00:00 +0000 UTC"><properties><property name="ID" value="/v1/kube-system/ServiceAccount/persistent-volume-binder"></property></properties><testcase classname="C-0034" status="failed" name="Automatic mapping of service account" time=""><failure message="automountServiceAccountToken=false" type="">More deatiles: https://hub.armo.cloud/docs/c-0034</failure></testcase><testcase classname="C-0060" status="passed" name="Namespace without service accounts" time=""></testcase></testsuite><testsuite name="/v1/kube-system/ServiceAccount/disruption-controller" disabled="0" errors="0" failures="1" hostname="" id="41" skipped="" time="" timestamp="0001-01-01 00:00:00 +0000 UTC"><properties><property name="ID" value="/v1/kube-system/ServiceAccount/disruption-controller"></property></properties><testcase classname="C-0034" status="failed" name="Automatic mapping of service account" time=""><failure message="automountServiceAccountToken=false" type="">More deatiles: https://hub.armo.cloud/docs/c-0034</failure></testcase><testcase classname="C-0060" status="passed" name="Namespace without service accounts" time=""></testcase></testsuite><testsuite name="apps/v1/cyberarmor-system/Deployment/ca-webhook" disabled="0" errors="0" failures="17" hostname="" id="42" skipped="" time="" timestamp="0001-01-01 00:00:00 +0000 UTC"><properties><property name="ID" value="apps/v1/cyberarmor-system/Deployment/ca-webhook"></property></properties><testcase classname="C-0034" status="failed" name="Automatic mapping of service account" time=""><failure message="spec.template.spec.automountServiceAccountToken=false" type="">More deatiles: https://hub.armo.cloud/docs/c-0034</failure></testcase><testcase classname="C-0078" status="failed" name="Images from allowed registry" time=""><failure message="spec.template.spec.containers[0].image" type="">More deatiles: https://hub.armo.cloud/docs/c-0078</failure></testcase><testcase classname="C-0017" status="failed" name="Immutable container filesystem" time=""><failure message="spec.template.spec.containers[0].securityContext.readOnlyRootFilesystem=true" type="">More deatiles: https://hub.armo.cloud/docs/c-0017</failure></testcase><testcase classname="C-0009" status="passed" name="Resource policies" time=""></testcase><testcase classname="C-0030" status="failed" name="Ingress and Egress blocked" time=""><failure message="" type="">More deatiles: https://hub.armo.cloud/docs/c-0030</failure></testcase><testcase classname="C-0048" status="failed" name="HostPath mount" time=""><failure message="spec.template.spec.volumes[0].hostPath.path" type="">More deatiles: https://hub.armo.cloud/docs/c-0048</failure></testcase><testcase classname="C-0075" status="passed" name="Image pull policy on latest tag" time=""></testcase><testcase classname="C-0050" status="passed" name="Resources CPU limit and request" time=""></testcase><testcase classname="C-0038" status="passed" name="Host PID/IPC privileges" time=""></testcase><testcase classname="C-0046" status="passed" name="Insecure capabilities" time=""></testcase><testcase classname="C-0061" status="passed" name="Pods in default namespace" time=""></testcase><testcase classname="C-0016" status="failed" name="Allow privilege escalation" time=""><failure message="spec.template.spec.containers[0].securityContext.allowPrivilegeEscalation=false" type="">More deatiles: https://hub.armo.cloud/docs/c-0016</failure></testcase><testcase classname="C-0014" status="passed" name="Access Kubernetes dashboard" time=""></testcase><testcase classname="C-0001" status="failed" name="Forbidden Container Registries" time=""><failure message="spec.template.spec.containers[0].image" type="">More deatiles: https://hub.armo.cloud/docs/c-0001</failure></testcase><testcase classname="C-0074" status="failed" name="Containers mounting Docker socket" time=""><failure message="spec.template.spec.volumes[0].hostPath.path" type="">More deatiles: https://hub.armo.cloud/docs/c-0074</failure></testcase><testcase classname="C-0018" status="passed" name="Configured readiness probe" time=""></testcase><testcase classname="C-0020" status="failed" name="Mount service principal" time=""><failure message="spec.template.spec.volumes[0].hostPath.path" type="">More deatiles: https://hub.armo.cloud/docs/c-0020</failure></testcase><testcase classname="C-0044" status="passed" name="Container hostPort" time=""></testcase><testcase classname="C-0012" status="failed" name="Applications credentials in configuration files" time=""><failure message="spec.template.spec.containers[0].env[6].name" type="">More deatiles: https://hub.armo.cloud/docs/c-0012</failure></testcase><testcase classname="C-0041" status="passed" name="HostNetwork access" time=""></testcase><testcase classname="C-0055" status="failed" name="Linux hardening" time=""><failure message="spec.template.spec.securityContext" type="">More deatiles: https://hub.armo.cloud/docs/c-0055</failure></testcase><testcase classname="C-0006" status="failed" name="Allowed hostPath" time=""><failure message="spec.template.spec.containers[0].volumeMounts[0].readOnly=true" type="">More deatiles: https://hub.armo.cloud/docs/c-0006</failure></testcase><testcase classname="C-0077" status="failed" name="K8s common labels usage" time=""><failure message="metadata.labels=YOUR_VALUE;spec.template.metadata.labels=YOUR_VALUE" type="">More deatiles: https://hub.armo.cloud/docs/c-0077</failure></testcase><testcase classname="C-0004" status="passed" name="Resources memory limit and request" time=""></testcase><testcase classname="C-0056" status="failed" name="Configured liveness probe" time=""><failure message="spec.template.spec.containers[0].livenessProbe=YOUR_VALUE" type="">More deatiles: https://hub.armo.cloud/docs/c-0056</failure></testcase><testcase classname="C-0057" status="passed" name="Privileged container" time=""></testcase><testcase classname="C-0045" status="failed" name="Writable hostPath mount" time=""><failure message="spec.template.spec.containers[0].volumeMounts[0].readOnly=true" type="">More deatiles: https://hub.armo.cloud/docs/c-0045</failure></testcase><testcase classname="C-0076" status="failed" name="Label usage for resources" time=""><failure message="metadata.labels=YOUR_VALUE;spec.template.metadata.labels=YOUR_VALUE" type="">More deatiles: https://hub.armo.cloud/docs/c-0076</failure></testcase><testcase classname="C-0013" status="failed" name="Non-root containers" time=""><failure message="spec.template.spec.securityContext.runAsNonRoot=true;spec.template.spec.securityContext.allowPrivilegeEscalation=false" type="">More deatiles: https://hub.armo.cloud/docs/c-0013</failure></testcase><testcase classname="C-0062" status="passed" name="Sudo in container entrypoint" time=""></testcase></testsuite><testsuite name="/v1/armo-system/Pod/armo-kubescape-27432480--1-hhk5f" disabled="0" errors="0" failures="0" hostname="" id="43" skipped="" time="" timestamp="0001-01-01 00:00:00 +0000 UTC"><properties><property name="ID" value="/v1/armo-system/Pod/armo-kubescape-27432480--1-hhk5f"></property></properties><testcase classname="C-0073" status="passed" name="Naked PODs" time=""></testcase></testsuite><testsuite name="/v1/kube-system/ServiceAccount/service-controller" disabled="0" errors="0" failures="1" hostname="" id="44" skipped="" time="" timestamp="0001-01-01 00:00:00 +0000 UTC"><properties><property name="ID" value="/v1/kube-system/ServiceAccount/service-controller"></property></properties><testcase classname="C-0034" status="failed" name="Automatic mapping of service account" time=""><failure message="automountServiceAccountToken=false" type="">More deatiles: https://hub.armo.cloud/docs/c-0034</failure></testcase><testcase classname="C-0060" status="passed" name="Namespace without service accounts" time=""></testcase></testsuite><testsuite name="rbac.authorization.k8s.io//Group/system:authenticated/rbac.authorization.k8s.io/v1//ClusterRole/system:public-info-viewer/rbac.authorization.k8s.io/v1//ClusterRoleBinding/system:public-info-viewer" disabled="0" errors="0" failures="0" hostname="" id="45" skipped="" time="" timestamp="0001-01-01 00:00:00 +0000 UTC"><properties><property name="ID" value="rbac.authorization.k8s.io//Group/system:authenticated/rbac.authorization.k8s.io/v1//ClusterRole/system:public-info-viewer/rbac.authorization.k8s.io/v1//ClusterRoleBinding/system:public-info-viewer"></property></properties><testcase classname="C-0002" status="passed" name="Exec into container" time=""></testcase><testcase classname="C-0031" status="passed" name="Delete Kubernetes events" time=""></testcase><testcase classname="C-0015" status="passed" name="List Kubernetes secrets" time=""></testcase><testcase classname="C-0035" status="passed" name="Cluster-admin binding" time=""></testcase><testcase classname="C-0007" status="passed" name="Data Destruction" time=""></testcase><testcase classname="C-0065" status="passed" name="No impersonation" time=""></testcase><testcase classname="C-0063" status="passed" name="Portforwarding privileges" time=""></testcase><testcase classname="C-0014" status="passed" name="Access Kubernetes dashboard" time=""></testcase><testcase classname="C-0037" status="passed" name="CoreDNS poisoning" time=""></testcase></testsuite><testsuite name="rbac.authorization.k8s.io//Group/system:monitoring/rbac.authorization.k8s.io/v1//ClusterRole/system:monitoring/rbac.authorization.k8s.io/v1//ClusterRoleBinding/system:monitoring" disabled="0" errors="0" failures="0" hostname="" id="46" skipped="" time="" timestamp="0001-01-01 00:00:00 +0000 UTC"><properties><property name="ID" value="rbac.authorization.k8s.io//Group/system:monitoring/rbac.authorization.k8s.io/v1//ClusterRole/system:monitoring/rbac.authorization.k8s.io/v1//ClusterRoleBinding/system:monitoring"></property></properties><testcase classname="C-0002" status="passed" name="Exec into container" time=""></testcase><testcase classname="C-0031" status="passed" name="Delete Kubernetes events" time=""></testcase><testcase classname="C-0015" status="passed" name="List Kubernetes secrets" time=""></testcase><testcase classname="C-0035" status="passed" name="Cluster-admin binding" time=""></testcase><testcase classname="C-0007" status="passed" name="Data Destruction" time=""></testcase><testcase classname="C-0065" status="passed" name="No impersonation" time=""></testcase><testcase classname="C-0063" status="passed" name="Portforwarding privileges" time=""></testcase><testcase classname="C-0014" status="passed" name="Access Kubernetes dashboard" time=""></testcase><testcase classname="C-0037" status="passed" name="CoreDNS poisoning" time=""></testcase></testsuite><testsuite name="/v1/default/ServiceAccount/default" disabled="0" errors="0" failures="1" hostname="" id="47" skipped="" time="" timestamp="0001-01-01 00:00:00 +0000 UTC"><properties><property name="ID" value="/v1/default/ServiceAccount/default"></property></properties><testcase classname="C-0034" status="failed" name="Automatic mapping of service account" time=""><failure message="automountServiceAccountToken=false" type="">More deatiles: https://hub.armo.cloud/docs/c-0034</failure></testcase><testcase classname="C-0060" status="passed" name="Namespace without service accounts" time=""></testcase></testsuite><testsuite name="/v1/kube-system/ServiceAccount/statefulset-controller" disabled="0" errors="0" failures="1" hostname="" id="48" skipped="" time="" timestamp="0001-01-01 00:00:00 +0000 UTC"><properties><property name="ID" value="/v1/kube-system/ServiceAccount/statefulset-controller"></property></properties><testcase classname="C-0034" status="failed" name="Automatic mapping of service account" time=""><failure message="automountServiceAccountToken=false" type="">More deatiles: https://hub.armo.cloud/docs/c-0034</failure></testcase><testcase classname="C-0060" status="passed" name="Namespace without service accounts" time=""></testcase></testsuite><testsuite name="/kube-system/ServiceAccount/endpoint-controller/rbac.authorization.k8s.io/v1//ClusterRole/system:controller:endpoint-controller/rbac.authorization.k8s.io/v1//ClusterRoleBinding/system:controller:endpoint-controller" disabled="0" errors="0" failures="1" hostname="" id="49" skipped="" time="" timestamp="0001-01-01 00:00:00 +0000 UTC"><properties><property name="ID" value="/kube-system/ServiceAccount/endpoint-controller/rbac.authorization.k8s.io/v1//ClusterRole/system:controller:endpoint-controller/rbac.authorization.k8s.io/v1//ClusterRoleBinding/system:controller:endpoint-controller"></property></properties><testcase classname="C-0002" status="passed" name="Exec into container" time=""></testcase><testcase classname="C-0031" status="passed" name="Delete Kubernetes events" time=""></testcase><testcase classname="C-0015" status="passed" name="List Kubernetes secrets" time=""></testcase><testcase classname="C-0035" status="passed" name="Cluster-admin binding" time=""></testcase><testcase classname="C-0007" status="passed" name="Data Destruction" time=""></testcase><testcase classname="C-0065" status="passed" name="No impersonation" time=""></testcase><testcase classname="C-0063" status="passed" name="Portforwarding privileges" time=""></testcase><testcase classname="C-0014" status="passed" name="Access Kubernetes dashboard" time=""></testcase><testcase classname="C-0037" status="passed" name="CoreDNS poisoning" time=""></testcase><testcase classname="C-0053" status="failed" name="Access container service account" time=""><failure message="" type="">More deatiles: https://hub.armo.cloud/docs/c-0053</failure></testcase></testsuite><testsuite name="/kube-system/ServiceAccount/storage-provisioner/rbac.authorization.k8s.io/v1//ClusterRole/system:persistent-volume-provisioner/rbac.authorization.k8s.io/v1//ClusterRoleBinding/storage-provisioner" disabled="0" errors="0" failures="1" hostname="" id="50" skipped="" time="" timestamp="0001-01-01 00:00:00 +0000 UTC"><properties><property name="ID" value="/kube-system/ServiceAccount/storage-provisioner/rbac.authorization.k8s.io/v1//ClusterRole/system:persistent-volume-provisioner/rbac.authorization.k8s.io/v1//ClusterRoleBinding/storage-provisioner"></property></properties><testcase classname="C-0002" status="passed" name="Exec into container" time=""></testcase><testcase classname="C-0031" status="passed" name="Delete Kubernetes events" time=""></testcase><testcase classname="C-0015" status="passed" name="List Kubernetes secrets" time=""></testcase><testcase classname="C-0035" status="passed" name="Cluster-admin binding" time=""></testcase><testcase classname="C-0007" status="passed" name="Data Destruction" time=""></testcase><testcase classname="C-0065" status="passed" name="No impersonation" time=""></testcase><testcase classname="C-0063" status="passed" name="Portforwarding privileges" time=""></testcase><testcase classname="C-0014" status="passed" name="Access Kubernetes dashboard" time=""></testcase><testcase classname="C-0037" status="passed" name="CoreDNS poisoning" time=""></testcase><testcase classname="C-0053" status="failed" name="Access container service account" time=""><failure message="" type="">More deatiles: https://hub.armo.cloud/docs/c-0053</failure></testcase></testsuite><testsuite name="/v1/kube-system/ConfigMap/kube-proxy" disabled="0" errors="0" failures="0" hostname="" id="51" skipped="" time="" timestamp="0001-01-01 00:00:00 +0000 UTC"><properties><property name="ID" value="/v1/kube-system/ConfigMap/kube-proxy"></property></properties><testcase classname="C-0012" status="passed" name="Applications credentials in configuration files" time=""></testcase></testsuite><testsuite name="/v1/kube-system/ServiceAccount/storage-provisioner" disabled="0" errors="0" failures="1" hostname="" id="52" skipped="" time="" timestamp="0001-01-01 00:00:00 +0000 UTC"><properties><property name="ID" value="/v1/kube-system/ServiceAccount/storage-provisioner"></property></properties><testcase classname="C-0034" status="failed" name="Automatic mapping of service account" time=""><failure message="automountServiceAccountToken=false" type="">More deatiles: https://hub.armo.cloud/docs/c-0034</failure></testcase><testcase classname="C-0060" status="passed" name="Namespace without service accounts" time=""></testcase></testsuite><testsuite name="/kube-system/ServiceAccount/ephemeral-volume-controller/rbac.authorization.k8s.io/v1//ClusterRole/system:controller:ephemeral-volume-controller/rbac.authorization.k8s.io/v1//ClusterRoleBinding/system:controller:ephemeral-volume-controller" disabled="0" errors="0" failures="1" hostname="" id="53" skipped="" time="" timestamp="0001-01-01 00:00:00 +0000 UTC"><properties><property name="ID" value="/kube-system/ServiceAccount/ephemeral-volume-controller/rbac.authorization.k8s.io/v1//ClusterRole/system:controller:ephemeral-volume-controller/rbac.authorization.k8s.io/v1//ClusterRoleBinding/system:controller:ephemeral-volume-controller"></property></properties><testcase classname="C-0002" status="passed" name="Exec into container" time=""></testcase><testcase classname="C-0031" status="passed" name="Delete Kubernetes events" time=""></testcase><testcase classname="C-0015" status="passed" name="List Kubernetes secrets" time=""></testcase><testcase classname="C-0035" status="passed" name="Cluster-admin binding" time=""></testcase><testcase classname="C-0007" status="passed" name="Data Destruction" time=""></testcase><testcase classname="C-0065" status="passed" name="No impersonation" time=""></testcase><testcase classname="C-0063" status="passed" name="Portforwarding privileges" time=""></testcase><testcase classname="C-0014" status="passed" name="Access Kubernetes dashboard" time=""></testcase><testcase classname="C-0037" status="passed" name="CoreDNS poisoning" time=""></testcase><testcase classname="C-0053" status="failed" name="Access container service account" time=""><failure message="" type="">More deatiles: https://hub.armo.cloud/docs/c-0053</failure></testcase></testsuite><testsuite name="/v1/nginx-ingress/Pod/nginx-ingress-77b47c7f9f-hvtjx" disabled="0" errors="0" failures="0" hostname="" id="54" skipped="" time="" timestamp="0001-01-01 00:00:00 +0000 UTC"><properties><property name="ID" value="/v1/nginx-ingress/Pod/nginx-ingress-77b47c7f9f-hvtjx"></property></properties><testcase classname="C-0073" status="passed" name="Naked PODs" time=""></testcase></testsuite><testsuite name="/v1/kube-system/ServiceAccount/replicaset-controller" disabled="0" errors="0" failures="1" hostname="" id="55" skipped="" time="" timestamp="0001-01-01 00:00:00 +0000 UTC"><properties><property name="ID" value="/v1/kube-system/ServiceAccount/replicaset-controller"></property></properties><testcase classname="C-0034" status="failed" name="Automatic mapping of service account" time=""><failure message="automountServiceAccountToken=false" type="">More deatiles: https://hub.armo.cloud/docs/c-0034</failure></testcase><testcase classname="C-0060" status="passed" name="Namespace without service accounts" time=""></testcase></testsuite><testsuite name="/v1/system-test/Pod/apache-6f6745bc8d-gcvjq" disabled="0" errors="0" failures="0" hostname="" id="56" skipped="" time="" timestamp="0001-01-01 00:00:00 +0000 UTC"><properties><property name="ID" value="/v1/system-test/Pod/apache-6f6745bc8d-gcvjq"></property></properties><testcase classname="C-0073" status="passed" name="Naked PODs" time=""></testcase></testsuite><testsuite name="/v1/armo-system/Pod/armo-kubescape-27428160--1-mrrvm" disabled="0" errors="0" failures="0" hostname="" id="57" skipped="" time="" timestamp="0001-01-01 00:00:00 +0000 UTC"><properties><property name="ID" value="/v1/armo-system/Pod/armo-kubescape-27428160--1-mrrvm"></property></properties><testcase classname="C-0073" status="passed" name="Naked PODs" time=""></testcase></testsuite><testsuite name="/v1/cyberarmor-system/ServiceAccount/default" disabled="0" errors="0" failures="1" hostname="" id="58" skipped="" time="" timestamp="0001-01-01 00:00:00 +0000 UTC"><properties><property name="ID" value="/v1/cyberarmor-system/ServiceAccount/default"></property></properties><testcase classname="C-0034" status="failed" name="Automatic mapping of service account" time=""><failure message="automountServiceAccountToken=false" type="">More deatiles: https://hub.armo.cloud/docs/c-0034</failure></testcase><testcase classname="C-0060" status="passed" name="Namespace without service accounts" time=""></testcase></testsuite><testsuite name="rbac.authorization.k8s.io//Group/system:authenticated/rbac.authorization.k8s.io/v1//ClusterRole/system:discovery/rbac.authorization.k8s.io/v1//ClusterRoleBinding/system:discovery" disabled="0" errors="0" failures="0" hostname="" id="59" skipped="" time="" timestamp="0001-01-01 00:00:00 +0000 UTC"><properties><property name="ID" value="rbac.authorization.k8s.io//Group/system:authenticated/rbac.authorization.k8s.io/v1//ClusterRole/system:discovery/rbac.authorization.k8s.io/v1//ClusterRoleBinding/system:discovery"></property></properties><testcase classname="C-0002" status="passed" name="Exec into container" time=""></testcase><testcase classname="C-0031" status="passed" name="Delete Kubernetes events" time=""></testcase><testcase classname="C-0015" status="passed" name="List Kubernetes secrets" time=""></testcase><testcase classname="C-0035" status="passed" name="Cluster-admin binding" time=""></testcase><testcase classname="C-0007" status="passed" name="Data Destruction" time=""></testcase><testcase classname="C-0065" status="passed" name="No impersonation" time=""></testcase><testcase classname="C-0063" status="passed" name="Portforwarding privileges" time=""></testcase><testcase classname="C-0014" status="passed" name="Access Kubernetes dashboard" time=""></testcase><testcase classname="C-0037" status="passed" name="CoreDNS poisoning" time=""></testcase></testsuite><testsuite name="rbac.authorization.k8s.io//Group/system:bootstrappers:kubeadm:default-node-token/rbac.authorization.k8s.io/v1/kube-system/Role/kubeadm:kubelet-config-1.22/rbac.authorization.k8s.io/v1/kube-system/RoleBinding/kubeadm:kubelet-config-1.22" disabled="0" errors="0" failures="0" hostname="" id="60" skipped="" time="" timestamp="0001-01-01 00:00:00 +0000 UTC"><properties><property name="ID" value="rbac.authorization.k8s.io//Group/system:bootstrappers:kubeadm:default-node-token/rbac.authorization.k8s.io/v1/kube-system/Role/kubeadm:kubelet-config-1.22/rbac.authorization.k8s.io/v1/kube-system/RoleBinding/kubeadm:kubelet-config-1.22"></property></properties><testcase classname="C-0002" status="passed" name="Exec into container" time=""></testcase><testcase classname="C-0031" status="passed" name="Delete Kubernetes events" time=""></testcase><testcase classname="C-0015" status="passed" name="List Kubernetes secrets" time=""></testcase><testcase classname="C-0035" status="passed" name="Cluster-admin binding" time=""></testcase><testcase classname="C-0007" status="passed" name="Data Destruction" time=""></testcase><testcase classname="C-0065" status="passed" name="No impersonation" time=""></testcase><testcase classname="C-0063" status="passed" name="Portforwarding privileges" time=""></testcase><testcase classname="C-0014" status="passed" name="Access Kubernetes dashboard" time=""></testcase><testcase classname="C-0037" status="passed" name="CoreDNS poisoning" time=""></testcase></testsuite><testsuite name="rbac.authorization.k8s.io//Group/system:bootstrappers:kubeadm:default-node-token/rbac.authorization.k8s.io/v1//ClusterRole/system:certificates.k8s.io:certificatesigningrequests:nodeclient/rbac.authorization.k8s.io/v1//ClusterRoleBinding/kubeadm:node-autoapprove-bootstrap" disabled="0" errors="0" failures="0" hostname="" id="61" skipped="" time="" timestamp="0001-01-01 00:00:00 +0000 UTC"><properties><property name="ID" value="rbac.authorization.k8s.io//Group/system:bootstrappers:kubeadm:default-node-token/rbac.authorization.k8s.io/v1//ClusterRole/system:certificates.k8s.io:certificatesigningrequests:nodeclient/rbac.authorization.k8s.io/v1//ClusterRoleBinding/kubeadm:node-autoapprove-bootstrap"></property></properties><testcase classname="C-0002" status="passed" name="Exec into container" time=""></testcase><testcase classname="C-0031" status="passed" name="Delete Kubernetes events" time=""></testcase><testcase classname="C-0015" status="passed" name="List Kubernetes secrets" time=""></testcase><testcase classname="C-0035" status="passed" name="Cluster-admin binding" time=""></testcase><testcase classname="C-0007" status="passed" name="Data Destruction" time=""></testcase><testcase classname="C-0065" status="passed" name="No impersonation" time=""></testcase><testcase classname="C-0063" status="passed" name="Portforwarding privileges" time=""></testcase><testcase classname="C-0014" status="passed" name="Access Kubernetes dashboard" time=""></testcase><testcase classname="C-0037" status="passed" name="CoreDNS poisoning" time=""></testcase></testsuite><testsuite name="/v1/kube-system/ConfigMap/kube-root-ca.crt" disabled="0" errors="0" failures="0" hostname="" id="62" skipped="" time="" timestamp="0001-01-01 00:00:00 +0000 UTC"><properties><property name="ID" value="/v1/kube-system/ConfigMap/kube-root-ca.crt"></property></properties><testcase classname="C-0012" status="passed" name="Applications credentials in configuration files" time=""></testcase></testsuite><testsuite name="/v1/kube-system/ServiceAccount/daemon-set-controller" disabled="0" errors="0" failures="1" hostname="" id="63" skipped="" time="" timestamp="0001-01-01 00:00:00 +0000 UTC"><properties><property name="ID" value="/v1/kube-system/ServiceAccount/daemon-set-controller"></property></properties><testcase classname="C-0034" status="failed" name="Automatic mapping of service account" time=""><failure message="automountServiceAccountToken=false" type="">More deatiles: https://hub.armo.cloud/docs/c-0034</failure></testcase><testcase classname="C-0060" status="passed" name="Namespace without service accounts" time=""></testcase></testsuite><testsuite name="/kube-system/ServiceAccount/horizontal-pod-autoscaler/rbac.authorization.k8s.io/v1//ClusterRole/system:controller:horizontal-pod-autoscaler/rbac.authorization.k8s.io/v1//ClusterRoleBinding/system:controller:horizontal-pod-autoscaler" disabled="0" errors="0" failures="1" hostname="" id="64" skipped="" time="" timestamp="0001-01-01 00:00:00 +0000 UTC"><properties><property name="ID" value="/kube-system/ServiceAccount/horizontal-pod-autoscaler/rbac.authorization.k8s.io/v1//ClusterRole/system:controller:horizontal-pod-autoscaler/rbac.authorization.k8s.io/v1//ClusterRoleBinding/system:controller:horizontal-pod-autoscaler"></property></properties><testcase classname="C-0002" status="passed" name="Exec into container" time=""></testcase><testcase classname="C-0031" status="passed" name="Delete Kubernetes events" time=""></testcase><testcase classname="C-0015" status="passed" name="List Kubernetes secrets" time=""></testcase><testcase classname="C-0035" status="passed" name="Cluster-admin binding" time=""></testcase><testcase classname="C-0007" status="passed" name="Data Destruction" time=""></testcase><testcase classname="C-0065" status="passed" name="No impersonation" time=""></testcase><testcase classname="C-0063" status="passed" name="Portforwarding privileges" time=""></testcase><testcase classname="C-0014" status="passed" name="Access Kubernetes dashboard" time=""></testcase><testcase classname="C-0037" status="passed" name="CoreDNS poisoning" time=""></testcase><testcase classname="C-0053" status="failed" name="Access container service account" time=""><failure message="" type="">More deatiles: https://hub.armo.cloud/docs/c-0053</failure></testcase></testsuite><testsuite name="rbac.authorization.k8s.io//Group/system:bootstrappers:kubeadm:default-node-token/rbac.authorization.k8s.io/v1/kube-system/Role/kube-proxy/rbac.authorization.k8s.io/v1/kube-system/RoleBinding/kube-proxy" disabled="0" errors="0" failures="0" hostname="" id="65" skipped="" time="" timestamp="0001-01-01 00:00:00 +0000 UTC"><properties><property name="ID" value="rbac.authorization.k8s.io//Group/system:bootstrappers:kubeadm:default-node-token/rbac.authorization.k8s.io/v1/kube-system/Role/kube-proxy/rbac.authorization.k8s.io/v1/kube-system/RoleBinding/kube-proxy"></property></properties><testcase classname="C-0002" status="passed" name="Exec into container" time=""></testcase><testcase classname="C-0031" status="passed" name="Delete Kubernetes events" time=""></testcase><testcase classname="C-0015" status="passed" name="List Kubernetes secrets" time=""></testcase><testcase classname="C-0035" status="passed" name="Cluster-admin binding" time=""></testcase><testcase classname="C-0007" status="passed" name="Data Destruction" time=""></testcase><testcase classname="C-0065" status="passed" name="No impersonation" time=""></testcase><testcase classname="C-0063" status="passed" name="Portforwarding privileges" time=""></testcase><testcase classname="C-0014" status="passed" name="Access Kubernetes dashboard" time=""></testcase><testcase classname="C-0037" status="passed" name="CoreDNS poisoning" time=""></testcase></testsuite><testsuite name="/kube-system/ServiceAccount/bootstrap-signer/rbac.authorization.k8s.io/v1/kube-public/RoleBinding/system:controller:bootstrap-signer/rbac.authorization.k8s.io/v1/kube-system/Role/system:controller:bootstrap-signer" disabled="0" errors="0" failures="2" hostname="" id="66" skipped="" time="" timestamp="0001-01-01 00:00:00 +0000 UTC"><properties><property name="ID" value="/kube-system/ServiceAccount/bootstrap-signer/rbac.authorization.k8s.io/v1/kube-public/RoleBinding/system:controller:bootstrap-signer/rbac.authorization.k8s.io/v1/kube-system/Role/system:controller:bootstrap-signer"></property></properties><testcase classname="C-0002" status="passed" name="Exec into container" time=""></testcase><testcase classname="C-0031" status="passed" name="Delete Kubernetes events" time=""></testcase><testcase classname="C-0015" status="failed" name="List Kubernetes secrets" time=""><failure message="relatedObjects[1].rules[0].resources[0];relatedObjects[1].rules[0].verbs[0];relatedObjects[1].rules[0].verbs[1];relatedObjects[1].rules[0].verbs[2];relatedObjects[1].rules[0].apiGroups[0];relatedObjects[0].roleRef.subjects[0];relatedObjects[0].roleRef.name" type="">More deatiles: https://hub.armo.cloud/docs/c-0015</failure></testcase><testcase classname="C-0035" status="passed" name="Cluster-admin binding" time=""></testcase><testcase classname="C-0007" status="passed" name="Data Destruction" time=""></testcase><testcase classname="C-0065" status="passed" name="No impersonation" time=""></testcase><testcase classname="C-0063" status="passed" name="Portforwarding privileges" time=""></testcase><testcase classname="C-0014" status="passed" name="Access Kubernetes dashboard" time=""></testcase><testcase classname="C-0037" status="passed" name="CoreDNS poisoning" time=""></testcase><testcase classname="C-0053" status="failed" name="Access container service account" time=""><failure message="" type="">More deatiles: https://hub.armo.cloud/docs/c-0053</failure></testcase></testsuite><testsuite name="/v1/armo-system/ConfigMap/kubescape-cronjob-template" disabled="0" errors="0" failures="0" hostname="" id="67" skipped="" time="" timestamp="0001-01-01 00:00:00 +0000 UTC"><properties><property name="ID" value="/v1/armo-system/ConfigMap/kubescape-cronjob-template"></property></properties><testcase classname="C-0012" status="passed" name="Applications credentials in configuration files" time=""></testcase></testsuite><testsuite name="/v1/kube-system/ConfigMap/extension-apiserver-authentication" disabled="0" errors="0" failures="0" hostname="" id="68" skipped="" time="" timestamp="0001-01-01 00:00:00 +0000 UTC"><properties><property name="ID" value="/v1/kube-system/ConfigMap/extension-apiserver-authentication"></property></properties><testcase classname="C-0012" status="passed" name="Applications credentials in configuration files" time=""></testcase></testsuite><testsuite name="apps/v1/armo-system/Deployment/armo-notification-service" disabled="0" errors="0" failures="11" hostname="" id="69" skipped="" time="" timestamp="0001-01-01 00:00:00 +0000 UTC"><properties><property name="ID" value="apps/v1/armo-system/Deployment/armo-notification-service"></property></properties><testcase classname="C-0034" status="passed" name="Automatic mapping of service account" time=""></testcase><testcase classname="C-0078" status="failed" name="Images from allowed registry" time=""><failure message="spec.template.spec.containers[0].image" type="">More deatiles: https://hub.armo.cloud/docs/c-0078</failure></testcase><testcase classname="C-0017" status="failed" name="Immutable container filesystem" time=""><failure message="spec.template.spec.containers[0].securityContext.readOnlyRootFilesystem=true" type="">More deatiles: https://hub.armo.cloud/docs/c-0017</failure></testcase><testcase classname="C-0009" status="passed" name="Resource policies" time=""></testcase><testcase classname="C-0030" status="failed" name="Ingress and Egress blocked" time=""><failure message="" type="">More deatiles: https://hub.armo.cloud/docs/c-0030</failure></testcase><testcase classname="C-0048" status="passed" name="HostPath mount" time=""></testcase><testcase classname="C-0075" status="passed" name="Image pull policy on latest tag" time=""></testcase><testcase classname="C-0050" status="passed" name="Resources CPU limit and request" time=""></testcase><testcase classname="C-0038" status="passed" name="Host PID/IPC privileges" time=""></testcase><testcase classname="C-0046" status="passed" name="Insecure capabilities" time=""></testcase><testcase classname="C-0061" status="passed" name="Pods in default namespace" time=""></testcase><testcase classname="C-0016" status="failed" name="Allow privilege escalation" time=""><failure message="spec.template.spec.containers[0].securityContext.allowPrivilegeEscalation=false" type="">More deatiles: https://hub.armo.cloud/docs/c-0016</failure></testcase><testcase classname="C-0014" status="passed" name="Access Kubernetes dashboard" time=""></testcase><testcase classname="C-0001" status="failed" name="Forbidden Container Registries" time=""><failure message="spec.template.spec.containers[0].image" type="">More deatiles: https://hub.armo.cloud/docs/c-0001</failure></testcase><testcase classname="C-0074" status="passed" name="Containers mounting Docker socket" time=""></testcase><testcase classname="C-0018" status="failed" name="Configured readiness probe" time=""><failure message="spec.template.spec.containers[0].readinessProbe=YOUR_VALUE" type="">More deatiles: https://hub.armo.cloud/docs/c-0018</failure></testcase><testcase classname="C-0020" status="passed" name="Mount service principal" time=""></testcase><testcase classname="C-0044" status="passed" name="Container hostPort" time=""></testcase><testcase classname="C-0012" status="passed" name="Applications credentials in configuration files" time=""></testcase><testcase classname="C-0041" status="passed" name="HostNetwork access" time=""></testcase><testcase classname="C-0055" status="failed" name="Linux hardening" time=""><failure message="spec.template.spec.securityContext" type="">More deatiles: https://hub.armo.cloud/docs/c-0055</failure></testcase><testcase classname="C-0006" status="passed" name="Allowed hostPath" time=""></testcase><testcase classname="C-0077" status="failed" name="K8s common labels usage" time=""><failure message="metadata.labels=YOUR_VALUE;spec.template.metadata.labels=YOUR_VALUE" type="">More deatiles: https://hub.armo.cloud/docs/c-0077</failure></testcase><testcase classname="C-0004" status="passed" name="Resources memory limit and request" time=""></testcase><testcase classname="C-0056" status="failed" name="Configured liveness probe" time=""><failure message="spec.template.spec.containers[0].livenessProbe=YOUR_VALUE" type="">More deatiles: https://hub.armo.cloud/docs/c-0056</failure></testcase><testcase classname="C-0057" status="passed" name="Privileged container" time=""></testcase><testcase classname="C-0045" status="passed" name="Writable hostPath mount" time=""></testcase><testcase classname="C-0076" status="failed" name="Label usage for resources" time=""><failure message="metadata.labels=YOUR_VALUE;spec.template.metadata.labels=YOUR_VALUE" type="">More deatiles: https://hub.armo.cloud/docs/c-0076</failure></testcase><testcase classname="C-0013" status="failed" name="Non-root containers" time=""><failure message="spec.template.spec.securityContext.runAsNonRoot=true;spec.template.spec.securityContext.allowPrivilegeEscalation=false" type="">More deatiles: https://hub.armo.cloud/docs/c-0013</failure></testcase><testcase classname="C-0062" status="passed" name="Sudo in container entrypoint" time=""></testcase></testsuite><testsuite name="/kube-system/ServiceAccount/disruption-controller/rbac.authorization.k8s.io/v1//ClusterRole/system:controller:disruption-controller/rbac.authorization.k8s.io/v1//ClusterRoleBinding/system:controller:disruption-controller" disabled="0" errors="0" failures="1" hostname="" id="70" skipped="" time="" timestamp="0001-01-01 00:00:00 +0000 UTC"><properties><property name="ID" value="/kube-system/ServiceAccount/disruption-controller/rbac.authorization.k8s.io/v1//ClusterRole/system:controller:disruption-controller/rbac.authorization.k8s.io/v1//ClusterRoleBinding/system:controller:disruption-controller"></property></properties><testcase classname="C-0002" status="passed" name="Exec into container" time=""></testcase><testcase classname="C-0031" status="passed" name="Delete Kubernetes events" time=""></testcase><testcase classname="C-0015" status="passed" name="List Kubernetes secrets" time=""></testcase><testcase classname="C-0035" status="passed" name="Cluster-admin binding" time=""></testcase><testcase classname="C-0007" status="passed" name="Data Destruction" time=""></testcase><testcase classname="C-0065" status="passed" name="No impersonation" time=""></testcase><testcase classname="C-0063" status="passed" name="Portforwarding privileges" time=""></testcase><testcase classname="C-0014" status="passed" name="Access Kubernetes dashboard" time=""></testcase><testcase classname="C-0037" status="passed" name="CoreDNS poisoning" time=""></testcase><testcase classname="C-0053" status="failed" name="Access container service account" time=""><failure message="" type="">More deatiles: https://hub.armo.cloud/docs/c-0053</failure></testcase></testsuite><testsuite name="/kube-system/ServiceAccount/generic-garbage-collector/rbac.authorization.k8s.io/v1//ClusterRole/system:controller:generic-garbage-collector/rbac.authorization.k8s.io/v1//ClusterRoleBinding/system:controller:generic-garbage-collector" disabled="0" errors="0" failures="6" hostname="" id="71" skipped="" time="" timestamp="0001-01-01 00:00:00 +0000 UTC"><properties><property name="ID" value="/kube-system/ServiceAccount/generic-garbage-collector/rbac.authorization.k8s.io/v1//ClusterRole/system:controller:generic-garbage-collector/rbac.authorization.k8s.io/v1//ClusterRoleBinding/system:controller:generic-garbage-collector"></property></properties><testcase classname="C-0002" status="passed" name="Exec into container" time=""></testcase><testcase classname="C-0031" status="failed" name="Delete Kubernetes events" time=""><failure message="relatedObjects[1].rules[0].resources[0];relatedObjects[1].rules[0].verbs[0];relatedObjects[1].rules[0].apiGroups[0];relatedObjects[0].roleRef.subjects[0];relatedObjects[0].roleRef.name" type="">More deatiles: https://hub.armo.cloud/docs/c-0031</failure></testcase><testcase classname="C-0015" status="failed" name="List Kubernetes secrets" time=""><failure message="relatedObjects[1].rules[0].resources[0];relatedObjects[1].rules[0].verbs[1];relatedObjects[1].rules[0].verbs[2];relatedObjects[1].rules[0].verbs[5];relatedObjects[1].rules[0].apiGroups[0];relatedObjects[0].roleRef.subjects[0];relatedObjects[0].roleRef.name" type="">More deatiles: https://hub.armo.cloud/docs/c-0015</failure></testcase><testcase classname="C-0035" status="passed" name="Cluster-admin binding" time=""></testcase><testcase classname="C-0007" status="failed" name="Data Destruction" time=""><failure message="relatedObjects[1].rules[0].resources[0];relatedObjects[1].rules[0].verbs[0];relatedObjects[1].rules[0].apiGroups[0];relatedObjects[0].roleRef.subjects[0];relatedObjects[0].roleRef.name" type="">More deatiles: https://hub.armo.cloud/docs/c-0007</failure></testcase><testcase classname="C-0065" status="passed" name="No impersonation" time=""></testcase><testcase classname="C-0063" status="failed" name="Portforwarding privileges" time=""><failure message="relatedObjects[1].rules[0].resources[0];relatedObjects[1].rules[0].verbs[1];relatedObjects[1].rules[0].apiGroups[0];relatedObjects[0].roleRef.subjects[0];relatedObjects[0].roleRef.name" type="">More deatiles: https://hub.armo.cloud/docs/c-0063</failure></testcase><testcase classname="C-0014" status="passed" name="Access Kubernetes dashboard" time=""></testcase><testcase classname="C-0037" status="failed" name="CoreDNS poisoning" time=""><failure message="relatedObjects[1].rules[0].resources[0];relatedObjects[1].rules[0].verbs[3];relatedObjects[1].rules[0].verbs[4];relatedObjects[1].rules[0].apiGroups[0];relatedObjects[0].roleRef.subjects[0];relatedObjects[0].roleRef.name" type="">More deatiles: https://hub.armo.cloud/docs/c-0037</failure></testcase><testcase classname="C-0053" status="failed" name="Access container service account" time=""><failure message="" type="">More deatiles: https://hub.armo.cloud/docs/c-0053</failure></testcase></testsuite><testsuite name="/kube-system/ServiceAccount/ttl-after-finished-controller/rbac.authorization.k8s.io/v1//ClusterRole/system:controller:ttl-after-finished-controller/rbac.authorization.k8s.io/v1//ClusterRoleBinding/system:controller:ttl-after-finished-controller" disabled="0" errors="0" failures="2" hostname="" id="72" skipped="" time="" timestamp="0001-01-01 00:00:00 +0000 UTC"><properties><property name="ID" value="/kube-system/ServiceAccount/ttl-after-finished-controller/rbac.authorization.k8s.io/v1//ClusterRole/system:controller:ttl-after-finished-controller/rbac.authorization.k8s.io/v1//ClusterRoleBinding/system:controller:ttl-after-finished-controller"></property></properties><testcase classname="C-0002" status="passed" name="Exec into container" time=""></testcase><testcase classname="C-0031" status="passed" name="Delete Kubernetes events" time=""></testcase><testcase classname="C-0015" status="passed" name="List Kubernetes secrets" time=""></testcase><testcase classname="C-0035" status="passed" name="Cluster-admin binding" time=""></testcase><testcase classname="C-0007" status="failed" name="Data Destruction" time=""><failure message="relatedObjects[1].rules[0].resources[0];relatedObjects[1].rules[0].verbs[0];relatedObjects[1].rules[0].apiGroups[0];relatedObjects[0].roleRef.subjects[0];relatedObjects[0].roleRef.name" type="">More deatiles: https://hub.armo.cloud/docs/c-0007</failure></testcase><testcase classname="C-0065" status="passed" name="No impersonation" time=""></testcase><testcase classname="C-0063" status="passed" name="Portforwarding privileges" time=""></testcase><testcase classname="C-0014" status="passed" name="Access Kubernetes dashboard" time=""></testcase><testcase classname="C-0037" status="passed" name="CoreDNS poisoning" time=""></testcase><testcase classname="C-0053" status="failed" name="Access container service account" time=""><failure message="" type="">More deatiles: https://hub.armo.cloud/docs/c-0053</failure></testcase></testsuite><testsuite name="/kube-system/ServiceAccount/replication-controller/rbac.authorization.k8s.io/v1//ClusterRole/system:controller:replication-controller/rbac.authorization.k8s.io/v1//ClusterRoleBinding/system:controller:replication-controller" disabled="0" errors="0" failures="2" hostname="" id="73" skipped="" time="" timestamp="0001-01-01 00:00:00 +0000 UTC"><properties><property name="ID" value="/kube-system/ServiceAccount/replication-controller/rbac.authorization.k8s.io/v1//ClusterRole/system:controller:replication-controller/rbac.authorization.k8s.io/v1//ClusterRoleBinding/system:controller:replication-controller"></property></properties><testcase classname="C-0002" status="passed" name="Exec into container" time=""></testcase><testcase classname="C-0031" status="passed" name="Delete Kubernetes events" time=""></testcase><testcase classname="C-0015" status="passed" name="List Kubernetes secrets" time=""></testcase><testcase classname="C-0035" status="passed" name="Cluster-admin binding" time=""></testcase><testcase classname="C-0007" status="failed" name="Data Destruction" time=""><failure message="relatedObjects[1].rules[3].resources[0];relatedObjects[1].rules[3].verbs[1];relatedObjects[1].rules[3].apiGroups[0];relatedObjects[0].roleRef.subjects[0];relatedObjects[0].roleRef.name" type="">More deatiles: https://hub.armo.cloud/docs/c-0007</failure></testcase><testcase classname="C-0065" status="passed" name="No impersonation" time=""></testcase><testcase classname="C-0063" status="passed" name="Portforwarding privileges" time=""></testcase><testcase classname="C-0014" status="passed" name="Access Kubernetes dashboard" time=""></testcase><testcase classname="C-0037" status="passed" name="CoreDNS poisoning" time=""></testcase><testcase classname="C-0053" status="failed" name="Access container service account" time=""><failure message="" type="">More deatiles: https://hub.armo.cloud/docs/c-0053</failure></testcase></testsuite><testsuite name="apps/v1/cyberarmor-system/Deployment/ca-oracle" disabled="0" errors="0" failures="12" hostname="" id="74" skipped="" time="" timestamp="0001-01-01 00:00:00 +0000 UTC"><properties><property name="ID" value="apps/v1/cyberarmor-system/Deployment/ca-oracle"></property></properties><testcase classname="C-0034" status="failed" name="Automatic mapping of service account" time=""><failure message="spec.template.spec.automountServiceAccountToken=false" type="">More deatiles: https://hub.armo.cloud/docs/c-0034</failure></testcase><testcase classname="C-0078" status="failed" name="Images from allowed registry" time=""><failure message="spec.template.spec.containers[0].image" type="">More deatiles: https://hub.armo.cloud/docs/c-0078</failure></testcase><testcase classname="C-0017" status="failed" name="Immutable container filesystem" time=""><failure message="spec.template.spec.containers[0].securityContext.readOnlyRootFilesystem=true" type="">More deatiles: https://hub.armo.cloud/docs/c-0017</failure></testcase><testcase classname="C-0009" status="passed" name="Resource policies" time=""></testcase><testcase classname="C-0030" status="failed" name="Ingress and Egress blocked" time=""><failure message="" type="">More deatiles: https://hub.armo.cloud/docs/c-0030</failure></testcase><testcase classname="C-0048" status="passed" name="HostPath mount" time=""></testcase><testcase classname="C-0075" status="passed" name="Image pull policy on latest tag" time=""></testcase><testcase classname="C-0050" status="passed" name="Resources CPU limit and request" time=""></testcase><testcase classname="C-0038" status="passed" name="Host PID/IPC privileges" time=""></testcase><testcase classname="C-0046" status="passed" name="Insecure capabilities" time=""></testcase><testcase classname="C-0061" status="passed" name="Pods in default namespace" time=""></testcase><testcase classname="C-0016" status="failed" name="Allow privilege escalation" time=""><failure message="spec.template.spec.containers[0].securityContext.allowPrivilegeEscalation=false" type="">More deatiles: https://hub.armo.cloud/docs/c-0016</failure></testcase><testcase classname="C-0014" status="passed" name="Access Kubernetes dashboard" time=""></testcase><testcase classname="C-0001" status="failed" name="Forbidden Container Registries" time=""><failure message="spec.template.spec.containers[0].image" type="">More deatiles: https://hub.armo.cloud/docs/c-0001</failure></testcase><testcase classname="C-0074" status="passed" name="Containers mounting Docker socket" time=""></testcase><testcase classname="C-0018" status="failed" name="Configured readiness probe" time=""><failure message="spec.template.spec.containers[0].readinessProbe=YOUR_VALUE" type="">More deatiles: https://hub.armo.cloud/docs/c-0018</failure></testcase><testcase classname="C-0020" status="passed" name="Mount service principal" time=""></testcase><testcase classname="C-0044" status="passed" name="Container hostPort" time=""></testcase><testcase classname="C-0012" status="passed" name="Applications credentials in configuration files" time=""></testcase><testcase classname="C-0041" status="passed" name="HostNetwork access" time=""></testcase><testcase classname="C-0055" status="failed" name="Linux hardening" time=""><failure message="spec.template.spec.securityContext" type="">More deatiles: https://hub.armo.cloud/docs/c-0055</failure></testcase><testcase classname="C-0006" status="passed" name="Allowed hostPath" time=""></testcase><testcase classname="C-0077" status="failed" name="K8s common labels usage" time=""><failure message="metadata.labels=YOUR_VALUE;spec.template.metadata.labels=YOUR_VALUE" type="">More deatiles: https://hub.armo.cloud/docs/c-0077</failure></testcase><testcase classname="C-0004" status="passed" name="Resources memory limit and request" time=""></testcase><testcase classname="C-0056" status="failed" name="Configured liveness probe" time=""><failure message="spec.template.spec.containers[0].livenessProbe=YOUR_VALUE" type="">More deatiles: https://hub.armo.cloud/docs/c-0056</failure></testcase><testcase classname="C-0057" status="passed" name="Privileged container" time=""></testcase><testcase classname="C-0045" status="passed" name="Writable hostPath mount" time=""></testcase><testcase classname="C-0076" status="failed" name="Label usage for resources" time=""><failure message="metadata.labels=YOUR_VALUE;spec.template.metadata.labels=YOUR_VALUE" type="">More deatiles: https://hub.armo.cloud/docs/c-0076</failure></testcase><testcase classname="C-0013" status="failed" name="Non-root containers" time=""><failure message="spec.template.spec.securityContext.runAsNonRoot=true;spec.template.spec.securityContext.allowPrivilegeEscalation=false" type="">More deatiles: https://hub.armo.cloud/docs/c-0013</failure></testcase><testcase classname="C-0062" status="passed" name="Sudo in container entrypoint" time=""></testcase></testsuite><testsuite name="rbac.authorization.k8s.io//Group/system:bootstrappers:kubeadm:default-node-token/rbac.authorization.k8s.io/v1//ClusterRole/kubeadm:get-nodes/rbac.authorization.k8s.io/v1//ClusterRoleBinding/kubeadm:get-nodes" disabled="0" errors="0" failures="0" hostname="" id="75" skipped="" time="" timestamp="0001-01-01 00:00:00 +0000 UTC"><properties><property name="ID" value="rbac.authorization.k8s.io//Group/system:bootstrappers:kubeadm:default-node-token/rbac.authorization.k8s.io/v1//ClusterRole/kubeadm:get-nodes/rbac.authorization.k8s.io/v1//ClusterRoleBinding/kubeadm:get-nodes"></property></properties><testcase classname="C-0002" status="passed" name="Exec into container" time=""></testcase><testcase classname="C-0031" status="passed" name="Delete Kubernetes events" time=""></testcase><testcase classname="C-0015" status="passed" name="List Kubernetes secrets" time=""></testcase><testcase classname="C-0035" status="passed" name="Cluster-admin binding" time=""></testcase><testcase classname="C-0007" status="passed" name="Data Destruction" time=""></testcase><testcase classname="C-0065" status="passed" name="No impersonation" time=""></testcase><testcase classname="C-0063" status="passed" name="Portforwarding privileges" time=""></testcase><testcase classname="C-0014" status="passed" name="Access Kubernetes dashboard" time=""></testcase><testcase classname="C-0037" status="passed" name="CoreDNS poisoning" time=""></testcase></testsuite><testsuite name="/kube-system/ServiceAccount/pod-garbage-collector/rbac.authorization.k8s.io/v1//ClusterRole/system:controller:pod-garbage-collector/rbac.authorization.k8s.io/v1//ClusterRoleBinding/system:controller:pod-garbage-collector" disabled="0" errors="0" failures="2" hostname="" id="76" skipped="" time="" timestamp="0001-01-01 00:00:00 +0000 UTC"><properties><property name="ID" value="/kube-system/ServiceAccount/pod-garbage-collector/rbac.authorization.k8s.io/v1//ClusterRole/system:controller:pod-garbage-collector/rbac.authorization.k8s.io/v1//ClusterRoleBinding/system:controller:pod-garbage-collector"></property></properties><testcase classname="C-0002" status="passed" name="Exec into container" time=""></testcase><testcase classname="C-0031" status="passed" name="Delete Kubernetes events" time=""></testcase><testcase classname="C-0015" status="passed" name="List Kubernetes secrets" time=""></testcase><testcase classname="C-0035" status="passed" name="Cluster-admin binding" time=""></testcase><testcase classname="C-0007" status="failed" name="Data Destruction" time=""><failure message="relatedObjects[1].rules[0].resources[0];relatedObjects[1].rules[0].verbs[0];relatedObjects[1].rules[0].apiGroups[0];relatedObjects[0].roleRef.subjects[0];relatedObjects[0].roleRef.name" type="">More deatiles: https://hub.armo.cloud/docs/c-0007</failure></testcase><testcase classname="C-0065" status="passed" name="No impersonation" time=""></testcase><testcase classname="C-0063" status="passed" name="Portforwarding privileges" time=""></testcase><testcase classname="C-0014" status="passed" name="Access Kubernetes dashboard" time=""></testcase><testcase classname="C-0037" status="passed" name="CoreDNS poisoning" time=""></testcase><testcase classname="C-0053" status="failed" name="Access container service account" time=""><failure message="" type="">More deatiles: https://hub.armo.cloud/docs/c-0053</failure></testcase></testsuite><testsuite name="/v1//Namespace/kube-system" disabled="0" errors="0" failures="2" hostname="" id="77" skipped="" time="" timestamp="0001-01-01 00:00:00 +0000 UTC"><properties><property name="ID" value="/v1//Namespace/kube-system"></property></properties><testcase classname="C-0049" status="failed" name="Network mapping" time=""><failure message="" type="">More deatiles: https://hub.armo.cloud/docs/c-0049</failure></testcase><testcase classname="C-0054" status="failed" name="Cluster internal networking" time=""><failure message="" type="">More deatiles: https://hub.armo.cloud/docs/c-0054</failure></testcase><testcase classname="C-0060" status="passed" name="Namespace without service accounts" time=""></testcase></testsuite><testsuite name="/v1/armo-system/Pod/armo-collector-6b448cccdc-qmsd6" disabled="0" errors="0" failures="0" hostname="" id="78" skipped="" time="" timestamp="0001-01-01 00:00:00 +0000 UTC"><properties><property name="ID" value="/v1/armo-system/Pod/armo-collector-6b448cccdc-qmsd6"></property></properties><testcase classname="C-0073" status="passed" name="Naked PODs" time=""></testcase></testsuite><testsuite name="apps/v1/cyberarmor-system/Deployment/ca-vuln-scan" disabled="0" errors="0" failures="12" hostname="" id="79" skipped="" time="" timestamp="0001-01-01 00:00:00 +0000 UTC"><properties><property name="ID" value="apps/v1/cyberarmor-system/Deployment/ca-vuln-scan"></property></properties><testcase classname="C-0034" status="failed" name="Automatic mapping of service account" time=""><failure message="spec.template.spec.automountServiceAccountToken=false" type="">More deatiles: https://hub.armo.cloud/docs/c-0034</failure></testcase><testcase classname="C-0078" status="failed" name="Images from allowed registry" time=""><failure message="spec.template.spec.containers[0].image" type="">More deatiles: https://hub.armo.cloud/docs/c-0078</failure></testcase><testcase classname="C-0017" status="failed" name="Immutable container filesystem" time=""><failure message="spec.template.spec.containers[0].securityContext.readOnlyRootFilesystem=true" type="">More deatiles: https://hub.armo.cloud/docs/c-0017</failure></testcase><testcase classname="C-0009" status="passed" name="Resource policies" time=""></testcase><testcase classname="C-0030" status="failed" name="Ingress and Egress blocked" time=""><failure message="" type="">More deatiles: https://hub.armo.cloud/docs/c-0030</failure></testcase><testcase classname="C-0048" status="passed" name="HostPath mount" time=""></testcase><testcase classname="C-0075" status="passed" name="Image pull policy on latest tag" time=""></testcase><testcase classname="C-0050" status="passed" name="Resources CPU limit and request" time=""></testcase><testcase classname="C-0038" status="passed" name="Host PID/IPC privileges" time=""></testcase><testcase classname="C-0046" status="passed" name="Insecure capabilities" time=""></testcase><testcase classname="C-0061" status="passed" name="Pods in default namespace" time=""></testcase><testcase classname="C-0016" status="failed" name="Allow privilege escalation" time=""><failure message="spec.template.spec.containers[0].securityContext.allowPrivilegeEscalation=false" type="">More deatiles: https://hub.armo.cloud/docs/c-0016</failure></testcase><testcase classname="C-0014" status="passed" name="Access Kubernetes dashboard" time=""></testcase><testcase classname="C-0001" status="failed" name="Forbidden Container Registries" time=""><failure message="spec.template.spec.containers[0].image" type="">More deatiles: https://hub.armo.cloud/docs/c-0001</failure></testcase><testcase classname="C-0074" status="passed" name="Containers mounting Docker socket" time=""></testcase><testcase classname="C-0018" status="failed" name="Configured readiness probe" time=""><failure message="spec.template.spec.containers[0].readinessProbe=YOUR_VALUE" type="">More deatiles: https://hub.armo.cloud/docs/c-0018</failure></testcase><testcase classname="C-0020" status="passed" name="Mount service principal" time=""></testcase><testcase classname="C-0044" status="passed" name="Container hostPort" time=""></testcase><testcase classname="C-0012" status="passed" name="Applications credentials in configuration files" time=""></testcase><testcase classname="C-0041" status="passed" name="HostNetwork access" time=""></testcase><testcase classname="C-0055" status="failed" name="Linux hardening" time=""><failure message="spec.template.spec.securityContext" type="">More deatiles: https://hub.armo.cloud/docs/c-0055</failure></testcase><testcase classname="C-0006" status="passed" name="Allowed hostPath" time=""></testcase><testcase classname="C-0077" status="failed" name="K8s common labels usage" time=""><failure message="metadata.labels=YOUR_VALUE;spec.template.metadata.labels=YOUR_VALUE" type="">More deatiles: https://hub.armo.cloud/docs/c-0077</failure></testcase><testcase classname="C-0004" status="passed" name="Resources memory limit and request" time=""></testcase><testcase classname="C-0056" status="failed" name="Configured liveness probe" time=""><failure message="spec.template.spec.containers[0].livenessProbe=YOUR_VALUE" type="">More deatiles: https://hub.armo.cloud/docs/c-0056</failure></testcase><testcase classname="C-0057" status="passed" name="Privileged container" time=""></testcase><testcase classname="C-0045" status="passed" name="Writable hostPath mount" time=""></testcase><testcase classname="C-0076" status="failed" name="Label usage for resources" time=""><failure message="metadata.labels=YOUR_VALUE;spec.template.metadata.labels=YOUR_VALUE" type="">More deatiles: https://hub.armo.cloud/docs/c-0076</failure></testcase><testcase classname="C-0013" status="failed" name="Non-root containers" time=""><failure message="spec.template.spec.securityContext.runAsNonRoot=true;spec.template.spec.securityContext.allowPrivilegeEscalation=false" type="">More deatiles: https://hub.armo.cloud/docs/c-0013</failure></testcase><testcase classname="C-0062" status="passed" name="Sudo in container entrypoint" time=""></testcase></testsuite><testsuite name="/kube-system/ServiceAccount/clusterrole-aggregation-controller/rbac.authorization.k8s.io/v1//ClusterRole/system:controller:clusterrole-aggregation-controller/rbac.authorization.k8s.io/v1//ClusterRoleBinding/system:controller:clusterrole-aggregation-controller" disabled="0" errors="0" failures="1" hostname="" id="80" skipped="" time="" timestamp="0001-01-01 00:00:00 +0000 UTC"><properties><property name="ID" value="/kube-system/ServiceAccount/clusterrole-aggregation-controller/rbac.authorization.k8s.io/v1//ClusterRole/system:controller:clusterrole-aggregation-controller/rbac.authorization.k8s.io/v1//ClusterRoleBinding/system:controller:clusterrole-aggregation-controller"></property></properties><testcase classname="C-0002" status="passed" name="Exec into container" time=""></testcase><testcase classname="C-0031" status="passed" name="Delete Kubernetes events" time=""></testcase><testcase classname="C-0015" status="passed" name="List Kubernetes secrets" time=""></testcase><testcase classname="C-0035" status="passed" name="Cluster-admin binding" time=""></testcase><testcase classname="C-0007" status="passed" name="Data Destruction" time=""></testcase><testcase classname="C-0065" status="passed" name="No impersonation" time=""></testcase><testcase classname="C-0063" status="passed" name="Portforwarding privileges" time=""></testcase><testcase classname="C-0014" status="passed" name="Access Kubernetes dashboard" time=""></testcase><testcase classname="C-0037" status="passed" name="CoreDNS poisoning" time=""></testcase><testcase classname="C-0053" status="failed" name="Access container service account" time=""><failure message="" type="">More deatiles: https://hub.armo.cloud/docs/c-0053</failure></testcase></testsuite><testsuite name="/v1/kube-system/Pod/kube-scheduler-david-virtualbox" disabled="0" errors="0" failures="14" hostname="" id="81" skipped="" time="" timestamp="0001-01-01 00:00:00 +0000 UTC"><properties><property name="ID" value="/v1/kube-system/Pod/kube-scheduler-david-virtualbox"></property></properties><testcase classname="C-0034" status="failed" name="Automatic mapping of service account" time=""><failure message="spec.automountServiceAccountToken=false" type="">More deatiles: https://hub.armo.cloud/docs/c-0034</failure></testcase><testcase classname="C-0078" status="passed" name="Images from allowed registry" time=""></testcase><testcase classname="C-0017" status="failed" name="Immutable container filesystem" time=""><failure message="spec.containers[0].securityContext.readOnlyRootFilesystem=true" type="">More deatiles: https://hub.armo.cloud/docs/c-0017</failure></testcase><testcase classname="C-0009" status="failed" name="Resource policies" time=""><failure message="spec.containers[0].resources.limits.cpu=YOUR_VALUE;spec.containers[0].resources.limits.memory=YOUR_VALUE" type="">More deatiles: https://hub.armo.cloud/docs/c-0009</failure></testcase><testcase classname="C-0030" status="failed" name="Ingress and Egress blocked" time=""><failure message="" type="">More deatiles: https://hub.armo.cloud/docs/c-0030</failure></testcase><testcase classname="C-0048" status="failed" name="HostPath mount" time=""><failure message="spec.volumes[0].hostPath.path" type="">More deatiles: https://hub.armo.cloud/docs/c-0048</failure></testcase><testcase classname="C-0075" status="passed" name="Image pull policy on latest tag" time=""></testcase><testcase classname="C-0050" status="failed" name="Resources CPU limit and request" time=""><failure message="spec.containers[0].resources.limits.cpu=YOUR_VALUE;spec.containers[0].resources.requests.cpu=YOUR_VALUE" type="">More deatiles: https://hub.armo.cloud/docs/c-0050</failure></testcase><testcase classname="C-0038" status="passed" name="Host PID/IPC privileges" time=""></testcase><testcase classname="C-0046" status="passed" name="Insecure capabilities" time=""></testcase><testcase classname="C-0061" status="passed" name="Pods in default namespace" time=""></testcase><testcase classname="C-0016" status="failed" name="Allow privilege escalation" time=""><failure message="spec.containers[0].securityContext.allowPrivilegeEscalation=false" type="">More deatiles: https://hub.armo.cloud/docs/c-0016</failure></testcase><testcase classname="C-0014" status="passed" name="Access Kubernetes dashboard" time=""></testcase><testcase classname="C-0001" status="passed" name="Forbidden Container Registries" time=""></testcase><testcase classname="C-0074" status="passed" name="Containers mounting Docker socket" time=""></testcase><testcase classname="C-0018" status="failed" name="Configured readiness probe" time=""><failure message="spec.containers[0].readinessProbe=YOUR_VALUE" type="">More deatiles: https://hub.armo.cloud/docs/c-0018</failure></testcase><testcase classname="C-0020" status="failed" name="Mount service principal" time=""><failure message="spec.volumes[0].hostPath.path" type="">More deatiles: https://hub.armo.cloud/docs/c-0020</failure></testcase><testcase classname="C-0073" status="passed" name="Naked PODs" time=""></testcase><testcase classname="C-0044" status="passed" name="Container hostPort" time=""></testcase><testcase classname="C-0012" status="passed" name="Applications credentials in configuration files" time=""></testcase><testcase classname="C-0041" status="failed" name="HostNetwork access" time=""><failure message="spec.hostNetwork" type="">More deatiles: https://hub.armo.cloud/docs/c-0041</failure></testcase><testcase classname="C-0055" status="passed" name="Linux hardening" time=""></testcase><testcase classname="C-0006" status="passed" name="Allowed hostPath" time=""></testcase><testcase classname="C-0077" status="failed" name="K8s common labels usage" time=""><failure message="metadata.labels=YOUR_VALUE" type="">More deatiles: https://hub.armo.cloud/docs/c-0077</failure></testcase><testcase classname="C-0004" status="failed" name="Resources memory limit and request" time=""><failure message="spec.containers[0].resources.limits.memory=YOUR_VALUE;spec.containers[0].resources.requests.memory=YOUR_VALUE" type="">More deatiles: https://hub.armo.cloud/docs/c-0004</failure></testcase><testcase classname="C-0056" status="passed" name="Configured liveness probe" time=""></testcase><testcase classname="C-0057" status="passed" name="Privileged container" time=""></testcase><testcase classname="C-0045" status="passed" name="Writable hostPath mount" time=""></testcase><testcase classname="C-0076" status="failed" name="Label usage for resources" time=""><failure message="metadata.labels=YOUR_VALUE" type="">More deatiles: https://hub.armo.cloud/docs/c-0076</failure></testcase><testcase classname="C-0013" status="failed" name="Non-root containers" time=""><failure message="spec.securityContext.runAsNonRoot=true;spec.securityContext.allowPrivilegeEscalation=false" type="">More deatiles: https://hub.armo.cloud/docs/c-0013</failure></testcase><testcase classname="C-0062" status="passed" name="Sudo in container entrypoint" time=""></testcase></testsuite><testsuite name="/v1/cyberarmor-system/ServiceAccount/ca-audit" disabled="0" errors="0" failures="1" hostname="" id="82" skipped="" time="" timestamp="0001-01-01 00:00:00 +0000 UTC"><properties><property name="ID" value="/v1/cyberarmor-system/ServiceAccount/ca-audit"></property></properties><testcase classname="C-0034" status="failed" name="Automatic mapping of service account" time=""><failure message="automountServiceAccountToken=false" type="">More deatiles: https://hub.armo.cloud/docs/c-0034</failure></testcase><testcase classname="C-0060" status="passed" name="Namespace without service accounts" time=""></testcase></testsuite><testsuite name="/v1/cyberarmor-system/Pod/ca-audit-c667df747-k6rhf" disabled="0" errors="0" failures="0" hostname="" id="83" skipped="" time="" timestamp="0001-01-01 00:00:00 +0000 UTC"><properties><property name="ID" value="/v1/cyberarmor-system/Pod/ca-audit-c667df747-k6rhf"></property></properties><testcase classname="C-0073" status="passed" name="Naked PODs" time=""></testcase></testsuite><testsuite name="apps/v1/cyberarmor-system/Deployment/ca-notification-server" disabled="0" errors="0" failures="12" hostname="" id="84" skipped="" time="" timestamp="0001-01-01 00:00:00 +0000 UTC"><properties><property name="ID" value="apps/v1/cyberarmor-system/Deployment/ca-notification-server"></property></properties><testcase classname="C-0034" status="failed" name="Automatic mapping of service account" time=""><failure message="spec.template.spec.automountServiceAccountToken=false" type="">More deatiles: https://hub.armo.cloud/docs/c-0034</failure></testcase><testcase classname="C-0078" status="failed" name="Images from allowed registry" time=""><failure message="spec.template.spec.containers[0].image" type="">More deatiles: https://hub.armo.cloud/docs/c-0078</failure></testcase><testcase classname="C-0017" status="failed" name="Immutable container filesystem" time=""><failure message="spec.template.spec.containers[0].securityContext.readOnlyRootFilesystem=true" type="">More deatiles: https://hub.armo.cloud/docs/c-0017</failure></testcase><testcase classname="C-0009" status="passed" name="Resource policies" time=""></testcase><testcase classname="C-0030" status="failed" name="Ingress and Egress blocked" time=""><failure message="" type="">More deatiles: https://hub.armo.cloud/docs/c-0030</failure></testcase><testcase classname="C-0048" status="passed" name="HostPath mount" time=""></testcase><testcase classname="C-0075" status="passed" name="Image pull policy on latest tag" time=""></testcase><testcase classname="C-0050" status="passed" name="Resources CPU limit and request" time=""></testcase><testcase classname="C-0038" status="passed" name="Host PID/IPC privileges" time=""></testcase><testcase classname="C-0046" status="passed" name="Insecure capabilities" time=""></testcase><testcase classname="C-0061" status="passed" name="Pods in default namespace" time=""></testcase><testcase classname="C-0016" status="failed" name="Allow privilege escalation" time=""><failure message="spec.template.spec.containers[0].securityContext.allowPrivilegeEscalation=false" type="">More deatiles: https://hub.armo.cloud/docs/c-0016</failure></testcase><testcase classname="C-0014" status="passed" name="Access Kubernetes dashboard" time=""></testcase><testcase classname="C-0001" status="failed" name="Forbidden Container Registries" time=""><failure message="spec.template.spec.containers[0].image" type="">More deatiles: https://hub.armo.cloud/docs/c-0001</failure></testcase><testcase classname="C-0074" status="passed" name="Containers mounting Docker socket" time=""></testcase><testcase classname="C-0018" status="failed" name="Configured readiness probe" time=""><failure message="spec.template.spec.containers[0].readinessProbe=YOUR_VALUE" type="">More deatiles: https://hub.armo.cloud/docs/c-0018</failure></testcase><testcase classname="C-0020" status="passed" name="Mount service principal" time=""></testcase><testcase classname="C-0044" status="passed" name="Container hostPort" time=""></testcase><testcase classname="C-0012" status="passed" name="Applications credentials in configuration files" time=""></testcase><testcase classname="C-0041" status="passed" name="HostNetwork access" time=""></testcase><testcase classname="C-0055" status="failed" name="Linux hardening" time=""><failure message="spec.template.spec.securityContext" type="">More deatiles: https://hub.armo.cloud/docs/c-0055</failure></testcase><testcase classname="C-0006" status="passed" name="Allowed hostPath" time=""></testcase><testcase classname="C-0077" status="failed" name="K8s common labels usage" time=""><failure message="metadata.labels=YOUR_VALUE;spec.template.metadata.labels=YOUR_VALUE" type="">More deatiles: https://hub.armo.cloud/docs/c-0077</failure></testcase><testcase classname="C-0004" status="passed" name="Resources memory limit and request" time=""></testcase><testcase classname="C-0056" status="failed" name="Configured liveness probe" time=""><failure message="spec.template.spec.containers[0].livenessProbe=YOUR_VALUE" type="">More deatiles: https://hub.armo.cloud/docs/c-0056</failure></testcase><testcase classname="C-0057" status="passed" name="Privileged container" time=""></testcase><testcase classname="C-0045" status="passed" name="Writable hostPath mount" time=""></testcase><testcase classname="C-0076" status="failed" name="Label usage for resources" time=""><failure message="metadata.labels=YOUR_VALUE;spec.template.metadata.labels=YOUR_VALUE" type="">More deatiles: https://hub.armo.cloud/docs/c-0076</failure></testcase><testcase classname="C-0013" status="failed" name="Non-root containers" time=""><failure message="spec.template.spec.securityContext.runAsNonRoot=true;spec.template.spec.securityContext.allowPrivilegeEscalation=false" type="">More deatiles: https://hub.armo.cloud/docs/c-0013</failure></testcase><testcase classname="C-0062" status="passed" name="Sudo in container entrypoint" time=""></testcase></testsuite><testsuite name="/v1/kube-system/ServiceAccount/ephemeral-volume-controller" disabled="0" errors="0" failures="1" hostname="" id="85" skipped="" time="" timestamp="0001-01-01 00:00:00 +0000 UTC"><properties><property name="ID" value="/v1/kube-system/ServiceAccount/ephemeral-volume-controller"></property></properties><testcase classname="C-0034" status="failed" name="Automatic mapping of service account" time=""><failure message="automountServiceAccountToken=false" type="">More deatiles: https://hub.armo.cloud/docs/c-0034</failure></testcase><testcase classname="C-0060" status="passed" name="Namespace without service accounts" time=""></testcase></testsuite><testsuite name="/v1/armo-system/Pod/armo-scan-scheduler-27427680--1-svd7w" disabled="0" errors="0" failures="0" hostname="" id="86" skipped="" time="" timestamp="0001-01-01 00:00:00 +0000 UTC"><properties><property name="ID" value="/v1/armo-system/Pod/armo-scan-scheduler-27427680--1-svd7w"></property></properties><testcase classname="C-0073" status="passed" name="Naked PODs" time=""></testcase></testsuite><testsuite name="/kube-system/ServiceAccount/resourcequota-controller/rbac.authorization.k8s.io/v1//ClusterRole/system:controller:resourcequota-controller/rbac.authorization.k8s.io/v1//ClusterRoleBinding/system:controller:resourcequota-controller" disabled="0" errors="0" failures="2" hostname="" id="87" skipped="" time="" timestamp="0001-01-01 00:00:00 +0000 UTC"><properties><property name="ID" value="/kube-system/ServiceAccount/resourcequota-controller/rbac.authorization.k8s.io/v1//ClusterRole/system:controller:resourcequota-controller/rbac.authorization.k8s.io/v1//ClusterRoleBinding/system:controller:resourcequota-controller"></property></properties><testcase classname="C-0002" status="passed" name="Exec into container" time=""></testcase><testcase classname="C-0031" status="passed" name="Delete Kubernetes events" time=""></testcase><testcase classname="C-0015" status="failed" name="List Kubernetes secrets" time=""><failure message="relatedObjects[1].rules[0].resources[0];relatedObjects[1].rules[0].verbs[0];relatedObjects[1].rules[0].verbs[1];relatedObjects[1].rules[0].apiGroups[0];relatedObjects[0].roleRef.subjects[0];relatedObjects[0].roleRef.name" type="">More deatiles: https://hub.armo.cloud/docs/c-0015</failure></testcase><testcase classname="C-0035" status="passed" name="Cluster-admin binding" time=""></testcase><testcase classname="C-0007" status="passed" name="Data Destruction" time=""></testcase><testcase classname="C-0065" status="passed" name="No impersonation" time=""></testcase><testcase classname="C-0063" status="passed" name="Portforwarding privileges" time=""></testcase><testcase classname="C-0014" status="passed" name="Access Kubernetes dashboard" time=""></testcase><testcase classname="C-0037" status="passed" name="CoreDNS poisoning" time=""></testcase><testcase classname="C-0053" status="failed" name="Access container service account" time=""><failure message="" type="">More deatiles: https://hub.armo.cloud/docs/c-0053</failure></testcase></testsuite><testsuite name="/v1/kube-system/Pod/coredns-78fcd69978-tmrqn" disabled="0" errors="0" failures="0" hostname="" id="88" skipped="" time="" timestamp="0001-01-01 00:00:00 +0000 UTC"><properties><property name="ID" value="/v1/kube-system/Pod/coredns-78fcd69978-tmrqn"></property></properties><testcase classname="C-0073" status="passed" name="Naked PODs" time=""></testcase></testsuite><testsuite name="/kube-system/ServiceAccount/storage-provisioner/rbac.authorization.k8s.io/v1//ClusterRole/system:persistent-volume-provisioner/rbac.authorization.k8s.io/v1/kube-system/RoleBinding/system:persistent-volume-provisioner" disabled="0" errors="0" failures="1" hostname="" id="89" skipped="" time="" timestamp="0001-01-01 00:00:00 +0000 UTC"><properties><property name="ID" value="/kube-system/ServiceAccount/storage-provisioner/rbac.authorization.k8s.io/v1//ClusterRole/system:persistent-volume-provisioner/rbac.authorization.k8s.io/v1/kube-system/RoleBinding/system:persistent-volume-provisioner"></property></properties><testcase classname="C-0053" status="failed" name="Access container service account" time=""><failure message="" type="">More deatiles: https://hub.armo.cloud/docs/c-0053</failure></testcase></testsuite><testsuite name="apps/v1/armo-system/Deployment/armo-web-socket" disabled="0" errors="0" failures="10" hostname="" id="90" skipped="" time="" timestamp="0001-01-01 00:00:00 +0000 UTC"><properties><property name="ID" value="apps/v1/armo-system/Deployment/armo-web-socket"></property></properties><testcase classname="C-0034" status="passed" name="Automatic mapping of service account" time=""></testcase><testcase classname="C-0078" status="failed" name="Images from allowed registry" time=""><failure message="spec.template.spec.containers[0].image" type="">More deatiles: https://hub.armo.cloud/docs/c-0078</failure></testcase><testcase classname="C-0017" status="failed" name="Immutable container filesystem" time=""><failure message="spec.template.spec.containers[0].securityContext.readOnlyRootFilesystem=true" type="">More deatiles: https://hub.armo.cloud/docs/c-0017</failure></testcase><testcase classname="C-0009" status="passed" name="Resource policies" time=""></testcase><testcase classname="C-0030" status="failed" name="Ingress and Egress blocked" time=""><failure message="" type="">More deatiles: https://hub.armo.cloud/docs/c-0030</failure></testcase><testcase classname="C-0048" status="passed" name="HostPath mount" time=""></testcase><testcase classname="C-0075" status="passed" name="Image pull policy on latest tag" time=""></testcase><testcase classname="C-0050" status="passed" name="Resources CPU limit and request" time=""></testcase><testcase classname="C-0038" status="passed" name="Host PID/IPC privileges" time=""></testcase><testcase classname="C-0046" status="passed" name="Insecure capabilities" time=""></testcase><testcase classname="C-0061" status="passed" name="Pods in default namespace" time=""></testcase><testcase classname="C-0016" status="failed" name="Allow privilege escalation" time=""><failure message="spec.template.spec.containers[0].securityContext.allowPrivilegeEscalation=false" type="">More deatiles: https://hub.armo.cloud/docs/c-0016</failure></testcase><testcase classname="C-0014" status="passed" name="Access Kubernetes dashboard" time=""></testcase><testcase classname="C-0001" status="failed" name="Forbidden Container Registries" time=""><failure message="spec.template.spec.containers[0].image" type="">More deatiles: https://hub.armo.cloud/docs/c-0001</failure></testcase><testcase classname="C-0074" status="passed" name="Containers mounting Docker socket" time=""></testcase><testcase classname="C-0018" status="passed" name="Configured readiness probe" time=""></testcase><testcase classname="C-0020" status="passed" name="Mount service principal" time=""></testcase><testcase classname="C-0044" status="passed" name="Container hostPort" time=""></testcase><testcase classname="C-0012" status="passed" name="Applications credentials in configuration files" time=""></testcase><testcase classname="C-0041" status="passed" name="HostNetwork access" time=""></testcase><testcase classname="C-0055" status="failed" name="Linux hardening" time=""><failure message="spec.template.spec.securityContext" type="">More deatiles: https://hub.armo.cloud/docs/c-0055</failure></testcase><testcase classname="C-0006" status="passed" name="Allowed hostPath" time=""></testcase><testcase classname="C-0077" status="failed" name="K8s common labels usage" time=""><failure message="metadata.labels=YOUR_VALUE;spec.template.metadata.labels=YOUR_VALUE" type="">More deatiles: https://hub.armo.cloud/docs/c-0077</failure></testcase><testcase classname="C-0004" status="passed" name="Resources memory limit and request" time=""></testcase><testcase classname="C-0056" status="failed" name="Configured liveness probe" time=""><failure message="spec.template.spec.containers[0].livenessProbe=YOUR_VALUE" type="">More deatiles: https://hub.armo.cloud/docs/c-0056</failure></testcase><testcase classname="C-0057" status="passed" name="Privileged container" time=""></testcase><testcase classname="C-0045" status="passed" name="Writable hostPath mount" time=""></testcase><testcase classname="C-0076" status="failed" name="Label usage for resources" time=""><failure message="metadata.labels=YOUR_VALUE;spec.template.metadata.labels=YOUR_VALUE" type="">More deatiles: https://hub.armo.cloud/docs/c-0076</failure></testcase><testcase classname="C-0013" status="failed" name="Non-root containers" time=""><failure message="spec.template.spec.securityContext.runAsNonRoot=true;spec.template.spec.securityContext.allowPrivilegeEscalation=false" type="">More deatiles: https://hub.armo.cloud/docs/c-0013</failure></testcase><testcase classname="C-0062" status="passed" name="Sudo in container entrypoint" time=""></testcase></testsuite><testsuite name="/v1/kube-system/ServiceAccount/coredns" disabled="0" errors="0" failures="1" hostname="" id="91" skipped="" time="" timestamp="0001-01-01 00:00:00 +0000 UTC"><properties><property name="ID" value="/v1/kube-system/ServiceAccount/coredns"></property></properties><testcase classname="C-0034" status="failed" name="Automatic mapping of service account" time=""><failure message="automountServiceAccountToken=false" type="">More deatiles: https://hub.armo.cloud/docs/c-0034</failure></testcase><testcase classname="C-0060" status="passed" name="Namespace without service accounts" time=""></testcase></testsuite><testsuite name="/kube-system/ServiceAccount/bootstrap-signer/rbac.authorization.k8s.io/v1/kube-public/Role/system:controller:bootstrap-signer/rbac.authorization.k8s.io/v1/kube-public/RoleBinding/system:controller:bootstrap-signer" disabled="0" errors="0" failures="1" hostname="" id="92" skipped="" time="" timestamp="0001-01-01 00:00:00 +0000 UTC"><properties><property name="ID" value="/kube-system/ServiceAccount/bootstrap-signer/rbac.authorization.k8s.io/v1/kube-public/Role/system:controller:bootstrap-signer/rbac.authorization.k8s.io/v1/kube-public/RoleBinding/system:controller:bootstrap-signer"></property></properties><testcase classname="C-0002" status="passed" name="Exec into container" time=""></testcase><testcase classname="C-0031" status="passed" name="Delete Kubernetes events" time=""></testcase><testcase classname="C-0015" status="passed" name="List Kubernetes secrets" time=""></testcase><testcase classname="C-0035" status="passed" name="Cluster-admin binding" time=""></testcase><testcase classname="C-0007" status="passed" name="Data Destruction" time=""></testcase><testcase classname="C-0065" status="passed" name="No impersonation" time=""></testcase><testcase classname="C-0063" status="passed" name="Portforwarding privileges" time=""></testcase><testcase classname="C-0014" status="passed" name="Access Kubernetes dashboard" time=""></testcase><testcase classname="C-0037" status="passed" name="CoreDNS poisoning" time=""></testcase><testcase classname="C-0053" status="failed" name="Access container service account" time=""><failure message="" type="">More deatiles: https://hub.armo.cloud/docs/c-0053</failure></testcase></testsuite><testsuite name="rbac.authorization.k8s.io//Group/system:authenticated/rbac.authorization.k8s.io/v1//ClusterRole/system:basic-user/rbac.authorization.k8s.io/v1//ClusterRoleBinding/system:basic-user" disabled="0" errors="0" failures="0" hostname="" id="93" skipped="" time="" timestamp="0001-01-01 00:00:00 +0000 UTC"><properties><property name="ID" value="rbac.authorization.k8s.io//Group/system:authenticated/rbac.authorization.k8s.io/v1//ClusterRole/system:basic-user/rbac.authorization.k8s.io/v1//ClusterRoleBinding/system:basic-user"></property></properties><testcase classname="C-0002" status="passed" name="Exec into container" time=""></testcase><testcase classname="C-0031" status="passed" name="Delete Kubernetes events" time=""></testcase><testcase classname="C-0015" status="passed" name="List Kubernetes secrets" time=""></testcase><testcase classname="C-0035" status="passed" name="Cluster-admin binding" time=""></testcase><testcase classname="C-0007" status="passed" name="Data Destruction" time=""></testcase><testcase classname="C-0065" status="passed" name="No impersonation" time=""></testcase><testcase classname="C-0063" status="passed" name="Portforwarding privileges" time=""></testcase><testcase classname="C-0014" status="passed" name="Access Kubernetes dashboard" time=""></testcase><testcase classname="C-0037" status="passed" name="CoreDNS poisoning" time=""></testcase></testsuite><testsuite name="/v1/kube-system/ServiceAccount/generic-garbage-collector" disabled="0" errors="0" failures="1" hostname="" id="94" skipped="" time="" timestamp="0001-01-01 00:00:00 +0000 UTC"><properties><property name="ID" value="/v1/kube-system/ServiceAccount/generic-garbage-collector"></property></properties><testcase classname="C-0034" status="failed" name="Automatic mapping of service account" time=""><failure message="automountServiceAccountToken=false" type="">More deatiles: https://hub.armo.cloud/docs/c-0034</failure></testcase><testcase classname="C-0060" status="passed" name="Namespace without service accounts" time=""></testcase></testsuite><testsuite name="rbac.authorization.k8s.io//User/system:anonymous/rbac.authorization.k8s.io/v1/kube-public/Role/kubeadm:bootstrap-signer-clusterinfo/rbac.authorization.k8s.io/v1/kube-public/RoleBinding/kubeadm:bootstrap-signer-clusterinfo" disabled="0" errors="0" failures="0" hostname="" id="95" skipped="" time="" timestamp="0001-01-01 00:00:00 +0000 UTC"><properties><property name="ID" value="rbac.authorization.k8s.io//User/system:anonymous/rbac.authorization.k8s.io/v1/kube-public/Role/kubeadm:bootstrap-signer-clusterinfo/rbac.authorization.k8s.io/v1/kube-public/RoleBinding/kubeadm:bootstrap-signer-clusterinfo"></property></properties><testcase classname="C-0002" status="passed" name="Exec into container" time=""></testcase><testcase classname="C-0031" status="passed" name="Delete Kubernetes events" time=""></testcase><testcase classname="C-0015" status="passed" name="List Kubernetes secrets" time=""></testcase><testcase classname="C-0035" status="passed" name="Cluster-admin binding" time=""></testcase><testcase classname="C-0007" status="passed" name="Data Destruction" time=""></testcase><testcase classname="C-0065" status="passed" name="No impersonation" time=""></testcase><testcase classname="C-0063" status="passed" name="Portforwarding privileges" time=""></testcase><testcase classname="C-0014" status="passed" name="Access Kubernetes dashboard" time=""></testcase><testcase classname="C-0037" status="passed" name="CoreDNS poisoning" time=""></testcase></testsuite><testsuite name="/armo-system/ServiceAccount/armo-kubescape-service-account/rbac.authorization.k8s.io/v1//ClusterRole/armo-kubescape-service-account-roles/rbac.authorization.k8s.io/v1//ClusterRoleBinding/armo-kubescape-service-account-role-binding" disabled="0" errors="0" failures="3" hostname="" id="96" skipped="" time="" timestamp="0001-01-01 00:00:00 +0000 UTC"><properties><property name="ID" value="/armo-system/ServiceAccount/armo-kubescape-service-account/rbac.authorization.k8s.io/v1//ClusterRole/armo-kubescape-service-account-roles/rbac.authorization.k8s.io/v1//ClusterRoleBinding/armo-kubescape-service-account-role-binding"></property></properties><testcase classname="C-0002" status="passed" name="Exec into container" time=""></testcase><testcase classname="C-0031" status="passed" name="Delete Kubernetes events" time=""></testcase><testcase classname="C-0015" status="failed" name="List Kubernetes secrets" time=""><failure message="relatedObjects[1].rules[0].resources[0];relatedObjects[1].rules[0].verbs[0];relatedObjects[1].rules[0].verbs[1];relatedObjects[1].rules[0].verbs[3];relatedObjects[1].rules[0].apiGroups[0];relatedObjects[0].roleRef.subjects[0];relatedObjects[0].roleRef.name" type="">More deatiles: https://hub.armo.cloud/docs/c-0015</failure></testcase><testcase classname="C-0035" status="passed" name="Cluster-admin binding" time=""></testcase><testcase classname="C-0007" status="failed" name="Data Destruction" time=""><failure message="relatedObjects[1].rules[1].resources[1];relatedObjects[1].rules[1].verbs[0];relatedObjects[1].rules[1].apiGroups[0];relatedObjects[1].rules[1].apiGroups[1];relatedObjects[0].roleRef.subjects[0];relatedObjects[0].roleRef.name" type="">More deatiles: https://hub.armo.cloud/docs/c-0007</failure></testcase><testcase classname="C-0065" status="passed" name="No impersonation" time=""></testcase><testcase classname="C-0063" status="failed" name="Portforwarding privileges" time=""><failure message="relatedObjects[1].rules[0].resources[0];relatedObjects[1].rules[0].verbs[0];relatedObjects[1].rules[0].apiGroups[0];relatedObjects[0].roleRef.subjects[0];relatedObjects[0].roleRef.name" type="">More deatiles: https://hub.armo.cloud/docs/c-0063</failure></testcase><testcase classname="C-0014" status="passed" name="Access Kubernetes dashboard" time=""></testcase><testcase classname="C-0037" status="passed" name="CoreDNS poisoning" time=""></testcase><testcase classname="C-0053" status="passed" name="Access container service account" time=""></testcase></testsuite><testsuite name="admissionregistration.k8s.io/v1//ValidatingWebhookConfiguration/ca-validate-cfg" disabled="0" errors="0" failures="1" hostname="" id="97" skipped="" time="" timestamp="0001-01-01 00:00:00 +0000 UTC"><properties><property name="ID" value="admissionregistration.k8s.io/v1//ValidatingWebhookConfiguration/ca-validate-cfg"></property></properties><testcase classname="C-0036" status="failed" name="Malicious admission controller (validating)" time=""><failure message="" type="">More deatiles: https://hub.armo.cloud/docs/c-0036</failure></testcase></testsuite><testsuite name="/v1/kube-system/ServiceAccount/ttl-after-finished-controller" disabled="0" errors="0" failures="1" hostname="" id="98" skipped="" time="" timestamp="0001-01-01 00:00:00 +0000 UTC"><properties><property name="ID" value="/v1/kube-system/ServiceAccount/ttl-after-finished-controller"></property></properties><testcase classname="C-0034" status="failed" name="Automatic mapping of service account" time=""><failure message="automountServiceAccountToken=false" type="">More deatiles: https://hub.armo.cloud/docs/c-0034</failure></testcase><testcase classname="C-0060" status="passed" name="Namespace without service accounts" time=""></testcase></testsuite><testsuite name="/kube-system/ServiceAccount/default/rbac.authorization.k8s.io/v1//ClusterRole/cluster-admin/rbac.authorization.k8s.io/v1//ClusterRoleBinding/minikube-rbac" disabled="0" errors="0" failures="9" hostname="" id="99" skipped="" time="" timestamp="0001-01-01 00:00:00 +0000 UTC"><properties><property name="ID" value="/kube-system/ServiceAccount/default/rbac.authorization.k8s.io/v1//ClusterRole/cluster-admin/rbac.authorization.k8s.io/v1//ClusterRoleBinding/minikube-rbac"></property></properties><testcase classname="C-0002" status="failed" name="Exec into container" time=""><failure message="relatedObjects[1].rules[0].resources[0];relatedObjects[1].rules[0].verbs[0];relatedObjects[1].rules[0].apiGroups[0];relatedObjects[0].roleRef.subjects[0];relatedObjects[0].roleRef.name" type="">More deatiles: https://hub.armo.cloud/docs/c-0002</failure></testcase><testcase classname="C-0031" status="failed" name="Delete Kubernetes events" time=""><failure message="relatedObjects[1].rules[0].resources[0];relatedObjects[1].rules[0].verbs[0];relatedObjects[1].rules[0].apiGroups[0];relatedObjects[0].roleRef.subjects[0];relatedObjects[0].roleRef.name" type="">More deatiles: https://hub.armo.cloud/docs/c-0031</failure></testcase><testcase classname="C-0015" status="failed" name="List Kubernetes secrets" time=""><failure message="relatedObjects[1].rules[0].resources[0];relatedObjects[1].rules[0].verbs[0];relatedObjects[1].rules[0].apiGroups[0];relatedObjects[0].roleRef.subjects[0];relatedObjects[0].roleRef.name" type="">More deatiles: https://hub.armo.cloud/docs/c-0015</failure></testcase><testcase classname="C-0035" status="failed" name="Cluster-admin binding" time=""><failure message="relatedObjects[1].rules[0].resources[0];relatedObjects[1].rules[0].verbs[0];relatedObjects[1].rules[0].apiGroups[0];relatedObjects[0].roleRef.subjects[0];relatedObjects[0].roleRef.name" type="">More deatiles: https://hub.armo.cloud/docs/c-0035</failure></testcase><testcase classname="C-0007" status="failed" name="Data Destruction" time=""><failure message="relatedObjects[1].rules[0].resources[0];relatedObjects[1].rules[0].verbs[0];relatedObjects[1].rules[0].apiGroups[0];relatedObjects[0].roleRef.subjects[0];relatedObjects[0].roleRef.name" type="">More deatiles: https://hub.armo.cloud/docs/c-0007</failure></testcase><testcase classname="C-0065" status="failed" name="No impersonation" time=""><failure message="relatedObjects[1].rules[0].resources[0];relatedObjects[1].rules[0].verbs[0];relatedObjects[1].rules[0].apiGroups[0];relatedObjects[0].roleRef.subjects[0];relatedObjects[0].roleRef.name" type="">More deatiles: https://hub.armo.cloud/docs/c-0065</failure></testcase><testcase classname="C-0063" status="failed" name="Portforwarding privileges" time=""><failure message="relatedObjects[1].rules[0].resources[0];relatedObjects[1].rules[0].verbs[0];relatedObjects[1].rules[0].apiGroups[0];relatedObjects[0].roleRef.subjects[0];relatedObjects[0].roleRef.name" type="">More deatiles: https://hub.armo.cloud/docs/c-0063</failure></testcase><testcase classname="C-0014" status="passed" name="Access Kubernetes dashboard" time=""></testcase><testcase classname="C-0037" status="failed" name="CoreDNS poisoning" time=""><failure message="relatedObjects[1].rules[0].resources[0];relatedObjects[1].rules[0].verbs[0];relatedObjects[1].rules[0].apiGroups[0];relatedObjects[0].roleRef.subjects[0];relatedObjects[0].roleRef.name" type="">More deatiles: https://hub.armo.cloud/docs/c-0037</failure></testcase><testcase classname="C-0053" status="failed" name="Access container service account" time=""><failure message="" type="">More deatiles: https://hub.armo.cloud/docs/c-0053</failure></testcase></testsuite><testsuite name="/v1//Namespace/armo-system" disabled="0" errors="0" failures="2" hostname="" id="100" skipped="" time="" timestamp="0001-01-01 00:00:00 +0000 UTC"><properties><property name="ID" value="/v1//Namespace/armo-system"></property></properties><testcase classname="C-0049" status="failed" name="Network mapping" time=""><failure message="" type="">More deatiles: https://hub.armo.cloud/docs/c-0049</failure></testcase><testcase classname="C-0054" status="failed" name="Cluster internal networking" time=""><failure message="" type="">More deatiles: https://hub.armo.cloud/docs/c-0054</failure></testcase><testcase classname="C-0060" status="passed" name="Namespace without service accounts" time=""></testcase></testsuite><testsuite name="/v1/armo-system/Pod/armo-notification-service-584d579786-st6dk" disabled="0" errors="0" failures="0" hostname="" id="101" skipped="" time="" timestamp="0001-01-01 00:00:00 +0000 UTC"><properties><property name="ID" value="/v1/armo-system/Pod/armo-notification-service-584d579786-st6dk"></property></properties><testcase classname="C-0073" status="passed" name="Naked PODs" time=""></testcase></testsuite><testsuite name="/v1/armo-system/ConfigMap/armo-scan-scheduler-config" disabled="0" errors="0" failures="0" hostname="" id="102" skipped="" time="" timestamp="0001-01-01 00:00:00 +0000 UTC"><properties><property name="ID" value="/v1/armo-system/ConfigMap/armo-scan-scheduler-config"></property></properties><testcase classname="C-0012" status="passed" name="Applications credentials in configuration files" time=""></testcase></testsuite><testsuite name="/v1/kube-node-lease/ConfigMap/kube-root-ca.crt" disabled="0" errors="0" failures="0" hostname="" id="103" skipped="" time="" timestamp="0001-01-01 00:00:00 +0000 UTC"><properties><property name="ID" value="/v1/kube-node-lease/ConfigMap/kube-root-ca.crt"></property></properties><testcase classname="C-0012" status="passed" name="Applications credentials in configuration files" time=""></testcase></testsuite><testsuite name="/v1/kube-system/ServiceAccount/pvc-protection-controller" disabled="0" errors="0" failures="1" hostname="" id="104" skipped="" time="" timestamp="0001-01-01 00:00:00 +0000 UTC"><properties><property name="ID" value="/v1/kube-system/ServiceAccount/pvc-protection-controller"></property></properties><testcase classname="C-0034" status="failed" name="Automatic mapping of service account" time=""><failure message="automountServiceAccountToken=false" type="">More deatiles: https://hub.armo.cloud/docs/c-0034</failure></testcase><testcase classname="C-0060" status="passed" name="Namespace without service accounts" time=""></testcase></testsuite><testsuite name="/kube-system/ServiceAccount/persistent-volume-binder/rbac.authorization.k8s.io/v1//ClusterRole/system:controller:persistent-volume-binder/rbac.authorization.k8s.io/v1//ClusterRoleBinding/system:controller:persistent-volume-binder" disabled="0" errors="0" failures="3" hostname="" id="105" skipped="" time="" timestamp="0001-01-01 00:00:00 +0000 UTC"><properties><property name="ID" value="/kube-system/ServiceAccount/persistent-volume-binder/rbac.authorization.k8s.io/v1//ClusterRole/system:controller:persistent-volume-binder/rbac.authorization.k8s.io/v1//ClusterRoleBinding/system:controller:persistent-volume-binder"></property></properties><testcase classname="C-0002" status="passed" name="Exec into container" time=""></testcase><testcase classname="C-0031" status="passed" name="Delete Kubernetes events" time=""></testcase><testcase classname="C-0015" status="failed" name="List Kubernetes secrets" time=""><failure message="relatedObjects[1].rules[8].resources[0];relatedObjects[1].rules[8].verbs[0];relatedObjects[1].rules[8].apiGroups[0];relatedObjects[0].roleRef.subjects[0];relatedObjects[0].roleRef.name" type="">More deatiles: https://hub.armo.cloud/docs/c-0015</failure></testcase><testcase classname="C-0035" status="passed" name="Cluster-admin binding" time=""></testcase><testcase classname="C-0007" status="failed" name="Data Destruction" time=""><failure message="relatedObjects[1].rules[4].resources[0];relatedObjects[1].rules[4].verbs[1];relatedObjects[1].rules[4].apiGroups[0];relatedObjects[0].roleRef.subjects[0];relatedObjects[0].roleRef.name;relatedObjects[1].rules[7].resources[0];relatedObjects[1].rules[7].verbs[1];relatedObjects[1].rules[7].apiGroups[0];relatedObjects[0].roleRef.subjects[0];relatedObjects[0].roleRef.name" type="">More deatiles: https://hub.armo.cloud/docs/c-0007</failure></testcase><testcase classname="C-0065" status="passed" name="No impersonation" time=""></testcase><testcase classname="C-0063" status="passed" name="Portforwarding privileges" time=""></testcase><testcase classname="C-0014" status="passed" name="Access Kubernetes dashboard" time=""></testcase><testcase classname="C-0037" status="passed" name="CoreDNS poisoning" time=""></testcase><testcase classname="C-0053" status="failed" name="Access container service account" time=""><failure message="" type="">More deatiles: https://hub.armo.cloud/docs/c-0053</failure></testcase></testsuite><testsuite name="/kube-system/ServiceAccount/expand-controller/rbac.authorization.k8s.io/v1//ClusterRole/system:controller:expand-controller/rbac.authorization.k8s.io/v1//ClusterRoleBinding/system:controller:expand-controller" disabled="0" errors="0" failures="2" hostname="" id="106" skipped="" time="" timestamp="0001-01-01 00:00:00 +0000 UTC"><properties><property name="ID" value="/kube-system/ServiceAccount/expand-controller/rbac.authorization.k8s.io/v1//ClusterRole/system:controller:expand-controller/rbac.authorization.k8s.io/v1//ClusterRoleBinding/system:controller:expand-controller"></property></properties><testcase classname="C-0002" status="passed" name="Exec into container" time=""></testcase><testcase classname="C-0031" status="passed" name="Delete Kubernetes events" time=""></testcase><testcase classname="C-0015" status="failed" name="List Kubernetes secrets" time=""><failure message="relatedObjects[1].rules[5].resources[0];relatedObjects[1].rules[5].verbs[0];relatedObjects[1].rules[5].apiGroups[0];relatedObjects[0].roleRef.subjects[0];relatedObjects[0].roleRef.name" type="">More deatiles: https://hub.armo.cloud/docs/c-0015</failure></testcase><testcase classname="C-0035" status="passed" name="Cluster-admin binding" time=""></testcase><testcase classname="C-0007" status="passed" name="Data Destruction" time=""></testcase><testcase classname="C-0065" status="passed" name="No impersonation" time=""></testcase><testcase classname="C-0063" status="passed" name="Portforwarding privileges" time=""></testcase><testcase classname="C-0014" status="passed" name="Access Kubernetes dashboard" time=""></testcase><testcase classname="C-0037" status="passed" name="CoreDNS poisoning" time=""></testcase><testcase classname="C-0053" status="failed" name="Access container service account" time=""><failure message="" type="">More deatiles: https://hub.armo.cloud/docs/c-0053</failure></testcase></testsuite><testsuite name="rbac.authorization.k8s.io//User/system:kube-controller-manager/rbac.authorization.k8s.io/v1/kube-system/Role/extension-apiserver-authentication-reader/rbac.authorization.k8s.io/v1/kube-system/RoleBinding/system::extension-apiserver-authentication-reader" disabled="0" errors="0" failures="0" hostname="" id="107" skipped="" time="" timestamp="0001-01-01 00:00:00 +0000 UTC"><properties><property name="ID" value="rbac.authorization.k8s.io//User/system:kube-controller-manager/rbac.authorization.k8s.io/v1/kube-system/Role/extension-apiserver-authentication-reader/rbac.authorization.k8s.io/v1/kube-system/RoleBinding/system::extension-apiserver-authentication-reader"></property></properties><testcase classname="C-0002" status="passed" name="Exec into container" time=""></testcase><testcase classname="C-0031" status="passed" name="Delete Kubernetes events" time=""></testcase><testcase classname="C-0015" status="passed" name="List Kubernetes secrets" time=""></testcase><testcase classname="C-0035" status="passed" name="Cluster-admin binding" time=""></testcase><testcase classname="C-0007" status="passed" name="Data Destruction" time=""></testcase><testcase classname="C-0065" status="passed" name="No impersonation" time=""></testcase><testcase classname="C-0063" status="passed" name="Portforwarding privileges" time=""></testcase><testcase classname="C-0014" status="passed" name="Access Kubernetes dashboard" time=""></testcase><testcase classname="C-0037" status="passed" name="CoreDNS poisoning" time=""></testcase></testsuite><testsuite name="/v1/kube-system/ServiceAccount/attachdetach-controller" disabled="0" errors="0" failures="1" hostname="" id="108" skipped="" time="" timestamp="0001-01-01 00:00:00 +0000 UTC"><properties><property name="ID" value="/v1/kube-system/ServiceAccount/attachdetach-controller"></property></properties><testcase classname="C-0034" status="failed" name="Automatic mapping of service account" time=""><failure message="automountServiceAccountToken=false" type="">More deatiles: https://hub.armo.cloud/docs/c-0034</failure></testcase><testcase classname="C-0060" status="passed" name="Namespace without service accounts" time=""></testcase></testsuite><testsuite name="/v1/kube-system/Pod/etcd-david-virtualbox" disabled="0" errors="0" failures="16" hostname="" id="109" skipped="" time="" timestamp="0001-01-01 00:00:00 +0000 UTC"><properties><property name="ID" value="/v1/kube-system/Pod/etcd-david-virtualbox"></property></properties><testcase classname="C-0034" status="failed" name="Automatic mapping of service account" time=""><failure message="spec.automountServiceAccountToken=false" type="">More deatiles: https://hub.armo.cloud/docs/c-0034</failure></testcase><testcase classname="C-0078" status="passed" name="Images from allowed registry" time=""></testcase><testcase classname="C-0017" status="failed" name="Immutable container filesystem" time=""><failure message="spec.containers[0].securityContext.readOnlyRootFilesystem=true" type="">More deatiles: https://hub.armo.cloud/docs/c-0017</failure></testcase><testcase classname="C-0009" status="failed" name="Resource policies" time=""><failure message="spec.containers[0].resources.limits.cpu=YOUR_VALUE;spec.containers[0].resources.limits.memory=YOUR_VALUE" type="">More deatiles: https://hub.armo.cloud/docs/c-0009</failure></testcase><testcase classname="C-0030" status="failed" name="Ingress and Egress blocked" time=""><failure message="" type="">More deatiles: https://hub.armo.cloud/docs/c-0030</failure></testcase><testcase classname="C-0048" status="failed" name="HostPath mount" time=""><failure message="spec.volumes[0].hostPath.path;spec.volumes[1].hostPath.path" type="">More deatiles: https://hub.armo.cloud/docs/c-0048</failure></testcase><testcase classname="C-0075" status="passed" name="Image pull policy on latest tag" time=""></testcase><testcase classname="C-0050" status="failed" name="Resources CPU limit and request" time=""><failure message="spec.containers[0].resources.limits.cpu=YOUR_VALUE;spec.containers[0].resources.requests.cpu=YOUR_VALUE" type="">More deatiles: https://hub.armo.cloud/docs/c-0050</failure></testcase><testcase classname="C-0038" status="passed" name="Host PID/IPC privileges" time=""></testcase><testcase classname="C-0046" status="passed" name="Insecure capabilities" time=""></testcase><testcase classname="C-0061" status="passed" name="Pods in default namespace" time=""></testcase><testcase classname="C-0016" status="failed" name="Allow privilege escalation" time=""><failure message="spec.containers[0].securityContext.allowPrivilegeEscalation=false" type="">More deatiles: https://hub.armo.cloud/docs/c-0016</failure></testcase><testcase classname="C-0014" status="passed" name="Access Kubernetes dashboard" time=""></testcase><testcase classname="C-0001" status="passed" name="Forbidden Container Registries" time=""></testcase><testcase classname="C-0074" status="passed" name="Containers mounting Docker socket" time=""></testcase><testcase classname="C-0018" status="failed" name="Configured readiness probe" time=""><failure message="spec.containers[0].readinessProbe=YOUR_VALUE" type="">More deatiles: https://hub.armo.cloud/docs/c-0018</failure></testcase><testcase classname="C-0020" status="failed" name="Mount service principal" time=""><failure message="spec.volumes[0].hostPath.path;spec.volumes[1].hostPath.path" type="">More deatiles: https://hub.armo.cloud/docs/c-0020</failure></testcase><testcase classname="C-0073" status="passed" name="Naked PODs" time=""></testcase><testcase classname="C-0044" status="passed" name="Container hostPort" time=""></testcase><testcase classname="C-0012" status="passed" name="Applications credentials in configuration files" time=""></testcase><testcase classname="C-0041" status="failed" name="HostNetwork access" time=""><failure message="spec.hostNetwork" type="">More deatiles: https://hub.armo.cloud/docs/c-0041</failure></testcase><testcase classname="C-0055" status="passed" name="Linux hardening" time=""></testcase><testcase classname="C-0006" status="failed" name="Allowed hostPath" time=""><failure message="spec.containers[0].volumeMounts[1].readOnly=true;spec.containers[0].volumeMounts[0].readOnly=true" type="">More deatiles: https://hub.armo.cloud/docs/c-0006</failure></testcase><testcase classname="C-0077" status="failed" name="K8s common labels usage" time=""><failure message="metadata.labels=YOUR_VALUE" type="">More deatiles: https://hub.armo.cloud/docs/c-0077</failure></testcase><testcase classname="C-0004" status="failed" name="Resources memory limit and request" time=""><failure message="spec.containers[0].resources.limits.memory=YOUR_VALUE;spec.containers[0].resources.requests.memory=YOUR_VALUE" type="">More deatiles: https://hub.armo.cloud/docs/c-0004</failure></testcase><testcase classname="C-0056" status="passed" name="Configured liveness probe" time=""></testcase><testcase classname="C-0057" status="passed" name="Privileged container" time=""></testcase><testcase classname="C-0045" status="failed" name="Writable hostPath mount" time=""><failure message="spec.containers[0].volumeMounts[1].readOnly=true;spec.containers[0].volumeMounts[0].readOnly=true" type="">More deatiles: https://hub.armo.cloud/docs/c-0045</failure></testcase><testcase classname="C-0076" status="failed" name="Label usage for resources" time=""><failure message="metadata.labels=YOUR_VALUE" type="">More deatiles: https://hub.armo.cloud/docs/c-0076</failure></testcase><testcase classname="C-0013" status="failed" name="Non-root containers" time=""><failure message="spec.securityContext.runAsNonRoot=true;spec.securityContext.allowPrivilegeEscalation=false" type="">More deatiles: https://hub.armo.cloud/docs/c-0013</failure></testcase><testcase classname="C-0062" status="passed" name="Sudo in container entrypoint" time=""></testcase></testsuite><testsuite name="/kube-system/ServiceAccount/endpointslice-controller/rbac.authorization.k8s.io/v1//ClusterRole/system:controller:endpointslice-controller/rbac.authorization.k8s.io/v1//ClusterRoleBinding/system:controller:endpointslice-controller" disabled="0" errors="0" failures="1" hostname="" id="110" skipped="" time="" timestamp="0001-01-01 00:00:00 +0000 UTC"><properties><property name="ID" value="/kube-system/ServiceAccount/endpointslice-controller/rbac.authorization.k8s.io/v1//ClusterRole/system:controller:endpointslice-controller/rbac.authorization.k8s.io/v1//ClusterRoleBinding/system:controller:endpointslice-controller"></property></properties><testcase classname="C-0002" status="passed" name="Exec into container" time=""></testcase><testcase classname="C-0031" status="passed" name="Delete Kubernetes events" time=""></testcase><testcase classname="C-0015" status="passed" name="List Kubernetes secrets" time=""></testcase><testcase classname="C-0035" status="passed" name="Cluster-admin binding" time=""></testcase><testcase classname="C-0007" status="passed" name="Data Destruction" time=""></testcase><testcase classname="C-0065" status="passed" name="No impersonation" time=""></testcase><testcase classname="C-0063" status="passed" name="Portforwarding privileges" time=""></testcase><testcase classname="C-0014" status="passed" name="Access Kubernetes dashboard" time=""></testcase><testcase classname="C-0037" status="passed" name="CoreDNS poisoning" time=""></testcase><testcase classname="C-0053" status="failed" name="Access container service account" time=""><failure message="" type="">More deatiles: https://hub.armo.cloud/docs/c-0053</failure></testcase></testsuite><testsuite name="/v1/armo-system/ConfigMap/armo-kubescape-config" disabled="0" errors="0" failures="0" hostname="" id="111" skipped="" time="" timestamp="0001-01-01 00:00:00 +0000 UTC"><properties><property name="ID" value="/v1/armo-system/ConfigMap/armo-kubescape-config"></property></properties><testcase classname="C-0012" status="passed" name="Applications credentials in configuration files" time=""></testcase></testsuite><testsuite name="/v1/kube-system/ServiceAccount/resourcequota-controller" disabled="0" errors="0" failures="1" hostname="" id="112" skipped="" time="" timestamp="0001-01-01 00:00:00 +0000 UTC"><properties><property name="ID" value="/v1/kube-system/ServiceAccount/resourcequota-controller"></property></properties><testcase classname="C-0034" status="failed" name="Automatic mapping of service account" time=""><failure message="automountServiceAccountToken=false" type="">More deatiles: https://hub.armo.cloud/docs/c-0034</failure></testcase><testcase classname="C-0060" status="passed" name="Namespace without service accounts" time=""></testcase></testsuite><testsuite name="rbac.authorization.k8s.io//Group/system:bootstrappers:kubeadm:default-node-token/rbac.authorization.k8s.io/v1//ClusterRole/system:node-bootstrapper/rbac.authorization.k8s.io/v1//ClusterRoleBinding/kubeadm:kubelet-bootstrap" disabled="0" errors="0" failures="0" hostname="" id="113" skipped="" time="" timestamp="0001-01-01 00:00:00 +0000 UTC"><properties><property name="ID" value="rbac.authorization.k8s.io//Group/system:bootstrappers:kubeadm:default-node-token/rbac.authorization.k8s.io/v1//ClusterRole/system:node-bootstrapper/rbac.authorization.k8s.io/v1//ClusterRoleBinding/kubeadm:kubelet-bootstrap"></property></properties><testcase classname="C-0002" status="passed" name="Exec into container" time=""></testcase><testcase classname="C-0031" status="passed" name="Delete Kubernetes events" time=""></testcase><testcase classname="C-0015" status="passed" name="List Kubernetes secrets" time=""></testcase><testcase classname="C-0035" status="passed" name="Cluster-admin binding" time=""></testcase><testcase classname="C-0007" status="passed" name="Data Destruction" time=""></testcase><testcase classname="C-0065" status="passed" name="No impersonation" time=""></testcase><testcase classname="C-0063" status="passed" name="Portforwarding privileges" time=""></testcase><testcase classname="C-0014" status="passed" name="Access Kubernetes dashboard" time=""></testcase><testcase classname="C-0037" status="passed" name="CoreDNS poisoning" time=""></testcase></testsuite><testsuite name="/v1/kube-system/ServiceAccount/pod-garbage-collector" disabled="0" errors="0" failures="1" hostname="" id="114" skipped="" time="" timestamp="0001-01-01 00:00:00 +0000 UTC"><properties><property name="ID" value="/v1/kube-system/ServiceAccount/pod-garbage-collector"></property></properties><testcase classname="C-0034" status="failed" name="Automatic mapping of service account" time=""><failure message="automountServiceAccountToken=false" type="">More deatiles: https://hub.armo.cloud/docs/c-0034</failure></testcase><testcase classname="C-0060" status="passed" name="Namespace without service accounts" time=""></testcase></testsuite><testsuite name="/v1/kube-system/Pod/kube-controller-manager-david-virtualbox" disabled="0" errors="0" failures="16" hostname="" id="115" skipped="" time="" timestamp="0001-01-01 00:00:00 +0000 UTC"><properties><property name="ID" value="/v1/kube-system/Pod/kube-controller-manager-david-virtualbox"></property></properties><testcase classname="C-0034" status="failed" name="Automatic mapping of service account" time=""><failure message="spec.automountServiceAccountToken=false" type="">More deatiles: https://hub.armo.cloud/docs/c-0034</failure></testcase><testcase classname="C-0078" status="passed" name="Images from allowed registry" time=""></testcase><testcase classname="C-0017" status="failed" name="Immutable container filesystem" time=""><failure message="spec.containers[0].securityContext.readOnlyRootFilesystem=true" type="">More deatiles: https://hub.armo.cloud/docs/c-0017</failure></testcase><testcase classname="C-0009" status="failed" name="Resource policies" time=""><failure message="spec.containers[0].resources.limits.cpu=YOUR_VALUE;spec.containers[0].resources.limits.memory=YOUR_VALUE" type="">More deatiles: https://hub.armo.cloud/docs/c-0009</failure></testcase><testcase classname="C-0030" status="failed" name="Ingress and Egress blocked" time=""><failure message="" type="">More deatiles: https://hub.armo.cloud/docs/c-0030</failure></testcase><testcase classname="C-0048" status="failed" name="HostPath mount" time=""><failure message="spec.volumes[0].hostPath.path;spec.volumes[1].hostPath.path;spec.volumes[2].hostPath.path;spec.volumes[4].hostPath.path;spec.volumes[5].hostPath.path" type="">More deatiles: https://hub.armo.cloud/docs/c-0048</failure></testcase><testcase classname="C-0075" status="passed" name="Image pull policy on latest tag" time=""></testcase><testcase classname="C-0050" status="failed" name="Resources CPU limit and request" time=""><failure message="spec.containers[0].resources.limits.cpu=YOUR_VALUE;spec.containers[0].resources.requests.cpu=YOUR_VALUE" type="">More deatiles: https://hub.armo.cloud/docs/c-0050</failure></testcase><testcase classname="C-0038" status="passed" name="Host PID/IPC privileges" time=""></testcase><testcase classname="C-0046" status="passed" name="Insecure capabilities" time=""></testcase><testcase classname="C-0061" status="passed" name="Pods in default namespace" time=""></testcase><testcase classname="C-0016" status="failed" name="Allow privilege escalation" time=""><failure message="spec.containers[0].securityContext.allowPrivilegeEscalation=false" type="">More deatiles: https://hub.armo.cloud/docs/c-0016</failure></testcase><testcase classname="C-0014" status="passed" name="Access Kubernetes dashboard" time=""></testcase><testcase classname="C-0001" status="passed" name="Forbidden Container Registries" time=""></testcase><testcase classname="C-0074" status="passed" name="Containers mounting Docker socket" time=""></testcase><testcase classname="C-0018" status="failed" name="Configured readiness probe" time=""><failure message="spec.containers[0].readinessProbe=YOUR_VALUE" type="">More deatiles: https://hub.armo.cloud/docs/c-0018</failure></testcase><testcase classname="C-0020" status="failed" name="Mount service principal" time=""><failure message="spec.volumes[0].hostPath.path;spec.volumes[1].hostPath.path;spec.volumes[2].hostPath.path;spec.volumes[4].hostPath.path;spec.volumes[5].hostPath.path" type="">More deatiles: https://hub.armo.cloud/docs/c-0020</failure></testcase><testcase classname="C-0073" status="passed" name="Naked PODs" time=""></testcase><testcase classname="C-0044" status="passed" name="Container hostPort" time=""></testcase><testcase classname="C-0012" status="passed" name="Applications credentials in configuration files" time=""></testcase><testcase classname="C-0041" status="failed" name="HostNetwork access" time=""><failure message="spec.hostNetwork" type="">More deatiles: https://hub.armo.cloud/docs/c-0041</failure></testcase><testcase classname="C-0055" status="passed" name="Linux hardening" time=""></testcase><testcase classname="C-0006" status="failed" name="Allowed hostPath" time=""><failure message="spec.containers[0].volumeMounts[3].readOnly=true" type="">More deatiles: https://hub.armo.cloud/docs/c-0006</failure></testcase><testcase classname="C-0077" status="failed" name="K8s common labels usage" time=""><failure message="metadata.labels=YOUR_VALUE" type="">More deatiles: https://hub.armo.cloud/docs/c-0077</failure></testcase><testcase classname="C-0004" status="failed" name="Resources memory limit and request" time=""><failure message="spec.containers[0].resources.limits.memory=YOUR_VALUE;spec.containers[0].resources.requests.memory=YOUR_VALUE" type="">More deatiles: https://hub.armo.cloud/docs/c-0004</failure></testcase><testcase classname="C-0056" status="passed" name="Configured liveness probe" time=""></testcase><testcase classname="C-0057" status="passed" name="Privileged container" time=""></testcase><testcase classname="C-0045" status="failed" name="Writable hostPath mount" time=""><failure message="spec.containers[0].volumeMounts[3].readOnly=true" type="">More deatiles: https://hub.armo.cloud/docs/c-0045</failure></testcase><testcase classname="C-0076" status="failed" name="Label usage for resources" time=""><failure message="metadata.labels=YOUR_VALUE" type="">More deatiles: https://hub.armo.cloud/docs/c-0076</failure></testcase><testcase classname="C-0013" status="failed" name="Non-root containers" time=""><failure message="spec.securityContext.runAsNonRoot=true;spec.securityContext.allowPrivilegeEscalation=false" type="">More deatiles: https://hub.armo.cloud/docs/c-0013</failure></testcase><testcase classname="C-0062" status="passed" name="Sudo in container entrypoint" time=""></testcase></testsuite><testsuite name="/v1/kube-system/ServiceAccount/job-controller" disabled="0" errors="0" failures="1" hostname="" id="116" skipped="" time="" timestamp="0001-01-01 00:00:00 +0000 UTC"><properties><property name="ID" value="/v1/kube-system/ServiceAccount/job-controller"></property></properties><testcase classname="C-0034" status="failed" name="Automatic mapping of service account" time=""><failure message="automountServiceAccountToken=false" type="">More deatiles: https://hub.armo.cloud/docs/c-0034</failure></testcase><testcase classname="C-0060" status="passed" name="Namespace without service accounts" time=""></testcase></testsuite><testsuite name="apps/v1/armo-system/Deployment/armo-collector" disabled="0" errors="0" failures="10" hostname="" id="117" skipped="" time="" timestamp="0001-01-01 00:00:00 +0000 UTC"><properties><property name="ID" value="apps/v1/armo-system/Deployment/armo-collector"></property></properties><testcase classname="C-0034" status="passed" name="Automatic mapping of service account" time=""></testcase><testcase classname="C-0078" status="failed" name="Images from allowed registry" time=""><failure message="spec.template.spec.containers[0].image" type="">More deatiles: https://hub.armo.cloud/docs/c-0078</failure></testcase><testcase classname="C-0017" status="failed" name="Immutable container filesystem" time=""><failure message="spec.template.spec.containers[0].securityContext.readOnlyRootFilesystem=true" type="">More deatiles: https://hub.armo.cloud/docs/c-0017</failure></testcase><testcase classname="C-0009" status="passed" name="Resource policies" time=""></testcase><testcase classname="C-0030" status="failed" name="Ingress and Egress blocked" time=""><failure message="" type="">More deatiles: https://hub.armo.cloud/docs/c-0030</failure></testcase><testcase classname="C-0048" status="passed" name="HostPath mount" time=""></testcase><testcase classname="C-0075" status="passed" name="Image pull policy on latest tag" time=""></testcase><testcase classname="C-0050" status="passed" name="Resources CPU limit and request" time=""></testcase><testcase classname="C-0038" status="passed" name="Host PID/IPC privileges" time=""></testcase><testcase classname="C-0046" status="passed" name="Insecure capabilities" time=""></testcase><testcase classname="C-0061" status="passed" name="Pods in default namespace" time=""></testcase><testcase classname="C-0016" status="failed" name="Allow privilege escalation" time=""><failure message="spec.template.spec.containers[0].securityContext.allowPrivilegeEscalation=false" type="">More deatiles: https://hub.armo.cloud/docs/c-0016</failure></testcase><testcase classname="C-0014" status="passed" name="Access Kubernetes dashboard" time=""></testcase><testcase classname="C-0001" status="failed" name="Forbidden Container Registries" time=""><failure message="spec.template.spec.containers[0].image" type="">More deatiles: https://hub.armo.cloud/docs/c-0001</failure></testcase><testcase classname="C-0074" status="passed" name="Containers mounting Docker socket" time=""></testcase><testcase classname="C-0018" status="passed" name="Configured readiness probe" time=""></testcase><testcase classname="C-0020" status="passed" name="Mount service principal" time=""></testcase><testcase classname="C-0044" status="passed" name="Container hostPort" time=""></testcase><testcase classname="C-0012" status="passed" name="Applications credentials in configuration files" time=""></testcase><testcase classname="C-0041" status="passed" name="HostNetwork access" time=""></testcase><testcase classname="C-0055" status="failed" name="Linux hardening" time=""><failure message="spec.template.spec.securityContext" type="">More deatiles: https://hub.armo.cloud/docs/c-0055</failure></testcase><testcase classname="C-0006" status="passed" name="Allowed hostPath" time=""></testcase><testcase classname="C-0077" status="failed" name="K8s common labels usage" time=""><failure message="metadata.labels=YOUR_VALUE;spec.template.metadata.labels=YOUR_VALUE" type="">More deatiles: https://hub.armo.cloud/docs/c-0077</failure></testcase><testcase classname="C-0004" status="passed" name="Resources memory limit and request" time=""></testcase><testcase classname="C-0056" status="failed" name="Configured liveness probe" time=""><failure message="spec.template.spec.containers[0].livenessProbe=YOUR_VALUE" type="">More deatiles: https://hub.armo.cloud/docs/c-0056</failure></testcase><testcase classname="C-0057" status="passed" name="Privileged container" time=""></testcase><testcase classname="C-0045" status="passed" name="Writable hostPath mount" time=""></testcase><testcase classname="C-0076" status="failed" name="Label usage for resources" time=""><failure message="metadata.labels=YOUR_VALUE;spec.template.metadata.labels=YOUR_VALUE" type="">More deatiles: https://hub.armo.cloud/docs/c-0076</failure></testcase><testcase classname="C-0013" status="failed" name="Non-root containers" time=""><failure message="spec.template.spec.securityContext.runAsNonRoot=true;spec.template.spec.securityContext.allowPrivilegeEscalation=false" type="">More deatiles: https://hub.armo.cloud/docs/c-0013</failure></testcase><testcase classname="C-0062" status="passed" name="Sudo in container entrypoint" time=""></testcase></testsuite><testsuite name="/v1/kube-system/ServiceAccount/cronjob-controller" disabled="0" errors="0" failures="1" hostname="" id="118" skipped="" time="" timestamp="0001-01-01 00:00:00 +0000 UTC"><properties><property name="ID" value="/v1/kube-system/ServiceAccount/cronjob-controller"></property></properties><testcase classname="C-0034" status="failed" name="Automatic mapping of service account" time=""><failure message="automountServiceAccountToken=false" type="">More deatiles: https://hub.armo.cloud/docs/c-0034</failure></testcase><testcase classname="C-0060" status="passed" name="Namespace without service accounts" time=""></testcase></testsuite><testsuite name="/kube-system/ServiceAccount/token-cleaner/rbac.authorization.k8s.io/v1/kube-system/Role/system:controller:token-cleaner/rbac.authorization.k8s.io/v1/kube-system/RoleBinding/system:controller:token-cleaner" disabled="0" errors="0" failures="3" hostname="" id="119" skipped="" time="" timestamp="0001-01-01 00:00:00 +0000 UTC"><properties><property name="ID" value="/kube-system/ServiceAccount/token-cleaner/rbac.authorization.k8s.io/v1/kube-system/Role/system:controller:token-cleaner/rbac.authorization.k8s.io/v1/kube-system/RoleBinding/system:controller:token-cleaner"></property></properties><testcase classname="C-0002" status="passed" name="Exec into container" time=""></testcase><testcase classname="C-0031" status="passed" name="Delete Kubernetes events" time=""></testcase><testcase classname="C-0015" status="failed" name="List Kubernetes secrets" time=""><failure message="relatedObjects[1].rules[0].resources[0];relatedObjects[1].rules[0].verbs[1];relatedObjects[1].rules[0].verbs[2];relatedObjects[1].rules[0].verbs[3];relatedObjects[1].rules[0].apiGroups[0];relatedObjects[0].roleRef.subjects[0];relatedObjects[0].roleRef.name" type="">More deatiles: https://hub.armo.cloud/docs/c-0015</failure></testcase><testcase classname="C-0035" status="passed" name="Cluster-admin binding" time=""></testcase><testcase classname="C-0007" status="failed" name="Data Destruction" time=""><failure message="relatedObjects[1].rules[0].resources[0];relatedObjects[1].rules[0].verbs[0];relatedObjects[1].rules[0].apiGroups[0];relatedObjects[0].roleRef.subjects[0];relatedObjects[0].roleRef.name" type="">More deatiles: https://hub.armo.cloud/docs/c-0007</failure></testcase><testcase classname="C-0065" status="passed" name="No impersonation" time=""></testcase><testcase classname="C-0063" status="passed" name="Portforwarding privileges" time=""></testcase><testcase classname="C-0014" status="passed" name="Access Kubernetes dashboard" time=""></testcase><testcase classname="C-0037" status="passed" name="CoreDNS poisoning" time=""></testcase><testcase classname="C-0053" status="failed" name="Access container service account" time=""><failure message="" type="">More deatiles: https://hub.armo.cloud/docs/c-0053</failure></testcase></testsuite><testsuite name="/v1/kube-public/ConfigMap/kube-root-ca.crt" disabled="0" errors="0" failures="0" hostname="" id="120" skipped="" time="" timestamp="0001-01-01 00:00:00 +0000 UTC"><properties><property name="ID" value="/v1/kube-public/ConfigMap/kube-root-ca.crt"></property></properties><testcase classname="C-0012" status="passed" name="Applications credentials in configuration files" time=""></testcase></testsuite><testsuite name="/v1/cyberarmor-system/ConfigMap/kube-root-ca.crt" disabled="0" errors="0" failures="0" hostname="" id="121" skipped="" time="" timestamp="0001-01-01 00:00:00 +0000 UTC"><properties><property name="ID" value="/v1/cyberarmor-system/ConfigMap/kube-root-ca.crt"></property></properties><testcase classname="C-0012" status="passed" name="Applications credentials in configuration files" time=""></testcase></testsuite><testsuite name="apps/v1/cyberarmor-system/Deployment/ca-audit" disabled="0" errors="0" failures="12" hostname="" id="122" skipped="" time="" timestamp="0001-01-01 00:00:00 +0000 UTC"><properties><property name="ID" value="apps/v1/cyberarmor-system/Deployment/ca-audit"></property></properties><testcase classname="C-0034" status="failed" name="Automatic mapping of service account" time=""><failure message="spec.template.spec.automountServiceAccountToken=false" type="">More deatiles: https://hub.armo.cloud/docs/c-0034</failure></testcase><testcase classname="C-0078" status="failed" name="Images from allowed registry" time=""><failure message="spec.template.spec.containers[0].image" type="">More deatiles: https://hub.armo.cloud/docs/c-0078</failure></testcase><testcase classname="C-0017" status="failed" name="Immutable container filesystem" time=""><failure message="spec.template.spec.containers[0].securityContext.readOnlyRootFilesystem=true" type="">More deatiles: https://hub.armo.cloud/docs/c-0017</failure></testcase><testcase classname="C-0009" status="passed" name="Resource policies" time=""></testcase><testcase classname="C-0030" status="failed" name="Ingress and Egress blocked" time=""><failure message="" type="">More deatiles: https://hub.armo.cloud/docs/c-0030</failure></testcase><testcase classname="C-0048" status="passed" name="HostPath mount" time=""></testcase><testcase classname="C-0075" status="passed" name="Image pull policy on latest tag" time=""></testcase><testcase classname="C-0050" status="passed" name="Resources CPU limit and request" time=""></testcase><testcase classname="C-0038" status="passed" name="Host PID/IPC privileges" time=""></testcase><testcase classname="C-0046" status="passed" name="Insecure capabilities" time=""></testcase><testcase classname="C-0061" status="passed" name="Pods in default namespace" time=""></testcase><testcase classname="C-0016" status="failed" name="Allow privilege escalation" time=""><failure message="spec.template.spec.containers[0].securityContext.allowPrivilegeEscalation=false" type="">More deatiles: https://hub.armo.cloud/docs/c-0016</failure></testcase><testcase classname="C-0014" status="passed" name="Access Kubernetes dashboard" time=""></testcase><testcase classname="C-0001" status="failed" name="Forbidden Container Registries" time=""><failure message="spec.template.spec.containers[0].image" type="">More deatiles: https://hub.armo.cloud/docs/c-0001</failure></testcase><testcase classname="C-0074" status="passed" name="Containers mounting Docker socket" time=""></testcase><testcase classname="C-0018" status="failed" name="Configured readiness probe" time=""><failure message="spec.template.spec.containers[0].readinessProbe=YOUR_VALUE" type="">More deatiles: https://hub.armo.cloud/docs/c-0018</failure></testcase><testcase classname="C-0020" status="passed" name="Mount service principal" time=""></testcase><testcase classname="C-0044" status="passed" name="Container hostPort" time=""></testcase><testcase classname="C-0012" status="passed" name="Applications credentials in configuration files" time=""></testcase><testcase classname="C-0041" status="passed" name="HostNetwork access" time=""></testcase><testcase classname="C-0055" status="failed" name="Linux hardening" time=""><failure message="spec.template.spec.securityContext" type="">More deatiles: https://hub.armo.cloud/docs/c-0055</failure></testcase><testcase classname="C-0006" status="passed" name="Allowed hostPath" time=""></testcase><testcase classname="C-0077" status="failed" name="K8s common labels usage" time=""><failure message="metadata.labels=YOUR_VALUE;spec.template.metadata.labels=YOUR_VALUE" type="">More deatiles: https://hub.armo.cloud/docs/c-0077</failure></testcase><testcase classname="C-0004" status="passed" name="Resources memory limit and request" time=""></testcase><testcase classname="C-0056" status="failed" name="Configured liveness probe" time=""><failure message="spec.template.spec.containers[0].livenessProbe=YOUR_VALUE" type="">More deatiles: https://hub.armo.cloud/docs/c-0056</failure></testcase><testcase classname="C-0057" status="passed" name="Privileged container" time=""></testcase><testcase classname="C-0045" status="passed" name="Writable hostPath mount" time=""></testcase><testcase classname="C-0076" status="failed" name="Label usage for resources" time=""><failure message="metadata.labels=YOUR_VALUE;spec.template.metadata.labels=YOUR_VALUE" type="">More deatiles: https://hub.armo.cloud/docs/c-0076</failure></testcase><testcase classname="C-0013" status="failed" name="Non-root containers" time=""><failure message="spec.template.spec.securityContext.runAsNonRoot=true;spec.template.spec.securityContext.allowPrivilegeEscalation=false" type="">More deatiles: https://hub.armo.cloud/docs/c-0013</failure></testcase><testcase classname="C-0062" status="passed" name="Sudo in container entrypoint" time=""></testcase></testsuite><testsuite name="apps/v1/cyberarmor-system/Deployment/ca-rbac" disabled="0" errors="0" failures="12" hostname="" id="123" skipped="" time="" timestamp="0001-01-01 00:00:00 +0000 UTC"><properties><property name="ID" value="apps/v1/cyberarmor-system/Deployment/ca-rbac"></property></properties><testcase classname="C-0034" status="failed" name="Automatic mapping of service account" time=""><failure message="spec.template.spec.automountServiceAccountToken=false" type="">More deatiles: https://hub.armo.cloud/docs/c-0034</failure></testcase><testcase classname="C-0078" status="failed" name="Images from allowed registry" time=""><failure message="spec.template.spec.containers[0].image" type="">More deatiles: https://hub.armo.cloud/docs/c-0078</failure></testcase><testcase classname="C-0017" status="failed" name="Immutable container filesystem" time=""><failure message="spec.template.spec.containers[0].securityContext.readOnlyRootFilesystem=true" type="">More deatiles: https://hub.armo.cloud/docs/c-0017</failure></testcase><testcase classname="C-0009" status="passed" name="Resource policies" time=""></testcase><testcase classname="C-0030" status="failed" name="Ingress and Egress blocked" time=""><failure message="" type="">More deatiles: https://hub.armo.cloud/docs/c-0030</failure></testcase><testcase classname="C-0048" status="passed" name="HostPath mount" time=""></testcase><testcase classname="C-0075" status="passed" name="Image pull policy on latest tag" time=""></testcase><testcase classname="C-0050" status="passed" name="Resources CPU limit and request" time=""></testcase><testcase classname="C-0038" status="passed" name="Host PID/IPC privileges" time=""></testcase><testcase classname="C-0046" status="passed" name="Insecure capabilities" time=""></testcase><testcase classname="C-0061" status="passed" name="Pods in default namespace" time=""></testcase><testcase classname="C-0016" status="failed" name="Allow privilege escalation" time=""><failure message="spec.template.spec.containers[0].securityContext.allowPrivilegeEscalation=false" type="">More deatiles: https://hub.armo.cloud/docs/c-0016</failure></testcase><testcase classname="C-0014" status="passed" name="Access Kubernetes dashboard" time=""></testcase><testcase classname="C-0001" status="failed" name="Forbidden Container Registries" time=""><failure message="spec.template.spec.containers[0].image" type="">More deatiles: https://hub.armo.cloud/docs/c-0001</failure></testcase><testcase classname="C-0074" status="passed" name="Containers mounting Docker socket" time=""></testcase><testcase classname="C-0018" status="failed" name="Configured readiness probe" time=""><failure message="spec.template.spec.containers[0].readinessProbe=YOUR_VALUE" type="">More deatiles: https://hub.armo.cloud/docs/c-0018</failure></testcase><testcase classname="C-0020" status="passed" name="Mount service principal" time=""></testcase><testcase classname="C-0044" status="passed" name="Container hostPort" time=""></testcase><testcase classname="C-0012" status="passed" name="Applications credentials in configuration files" time=""></testcase><testcase classname="C-0041" status="passed" name="HostNetwork access" time=""></testcase><testcase classname="C-0055" status="failed" name="Linux hardening" time=""><failure message="spec.template.spec.securityContext" type="">More deatiles: https://hub.armo.cloud/docs/c-0055</failure></testcase><testcase classname="C-0006" status="passed" name="Allowed hostPath" time=""></testcase><testcase classname="C-0077" status="failed" name="K8s common labels usage" time=""><failure message="metadata.labels=YOUR_VALUE;spec.template.metadata.labels=YOUR_VALUE" type="">More deatiles: https://hub.armo.cloud/docs/c-0077</failure></testcase><testcase classname="C-0004" status="passed" name="Resources memory limit and request" time=""></testcase><testcase classname="C-0056" status="failed" name="Configured liveness probe" time=""><failure message="spec.template.spec.containers[0].livenessProbe=YOUR_VALUE" type="">More deatiles: https://hub.armo.cloud/docs/c-0056</failure></testcase><testcase classname="C-0057" status="passed" name="Privileged container" time=""></testcase><testcase classname="C-0045" status="passed" name="Writable hostPath mount" time=""></testcase><testcase classname="C-0076" status="failed" name="Label usage for resources" time=""><failure message="metadata.labels=YOUR_VALUE;spec.template.metadata.labels=YOUR_VALUE" type="">More deatiles: https://hub.armo.cloud/docs/c-0076</failure></testcase><testcase classname="C-0013" status="failed" name="Non-root containers" time=""><failure message="spec.template.spec.securityContext.runAsNonRoot=true;spec.template.spec.securityContext.allowPrivilegeEscalation=false" type="">More deatiles: https://hub.armo.cloud/docs/c-0013</failure></testcase><testcase classname="C-0062" status="passed" name="Sudo in container entrypoint" time=""></testcase></testsuite><testsuite name="/v1/kube-system/ServiceAccount/horizontal-pod-autoscaler" disabled="0" errors="0" failures="1" hostname="" id="124" skipped="" time="" timestamp="0001-01-01 00:00:00 +0000 UTC"><properties><property name="ID" value="/v1/kube-system/ServiceAccount/horizontal-pod-autoscaler"></property></properties><testcase classname="C-0034" status="failed" name="Automatic mapping of service account" time=""><failure message="automountServiceAccountToken=false" type="">More deatiles: https://hub.armo.cloud/docs/c-0034</failure></testcase><testcase classname="C-0060" status="passed" name="Namespace without service accounts" time=""></testcase></testsuite><testsuite name="/armo-system/ServiceAccount/armo-scanner-service-account/rbac.authorization.k8s.io/v1//ClusterRole/armo-scanner-service-account-roles/rbac.authorization.k8s.io/v1/armo-system/RoleBinding/armo-scanner-service-account-role-binding" disabled="0" errors="0" failures="0" hostname="" id="125" skipped="" time="" timestamp="0001-01-01 00:00:00 +0000 UTC"><properties><property name="ID" value="/armo-system/ServiceAccount/armo-scanner-service-account/rbac.authorization.k8s.io/v1//ClusterRole/armo-scanner-service-account-roles/rbac.authorization.k8s.io/v1/armo-system/RoleBinding/armo-scanner-service-account-role-binding"></property></properties><testcase classname="C-0053" status="passed" name="Access container service account" time=""></testcase></testsuite><testsuite name="/v1/kube-system/ServiceAccount/bootstrap-signer" disabled="0" errors="0" failures="1" hostname="" id="126" skipped="" time="" timestamp="0001-01-01 00:00:00 +0000 UTC"><properties><property name="ID" value="/v1/kube-system/ServiceAccount/bootstrap-signer"></property></properties><testcase classname="C-0034" status="failed" name="Automatic mapping of service account" time=""><failure message="automountServiceAccountToken=false" type="">More deatiles: https://hub.armo.cloud/docs/c-0034</failure></testcase><testcase classname="C-0060" status="passed" name="Namespace without service accounts" time=""></testcase></testsuite><testsuite name="/v1/kube-system/ConfigMap/kubelet-config-1.22" disabled="0" errors="0" failures="0" hostname="" id="127" skipped="" time="" timestamp="0001-01-01 00:00:00 +0000 UTC"><properties><property name="ID" value="/v1/kube-system/ConfigMap/kubelet-config-1.22"></property></properties><testcase classname="C-0012" status="passed" name="Applications credentials in configuration files" time=""></testcase></testsuite><testsuite name="rbac.authorization.k8s.io//User/system:kube-scheduler/rbac.authorization.k8s.io/v1//ClusterRole/system:volume-scheduler/rbac.authorization.k8s.io/v1//ClusterRoleBinding/system:volume-scheduler" disabled="0" errors="0" failures="0" hostname="" id="128" skipped="" time="" timestamp="0001-01-01 00:00:00 +0000 UTC"><properties><property name="ID" value="rbac.authorization.k8s.io//User/system:kube-scheduler/rbac.authorization.k8s.io/v1//ClusterRole/system:volume-scheduler/rbac.authorization.k8s.io/v1//ClusterRoleBinding/system:volume-scheduler"></property></properties><testcase classname="C-0002" status="passed" name="Exec into container" time=""></testcase><testcase classname="C-0031" status="passed" name="Delete Kubernetes events" time=""></testcase><testcase classname="C-0015" status="passed" name="List Kubernetes secrets" time=""></testcase><testcase classname="C-0035" status="passed" name="Cluster-admin binding" time=""></testcase><testcase classname="C-0007" status="passed" name="Data Destruction" time=""></testcase><testcase classname="C-0065" status="passed" name="No impersonation" time=""></testcase><testcase classname="C-0063" status="passed" name="Portforwarding privileges" time=""></testcase><testcase classname="C-0014" status="passed" name="Access Kubernetes dashboard" time=""></testcase><testcase classname="C-0037" status="passed" name="CoreDNS poisoning" time=""></testcase></testsuite><testsuite name="/v1/armo-system/ConfigMap/armo-be-config" disabled="0" errors="0" failures="0" hostname="" id="129" skipped="" time="" timestamp="0001-01-01 00:00:00 +0000 UTC"><properties><property name="ID" value="/v1/armo-system/ConfigMap/armo-be-config"></property></properties><testcase classname="C-0012" status="passed" name="Applications credentials in configuration files" time=""></testcase></testsuite><testsuite name="/kube-system/ServiceAccount/certificate-controller/rbac.authorization.k8s.io/v1//ClusterRole/system:controller:certificate-controller/rbac.authorization.k8s.io/v1//ClusterRoleBinding/system:controller:certificate-controller" disabled="0" errors="0" failures="1" hostname="" id="130" skipped="" time="" timestamp="0001-01-01 00:00:00 +0000 UTC"><properties><property name="ID" value="/kube-system/ServiceAccount/certificate-controller/rbac.authorization.k8s.io/v1//ClusterRole/system:controller:certificate-controller/rbac.authorization.k8s.io/v1//ClusterRoleBinding/system:controller:certificate-controller"></property></properties><testcase classname="C-0002" status="passed" name="Exec into container" time=""></testcase><testcase classname="C-0031" status="passed" name="Delete Kubernetes events" time=""></testcase><testcase classname="C-0015" status="passed" name="List Kubernetes secrets" time=""></testcase><testcase classname="C-0035" status="passed" name="Cluster-admin binding" time=""></testcase><testcase classname="C-0007" status="passed" name="Data Destruction" time=""></testcase><testcase classname="C-0065" status="passed" name="No impersonation" time=""></testcase><testcase classname="C-0063" status="passed" name="Portforwarding privileges" time=""></testcase><testcase classname="C-0014" status="passed" name="Access Kubernetes dashboard" time=""></testcase><testcase classname="C-0037" status="passed" name="CoreDNS poisoning" time=""></testcase><testcase classname="C-0053" status="failed" name="Access container service account" time=""><failure message="" type="">More deatiles: https://hub.armo.cloud/docs/c-0053</failure></testcase></testsuite><testsuite name="/v1/kube-system/ServiceAccount/token-cleaner" disabled="0" errors="0" failures="1" hostname="" id="131" skipped="" time="" timestamp="0001-01-01 00:00:00 +0000 UTC"><properties><property name="ID" value="/v1/kube-system/ServiceAccount/token-cleaner"></property></properties><testcase classname="C-0034" status="failed" name="Automatic mapping of service account" time=""><failure message="automountServiceAccountToken=false" type="">More deatiles: https://hub.armo.cloud/docs/c-0034</failure></testcase><testcase classname="C-0060" status="passed" name="Namespace without service accounts" time=""></testcase></testsuite><testsuite name="rbac.authorization.k8s.io//User/system:kube-scheduler/rbac.authorization.k8s.io/v1/kube-system/Role/system::leader-locking-kube-scheduler/rbac.authorization.k8s.io/v1/kube-system/RoleBinding/system::leader-locking-kube-scheduler" disabled="0" errors="0" failures="0" hostname="" id="132" skipped="" time="" timestamp="0001-01-01 00:00:00 +0000 UTC"><properties><property name="ID" value="rbac.authorization.k8s.io//User/system:kube-scheduler/rbac.authorization.k8s.io/v1/kube-system/Role/system::leader-locking-kube-scheduler/rbac.authorization.k8s.io/v1/kube-system/RoleBinding/system::leader-locking-kube-scheduler"></property></properties><testcase classname="C-0002" status="passed" name="Exec into container" time=""></testcase><testcase classname="C-0031" status="passed" name="Delete Kubernetes events" time=""></testcase><testcase classname="C-0015" status="passed" name="List Kubernetes secrets" time=""></testcase><testcase classname="C-0035" status="passed" name="Cluster-admin binding" time=""></testcase><testcase classname="C-0007" status="passed" name="Data Destruction" time=""></testcase><testcase classname="C-0065" status="passed" name="No impersonation" time=""></testcase><testcase classname="C-0063" status="passed" name="Portforwarding privileges" time=""></testcase><testcase classname="C-0014" status="passed" name="Access Kubernetes dashboard" time=""></testcase><testcase classname="C-0037" status="passed" name="CoreDNS poisoning" time=""></testcase></testsuite><testsuite name="/cyberarmor-system/ServiceAccount/ca-controller-service-account/rbac.authorization.k8s.io/v1//ClusterRole/ca-controller-roles/rbac.authorization.k8s.io/v1//ClusterRoleBinding/ca-controller-role-binding" disabled="0" errors="0" failures="9" hostname="" id="133" skipped="" time="" timestamp="0001-01-01 00:00:00 +0000 UTC"><properties><property name="ID" value="/cyberarmor-system/ServiceAccount/ca-controller-service-account/rbac.authorization.k8s.io/v1//ClusterRole/ca-controller-roles/rbac.authorization.k8s.io/v1//ClusterRoleBinding/ca-controller-role-binding"></property></properties><testcase classname="C-0002" status="failed" name="Exec into container" time=""><failure message="relatedObjects[1].rules[0].resources[0];relatedObjects[1].rules[0].verbs[0];relatedObjects[1].rules[0].apiGroups[0];relatedObjects[0].roleRef.subjects[0];relatedObjects[0].roleRef.name" type="">More deatiles: https://hub.armo.cloud/docs/c-0002</failure></testcase><testcase classname="C-0031" status="failed" name="Delete Kubernetes events" time=""><failure message="relatedObjects[1].rules[0].resources[0];relatedObjects[1].rules[0].verbs[0];relatedObjects[1].rules[0].apiGroups[0];relatedObjects[0].roleRef.subjects[0];relatedObjects[0].roleRef.name" type="">More deatiles: https://hub.armo.cloud/docs/c-0031</failure></testcase><testcase classname="C-0015" status="failed" name="List Kubernetes secrets" time=""><failure message="relatedObjects[1].rules[0].resources[0];relatedObjects[1].rules[0].verbs[0];relatedObjects[1].rules[0].apiGroups[0];relatedObjects[0].roleRef.subjects[0];relatedObjects[0].roleRef.name" type="">More deatiles: https://hub.armo.cloud/docs/c-0015</failure></testcase><testcase classname="C-0035" status="failed" name="Cluster-admin binding" time=""><failure message="relatedObjects[1].rules[0].resources[0];relatedObjects[1].rules[0].verbs[0];relatedObjects[1].rules[0].apiGroups[0];relatedObjects[0].roleRef.subjects[0];relatedObjects[0].roleRef.name" type="">More deatiles: https://hub.armo.cloud/docs/c-0035</failure></testcase><testcase classname="C-0007" status="failed" name="Data Destruction" time=""><failure message="relatedObjects[1].rules[0].resources[0];relatedObjects[1].rules[0].verbs[0];relatedObjects[1].rules[0].apiGroups[0];relatedObjects[0].roleRef.subjects[0];relatedObjects[0].roleRef.name" type="">More deatiles: https://hub.armo.cloud/docs/c-0007</failure></testcase><testcase classname="C-0065" status="failed" name="No impersonation" time=""><failure message="relatedObjects[1].rules[0].resources[0];relatedObjects[1].rules[0].verbs[0];relatedObjects[1].rules[0].apiGroups[0];relatedObjects[0].roleRef.subjects[0];relatedObjects[0].roleRef.name" type="">More deatiles: https://hub.armo.cloud/docs/c-0065</failure></testcase><testcase classname="C-0063" status="failed" name="Portforwarding privileges" time=""><failure message="relatedObjects[1].rules[0].resources[0];relatedObjects[1].rules[0].verbs[0];relatedObjects[1].rules[0].apiGroups[0];relatedObjects[0].roleRef.subjects[0];relatedObjects[0].roleRef.name" type="">More deatiles: https://hub.armo.cloud/docs/c-0063</failure></testcase><testcase classname="C-0014" status="passed" name="Access Kubernetes dashboard" time=""></testcase><testcase classname="C-0037" status="failed" name="CoreDNS poisoning" time=""><failure message="relatedObjects[1].rules[0].resources[0];relatedObjects[1].rules[0].verbs[0];relatedObjects[1].rules[0].apiGroups[0];relatedObjects[0].roleRef.subjects[0];relatedObjects[0].roleRef.name" type="">More deatiles: https://hub.armo.cloud/docs/c-0037</failure></testcase><testcase classname="C-0053" status="failed" name="Access container service account" time=""><failure message="" type="">More deatiles: https://hub.armo.cloud/docs/c-0053</failure></testcase></testsuite><testsuite name="/kube-system/ServiceAccount/namespace-controller/rbac.authorization.k8s.io/v1//ClusterRole/system:controller:namespace-controller/rbac.authorization.k8s.io/v1//ClusterRoleBinding/system:controller:namespace-controller" disabled="0" errors="0" failures="5" hostname="" id="134" skipped="" time="" timestamp="0001-01-01 00:00:00 +0000 UTC"><properties><property name="ID" value="/kube-system/ServiceAccount/namespace-controller/rbac.authorization.k8s.io/v1//ClusterRole/system:controller:namespace-controller/rbac.authorization.k8s.io/v1//ClusterRoleBinding/system:controller:namespace-controller"></property></properties><testcase classname="C-0002" status="passed" name="Exec into container" time=""></testcase><testcase classname="C-0031" status="failed" name="Delete Kubernetes events" time=""><failure message="relatedObjects[1].rules[2].resources[0];relatedObjects[1].rules[2].verbs[0];relatedObjects[1].rules[2].verbs[1];relatedObjects[1].rules[2].apiGroups[0];relatedObjects[0].roleRef.subjects[0];relatedObjects[0].roleRef.name" type="">More deatiles: https://hub.armo.cloud/docs/c-0031</failure></testcase><testcase classname="C-0015" status="failed" name="List Kubernetes secrets" time=""><failure message="relatedObjects[1].rules[2].resources[0];relatedObjects[1].rules[2].verbs[2];relatedObjects[1].rules[2].verbs[3];relatedObjects[1].rules[2].apiGroups[0];relatedObjects[0].roleRef.subjects[0];relatedObjects[0].roleRef.name" type="">More deatiles: https://hub.armo.cloud/docs/c-0015</failure></testcase><testcase classname="C-0035" status="passed" name="Cluster-admin binding" time=""></testcase><testcase classname="C-0007" status="failed" name="Data Destruction" time=""><failure message="relatedObjects[1].rules[2].resources[0];relatedObjects[1].rules[2].verbs[0];relatedObjects[1].rules[2].verbs[1];relatedObjects[1].rules[2].apiGroups[0];relatedObjects[0].roleRef.subjects[0];relatedObjects[0].roleRef.name" type="">More deatiles: https://hub.armo.cloud/docs/c-0007</failure></testcase><testcase classname="C-0065" status="passed" name="No impersonation" time=""></testcase><testcase classname="C-0063" status="failed" name="Portforwarding privileges" time=""><failure message="relatedObjects[1].rules[2].resources[0];relatedObjects[1].rules[2].verbs[2];relatedObjects[1].rules[2].apiGroups[0];relatedObjects[0].roleRef.subjects[0];relatedObjects[0].roleRef.name" type="">More deatiles: https://hub.armo.cloud/docs/c-0063</failure></testcase><testcase classname="C-0014" status="passed" name="Access Kubernetes dashboard" time=""></testcase><testcase classname="C-0037" status="passed" name="CoreDNS poisoning" time=""></testcase><testcase classname="C-0053" status="failed" name="Access container service account" time=""><failure message="" type="">More deatiles: https://hub.armo.cloud/docs/c-0053</failure></testcase></testsuite><testsuite name="/kube-system/ServiceAccount/cloud-provider/rbac.authorization.k8s.io/v1/kube-system/Role/system:controller:cloud-provider/rbac.authorization.k8s.io/v1/kube-system/RoleBinding/system:controller:cloud-provider" disabled="0" errors="0" failures="0" hostname="" id="135" skipped="" time="" timestamp="0001-01-01 00:00:00 +0000 UTC"><properties><property name="ID" value="/kube-system/ServiceAccount/cloud-provider/rbac.authorization.k8s.io/v1/kube-system/Role/system:controller:cloud-provider/rbac.authorization.k8s.io/v1/kube-system/RoleBinding/system:controller:cloud-provider"></property></properties><testcase classname="C-0002" status="passed" name="Exec into container" time=""></testcase><testcase classname="C-0031" status="passed" name="Delete Kubernetes events" time=""></testcase><testcase classname="C-0015" status="passed" name="List Kubernetes secrets" time=""></testcase><testcase classname="C-0035" status="passed" name="Cluster-admin binding" time=""></testcase><testcase classname="C-0007" status="passed" name="Data Destruction" time=""></testcase><testcase classname="C-0065" status="passed" name="No impersonation" time=""></testcase><testcase classname="C-0063" status="passed" name="Portforwarding privileges" time=""></testcase><testcase classname="C-0014" status="passed" name="Access Kubernetes dashboard" time=""></testcase><testcase classname="C-0037" status="passed" name="CoreDNS poisoning" time=""></testcase></testsuite><testsuite name="/kube-system/ServiceAccount/coredns/rbac.authorization.k8s.io/v1//ClusterRole/system:coredns/rbac.authorization.k8s.io/v1//ClusterRoleBinding/system:coredns" disabled="0" errors="0" failures="1" hostname="" id="136" skipped="" time="" timestamp="0001-01-01 00:00:00 +0000 UTC"><properties><property name="ID" value="/kube-system/ServiceAccount/coredns/rbac.authorization.k8s.io/v1//ClusterRole/system:coredns/rbac.authorization.k8s.io/v1//ClusterRoleBinding/system:coredns"></property></properties><testcase classname="C-0002" status="passed" name="Exec into container" time=""></testcase><testcase classname="C-0031" status="passed" name="Delete Kubernetes events" time=""></testcase><testcase classname="C-0015" status="passed" name="List Kubernetes secrets" time=""></testcase><testcase classname="C-0035" status="passed" name="Cluster-admin binding" time=""></testcase><testcase classname="C-0007" status="passed" name="Data Destruction" time=""></testcase><testcase classname="C-0065" status="passed" name="No impersonation" time=""></testcase><testcase classname="C-0063" status="passed" name="Portforwarding privileges" time=""></testcase><testcase classname="C-0014" status="passed" name="Access Kubernetes dashboard" time=""></testcase><testcase classname="C-0037" status="passed" name="CoreDNS poisoning" time=""></testcase><testcase classname="C-0053" status="failed" name="Access container service account" time=""><failure message="" type="">More deatiles: https://hub.armo.cloud/docs/c-0053</failure></testcase></testsuite><testsuite name="/v1//Node/david-virtualbox" disabled="0" errors="0" failures="1" hostname="" id="137" skipped="" time="" timestamp="0001-01-01 00:00:00 +0000 UTC"><properties><property name="ID" value="/v1//Node/david-virtualbox"></property></properties><testcase classname="C-0079" status="failed" name="CVE-2022-0185-linux-kernel-container-escape" time=""><failure message="status.nodeInfo.kernelVersion" type="">More deatiles: https://hub.armo.cloud/docs/c-0079</failure></testcase></testsuite><testsuite name="/v1/cyberarmor-system/ConfigMap/ca-audit" disabled="0" errors="0" failures="0" hostname="" id="138" skipped="" time="" timestamp="0001-01-01 00:00:00 +0000 UTC"><properties><property name="ID" value="/v1/cyberarmor-system/ConfigMap/ca-audit"></property></properties><testcase classname="C-0012" status="passed" name="Applications credentials in configuration files" time=""></testcase></testsuite><testsuite name="/v1/kube-system/ServiceAccount/endpointslice-controller" disabled="0" errors="0" failures="1" hostname="" id="139" skipped="" time="" timestamp="0001-01-01 00:00:00 +0000 UTC"><properties><property name="ID" value="/v1/kube-system/ServiceAccount/endpointslice-controller"></property></properties><testcase classname="C-0034" status="failed" name="Automatic mapping of service account" time=""><failure message="automountServiceAccountToken=false" type="">More deatiles: https://hub.armo.cloud/docs/c-0034</failure></testcase><testcase classname="C-0060" status="passed" name="Namespace without service accounts" time=""></testcase></testsuite><testsuite name="/v1/kube-public/ServiceAccount/default" disabled="0" errors="0" failures="1" hostname="" id="140" skipped="" time="" timestamp="0001-01-01 00:00:00 +0000 UTC"><properties><property name="ID" value="/v1/kube-public/ServiceAccount/default"></property></properties><testcase classname="C-0034" status="failed" name="Automatic mapping of service account" time=""><failure message="automountServiceAccountToken=false" type="">More deatiles: https://hub.armo.cloud/docs/c-0034</failure></testcase><testcase classname="C-0060" status="passed" name="Namespace without service accounts" time=""></testcase></testsuite><testsuite name="/kube-system/ServiceAccount/kube-controller-manager/rbac.authorization.k8s.io/v1/kube-system/Role/system::leader-locking-kube-controller-manager/rbac.authorization.k8s.io/v1/kube-system/RoleBinding/system::leader-locking-kube-controller-manager" disabled="0" errors="0" failures="0" hostname="" id="141" skipped="" time="" timestamp="0001-01-01 00:00:00 +0000 UTC"><properties><property name="ID" value="/kube-system/ServiceAccount/kube-controller-manager/rbac.authorization.k8s.io/v1/kube-system/Role/system::leader-locking-kube-controller-manager/rbac.authorization.k8s.io/v1/kube-system/RoleBinding/system::leader-locking-kube-controller-manager"></property></properties><testcase classname="C-0002" status="passed" name="Exec into container" time=""></testcase><testcase classname="C-0031" status="passed" name="Delete Kubernetes events" time=""></testcase><testcase classname="C-0015" status="passed" name="List Kubernetes secrets" time=""></testcase><testcase classname="C-0035" status="passed" name="Cluster-admin binding" time=""></testcase><testcase classname="C-0007" status="passed" name="Data Destruction" time=""></testcase><testcase classname="C-0065" status="passed" name="No impersonation" time=""></testcase><testcase classname="C-0063" status="passed" name="Portforwarding privileges" time=""></testcase><testcase classname="C-0014" status="passed" name="Access Kubernetes dashboard" time=""></testcase><testcase classname="C-0037" status="passed" name="CoreDNS poisoning" time=""></testcase></testsuite><testsuite name="/v1/nginx-ingress/ServiceAccount/nginx-ingress" disabled="0" errors="0" failures="1" hostname="" id="142" skipped="" time="" timestamp="0001-01-01 00:00:00 +0000 UTC"><properties><property name="ID" value="/v1/nginx-ingress/ServiceAccount/nginx-ingress"></property></properties><testcase classname="C-0034" status="failed" name="Automatic mapping of service account" time=""><failure message="automountServiceAccountToken=false" type="">More deatiles: https://hub.armo.cloud/docs/c-0034</failure></testcase><testcase classname="C-0060" status="passed" name="Namespace without service accounts" time=""></testcase></testsuite><testsuite name="/v1/cyberarmor-system/ServiceAccount/ca-controller-service-account" disabled="0" errors="0" failures="1" hostname="" id="143" skipped="" time="" timestamp="0001-01-01 00:00:00 +0000 UTC"><properties><property name="ID" value="/v1/cyberarmor-system/ServiceAccount/ca-controller-service-account"></property></properties><testcase classname="C-0034" status="failed" name="Automatic mapping of service account" time=""><failure message="automountServiceAccountToken=false" type="">More deatiles: https://hub.armo.cloud/docs/c-0034</failure></testcase><testcase classname="C-0060" status="passed" name="Namespace without service accounts" time=""></testcase></testsuite><testsuite name="/v1/kube-system/ServiceAccount/default" disabled="0" errors="0" failures="1" hostname="" id="144" skipped="" time="" timestamp="0001-01-01 00:00:00 +0000 UTC"><properties><property name="ID" value="/v1/kube-system/ServiceAccount/default"></property></properties><testcase classname="C-0034" status="failed" name="Automatic mapping of service account" time=""><failure message="automountServiceAccountToken=false" type="">More deatiles: https://hub.armo.cloud/docs/c-0034</failure></testcase><testcase classname="C-0060" status="passed" name="Namespace without service accounts" time=""></testcase></testsuite><testsuite name="/v1/armo-system/Pod/armo-scan-scheduler-27432000--1-wh82t" disabled="0" errors="0" failures="0" hostname="" id="145" skipped="" time="" timestamp="0001-01-01 00:00:00 +0000 UTC"><properties><property name="ID" value="/v1/armo-system/Pod/armo-scan-scheduler-27432000--1-wh82t"></property></properties><testcase classname="C-0073" status="passed" name="Naked PODs" time=""></testcase></testsuite><testsuite name="/v1/cyberarmor-system/Pod/ca-rbac-6bb65c8b4b-cj5m9" disabled="0" errors="0" failures="0" hostname="" id="146" skipped="" time="" timestamp="0001-01-01 00:00:00 +0000 UTC"><properties><property name="ID" value="/v1/cyberarmor-system/Pod/ca-rbac-6bb65c8b4b-cj5m9"></property></properties><testcase classname="C-0073" status="passed" name="Naked PODs" time=""></testcase></testsuite><testsuite name="/v1/cyberarmor-system/Pod/ca-websocket-bdd99b8b8-6l8lk" disabled="0" errors="0" failures="0" hostname="" id="147" skipped="" time="" timestamp="0001-01-01 00:00:00 +0000 UTC"><properties><property name="ID" value="/v1/cyberarmor-system/Pod/ca-websocket-bdd99b8b8-6l8lk"></property></properties><testcase classname="C-0073" status="passed" name="Naked PODs" time=""></testcase></testsuite><testsuite name="/v1/cyberarmor-system/ConfigMap/armo-be-config" disabled="0" errors="0" failures="0" hostname="" id="148" skipped="" time="" timestamp="0001-01-01 00:00:00 +0000 UTC"><properties><property name="ID" value="/v1/cyberarmor-system/ConfigMap/armo-be-config"></property></properties><testcase classname="C-0012" status="passed" name="Applications credentials in configuration files" time=""></testcase></testsuite><testsuite name="/v1/kube-system/ConfigMap/kubeadm-config" disabled="0" errors="0" failures="0" hostname="" id="149" skipped="" time="" timestamp="0001-01-01 00:00:00 +0000 UTC"><properties><property name="ID" value="/v1/kube-system/ConfigMap/kubeadm-config"></property></properties><testcase classname="C-0012" status="passed" name="Applications credentials in configuration files" time=""></testcase></testsuite><testsuite name="/armo-system/ServiceAccount/armo-scanner-service-account/rbac.authorization.k8s.io/v1/armo-system/Role/armo-scanner-service-account-roles/rbac.authorization.k8s.io/v1/armo-system/RoleBinding/armo-scanner-service-account-role-binding" disabled="0" errors="0" failures="3" hostname="" id="150" skipped="" time="" timestamp="0001-01-01 00:00:00 +0000 UTC"><properties><property name="ID" value="/armo-system/ServiceAccount/armo-scanner-service-account/rbac.authorization.k8s.io/v1/armo-system/Role/armo-scanner-service-account-roles/rbac.authorization.k8s.io/v1/armo-system/RoleBinding/armo-scanner-service-account-role-binding"></property></properties><testcase classname="C-0002" status="passed" name="Exec into container" time=""></testcase><testcase classname="C-0031" status="passed" name="Delete Kubernetes events" time=""></testcase><testcase classname="C-0015" status="failed" name="List Kubernetes secrets" time=""><failure message="relatedObjects[1].rules[0].resources[0];relatedObjects[1].rules[0].verbs[0];relatedObjects[1].rules[0].verbs[1];relatedObjects[1].rules[0].apiGroups[0];relatedObjects[0].roleRef.subjects[0];relatedObjects[0].roleRef.name" type="">More deatiles: https://hub.armo.cloud/docs/c-0015</failure></testcase><testcase classname="C-0035" status="passed" name="Cluster-admin binding" time=""></testcase><testcase classname="C-0007" status="failed" name="Data Destruction" time=""><failure message="relatedObjects[1].rules[1].resources[0];relatedObjects[1].rules[1].resources[1];relatedObjects[1].rules[1].verbs[0];relatedObjects[1].rules[1].apiGroups[0];relatedObjects[0].roleRef.subjects[0];relatedObjects[0].roleRef.name" type="">More deatiles: https://hub.armo.cloud/docs/c-0007</failure></testcase><testcase classname="C-0065" status="passed" name="No impersonation" time=""></testcase><testcase classname="C-0063" status="failed" name="Portforwarding privileges" time=""><failure message="relatedObjects[1].rules[0].resources[0];relatedObjects[1].rules[0].verbs[0];relatedObjects[1].rules[0].apiGroups[0];relatedObjects[0].roleRef.subjects[0];relatedObjects[0].roleRef.name" type="">More deatiles: https://hub.armo.cloud/docs/c-0063</failure></testcase><testcase classname="C-0014" status="passed" name="Access Kubernetes dashboard" time=""></testcase><testcase classname="C-0037" status="passed" name="CoreDNS poisoning" time=""></testcase><testcase classname="C-0053" status="passed" name="Access container service account" time=""></testcase></testsuite><testsuite name="/v1/kube-system/ServiceAccount/pv-protection-controller" disabled="0" errors="0" failures="1" hostname="" id="151" skipped="" time="" timestamp="0001-01-01 00:00:00 +0000 UTC"><properties><property name="ID" value="/v1/kube-system/ServiceAccount/pv-protection-controller"></property></properties><testcase classname="C-0034" status="failed" name="Automatic mapping of service account" time=""><failure message="automountServiceAccountToken=false" type="">More deatiles: https://hub.armo.cloud/docs/c-0034</failure></testcase><testcase classname="C-0060" status="passed" name="Namespace without service accounts" time=""></testcase></testsuite><testsuite name="apps/v1/cyberarmor-system/Deployment/ca-dashboard-aggregator" disabled="0" errors="0" failures="12" hostname="" id="152" skipped="" time="" timestamp="0001-01-01 00:00:00 +0000 UTC"><properties><property name="ID" value="apps/v1/cyberarmor-system/Deployment/ca-dashboard-aggregator"></property></properties><testcase classname="C-0034" status="failed" name="Automatic mapping of service account" time=""><failure message="spec.template.spec.automountServiceAccountToken=false" type="">More deatiles: https://hub.armo.cloud/docs/c-0034</failure></testcase><testcase classname="C-0078" status="failed" name="Images from allowed registry" time=""><failure message="spec.template.spec.containers[0].image" type="">More deatiles: https://hub.armo.cloud/docs/c-0078</failure></testcase><testcase classname="C-0017" status="failed" name="Immutable container filesystem" time=""><failure message="spec.template.spec.containers[0].securityContext.readOnlyRootFilesystem=true" type="">More deatiles: https://hub.armo.cloud/docs/c-0017</failure></testcase><testcase classname="C-0009" status="passed" name="Resource policies" time=""></testcase><testcase classname="C-0030" status="failed" name="Ingress and Egress blocked" time=""><failure message="" type="">More deatiles: https://hub.armo.cloud/docs/c-0030</failure></testcase><testcase classname="C-0048" status="passed" name="HostPath mount" time=""></testcase><testcase classname="C-0075" status="passed" name="Image pull policy on latest tag" time=""></testcase><testcase classname="C-0050" status="passed" name="Resources CPU limit and request" time=""></testcase><testcase classname="C-0038" status="passed" name="Host PID/IPC privileges" time=""></testcase><testcase classname="C-0046" status="passed" name="Insecure capabilities" time=""></testcase><testcase classname="C-0061" status="passed" name="Pods in default namespace" time=""></testcase><testcase classname="C-0016" status="failed" name="Allow privilege escalation" time=""><failure message="spec.template.spec.containers[0].securityContext.allowPrivilegeEscalation=false" type="">More deatiles: https://hub.armo.cloud/docs/c-0016</failure></testcase><testcase classname="C-0014" status="passed" name="Access Kubernetes dashboard" time=""></testcase><testcase classname="C-0001" status="failed" name="Forbidden Container Registries" time=""><failure message="spec.template.spec.containers[0].image" type="">More deatiles: https://hub.armo.cloud/docs/c-0001</failure></testcase><testcase classname="C-0074" status="passed" name="Containers mounting Docker socket" time=""></testcase><testcase classname="C-0018" status="failed" name="Configured readiness probe" time=""><failure message="spec.template.spec.containers[0].readinessProbe=YOUR_VALUE" type="">More deatiles: https://hub.armo.cloud/docs/c-0018</failure></testcase><testcase classname="C-0020" status="passed" name="Mount service principal" time=""></testcase><testcase classname="C-0044" status="passed" name="Container hostPort" time=""></testcase><testcase classname="C-0012" status="passed" name="Applications credentials in configuration files" time=""></testcase><testcase classname="C-0041" status="passed" name="HostNetwork access" time=""></testcase><testcase classname="C-0055" status="failed" name="Linux hardening" time=""><failure message="spec.template.spec.securityContext" type="">More deatiles: https://hub.armo.cloud/docs/c-0055</failure></testcase><testcase classname="C-0006" status="passed" name="Allowed hostPath" time=""></testcase><testcase classname="C-0077" status="failed" name="K8s common labels usage" time=""><failure message="metadata.labels=YOUR_VALUE;spec.template.metadata.labels=YOUR_VALUE" type="">More deatiles: https://hub.armo.cloud/docs/c-0077</failure></testcase><testcase classname="C-0004" status="passed" name="Resources memory limit and request" time=""></testcase><testcase classname="C-0056" status="failed" name="Configured liveness probe" time=""><failure message="spec.template.spec.containers[0].livenessProbe=YOUR_VALUE" type="">More deatiles: https://hub.armo.cloud/docs/c-0056</failure></testcase><testcase classname="C-0057" status="passed" name="Privileged container" time=""></testcase><testcase classname="C-0045" status="passed" name="Writable hostPath mount" time=""></testcase><testcase classname="C-0076" status="failed" name="Label usage for resources" time=""><failure message="metadata.labels=YOUR_VALUE;spec.template.metadata.labels=YOUR_VALUE" type="">More deatiles: https://hub.armo.cloud/docs/c-0076</failure></testcase><testcase classname="C-0013" status="failed" name="Non-root containers" time=""><failure message="spec.template.spec.securityContext.runAsNonRoot=true;spec.template.spec.securityContext.allowPrivilegeEscalation=false" type="">More deatiles: https://hub.armo.cloud/docs/c-0013</failure></testcase><testcase classname="C-0062" status="passed" name="Sudo in container entrypoint" time=""></testcase></testsuite><testsuite name="/v1/kube-system/ServiceAccount/endpointslicemirroring-controller" disabled="0" errors="0" failures="1" hostname="" id="153" skipped="" time="" timestamp="0001-01-01 00:00:00 +0000 UTC"><properties><property name="ID" value="/v1/kube-system/ServiceAccount/endpointslicemirroring-controller"></property></properties><testcase classname="C-0034" status="failed" name="Automatic mapping of service account" time=""><failure message="automountServiceAccountToken=false" type="">More deatiles: https://hub.armo.cloud/docs/c-0034</failure></testcase><testcase classname="C-0060" status="passed" name="Namespace without service accounts" time=""></testcase></testsuite><testsuite name="/v1//Namespace/nginx-ingress" disabled="0" errors="0" failures="2" hostname="" id="154" skipped="" time="" timestamp="0001-01-01 00:00:00 +0000 UTC"><properties><property name="ID" value="/v1//Namespace/nginx-ingress"></property></properties><testcase classname="C-0049" status="failed" name="Network mapping" time=""><failure message="" type="">More deatiles: https://hub.armo.cloud/docs/c-0049</failure></testcase><testcase classname="C-0054" status="failed" name="Cluster internal networking" time=""><failure message="" type="">More deatiles: https://hub.armo.cloud/docs/c-0054</failure></testcase><testcase classname="C-0060" status="passed" name="Namespace without service accounts" time=""></testcase></testsuite><testsuite name="/v1/armo-system/Pod/armo-vuln-scan-6b56bff647-7tlfv" disabled="0" errors="0" failures="0" hostname="" id="155" skipped="" time="" timestamp="0001-01-01 00:00:00 +0000 UTC"><properties><property name="ID" value="/v1/armo-system/Pod/armo-vuln-scan-6b56bff647-7tlfv"></property></properties><testcase classname="C-0073" status="passed" name="Naked PODs" time=""></testcase></testsuite><testsuite name="batch/v1beta1/armo-system/CronJob/armo-scan-scheduler" disabled="0" errors="0" failures="15" hostname="" id="156" skipped="" time="" timestamp="0001-01-01 00:00:00 +0000 UTC"><properties><property name="ID" value="batch/v1beta1/armo-system/CronJob/armo-scan-scheduler"></property></properties><testcase classname="C-0034" status="passed" name="Automatic mapping of service account" time=""></testcase><testcase classname="C-0078" status="failed" name="Images from allowed registry" time=""><failure message="spec.jobTemplate.spec.template.spec.containers[0].image" type="">More deatiles: https://hub.armo.cloud/docs/c-0078</failure></testcase><testcase classname="C-0017" status="failed" name="Immutable container filesystem" time=""><failure message="spec.jobTemplate.spec.template.spec.containers[0].securityContext.readOnlyRootFilesystem=true" type="">More deatiles: https://hub.armo.cloud/docs/c-0017</failure></testcase><testcase classname="C-0009" status="failed" name="Resource policies" time=""><failure message="spec.jobTemplate.spec.template.spec.containers[0].resources.limits.cpu=YOUR_VALUE;spec.jobTemplate.spec.template.spec.containers[0].resources.limits.memory=YOUR_VALUE" type="">More deatiles: https://hub.armo.cloud/docs/c-0009</failure></testcase><testcase classname="C-0030" status="failed" name="Ingress and Egress blocked" time=""><failure message="" type="">More deatiles: https://hub.armo.cloud/docs/c-0030</failure></testcase><testcase classname="C-0048" status="passed" name="HostPath mount" time=""></testcase><testcase classname="C-0075" status="failed" name="Image pull policy on latest tag" time=""><failure message="spec.jobTemplate.spec.template.spec.containers[0].image;spec.jobTemplate.spec.template.spec.containers[0].imagePullPolicy" type="">More deatiles: https://hub.armo.cloud/docs/c-0075</failure></testcase><testcase classname="C-0050" status="failed" name="Resources CPU limit and request" time=""><failure message="spec.jobTemplate.template.spec.containers[0].resources.limits.cpu=YOUR_VALUE;spec.jobTemplate.template.spec.containers[0].resources.requests.cpu=YOUR_VALUE" type="">More deatiles: https://hub.armo.cloud/docs/c-0050</failure></testcase><testcase classname="C-0038" status="passed" name="Host PID/IPC privileges" time=""></testcase><testcase classname="C-0046" status="passed" name="Insecure capabilities" time=""></testcase><testcase classname="C-0026" status="failed" name="Kubernetes CronJob" time=""><failure message="" type="">More deatiles: https://hub.armo.cloud/docs/c-0026</failure></testcase><testcase classname="C-0061" status="passed" name="Pods in default namespace" time=""></testcase><testcase classname="C-0016" status="failed" name="Allow privilege escalation" time=""><failure message="spec.jobTemplate.spec.template.spec.containers[0].securityContext.allowPrivilegeEscalation=false" type="">More deatiles: https://hub.armo.cloud/docs/c-0016</failure></testcase><testcase classname="C-0014" status="passed" name="Access Kubernetes dashboard" time=""></testcase><testcase classname="C-0001" status="passed" name="Forbidden Container Registries" time=""></testcase><testcase classname="C-0074" status="passed" name="Containers mounting Docker socket" time=""></testcase><testcase classname="C-0018" status="failed" name="Configured readiness probe" time=""><failure message="spec.jobTemplate.spec.template.spec.containers[0].readinessProbe=YOUR_VALUE" type="">More deatiles: https://hub.armo.cloud/docs/c-0018</failure></testcase><testcase classname="C-0020" status="passed" name="Mount service principal" time=""></testcase><testcase classname="C-0044" status="passed" name="Container hostPort" time=""></testcase><testcase classname="C-0012" status="passed" name="Applications credentials in configuration files" time=""></testcase><testcase classname="C-0041" status="passed" name="HostNetwork access" time=""></testcase><testcase classname="C-0055" status="failed" name="Linux hardening" time=""><failure message="spec.jobTemplate.spec.template.spec.securityContext" type="">More deatiles: https://hub.armo.cloud/docs/c-0055</failure></testcase><testcase classname="C-0006" status="passed" name="Allowed hostPath" time=""></testcase><testcase classname="C-0077" status="failed" name="K8s common labels usage" time=""><failure message="metadata.labels=YOUR_VALUE;spec.jobTemplate.spec.template.metadata.labels=YOUR_VALUE" type="">More deatiles: https://hub.armo.cloud/docs/c-0077</failure></testcase><testcase classname="C-0004" status="failed" name="Resources memory limit and request" time=""><failure message="spec.containers[0].resources.limits.memory=YOUR_VALUE;spec.containers[0].resources.requests.memory=YOUR_VALUE" type="">More deatiles: https://hub.armo.cloud/docs/c-0004</failure></testcase><testcase classname="C-0056" status="failed" name="Configured liveness probe" time=""><failure message="spec.jobTemplate.spec.template.spec.containers[0].livenessProbe=YOUR_VALUE" type="">More deatiles: https://hub.armo.cloud/docs/c-0056</failure></testcase><testcase classname="C-0057" status="passed" name="Privileged container" time=""></testcase><testcase classname="C-0045" status="passed" name="Writable hostPath mount" time=""></testcase><testcase classname="C-0076" status="failed" name="Label usage for resources" time=""><failure message="metadata.labels=YOUR_VALUE;spec.jobTemplate.spec.template.metadata.labels=YOUR_VALUE" type="">More deatiles: https://hub.armo.cloud/docs/c-0076</failure></testcase><testcase classname="C-0013" status="failed" name="Non-root containers" time=""><failure message="spec.jobTemplate.spec.template.securityContext.runAsNonRoot=true;spec.jobTemplate.spec.template.securityContext.allowPrivilegeEscalation=false" type="">More deatiles: https://hub.armo.cloud/docs/c-0013</failure></testcase><testcase classname="C-0062" status="passed" name="Sudo in container entrypoint" time=""></testcase></testsuite><testsuite name="/kube-system/ServiceAccount/endpointslicemirroring-controller/rbac.authorization.k8s.io/v1//ClusterRole/system:controller:endpointslicemirroring-controller/rbac.authorization.k8s.io/v1//ClusterRoleBinding/system:controller:endpointslicemirroring-controller" disabled="0" errors="0" failures="1" hostname="" id="157" skipped="" time="" timestamp="0001-01-01 00:00:00 +0000 UTC"><properties><property name="ID" value="/kube-system/ServiceAccount/endpointslicemirroring-controller/rbac.authorization.k8s.io/v1//ClusterRole/system:controller:endpointslicemirroring-controller/rbac.authorization.k8s.io/v1//ClusterRoleBinding/system:controller:endpointslicemirroring-controller"></property></properties><testcase classname="C-0002" status="passed" name="Exec into container" time=""></testcase><testcase classname="C-0031" status="passed" name="Delete Kubernetes events" time=""></testcase><testcase classname="C-0015" status="passed" name="List Kubernetes secrets" time=""></testcase><testcase classname="C-0035" status="passed" name="Cluster-admin binding" time=""></testcase><testcase classname="C-0007" status="passed" name="Data Destruction" time=""></testcase><testcase classname="C-0065" status="passed" name="No impersonation" time=""></testcase><testcase classname="C-0063" status="passed" name="Portforwarding privileges" time=""></testcase><testcase classname="C-0014" status="passed" name="Access Kubernetes dashboard" time=""></testcase><testcase classname="C-0037" status="passed" name="CoreDNS poisoning" time=""></testcase><testcase classname="C-0053" status="failed" name="Access container service account" time=""><failure message="" type="">More deatiles: https://hub.armo.cloud/docs/c-0053</failure></testcase></testsuite><testsuite name="/kube-system/ServiceAccount/node-controller/rbac.authorization.k8s.io/v1//ClusterRole/system:controller:node-controller/rbac.authorization.k8s.io/v1//ClusterRoleBinding/system:controller:node-controller" disabled="0" errors="0" failures="2" hostname="" id="158" skipped="" time="" timestamp="0001-01-01 00:00:00 +0000 UTC"><properties><property name="ID" value="/kube-system/ServiceAccount/node-controller/rbac.authorization.k8s.io/v1//ClusterRole/system:controller:node-controller/rbac.authorization.k8s.io/v1//ClusterRoleBinding/system:controller:node-controller"></property></properties><testcase classname="C-0002" status="passed" name="Exec into container" time=""></testcase><testcase classname="C-0031" status="passed" name="Delete Kubernetes events" time=""></testcase><testcase classname="C-0015" status="passed" name="List Kubernetes secrets" time=""></testcase><testcase classname="C-0035" status="passed" name="Cluster-admin binding" time=""></testcase><testcase classname="C-0007" status="failed" name="Data Destruction" time=""><failure message="relatedObjects[1].rules[3].resources[0];relatedObjects[1].rules[3].verbs[0];relatedObjects[1].rules[3].apiGroups[0];relatedObjects[0].roleRef.subjects[0];relatedObjects[0].roleRef.name" type="">More deatiles: https://hub.armo.cloud/docs/c-0007</failure></testcase><testcase classname="C-0065" status="passed" name="No impersonation" time=""></testcase><testcase classname="C-0063" status="passed" name="Portforwarding privileges" time=""></testcase><testcase classname="C-0014" status="passed" name="Access Kubernetes dashboard" time=""></testcase><testcase classname="C-0037" status="passed" name="CoreDNS poisoning" time=""></testcase><testcase classname="C-0053" status="failed" name="Access container service account" time=""><failure message="" type="">More deatiles: https://hub.armo.cloud/docs/c-0053</failure></testcase></testsuite><testsuite name="/kube-system/ServiceAccount/kube-scheduler/rbac.authorization.k8s.io/v1/kube-system/Role/system::leader-locking-kube-scheduler/rbac.authorization.k8s.io/v1/kube-system/RoleBinding/system::leader-locking-kube-scheduler" disabled="0" errors="0" failures="0" hostname="" id="159" skipped="" time="" timestamp="0001-01-01 00:00:00 +0000 UTC"><properties><property name="ID" value="/kube-system/ServiceAccount/kube-scheduler/rbac.authorization.k8s.io/v1/kube-system/Role/system::leader-locking-kube-scheduler/rbac.authorization.k8s.io/v1/kube-system/RoleBinding/system::leader-locking-kube-scheduler"></property></properties><testcase classname="C-0002" status="passed" name="Exec into container" time=""></testcase><testcase classname="C-0031" status="passed" name="Delete Kubernetes events" time=""></testcase><testcase classname="C-0015" status="passed" name="List Kubernetes secrets" time=""></testcase><testcase classname="C-0035" status="passed" name="Cluster-admin binding" time=""></testcase><testcase classname="C-0007" status="passed" name="Data Destruction" time=""></testcase><testcase classname="C-0065" status="passed" name="No impersonation" time=""></testcase><testcase classname="C-0063" status="passed" name="Portforwarding privileges" time=""></testcase><testcase classname="C-0014" status="passed" name="Access Kubernetes dashboard" time=""></testcase><testcase classname="C-0037" status="passed" name="CoreDNS poisoning" time=""></testcase></testsuite><testsuite name="/v1/cyberarmor-system/Pod/ca-posture-54cffccb9b-mvqc7" disabled="0" errors="0" failures="0" hostname="" id="160" skipped="" time="" timestamp="0001-01-01 00:00:00 +0000 UTC"><properties><property name="ID" value="/v1/cyberarmor-system/Pod/ca-posture-54cffccb9b-mvqc7"></property></properties><testcase classname="C-0073" status="passed" name="Naked PODs" time=""></testcase></testsuite><testsuite name="/v1/nginx-ingress/ServiceAccount/default" disabled="0" errors="0" failures="1" hostname="" id="161" skipped="" time="" timestamp="0001-01-01 00:00:00 +0000 UTC"><properties><property name="ID" value="/v1/nginx-ingress/ServiceAccount/default"></property></properties><testcase classname="C-0034" status="failed" name="Automatic mapping of service account" time=""><failure message="automountServiceAccountToken=false" type="">More deatiles: https://hub.armo.cloud/docs/c-0034</failure></testcase><testcase classname="C-0060" status="passed" name="Namespace without service accounts" time=""></testcase></testsuite><testsuite name="/kube-system/ServiceAccount/deployment-controller/rbac.authorization.k8s.io/v1//ClusterRole/system:controller:deployment-controller/rbac.authorization.k8s.io/v1//ClusterRoleBinding/system:controller:deployment-controller" disabled="0" errors="0" failures="2" hostname="" id="162" skipped="" time="" timestamp="0001-01-01 00:00:00 +0000 UTC"><properties><property name="ID" value="/kube-system/ServiceAccount/deployment-controller/rbac.authorization.k8s.io/v1//ClusterRole/system:controller:deployment-controller/rbac.authorization.k8s.io/v1//ClusterRoleBinding/system:controller:deployment-controller"></property></properties><testcase classname="C-0002" status="passed" name="Exec into container" time=""></testcase><testcase classname="C-0031" status="passed" name="Delete Kubernetes events" time=""></testcase><testcase classname="C-0015" status="passed" name="List Kubernetes secrets" time=""></testcase><testcase classname="C-0035" status="passed" name="Cluster-admin binding" time=""></testcase><testcase classname="C-0007" status="failed" name="Data Destruction" time=""><failure message="relatedObjects[1].rules[3].resources[0];relatedObjects[1].rules[3].verbs[1];relatedObjects[1].rules[3].apiGroups[0];relatedObjects[0].roleRef.subjects[0];relatedObjects[0].roleRef.name" type="">More deatiles: https://hub.armo.cloud/docs/c-0007</failure></testcase><testcase classname="C-0065" status="passed" name="No impersonation" time=""></testcase><testcase classname="C-0063" status="passed" name="Portforwarding privileges" time=""></testcase><testcase classname="C-0014" status="passed" name="Access Kubernetes dashboard" time=""></testcase><testcase classname="C-0037" status="passed" name="CoreDNS poisoning" time=""></testcase><testcase classname="C-0053" status="failed" name="Access container service account" time=""><failure message="" type="">More deatiles: https://hub.armo.cloud/docs/c-0053</failure></testcase></testsuite><testsuite name="/kube-system/ServiceAccount/route-controller/rbac.authorization.k8s.io/v1//ClusterRole/system:controller:route-controller/rbac.authorization.k8s.io/v1//ClusterRoleBinding/system:controller:route-controller" disabled="0" errors="0" failures="0" hostname="" id="163" skipped="" time="" timestamp="0001-01-01 00:00:00 +0000 UTC"><properties><property name="ID" value="/kube-system/ServiceAccount/route-controller/rbac.authorization.k8s.io/v1//ClusterRole/system:controller:route-controller/rbac.authorization.k8s.io/v1//ClusterRoleBinding/system:controller:route-controller"></property></properties><testcase classname="C-0002" status="passed" name="Exec into container" time=""></testcase><testcase classname="C-0031" status="passed" name="Delete Kubernetes events" time=""></testcase><testcase classname="C-0015" status="passed" name="List Kubernetes secrets" time=""></testcase><testcase classname="C-0035" status="passed" name="Cluster-admin binding" time=""></testcase><testcase classname="C-0007" status="passed" name="Data Destruction" time=""></testcase><testcase classname="C-0065" status="passed" name="No impersonation" time=""></testcase><testcase classname="C-0063" status="passed" name="Portforwarding privileges" time=""></testcase><testcase classname="C-0014" status="passed" name="Access Kubernetes dashboard" time=""></testcase><testcase classname="C-0037" status="passed" name="CoreDNS poisoning" time=""></testcase></testsuite><testsuite name="/v1/cyberarmor-system/Pod/ca-oracle-6c98c6bdbf-kn8v8" disabled="0" errors="0" failures="0" hostname="" id="164" skipped="" time="" timestamp="0001-01-01 00:00:00 +0000 UTC"><properties><property name="ID" value="/v1/cyberarmor-system/Pod/ca-oracle-6c98c6bdbf-kn8v8"></property></properties><testcase classname="C-0073" status="passed" name="Naked PODs" time=""></testcase></testsuite><testsuite name="/v1/cyberarmor-system/Pod/ca-vuln-scan-56cb9b9459-f9k2k" disabled="0" errors="0" failures="0" hostname="" id="165" skipped="" time="" timestamp="0001-01-01 00:00:00 +0000 UTC"><properties><property name="ID" value="/v1/cyberarmor-system/Pod/ca-vuln-scan-56cb9b9459-f9k2k"></property></properties><testcase classname="C-0073" status="passed" name="Naked PODs" time=""></testcase></testsuite><testsuite name="/kube-system/ServiceAccount/root-ca-cert-publisher/rbac.authorization.k8s.io/v1//ClusterRole/system:controller:root-ca-cert-publisher/rbac.authorization.k8s.io/v1//ClusterRoleBinding/system:controller:root-ca-cert-publisher" disabled="0" errors="0" failures="2" hostname="" id="166" skipped="" time="" timestamp="0001-01-01 00:00:00 +0000 UTC"><properties><property name="ID" value="/kube-system/ServiceAccount/root-ca-cert-publisher/rbac.authorization.k8s.io/v1//ClusterRole/system:controller:root-ca-cert-publisher/rbac.authorization.k8s.io/v1//ClusterRoleBinding/system:controller:root-ca-cert-publisher"></property></properties><testcase classname="C-0002" status="passed" name="Exec into container" time=""></testcase><testcase classname="C-0031" status="passed" name="Delete Kubernetes events" time=""></testcase><testcase classname="C-0015" status="passed" name="List Kubernetes secrets" time=""></testcase><testcase classname="C-0035" status="passed" name="Cluster-admin binding" time=""></testcase><testcase classname="C-0007" status="passed" name="Data Destruction" time=""></testcase><testcase classname="C-0065" status="passed" name="No impersonation" time=""></testcase><testcase classname="C-0063" status="passed" name="Portforwarding privileges" time=""></testcase><testcase classname="C-0014" status="passed" name="Access Kubernetes dashboard" time=""></testcase><testcase classname="C-0037" status="failed" name="CoreDNS poisoning" time=""><failure message="relatedObjects[1].rules[0].resources[0];relatedObjects[1].rules[0].verbs[1];relatedObjects[1].rules[0].apiGroups[0];relatedObjects[0].roleRef.subjects[0];relatedObjects[0].roleRef.name" type="">More deatiles: https://hub.armo.cloud/docs/c-0037</failure></testcase><testcase classname="C-0053" status="failed" name="Access container service account" time=""><failure message="" type="">More deatiles: https://hub.armo.cloud/docs/c-0053</failure></testcase></testsuite><testsuite name="/v1/kube-public/ConfigMap/cluster-info" disabled="0" errors="0" failures="0" hostname="" id="167" skipped="" time="" timestamp="0001-01-01 00:00:00 +0000 UTC"><properties><property name="ID" value="/v1/kube-public/ConfigMap/cluster-info"></property></properties><testcase classname="C-0012" status="passed" name="Applications credentials in configuration files" time=""></testcase></testsuite><testsuite name="/v1/kube-system/Pod/kube-apiserver-david-virtualbox" disabled="0" errors="0" failures="16" hostname="" id="168" skipped="" time="" timestamp="0001-01-01 00:00:00 +0000 UTC"><properties><property name="ID" value="/v1/kube-system/Pod/kube-apiserver-david-virtualbox"></property></properties><testcase classname="C-0005" status="passed" name="Control plane hardening" time=""></testcase><testcase classname="C-0034" status="failed" name="Automatic mapping of service account" time=""><failure message="spec.automountServiceAccountToken=false" type="">More deatiles: https://hub.armo.cloud/docs/c-0034</failure></testcase><testcase classname="C-0078" status="passed" name="Images from allowed registry" time=""></testcase><testcase classname="C-0067" status="failed" name="Audit logs enabled" time=""><failure message="spec.containers[0].command" type="">More deatiles: https://hub.armo.cloud/docs/c-0067</failure></testcase><testcase classname="C-0066" status="failed" name="Secret/ETCD encryption enabled" time=""><failure message="spec.containers[0].command" type="">More deatiles: https://hub.armo.cloud/docs/c-0066</failure></testcase><testcase classname="C-0017" status="failed" name="Immutable container filesystem" time=""><failure message="spec.containers[0].securityContext.readOnlyRootFilesystem=true" type="">More deatiles: https://hub.armo.cloud/docs/c-0017</failure></testcase><testcase classname="C-0009" status="failed" name="Resource policies" time=""><failure message="spec.containers[0].resources.limits.cpu=YOUR_VALUE;spec.containers[0].resources.limits.memory=YOUR_VALUE" type="">More deatiles: https://hub.armo.cloud/docs/c-0009</failure></testcase><testcase classname="C-0068" status="failed" name="PSP enabled" time=""><failure message="spec.containers[0].command[5]" type="">More deatiles: https://hub.armo.cloud/docs/c-0068</failure></testcase><testcase classname="C-0030" status="failed" name="Ingress and Egress blocked" time=""><failure message="" type="">More deatiles: https://hub.armo.cloud/docs/c-0030</failure></testcase><testcase classname="C-0048" status="failed" name="HostPath mount" time=""><failure message="spec.volumes[0].hostPath.path;spec.volumes[1].hostPath.path;spec.volumes[2].hostPath.path;spec.volumes[3].hostPath.path" type="">More deatiles: https://hub.armo.cloud/docs/c-0048</failure></testcase><testcase classname="C-0075" status="passed" name="Image pull policy on latest tag" time=""></testcase><testcase classname="C-0050" status="failed" name="Resources CPU limit and request" time=""><failure message="spec.containers[0].resources.limits.cpu=YOUR_VALUE;spec.containers[0].resources.requests.cpu=YOUR_VALUE" type="">More deatiles: https://hub.armo.cloud/docs/c-0050</failure></testcase><testcase classname="C-0038" status="passed" name="Host PID/IPC privileges" time=""></testcase><testcase classname="C-0046" status="passed" name="Insecure capabilities" time=""></testcase><testcase classname="C-0061" status="passed" name="Pods in default namespace" time=""></testcase><testcase classname="C-0016" status="failed" name="Allow privilege escalation" time=""><failure message="spec.containers[0].securityContext.allowPrivilegeEscalation=false" type="">More deatiles: https://hub.armo.cloud/docs/c-0016</failure></testcase><testcase classname="C-0014" status="passed" name="Access Kubernetes dashboard" time=""></testcase><testcase classname="C-0001" status="passed" name="Forbidden Container Registries" time=""></testcase><testcase classname="C-0074" status="passed" name="Containers mounting Docker socket" time=""></testcase><testcase classname="C-0018" status="passed" name="Configured readiness probe" time=""></testcase><testcase classname="C-0020" status="failed" name="Mount service principal" time=""><failure message="spec.volumes[0].hostPath.path;spec.volumes[1].hostPath.path;spec.volumes[2].hostPath.path;spec.volumes[3].hostPath.path" type="">More deatiles: https://hub.armo.cloud/docs/c-0020</failure></testcase><testcase classname="C-0073" status="passed" name="Naked PODs" time=""></testcase><testcase classname="C-0044" status="passed" name="Container hostPort" time=""></testcase><testcase classname="C-0012" status="passed" name="Applications credentials in configuration files" time=""></testcase><testcase classname="C-0041" status="failed" name="HostNetwork access" time=""><failure message="spec.hostNetwork" type="">More deatiles: https://hub.armo.cloud/docs/c-0041</failure></testcase><testcase classname="C-0055" status="passed" name="Linux hardening" time=""></testcase><testcase classname="C-0006" status="passed" name="Allowed hostPath" time=""></testcase><testcase classname="C-0077" status="failed" name="K8s common labels usage" time=""><failure message="metadata.labels=YOUR_VALUE" type="">More deatiles: https://hub.armo.cloud/docs/c-0077</failure></testcase><testcase classname="C-0004" status="failed" name="Resources memory limit and request" time=""><failure message="spec.containers[0].resources.limits.memory=YOUR_VALUE;spec.containers[0].resources.requests.memory=YOUR_VALUE" type="">More deatiles: https://hub.armo.cloud/docs/c-0004</failure></testcase><testcase classname="C-0056" status="passed" name="Configured liveness probe" time=""></testcase><testcase classname="C-0057" status="passed" name="Privileged container" time=""></testcase><testcase classname="C-0045" status="passed" name="Writable hostPath mount" time=""></testcase><testcase classname="C-0076" status="failed" name="Label usage for resources" time=""><failure message="metadata.labels=YOUR_VALUE" type="">More deatiles: https://hub.armo.cloud/docs/c-0076</failure></testcase><testcase classname="C-0013" status="failed" name="Non-root containers" time=""><failure message="spec.securityContext.runAsNonRoot=true;spec.securityContext.allowPrivilegeEscalation=false" type="">More deatiles: https://hub.armo.cloud/docs/c-0013</failure></testcase><testcase classname="C-0062" status="passed" name="Sudo in container entrypoint" time=""></testcase></testsuite><testsuite name="/kube-system/ServiceAccount/daemon-set-controller/rbac.authorization.k8s.io/v1//ClusterRole/system:controller:daemon-set-controller/rbac.authorization.k8s.io/v1//ClusterRoleBinding/system:controller:daemon-set-controller" disabled="0" errors="0" failures="2" hostname="" id="169" skipped="" time="" timestamp="0001-01-01 00:00:00 +0000 UTC"><properties><property name="ID" value="/kube-system/ServiceAccount/daemon-set-controller/rbac.authorization.k8s.io/v1//ClusterRole/system:controller:daemon-set-controller/rbac.authorization.k8s.io/v1//ClusterRoleBinding/system:controller:daemon-set-controller"></property></properties><testcase classname="C-0002" status="passed" name="Exec into container" time=""></testcase><testcase classname="C-0031" status="passed" name="Delete Kubernetes events" time=""></testcase><testcase classname="C-0015" status="passed" name="List Kubernetes secrets" time=""></testcase><testcase classname="C-0035" status="passed" name="Cluster-admin binding" time=""></testcase><testcase classname="C-0007" status="failed" name="Data Destruction" time=""><failure message="relatedObjects[1].rules[4].resources[0];relatedObjects[1].rules[4].verbs[1];relatedObjects[1].rules[4].apiGroups[0];relatedObjects[0].roleRef.subjects[0];relatedObjects[0].roleRef.name" type="">More deatiles: https://hub.armo.cloud/docs/c-0007</failure></testcase><testcase classname="C-0065" status="passed" name="No impersonation" time=""></testcase><testcase classname="C-0063" status="passed" name="Portforwarding privileges" time=""></testcase><testcase classname="C-0014" status="passed" name="Access Kubernetes dashboard" time=""></testcase><testcase classname="C-0037" status="passed" name="CoreDNS poisoning" time=""></testcase><testcase classname="C-0053" status="failed" name="Access container service account" time=""><failure message="" type="">More deatiles: https://hub.armo.cloud/docs/c-0053</failure></testcase></testsuite><testsuite name="/v1/kube-system/ServiceAccount/namespace-controller" disabled="0" errors="0" failures="1" hostname="" id="170" skipped="" time="" timestamp="0001-01-01 00:00:00 +0000 UTC"><properties><property name="ID" value="/v1/kube-system/ServiceAccount/namespace-controller"></property></properties><testcase classname="C-0034" status="failed" name="Automatic mapping of service account" time=""><failure message="automountServiceAccountToken=false" type="">More deatiles: https://hub.armo.cloud/docs/c-0034</failure></testcase><testcase classname="C-0060" status="passed" name="Namespace without service accounts" time=""></testcase></testsuite><testsuite name="apps/v1/cyberarmor-system/Deployment/ca-posture" disabled="0" errors="0" failures="11" hostname="" id="171" skipped="" time="" timestamp="0001-01-01 00:00:00 +0000 UTC"><properties><property name="ID" value="apps/v1/cyberarmor-system/Deployment/ca-posture"></property></properties><testcase classname="C-0034" status="failed" name="Automatic mapping of service account" time=""><failure message="spec.template.spec.automountServiceAccountToken=false" type="">More deatiles: https://hub.armo.cloud/docs/c-0034</failure></testcase><testcase classname="C-0078" status="failed" name="Images from allowed registry" time=""><failure message="spec.template.spec.containers[0].image" type="">More deatiles: https://hub.armo.cloud/docs/c-0078</failure></testcase><testcase classname="C-0017" status="failed" name="Immutable container filesystem" time=""><failure message="spec.template.spec.containers[0].securityContext.readOnlyRootFilesystem=true" type="">More deatiles: https://hub.armo.cloud/docs/c-0017</failure></testcase><testcase classname="C-0009" status="passed" name="Resource policies" time=""></testcase><testcase classname="C-0030" status="failed" name="Ingress and Egress blocked" time=""><failure message="" type="">More deatiles: https://hub.armo.cloud/docs/c-0030</failure></testcase><testcase classname="C-0048" status="passed" name="HostPath mount" time=""></testcase><testcase classname="C-0075" status="passed" name="Image pull policy on latest tag" time=""></testcase><testcase classname="C-0050" status="passed" name="Resources CPU limit and request" time=""></testcase><testcase classname="C-0038" status="passed" name="Host PID/IPC privileges" time=""></testcase><testcase classname="C-0046" status="passed" name="Insecure capabilities" time=""></testcase><testcase classname="C-0061" status="passed" name="Pods in default namespace" time=""></testcase><testcase classname="C-0016" status="failed" name="Allow privilege escalation" time=""><failure message="spec.template.spec.containers[0].securityContext.allowPrivilegeEscalation=false" type="">More deatiles: https://hub.armo.cloud/docs/c-0016</failure></testcase><testcase classname="C-0014" status="passed" name="Access Kubernetes dashboard" time=""></testcase><testcase classname="C-0001" status="failed" name="Forbidden Container Registries" time=""><failure message="spec.template.spec.containers[0].image" type="">More deatiles: https://hub.armo.cloud/docs/c-0001</failure></testcase><testcase classname="C-0074" status="passed" name="Containers mounting Docker socket" time=""></testcase><testcase classname="C-0018" status="passed" name="Configured readiness probe" time=""></testcase><testcase classname="C-0020" status="passed" name="Mount service principal" time=""></testcase><testcase classname="C-0044" status="passed" name="Container hostPort" time=""></testcase><testcase classname="C-0012" status="passed" name="Applications credentials in configuration files" time=""></testcase><testcase classname="C-0041" status="passed" name="HostNetwork access" time=""></testcase><testcase classname="C-0055" status="failed" name="Linux hardening" time=""><failure message="spec.template.spec.securityContext" type="">More deatiles: https://hub.armo.cloud/docs/c-0055</failure></testcase><testcase classname="C-0006" status="passed" name="Allowed hostPath" time=""></testcase><testcase classname="C-0077" status="failed" name="K8s common labels usage" time=""><failure message="metadata.labels=YOUR_VALUE;spec.template.metadata.labels=YOUR_VALUE" type="">More deatiles: https://hub.armo.cloud/docs/c-0077</failure></testcase><testcase classname="C-0004" status="passed" name="Resources memory limit and request" time=""></testcase><testcase classname="C-0056" status="failed" name="Configured liveness probe" time=""><failure message="spec.template.spec.containers[0].livenessProbe=YOUR_VALUE" type="">More deatiles: https://hub.armo.cloud/docs/c-0056</failure></testcase><testcase classname="C-0057" status="passed" name="Privileged container" time=""></testcase><testcase classname="C-0045" status="passed" name="Writable hostPath mount" time=""></testcase><testcase classname="C-0076" status="failed" name="Label usage for resources" time=""><failure message="metadata.labels=YOUR_VALUE;spec.template.metadata.labels=YOUR_VALUE" type="">More deatiles: https://hub.armo.cloud/docs/c-0076</failure></testcase><testcase classname="C-0013" status="failed" name="Non-root containers" time=""><failure message="spec.template.spec.securityContext.runAsNonRoot=true;spec.template.spec.securityContext.allowPrivilegeEscalation=false" type="">More deatiles: https://hub.armo.cloud/docs/c-0013</failure></testcase><testcase classname="C-0062" status="passed" name="Sudo in container entrypoint" time=""></testcase></testsuite><testsuite name="/kube-system/ServiceAccount/bootstrap-signer/rbac.authorization.k8s.io/v1/kube-public/Role/system:controller:bootstrap-signer/rbac.authorization.k8s.io/v1/kube-system/RoleBinding/system:controller:bootstrap-signer" disabled="0" errors="0" failures="1" hostname="" id="172" skipped="" time="" timestamp="0001-01-01 00:00:00 +0000 UTC"><properties><property name="ID" value="/kube-system/ServiceAccount/bootstrap-signer/rbac.authorization.k8s.io/v1/kube-public/Role/system:controller:bootstrap-signer/rbac.authorization.k8s.io/v1/kube-system/RoleBinding/system:controller:bootstrap-signer"></property></properties><testcase classname="C-0002" status="passed" name="Exec into container" time=""></testcase><testcase classname="C-0031" status="passed" name="Delete Kubernetes events" time=""></testcase><testcase classname="C-0015" status="passed" name="List Kubernetes secrets" time=""></testcase><testcase classname="C-0035" status="passed" name="Cluster-admin binding" time=""></testcase><testcase classname="C-0007" status="passed" name="Data Destruction" time=""></testcase><testcase classname="C-0065" status="passed" name="No impersonation" time=""></testcase><testcase classname="C-0063" status="passed" name="Portforwarding privileges" time=""></testcase><testcase classname="C-0014" status="passed" name="Access Kubernetes dashboard" time=""></testcase><testcase classname="C-0037" status="passed" name="CoreDNS poisoning" time=""></testcase><testcase classname="C-0053" status="failed" name="Access container service account" time=""><failure message="" type="">More deatiles: https://hub.armo.cloud/docs/c-0053</failure></testcase></testsuite><testsuite name="/v1/cyberarmor-system/Pod/ca-webhook-76d68c889b-8fqvc" disabled="0" errors="0" failures="0" hostname="" id="173" skipped="" time="" timestamp="0001-01-01 00:00:00 +0000 UTC"><properties><property name="ID" value="/v1/cyberarmor-system/Pod/ca-webhook-76d68c889b-8fqvc"></property></properties><testcase classname="C-0073" status="passed" name="Naked PODs" time=""></testcase></testsuite><testsuite name="apps/v1/system-test/Deployment/apache" disabled="0" errors="0" failures="15" hostname="" id="174" skipped="" time="" timestamp="0001-01-01 00:00:00 +0000 UTC"><properties><property name="ID" value="apps/v1/system-test/Deployment/apache"></property></properties><testcase classname="C-0034" status="failed" name="Automatic mapping of service account" time=""><failure message="spec.template.spec.automountServiceAccountToken=false" type="">More deatiles: https://hub.armo.cloud/docs/c-0034</failure></testcase><testcase classname="C-0078" status="failed" name="Images from allowed registry" time=""><failure message="spec.template.spec.containers[0].image" type="">More deatiles: https://hub.armo.cloud/docs/c-0078</failure></testcase><testcase classname="C-0017" status="failed" name="Immutable container filesystem" time=""><failure message="spec.template.spec.containers[0].securityContext.readOnlyRootFilesystem=true" type="">More deatiles: https://hub.armo.cloud/docs/c-0017</failure></testcase><testcase classname="C-0009" status="failed" name="Resource policies" time=""><failure message="spec.template.spec.containers[0].resources.limits.cpu=YOUR_VALUE;spec.template.spec.containers[0].resources.limits.memory=YOUR_VALUE" type="">More deatiles: https://hub.armo.cloud/docs/c-0009</failure></testcase><testcase classname="C-0030" status="failed" name="Ingress and Egress blocked" time=""><failure message="" type="">More deatiles: https://hub.armo.cloud/docs/c-0030</failure></testcase><testcase classname="C-0048" status="passed" name="HostPath mount" time=""></testcase><testcase classname="C-0075" status="passed" name="Image pull policy on latest tag" time=""></testcase><testcase classname="C-0050" status="failed" name="Resources CPU limit and request" time=""><failure message="spec.template.spec.containers[0].resources.limits.cpu=YOUR_VALUE;spec.template.spec.containers[0].resources.requests.cpu=YOUR_VALUE" type="">More deatiles: https://hub.armo.cloud/docs/c-0050</failure></testcase><testcase classname="C-0038" status="passed" name="Host PID/IPC privileges" time=""></testcase><testcase classname="C-0046" status="passed" name="Insecure capabilities" time=""></testcase><testcase classname="C-0061" status="passed" name="Pods in default namespace" time=""></testcase><testcase classname="C-0016" status="failed" name="Allow privilege escalation" time=""><failure message="spec.template.spec.containers[0].securityContext.allowPrivilegeEscalation=false" type="">More deatiles: https://hub.armo.cloud/docs/c-0016</failure></testcase><testcase classname="C-0014" status="passed" name="Access Kubernetes dashboard" time=""></testcase><testcase classname="C-0001" status="failed" name="Forbidden Container Registries" time=""><failure message="spec.template.spec.containers[0].image" type="">More deatiles: https://hub.armo.cloud/docs/c-0001</failure></testcase><testcase classname="C-0074" status="passed" name="Containers mounting Docker socket" time=""></testcase><testcase classname="C-0018" status="failed" name="Configured readiness probe" time=""><failure message="spec.template.spec.containers[0].readinessProbe=YOUR_VALUE" type="">More deatiles: https://hub.armo.cloud/docs/c-0018</failure></testcase><testcase classname="C-0020" status="passed" name="Mount service principal" time=""></testcase><testcase classname="C-0044" status="passed" name="Container hostPort" time=""></testcase><testcase classname="C-0012" status="passed" name="Applications credentials in configuration files" time=""></testcase><testcase classname="C-0041" status="passed" name="HostNetwork access" time=""></testcase><testcase classname="C-0055" status="failed" name="Linux hardening" time=""><failure message="spec.template.spec.securityContext" type="">More deatiles: https://hub.armo.cloud/docs/c-0055</failure></testcase><testcase classname="C-0006" status="passed" name="Allowed hostPath" time=""></testcase><testcase classname="C-0077" status="failed" name="K8s common labels usage" time=""><failure message="metadata.labels=YOUR_VALUE;spec.template.metadata.labels=YOUR_VALUE" type="">More deatiles: https://hub.armo.cloud/docs/c-0077</failure></testcase><testcase classname="C-0004" status="failed" name="Resources memory limit and request" time=""><failure message="spec.containers[0].resources.limits.memory=YOUR_VALUE;spec.containers[0].resources.requests.memory=YOUR_VALUE" type="">More deatiles: https://hub.armo.cloud/docs/c-0004</failure></testcase><testcase classname="C-0056" status="failed" name="Configured liveness probe" time=""><failure message="spec.template.spec.containers[0].livenessProbe=YOUR_VALUE" type="">More deatiles: https://hub.armo.cloud/docs/c-0056</failure></testcase><testcase classname="C-0057" status="passed" name="Privileged container" time=""></testcase><testcase classname="C-0045" status="passed" name="Writable hostPath mount" time=""></testcase><testcase classname="C-0076" status="failed" name="Label usage for resources" time=""><failure message="metadata.labels=YOUR_VALUE;spec.template.metadata.labels=YOUR_VALUE" type="">More deatiles: https://hub.armo.cloud/docs/c-0076</failure></testcase><testcase classname="C-0013" status="failed" name="Non-root containers" time=""><failure message="spec.template.spec.securityContext.runAsNonRoot=true;spec.template.spec.securityContext.allowPrivilegeEscalation=false" type="">More deatiles: https://hub.armo.cloud/docs/c-0013</failure></testcase><testcase classname="C-0062" status="passed" name="Sudo in container entrypoint" time=""></testcase></testsuite><testsuite name="rbac.authorization.k8s.io//User/system:kube-controller-manager/rbac.authorization.k8s.io/v1//ClusterRole/system:kube-controller-manager/rbac.authorization.k8s.io/v1//ClusterRoleBinding/system:kube-controller-manager" disabled="0" errors="0" failures="2" hostname="" id="175" skipped="" time="" timestamp="0001-01-01 00:00:00 +0000 UTC"><properties><property name="ID" value="rbac.authorization.k8s.io//User/system:kube-controller-manager/rbac.authorization.k8s.io/v1//ClusterRole/system:kube-controller-manager/rbac.authorization.k8s.io/v1//ClusterRoleBinding/system:kube-controller-manager"></property></properties><testcase classname="C-0002" status="passed" name="Exec into container" time=""></testcase><testcase classname="C-0031" status="passed" name="Delete Kubernetes events" time=""></testcase><testcase classname="C-0015" status="failed" name="List Kubernetes secrets" time=""><failure message="relatedObjects[1].rules[7].resources[2];relatedObjects[1].rules[7].verbs[0];relatedObjects[1].rules[7].apiGroups[0];relatedObjects[0].roleRef.subjects[0];relatedObjects[0].roleRef.name;relatedObjects[1].rules[11].resources[0];relatedObjects[1].rules[11].verbs[0];relatedObjects[1].rules[11].verbs[1];relatedObjects[1].rules[11].apiGroups[0];relatedObjects[0].roleRef.subjects[0];relatedObjects[0].roleRef.name" type="">More deatiles: https://hub.armo.cloud/docs/c-0015</failure></testcase><testcase classname="C-0035" status="passed" name="Cluster-admin binding" time=""></testcase><testcase classname="C-0007" status="failed" name="Data Destruction" time=""><failure message="relatedObjects[1].rules[6].resources[0];relatedObjects[1].rules[6].verbs[0];relatedObjects[1].rules[6].apiGroups[0];relatedObjects[0].roleRef.subjects[0];relatedObjects[0].roleRef.name" type="">More deatiles: https://hub.armo.cloud/docs/c-0007</failure></testcase><testcase classname="C-0065" status="passed" name="No impersonation" time=""></testcase><testcase classname="C-0063" status="passed" name="Portforwarding privileges" time=""></testcase><testcase classname="C-0014" status="passed" name="Access Kubernetes dashboard" time=""></testcase><testcase classname="C-0037" status="passed" name="CoreDNS poisoning" time=""></testcase></testsuite><testsuite name="/v1/kube-system/Pod/kube-proxy-g2pqh" disabled="0" errors="0" failures="0" hostname="" id="176" skipped="" time="" timestamp="0001-01-01 00:00:00 +0000 UTC"><properties><property name="ID" value="/v1/kube-system/Pod/kube-proxy-g2pqh"></property></properties><testcase classname="C-0073" status="passed" name="Naked PODs" time=""></testcase></testsuite><testsuite name="/v1/kube-system/ServiceAccount/certificate-controller" disabled="0" errors="0" failures="1" hostname="" id="177" skipped="" time="" timestamp="0001-01-01 00:00:00 +0000 UTC"><properties><property name="ID" value="/v1/kube-system/ServiceAccount/certificate-controller"></property></properties><testcase classname="C-0034" status="failed" name="Automatic mapping of service account" time=""><failure message="automountServiceAccountToken=false" type="">More deatiles: https://hub.armo.cloud/docs/c-0034</failure></testcase><testcase classname="C-0060" status="passed" name="Namespace without service accounts" time=""></testcase></testsuite><testsuite name="/nginx-ingress/ServiceAccount/nginx-ingress/rbac.authorization.k8s.io/v1//ClusterRole/nginx-ingress-roles/rbac.authorization.k8s.io/v1//ClusterRoleBinding/nginx-ingress-roles-binding" disabled="0" errors="0" failures="9" hostname="" id="178" skipped="" time="" timestamp="0001-01-01 00:00:00 +0000 UTC"><properties><property name="ID" value="/nginx-ingress/ServiceAccount/nginx-ingress/rbac.authorization.k8s.io/v1//ClusterRole/nginx-ingress-roles/rbac.authorization.k8s.io/v1//ClusterRoleBinding/nginx-ingress-roles-binding"></property></properties><testcase classname="C-0002" status="failed" name="Exec into container" time=""><failure message="relatedObjects[1].rules[0].resources[0];relatedObjects[1].rules[0].verbs[0];relatedObjects[1].rules[0].apiGroups[0];relatedObjects[0].roleRef.subjects[0];relatedObjects[0].roleRef.name" type="">More deatiles: https://hub.armo.cloud/docs/c-0002</failure></testcase><testcase classname="C-0031" status="failed" name="Delete Kubernetes events" time=""><failure message="relatedObjects[1].rules[0].resources[0];relatedObjects[1].rules[0].verbs[0];relatedObjects[1].rules[0].apiGroups[0];relatedObjects[0].roleRef.subjects[0];relatedObjects[0].roleRef.name" type="">More deatiles: https://hub.armo.cloud/docs/c-0031</failure></testcase><testcase classname="C-0015" status="failed" name="List Kubernetes secrets" time=""><failure message="relatedObjects[1].rules[0].resources[0];relatedObjects[1].rules[0].verbs[0];relatedObjects[1].rules[0].apiGroups[0];relatedObjects[0].roleRef.subjects[0];relatedObjects[0].roleRef.name" type="">More deatiles: https://hub.armo.cloud/docs/c-0015</failure></testcase><testcase classname="C-0035" status="failed" name="Cluster-admin binding" time=""><failure message="relatedObjects[1].rules[0].resources[0];relatedObjects[1].rules[0].verbs[0];relatedObjects[1].rules[0].apiGroups[0];relatedObjects[0].roleRef.subjects[0];relatedObjects[0].roleRef.name" type="">More deatiles: https://hub.armo.cloud/docs/c-0035</failure></testcase><testcase classname="C-0007" status="failed" name="Data Destruction" time=""><failure message="relatedObjects[1].rules[0].resources[0];relatedObjects[1].rules[0].verbs[0];relatedObjects[1].rules[0].apiGroups[0];relatedObjects[0].roleRef.subjects[0];relatedObjects[0].roleRef.name" type="">More deatiles: https://hub.armo.cloud/docs/c-0007</failure></testcase><testcase classname="C-0065" status="failed" name="No impersonation" time=""><failure message="relatedObjects[1].rules[0].resources[0];relatedObjects[1].rules[0].verbs[0];relatedObjects[1].rules[0].apiGroups[0];relatedObjects[0].roleRef.subjects[0];relatedObjects[0].roleRef.name" type="">More deatiles: https://hub.armo.cloud/docs/c-0065</failure></testcase><testcase classname="C-0063" status="failed" name="Portforwarding privileges" time=""><failure message="relatedObjects[1].rules[0].resources[0];relatedObjects[1].rules[0].verbs[0];relatedObjects[1].rules[0].apiGroups[0];relatedObjects[0].roleRef.subjects[0];relatedObjects[0].roleRef.name" type="">More deatiles: https://hub.armo.cloud/docs/c-0063</failure></testcase><testcase classname="C-0014" status="passed" name="Access Kubernetes dashboard" time=""></testcase><testcase classname="C-0037" status="failed" name="CoreDNS poisoning" time=""><failure message="relatedObjects[1].rules[0].resources[0];relatedObjects[1].rules[0].verbs[0];relatedObjects[1].rules[0].apiGroups[0];relatedObjects[0].roleRef.subjects[0];relatedObjects[0].roleRef.name" type="">More deatiles: https://hub.armo.cloud/docs/c-0037</failure></testcase><testcase classname="C-0053" status="failed" name="Access container service account" time=""><failure message="" type="">More deatiles: https://hub.armo.cloud/docs/c-0053</failure></testcase></testsuite><testsuite name="/kube-system/ServiceAccount/service-controller/rbac.authorization.k8s.io/v1//ClusterRole/system:controller:service-controller/rbac.authorization.k8s.io/v1//ClusterRoleBinding/system:controller:service-controller" disabled="0" errors="0" failures="1" hostname="" id="179" skipped="" time="" timestamp="0001-01-01 00:00:00 +0000 UTC"><properties><property name="ID" value="/kube-system/ServiceAccount/service-controller/rbac.authorization.k8s.io/v1//ClusterRole/system:controller:service-controller/rbac.authorization.k8s.io/v1//ClusterRoleBinding/system:controller:service-controller"></property></properties><testcase classname="C-0002" status="passed" name="Exec into container" time=""></testcase><testcase classname="C-0031" status="passed" name="Delete Kubernetes events" time=""></testcase><testcase classname="C-0015" status="passed" name="List Kubernetes secrets" time=""></testcase><testcase classname="C-0035" status="passed" name="Cluster-admin binding" time=""></testcase><testcase classname="C-0007" status="passed" name="Data Destruction" time=""></testcase><testcase classname="C-0065" status="passed" name="No impersonation" time=""></testcase><testcase classname="C-0063" status="passed" name="Portforwarding privileges" time=""></testcase><testcase classname="C-0014" status="passed" name="Access Kubernetes dashboard" time=""></testcase><testcase classname="C-0037" status="passed" name="CoreDNS poisoning" time=""></testcase><testcase classname="C-0053" status="failed" name="Access container service account" time=""><failure message="" type="">More deatiles: https://hub.armo.cloud/docs/c-0053</failure></testcase></testsuite><testsuite name="/v1/kube-system/ServiceAccount/ttl-controller" disabled="0" errors="0" failures="1" hostname="" id="180" skipped="" time="" timestamp="0001-01-01 00:00:00 +0000 UTC"><properties><property name="ID" value="/v1/kube-system/ServiceAccount/ttl-controller"></property></properties><testcase classname="C-0034" status="failed" name="Automatic mapping of service account" time=""><failure message="automountServiceAccountToken=false" type="">More deatiles: https://hub.armo.cloud/docs/c-0034</failure></testcase><testcase classname="C-0060" status="passed" name="Namespace without service accounts" time=""></testcase></testsuite><testsuite name="/v1/kube-system/ServiceAccount/deployment-controller" disabled="0" errors="0" failures="1" hostname="" id="181" skipped="" time="" timestamp="0001-01-01 00:00:00 +0000 UTC"><properties><property name="ID" value="/v1/kube-system/ServiceAccount/deployment-controller"></property></properties><testcase classname="C-0034" status="failed" name="Automatic mapping of service account" time=""><failure message="automountServiceAccountToken=false" type="">More deatiles: https://hub.armo.cloud/docs/c-0034</failure></testcase><testcase classname="C-0060" status="passed" name="Namespace without service accounts" time=""></testcase></testsuite><testsuite name="/v1/armo-system/ServiceAccount/armo-scanner-service-account" disabled="0" errors="0" failures="0" hostname="" id="182" skipped="" time="" timestamp="0001-01-01 00:00:00 +0000 UTC"><properties><property name="ID" value="/v1/armo-system/ServiceAccount/armo-scanner-service-account"></property></properties><testcase classname="C-0034" status="passed" name="Automatic mapping of service account" time=""></testcase><testcase classname="C-0060" status="passed" name="Namespace without service accounts" time=""></testcase></testsuite><testsuite name="apps/v1/nginx-ingress/Deployment/nginx-ingress" disabled="0" errors="0" failures="14" hostname="" id="183" skipped="" time="" timestamp="0001-01-01 00:00:00 +0000 UTC"><properties><property name="ID" value="apps/v1/nginx-ingress/Deployment/nginx-ingress"></property></properties><testcase classname="C-0034" status="failed" name="Automatic mapping of service account" time=""><failure message="spec.template.spec.automountServiceAccountToken=false" type="">More deatiles: https://hub.armo.cloud/docs/c-0034</failure></testcase><testcase classname="C-0078" status="passed" name="Images from allowed registry" time=""></testcase><testcase classname="C-0017" status="failed" name="Immutable container filesystem" time=""><failure message="spec.template.spec.containers[0].securityContext.readOnlyRootFilesystem=true" type="">More deatiles: https://hub.armo.cloud/docs/c-0017</failure></testcase><testcase classname="C-0009" status="failed" name="Resource policies" time=""><failure message="spec.template.spec.containers[0].resources.limits.cpu=YOUR_VALUE;spec.template.spec.containers[0].resources.limits.memory=YOUR_VALUE" type="">More deatiles: https://hub.armo.cloud/docs/c-0009</failure></testcase><testcase classname="C-0030" status="failed" name="Ingress and Egress blocked" time=""><failure message="" type="">More deatiles: https://hub.armo.cloud/docs/c-0030</failure></testcase><testcase classname="C-0048" status="passed" name="HostPath mount" time=""></testcase><testcase classname="C-0075" status="passed" name="Image pull policy on latest tag" time=""></testcase><testcase classname="C-0050" status="failed" name="Resources CPU limit and request" time=""><failure message="spec.template.spec.containers[0].resources.limits.cpu=YOUR_VALUE;spec.template.spec.containers[0].resources.requests.cpu=YOUR_VALUE" type="">More deatiles: https://hub.armo.cloud/docs/c-0050</failure></testcase><testcase classname="C-0038" status="passed" name="Host PID/IPC privileges" time=""></testcase><testcase classname="C-0046" status="passed" name="Insecure capabilities" time=""></testcase><testcase classname="C-0061" status="passed" name="Pods in default namespace" time=""></testcase><testcase classname="C-0016" status="failed" name="Allow privilege escalation" time=""><failure message="spec.template.spec.containers[0].securityContext.allowPrivilegeEscalation=false" type="">More deatiles: https://hub.armo.cloud/docs/c-0016</failure></testcase><testcase classname="C-0014" status="passed" name="Access Kubernetes dashboard" time=""></testcase><testcase classname="C-0001" status="passed" name="Forbidden Container Registries" time=""></testcase><testcase classname="C-0074" status="passed" name="Containers mounting Docker socket" time=""></testcase><testcase classname="C-0018" status="failed" name="Configured readiness probe" time=""><failure message="spec.template.spec.containers[0].readinessProbe=YOUR_VALUE" type="">More deatiles: https://hub.armo.cloud/docs/c-0018</failure></testcase><testcase classname="C-0020" status="passed" name="Mount service principal" time=""></testcase><testcase classname="C-0044" status="passed" name="Container hostPort" time=""></testcase><testcase classname="C-0012" status="passed" name="Applications credentials in configuration files" time=""></testcase><testcase classname="C-0041" status="passed" name="HostNetwork access" time=""></testcase><testcase classname="C-0055" status="failed" name="Linux hardening" time=""><failure message="spec.template.spec.securityContext" type="">More deatiles: https://hub.armo.cloud/docs/c-0055</failure></testcase><testcase classname="C-0059" status="failed" name="CVE-2021-25742-nginx-ingress-snippet-annotation-vulnerability" time=""><failure message="spec.template.spec.containers[0].image" type="">More deatiles: https://hub.armo.cloud/docs/c-0059</failure></testcase><testcase classname="C-0006" status="passed" name="Allowed hostPath" time=""></testcase><testcase classname="C-0077" status="failed" name="K8s common labels usage" time=""><failure message="metadata.labels=YOUR_VALUE;spec.template.metadata.labels=YOUR_VALUE" type="">More deatiles: https://hub.armo.cloud/docs/c-0077</failure></testcase><testcase classname="C-0004" status="failed" name="Resources memory limit and request" time=""><failure message="spec.containers[0].resources.limits.memory=YOUR_VALUE;spec.containers[0].resources.requests.memory=YOUR_VALUE" type="">More deatiles: https://hub.armo.cloud/docs/c-0004</failure></testcase><testcase classname="C-0056" status="failed" name="Configured liveness probe" time=""><failure message="spec.template.spec.containers[0].livenessProbe=YOUR_VALUE" type="">More deatiles: https://hub.armo.cloud/docs/c-0056</failure></testcase><testcase classname="C-0057" status="passed" name="Privileged container" time=""></testcase><testcase classname="C-0045" status="passed" name="Writable hostPath mount" time=""></testcase><testcase classname="C-0076" status="failed" name="Label usage for resources" time=""><failure message="metadata.labels=YOUR_VALUE;spec.template.metadata.labels=YOUR_VALUE" type="">More deatiles: https://hub.armo.cloud/docs/c-0076</failure></testcase><testcase classname="C-0013" status="failed" name="Non-root containers" time=""><failure message="spec.template.spec.securityContext.runAsNonRoot=true;spec.template.spec.securityContext.allowPrivilegeEscalation=false" type="">More deatiles: https://hub.armo.cloud/docs/c-0013</failure></testcase><testcase classname="C-0062" status="passed" name="Sudo in container entrypoint" time=""></testcase></testsuite><testsuite name="/kube-system/ServiceAccount/bootstrap-signer/rbac.authorization.k8s.io/v1/kube-system/Role/system:controller:bootstrap-signer/rbac.authorization.k8s.io/v1/kube-system/RoleBinding/system:controller:bootstrap-signer" disabled="0" errors="0" failures="2" hostname="" id="184" skipped="" time="" timestamp="0001-01-01 00:00:00 +0000 UTC"><properties><property name="ID" value="/kube-system/ServiceAccount/bootstrap-signer/rbac.authorization.k8s.io/v1/kube-system/Role/system:controller:bootstrap-signer/rbac.authorization.k8s.io/v1/kube-system/RoleBinding/system:controller:bootstrap-signer"></property></properties><testcase classname="C-0002" status="passed" name="Exec into container" time=""></testcase><testcase classname="C-0031" status="passed" name="Delete Kubernetes events" time=""></testcase><testcase classname="C-0015" status="failed" name="List Kubernetes secrets" time=""><failure message="relatedObjects[1].rules[0].resources[0];relatedObjects[1].rules[0].verbs[0];relatedObjects[1].rules[0].verbs[1];relatedObjects[1].rules[0].verbs[2];relatedObjects[1].rules[0].apiGroups[0];relatedObjects[0].roleRef.subjects[0];relatedObjects[0].roleRef.name" type="">More deatiles: https://hub.armo.cloud/docs/c-0015</failure></testcase><testcase classname="C-0035" status="passed" name="Cluster-admin binding" time=""></testcase><testcase classname="C-0007" status="passed" name="Data Destruction" time=""></testcase><testcase classname="C-0065" status="passed" name="No impersonation" time=""></testcase><testcase classname="C-0063" status="passed" name="Portforwarding privileges" time=""></testcase><testcase classname="C-0014" status="passed" name="Access Kubernetes dashboard" time=""></testcase><testcase classname="C-0037" status="passed" name="CoreDNS poisoning" time=""></testcase><testcase classname="C-0053" status="failed" name="Access container service account" time=""><failure message="" type="">More deatiles: https://hub.armo.cloud/docs/c-0053</failure></testcase></testsuite><testsuite name="/v1/cyberarmor-system/Pod/ca-ocimage-799fdc4564-2ttsq" disabled="0" errors="0" failures="0" hostname="" id="185" skipped="" time="" timestamp="0001-01-01 00:00:00 +0000 UTC"><properties><property name="ID" value="/v1/cyberarmor-system/Pod/ca-ocimage-799fdc4564-2ttsq"></property></properties><testcase classname="C-0073" status="passed" name="Naked PODs" time=""></testcase></testsuite><testsuite name="admissionregistration.k8s.io/v1//MutatingWebhookConfiguration/ca-mutate-cfg" disabled="0" errors="0" failures="1" hostname="" id="186" skipped="" time="" timestamp="0001-01-01 00:00:00 +0000 UTC"><properties><property name="ID" value="admissionregistration.k8s.io/v1//MutatingWebhookConfiguration/ca-mutate-cfg"></property></properties><testcase classname="C-0039" status="failed" name="Malicious admission controller (mutating)" time=""><failure message="" type="">More deatiles: https://hub.armo.cloud/docs/c-0039</failure></testcase></testsuite><testsuite name="/v1/nginx-ingress/ConfigMap/kube-root-ca.crt" disabled="0" errors="0" failures="0" hostname="" id="187" skipped="" time="" timestamp="0001-01-01 00:00:00 +0000 UTC"><properties><property name="ID" value="/v1/nginx-ingress/ConfigMap/kube-root-ca.crt"></property></properties><testcase classname="C-0012" status="passed" name="Applications credentials in configuration files" time=""></testcase></testsuite><testsuite name="/kube-system/ServiceAccount/pv-protection-controller/rbac.authorization.k8s.io/v1//ClusterRole/system:controller:pv-protection-controller/rbac.authorization.k8s.io/v1//ClusterRoleBinding/system:controller:pv-protection-controller" disabled="0" errors="0" failures="1" hostname="" id="188" skipped="" time="" timestamp="0001-01-01 00:00:00 +0000 UTC"><properties><property name="ID" value="/kube-system/ServiceAccount/pv-protection-controller/rbac.authorization.k8s.io/v1//ClusterRole/system:controller:pv-protection-controller/rbac.authorization.k8s.io/v1//ClusterRoleBinding/system:controller:pv-protection-controller"></property></properties><testcase classname="C-0002" status="passed" name="Exec into container" time=""></testcase><testcase classname="C-0031" status="passed" name="Delete Kubernetes events" time=""></testcase><testcase classname="C-0015" status="passed" name="List Kubernetes secrets" time=""></testcase><testcase classname="C-0035" status="passed" name="Cluster-admin binding" time=""></testcase><testcase classname="C-0007" status="passed" name="Data Destruction" time=""></testcase><testcase classname="C-0065" status="passed" name="No impersonation" time=""></testcase><testcase classname="C-0063" status="passed" name="Portforwarding privileges" time=""></testcase><testcase classname="C-0014" status="passed" name="Access Kubernetes dashboard" time=""></testcase><testcase classname="C-0037" status="passed" name="CoreDNS poisoning" time=""></testcase><testcase classname="C-0053" status="failed" name="Access container service account" time=""><failure message="" type="">More deatiles: https://hub.armo.cloud/docs/c-0053</failure></testcase></testsuite><testsuite name="rbac.authorization.k8s.io//User/system:kube-scheduler/rbac.authorization.k8s.io/v1//ClusterRole/system:kube-scheduler/rbac.authorization.k8s.io/v1//ClusterRoleBinding/system:kube-scheduler" disabled="0" errors="0" failures="1" hostname="" id="189" skipped="" time="" timestamp="0001-01-01 00:00:00 +0000 UTC"><properties><property name="ID" value="rbac.authorization.k8s.io//User/system:kube-scheduler/rbac.authorization.k8s.io/v1//ClusterRole/system:kube-scheduler/rbac.authorization.k8s.io/v1//ClusterRoleBinding/system:kube-scheduler"></property></properties><testcase classname="C-0002" status="passed" name="Exec into container" time=""></testcase><testcase classname="C-0031" status="passed" name="Delete Kubernetes events" time=""></testcase><testcase classname="C-0015" status="passed" name="List Kubernetes secrets" time=""></testcase><testcase classname="C-0035" status="passed" name="Cluster-admin binding" time=""></testcase><testcase classname="C-0007" status="failed" name="Data Destruction" time=""><failure message="relatedObjects[1].rules[6].resources[0];relatedObjects[1].rules[6].verbs[0];relatedObjects[1].rules[6].apiGroups[0];relatedObjects[0].roleRef.subjects[0];relatedObjects[0].roleRef.name" type="">More deatiles: https://hub.armo.cloud/docs/c-0007</failure></testcase><testcase classname="C-0065" status="passed" name="No impersonation" time=""></testcase><testcase classname="C-0063" status="passed" name="Portforwarding privileges" time=""></testcase><testcase classname="C-0014" status="passed" name="Access Kubernetes dashboard" time=""></testcase><testcase classname="C-0037" status="passed" name="CoreDNS poisoning" time=""></testcase></testsuite><testsuite name="/v1//Namespace/cyberarmor-system" disabled="0" errors="0" failures="2" hostname="" id="190" skipped="" time="" timestamp="0001-01-01 00:00:00 +0000 UTC"><properties><property name="ID" value="/v1//Namespace/cyberarmor-system"></property></properties><testcase classname="C-0049" status="failed" name="Network mapping" time=""><failure message="" type="">More deatiles: https://hub.armo.cloud/docs/c-0049</failure></testcase><testcase classname="C-0054" status="failed" name="Cluster internal networking" time=""><failure message="" type="">More deatiles: https://hub.armo.cloud/docs/c-0054</failure></testcase><testcase classname="C-0060" status="passed" name="Namespace without service accounts" time=""></testcase></testsuite><testsuite name="/v1/kube-system/Pod/storage-provisioner" disabled="0" errors="0" failures="18" hostname="" id="191" skipped="" time="" timestamp="0001-01-01 00:00:00 +0000 UTC"><properties><property name="ID" value="/v1/kube-system/Pod/storage-provisioner"></property></properties><testcase classname="C-0034" status="failed" name="Automatic mapping of service account" time=""><failure message="spec.automountServiceAccountToken=false" type="">More deatiles: https://hub.armo.cloud/docs/c-0034</failure></testcase><testcase classname="C-0078" status="failed" name="Images from allowed registry" time=""><failure message="spec.containers[0].image" type="">More deatiles: https://hub.armo.cloud/docs/c-0078</failure></testcase><testcase classname="C-0017" status="failed" name="Immutable container filesystem" time=""><failure message="spec.containers[0].securityContext.readOnlyRootFilesystem=true" type="">More deatiles: https://hub.armo.cloud/docs/c-0017</failure></testcase><testcase classname="C-0009" status="failed" name="Resource policies" time=""><failure message="spec.containers[0].resources.limits.cpu=YOUR_VALUE;spec.containers[0].resources.limits.memory=YOUR_VALUE" type="">More deatiles: https://hub.armo.cloud/docs/c-0009</failure></testcase><testcase classname="C-0030" status="failed" name="Ingress and Egress blocked" time=""><failure message="" type="">More deatiles: https://hub.armo.cloud/docs/c-0030</failure></testcase><testcase classname="C-0048" status="passed" name="HostPath mount" time=""></testcase><testcase classname="C-0075" status="passed" name="Image pull policy on latest tag" time=""></testcase><testcase classname="C-0050" status="failed" name="Resources CPU limit and request" time=""><failure message="spec.containers[0].resources.limits.cpu=YOUR_VALUE;spec.containers[0].resources.requests.cpu=YOUR_VALUE" type="">More deatiles: https://hub.armo.cloud/docs/c-0050</failure></testcase><testcase classname="C-0038" status="passed" name="Host PID/IPC privileges" time=""></testcase><testcase classname="C-0046" status="passed" name="Insecure capabilities" time=""></testcase><testcase classname="C-0061" status="passed" name="Pods in default namespace" time=""></testcase><testcase classname="C-0016" status="failed" name="Allow privilege escalation" time=""><failure message="spec.containers[0].securityContext.allowPrivilegeEscalation=false" type="">More deatiles: https://hub.armo.cloud/docs/c-0016</failure></testcase><testcase classname="C-0014" status="passed" name="Access Kubernetes dashboard" time=""></testcase><testcase classname="C-0001" status="passed" name="Forbidden Container Registries" time=""></testcase><testcase classname="C-0074" status="passed" name="Containers mounting Docker socket" time=""></testcase><testcase classname="C-0018" status="failed" name="Configured readiness probe" time=""><failure message="spec.containers[0].readinessProbe=YOUR_VALUE" type="">More deatiles: https://hub.armo.cloud/docs/c-0018</failure></testcase><testcase classname="C-0020" status="passed" name="Mount service principal" time=""></testcase><testcase classname="C-0073" status="failed" name="Naked PODs" time=""><failure message="metadata.ownerReferences=YOUR_VALUE" type="">More deatiles: https://hub.armo.cloud/docs/c-0073</failure></testcase><testcase classname="C-0044" status="passed" name="Container hostPort" time=""></testcase><testcase classname="C-0012" status="passed" name="Applications credentials in configuration files" time=""></testcase><testcase classname="C-0041" status="failed" name="HostNetwork access" time=""><failure message="spec.hostNetwork" type="">More deatiles: https://hub.armo.cloud/docs/c-0041</failure></testcase><testcase classname="C-0055" status="failed" name="Linux hardening" time=""><failure message="spec.securityContext" type="">More deatiles: https://hub.armo.cloud/docs/c-0055</failure></testcase><testcase classname="C-0006" status="failed" name="Allowed hostPath" time=""><failure message="spec.containers[0].volumeMounts[0].readOnly=true" type="">More deatiles: https://hub.armo.cloud/docs/c-0006</failure></testcase><testcase classname="C-0077" status="failed" name="K8s common labels usage" time=""><failure message="metadata.labels=YOUR_VALUE" type="">More deatiles: https://hub.armo.cloud/docs/c-0077</failure></testcase><testcase classname="C-0004" status="failed" name="Resources memory limit and request" time=""><failure message="spec.containers[0].resources.limits.memory=YOUR_VALUE;spec.containers[0].resources.requests.memory=YOUR_VALUE" type="">More deatiles: https://hub.armo.cloud/docs/c-0004</failure></testcase><testcase classname="C-0056" status="failed" name="Configured liveness probe" time=""><failure message="spec.containers[0].livenessProbe=YOUR_VALUE" type="">More deatiles: https://hub.armo.cloud/docs/c-0056</failure></testcase><testcase classname="C-0057" status="passed" name="Privileged container" time=""></testcase><testcase classname="C-0045" status="failed" name="Writable hostPath mount" time=""><failure message="spec.containers[0].volumeMounts[0].readOnly=true" type="">More deatiles: https://hub.armo.cloud/docs/c-0045</failure></testcase><testcase classname="C-0076" status="failed" name="Label usage for resources" time=""><failure message="metadata.labels=YOUR_VALUE" type="">More deatiles: https://hub.armo.cloud/docs/c-0076</failure></testcase><testcase classname="C-0013" status="failed" name="Non-root containers" time=""><failure message="spec.securityContext.runAsNonRoot=true;spec.securityContext.allowPrivilegeEscalation=false" type="">More deatiles: https://hub.armo.cloud/docs/c-0013</failure></testcase><testcase classname="C-0062" status="passed" name="Sudo in container entrypoint" time=""></testcase></testsuite><testsuite name="rbac.authorization.k8s.io//Group/system:nodes/rbac.authorization.k8s.io/v1/kube-system/Role/kubeadm:kubelet-config-1.22/rbac.authorization.k8s.io/v1/kube-system/RoleBinding/kubeadm:kubelet-config-1.22" disabled="0" errors="0" failures="0" hostname="" id="192" skipped="" time="" timestamp="0001-01-01 00:00:00 +0000 UTC"><properties><property name="ID" value="rbac.authorization.k8s.io//Group/system:nodes/rbac.authorization.k8s.io/v1/kube-system/Role/kubeadm:kubelet-config-1.22/rbac.authorization.k8s.io/v1/kube-system/RoleBinding/kubeadm:kubelet-config-1.22"></property></properties><testcase classname="C-0002" status="passed" name="Exec into container" time=""></testcase><testcase classname="C-0031" status="passed" name="Delete Kubernetes events" time=""></testcase><testcase classname="C-0015" status="passed" name="List Kubernetes secrets" time=""></testcase><testcase classname="C-0035" status="passed" name="Cluster-admin binding" time=""></testcase><testcase classname="C-0007" status="passed" name="Data Destruction" time=""></testcase><testcase classname="C-0065" status="passed" name="No impersonation" time=""></testcase><testcase classname="C-0063" status="passed" name="Portforwarding privileges" time=""></testcase><testcase classname="C-0014" status="passed" name="Access Kubernetes dashboard" time=""></testcase><testcase classname="C-0037" status="passed" name="CoreDNS poisoning" time=""></testcase></testsuite><testsuite name="/v1/kube-system/ServiceAccount/service-account-controller" disabled="0" errors="0" failures="1" hostname="" id="193" skipped="" time="" timestamp="0001-01-01 00:00:00 +0000 UTC"><properties><property name="ID" value="/v1/kube-system/ServiceAccount/service-account-controller"></property></properties><testcase classname="C-0034" status="failed" name="Automatic mapping of service account" time=""><failure message="automountServiceAccountToken=false" type="">More deatiles: https://hub.armo.cloud/docs/c-0034</failure></testcase><testcase classname="C-0060" status="passed" name="Namespace without service accounts" time=""></testcase></testsuite><testsuite name="/v1/system-test/ServiceAccount/default" disabled="0" errors="0" failures="1" hostname="" id="194" skipped="" time="" timestamp="0001-01-01 00:00:00 +0000 UTC"><properties><property name="ID" value="/v1/system-test/ServiceAccount/default"></property></properties><testcase classname="C-0034" status="failed" name="Automatic mapping of service account" time=""><failure message="automountServiceAccountToken=false" type="">More deatiles: https://hub.armo.cloud/docs/c-0034</failure></testcase><testcase classname="C-0060" status="passed" name="Namespace without service accounts" time=""></testcase></testsuite><testsuite name="/v1//Namespace/kube-public" disabled="0" errors="0" failures="3" hostname="" id="195" skipped="" time="" timestamp="0001-01-01 00:00:00 +0000 UTC"><properties><property name="ID" value="/v1//Namespace/kube-public"></property></properties><testcase classname="C-0049" status="failed" name="Network mapping" time=""><failure message="" type="">More deatiles: https://hub.armo.cloud/docs/c-0049</failure></testcase><testcase classname="C-0054" status="failed" name="Cluster internal networking" time=""><failure message="" type="">More deatiles: https://hub.armo.cloud/docs/c-0054</failure></testcase><testcase classname="C-0060" status="failed" name="Namespace without service accounts" time=""><failure message="" type="">More deatiles: https://hub.armo.cloud/docs/c-0060</failure></testcase></testsuite><testsuite name="/v1/cyberarmor-system/ConfigMap/ca-posture-score-config" disabled="0" errors="0" failures="0" hostname="" id="196" skipped="" time="" timestamp="0001-01-01 00:00:00 +0000 UTC"><properties><property name="ID" value="/v1/cyberarmor-system/ConfigMap/ca-posture-score-config"></property></properties><testcase classname="C-0012" status="passed" name="Applications credentials in configuration files" time=""></testcase></testsuite><testsuite name="/v1/kube-system/ServiceAccount/kube-proxy" disabled="0" errors="0" failures="1" hostname="" id="197" skipped="" time="" timestamp="0001-01-01 00:00:00 +0000 UTC"><properties><property name="ID" value="/v1/kube-system/ServiceAccount/kube-proxy"></property></properties><testcase classname="C-0034" status="failed" name="Automatic mapping of service account" time=""><failure message="automountServiceAccountToken=false" type="">More deatiles: https://hub.armo.cloud/docs/c-0034</failure></testcase><testcase classname="C-0060" status="passed" name="Namespace without service accounts" time=""></testcase></testsuite><testsuite name="rbac.authorization.k8s.io//User/system:kube-proxy/rbac.authorization.k8s.io/v1//ClusterRole/system:node-proxier/rbac.authorization.k8s.io/v1//ClusterRoleBinding/system:node-proxier" disabled="0" errors="0" failures="0" hostname="" id="198" skipped="" time="" timestamp="0001-01-01 00:00:00 +0000 UTC"><properties><property name="ID" value="rbac.authorization.k8s.io//User/system:kube-proxy/rbac.authorization.k8s.io/v1//ClusterRole/system:node-proxier/rbac.authorization.k8s.io/v1//ClusterRoleBinding/system:node-proxier"></property></properties><testcase classname="C-0002" status="passed" name="Exec into container" time=""></testcase><testcase classname="C-0031" status="passed" name="Delete Kubernetes events" time=""></testcase><testcase classname="C-0015" status="passed" name="List Kubernetes secrets" time=""></testcase><testcase classname="C-0035" status="passed" name="Cluster-admin binding" time=""></testcase><testcase classname="C-0007" status="passed" name="Data Destruction" time=""></testcase><testcase classname="C-0065" status="passed" name="No impersonation" time=""></testcase><testcase classname="C-0063" status="passed" name="Portforwarding privileges" time=""></testcase><testcase classname="C-0014" status="passed" name="Access Kubernetes dashboard" time=""></testcase><testcase classname="C-0037" status="passed" name="CoreDNS poisoning" time=""></testcase></testsuite><testsuite name="/v1/armo-system/ConfigMap/kubescape-job-template" disabled="0" errors="0" failures="0" hostname="" id="199" skipped="" time="" timestamp="0001-01-01 00:00:00 +0000 UTC"><properties><property name="ID" value="/v1/armo-system/ConfigMap/kubescape-job-template"></property></properties><testcase classname="C-0012" status="passed" name="Applications credentials in configuration files" time=""></testcase></testsuite><testsuite name="/ks-scanner/ServiceAccount/kubescape-discovery/rbac.authorization.k8s.io/v1//ClusterRole/kubescape-discovery-clusterroles/rbac.authorization.k8s.io/v1//ClusterRoleBinding/kubescape-discovery-role-binding" disabled="0" errors="0" failures="2" hostname="" id="200" skipped="" time="" timestamp="0001-01-01 00:00:00 +0000 UTC"><properties><property name="ID" value="/ks-scanner/ServiceAccount/kubescape-discovery/rbac.authorization.k8s.io/v1//ClusterRole/kubescape-discovery-clusterroles/rbac.authorization.k8s.io/v1//ClusterRoleBinding/kubescape-discovery-role-binding"></property></properties><testcase classname="C-0002" status="passed" name="Exec into container" time=""></testcase><testcase classname="C-0031" status="passed" name="Delete Kubernetes events" time=""></testcase><testcase classname="C-0015" status="failed" name="List Kubernetes secrets" time=""><failure message="relatedObjects[1].rules[0].resources[0];relatedObjects[1].rules[0].verbs[0];relatedObjects[1].rules[0].verbs[1];relatedObjects[1].rules[0].apiGroups[0];relatedObjects[0].roleRef.subjects[0];relatedObjects[0].roleRef.name" type="">More deatiles: https://hub.armo.cloud/docs/c-0015</failure></testcase><testcase classname="C-0035" status="passed" name="Cluster-admin binding" time=""></testcase><testcase classname="C-0007" status="passed" name="Data Destruction" time=""></testcase><testcase classname="C-0065" status="passed" name="No impersonation" time=""></testcase><testcase classname="C-0063" status="failed" name="Portforwarding privileges" time=""><failure message="relatedObjects[1].rules[0].resources[0];relatedObjects[1].rules[0].verbs[0];relatedObjects[1].rules[0].apiGroups[0];relatedObjects[0].roleRef.subjects[0];relatedObjects[0].roleRef.name" type="">More deatiles: https://hub.armo.cloud/docs/c-0063</failure></testcase><testcase classname="C-0014" status="passed" name="Access Kubernetes dashboard" time=""></testcase><testcase classname="C-0037" status="passed" name="CoreDNS poisoning" time=""></testcase></testsuite><testsuite name="rbac.authorization.k8s.io//Group/system:nodes/rbac.authorization.k8s.io/v1//ClusterRole/system:certificates.k8s.io:certificatesigningrequests:selfnodeclient/rbac.authorization.k8s.io/v1//ClusterRoleBinding/kubeadm:node-autoapprove-certificate-rotation" disabled="0" errors="0" failures="0" hostname="" id="201" skipped="" time="" timestamp="0001-01-01 00:00:00 +0000 UTC"><properties><property name="ID" value="rbac.authorization.k8s.io//Group/system:nodes/rbac.authorization.k8s.io/v1//ClusterRole/system:certificates.k8s.io:certificatesigningrequests:selfnodeclient/rbac.authorization.k8s.io/v1//ClusterRoleBinding/kubeadm:node-autoapprove-certificate-rotation"></property></properties><testcase classname="C-0002" status="passed" name="Exec into container" time=""></testcase><testcase classname="C-0031" status="passed" name="Delete Kubernetes events" time=""></testcase><testcase classname="C-0015" status="passed" name="List Kubernetes secrets" time=""></testcase><testcase classname="C-0035" status="passed" name="Cluster-admin binding" time=""></testcase><testcase classname="C-0007" status="passed" name="Data Destruction" time=""></testcase><testcase classname="C-0065" status="passed" name="No impersonation" time=""></testcase><testcase classname="C-0063" status="passed" name="Portforwarding privileges" time=""></testcase><testcase classname="C-0014" status="passed" name="Access Kubernetes dashboard" time=""></testcase><testcase classname="C-0037" status="passed" name="CoreDNS poisoning" time=""></testcase></testsuite><testsuite name="/v1/kube-system/ServiceAccount/root-ca-cert-publisher" disabled="0" errors="0" failures="1" hostname="" id="202" skipped="" time="" timestamp="0001-01-01 00:00:00 +0000 UTC"><properties><property name="ID" value="/v1/kube-system/ServiceAccount/root-ca-cert-publisher"></property></properties><testcase classname="C-0034" status="failed" name="Automatic mapping of service account" time=""><failure message="automountServiceAccountToken=false" type="">More deatiles: https://hub.armo.cloud/docs/c-0034</failure></testcase><testcase classname="C-0060" status="passed" name="Namespace without service accounts" time=""></testcase></testsuite><testsuite name="/kube-system/ServiceAccount/pvc-protection-controller/rbac.authorization.k8s.io/v1//ClusterRole/system:controller:pvc-protection-controller/rbac.authorization.k8s.io/v1//ClusterRoleBinding/system:controller:pvc-protection-controller" disabled="0" errors="0" failures="1" hostname="" id="203" skipped="" time="" timestamp="0001-01-01 00:00:00 +0000 UTC"><properties><property name="ID" value="/kube-system/ServiceAccount/pvc-protection-controller/rbac.authorization.k8s.io/v1//ClusterRole/system:controller:pvc-protection-controller/rbac.authorization.k8s.io/v1//ClusterRoleBinding/system:controller:pvc-protection-controller"></property></properties><testcase classname="C-0002" status="passed" name="Exec into container" time=""></testcase><testcase classname="C-0031" status="passed" name="Delete Kubernetes events" time=""></testcase><testcase classname="C-0015" status="passed" name="List Kubernetes secrets" time=""></testcase><testcase classname="C-0035" status="passed" name="Cluster-admin binding" time=""></testcase><testcase classname="C-0007" status="passed" name="Data Destruction" time=""></testcase><testcase classname="C-0065" status="passed" name="No impersonation" time=""></testcase><testcase classname="C-0063" status="passed" name="Portforwarding privileges" time=""></testcase><testcase classname="C-0014" status="passed" name="Access Kubernetes dashboard" time=""></testcase><testcase classname="C-0037" status="passed" name="CoreDNS poisoning" time=""></testcase><testcase classname="C-0053" status="failed" name="Access container service account" time=""><failure message="" type="">More deatiles: https://hub.armo.cloud/docs/c-0053</failure></testcase></testsuite><testsuite name="/kube-system/ServiceAccount/kube-dns/rbac.authorization.k8s.io/v1//ClusterRole/system:kube-dns/rbac.authorization.k8s.io/v1//ClusterRoleBinding/system:kube-dns" disabled="0" errors="0" failures="0" hostname="" id="204" skipped="" time="" timestamp="0001-01-01 00:00:00 +0000 UTC"><properties><property name="ID" value="/kube-system/ServiceAccount/kube-dns/rbac.authorization.k8s.io/v1//ClusterRole/system:kube-dns/rbac.authorization.k8s.io/v1//ClusterRoleBinding/system:kube-dns"></property></properties><testcase classname="C-0002" status="passed" name="Exec into container" time=""></testcase><testcase classname="C-0031" status="passed" name="Delete Kubernetes events" time=""></testcase><testcase classname="C-0015" status="passed" name="List Kubernetes secrets" time=""></testcase><testcase classname="C-0035" status="passed" name="Cluster-admin binding" time=""></testcase><testcase classname="C-0007" status="passed" name="Data Destruction" time=""></testcase><testcase classname="C-0065" status="passed" name="No impersonation" time=""></testcase><testcase classname="C-0063" status="passed" name="Portforwarding privileges" time=""></testcase><testcase classname="C-0014" status="passed" name="Access Kubernetes dashboard" time=""></testcase><testcase classname="C-0037" status="passed" name="CoreDNS poisoning" time=""></testcase></testsuite><testsuite name="apps/v1/cyberarmor-system/Deployment/ca-websocket" disabled="0" errors="0" failures="16" hostname="" id="205" skipped="" time="" timestamp="0001-01-01 00:00:00 +0000 UTC"><properties><property name="ID" value="apps/v1/cyberarmor-system/Deployment/ca-websocket"></property></properties><testcase classname="C-0034" status="failed" name="Automatic mapping of service account" time=""><failure message="spec.template.spec.automountServiceAccountToken=false" type="">More deatiles: https://hub.armo.cloud/docs/c-0034</failure></testcase><testcase classname="C-0078" status="failed" name="Images from allowed registry" time=""><failure message="spec.template.spec.containers[0].image" type="">More deatiles: https://hub.armo.cloud/docs/c-0078</failure></testcase><testcase classname="C-0017" status="failed" name="Immutable container filesystem" time=""><failure message="spec.template.spec.containers[0].securityContext.readOnlyRootFilesystem=true" type="">More deatiles: https://hub.armo.cloud/docs/c-0017</failure></testcase><testcase classname="C-0009" status="passed" name="Resource policies" time=""></testcase><testcase classname="C-0030" status="failed" name="Ingress and Egress blocked" time=""><failure message="" type="">More deatiles: https://hub.armo.cloud/docs/c-0030</failure></testcase><testcase classname="C-0048" status="failed" name="HostPath mount" time=""><failure message="spec.template.spec.volumes[0].hostPath.path" type="">More deatiles: https://hub.armo.cloud/docs/c-0048</failure></testcase><testcase classname="C-0075" status="passed" name="Image pull policy on latest tag" time=""></testcase><testcase classname="C-0050" status="passed" name="Resources CPU limit and request" time=""></testcase><testcase classname="C-0038" status="passed" name="Host PID/IPC privileges" time=""></testcase><testcase classname="C-0046" status="passed" name="Insecure capabilities" time=""></testcase><testcase classname="C-0061" status="passed" name="Pods in default namespace" time=""></testcase><testcase classname="C-0016" status="failed" name="Allow privilege escalation" time=""><failure message="spec.template.spec.containers[0].securityContext.allowPrivilegeEscalation=false" type="">More deatiles: https://hub.armo.cloud/docs/c-0016</failure></testcase><testcase classname="C-0014" status="passed" name="Access Kubernetes dashboard" time=""></testcase><testcase classname="C-0001" status="failed" name="Forbidden Container Registries" time=""><failure message="spec.template.spec.containers[0].image" type="">More deatiles: https://hub.armo.cloud/docs/c-0001</failure></testcase><testcase classname="C-0074" status="failed" name="Containers mounting Docker socket" time=""><failure message="spec.template.spec.volumes[0].hostPath.path" type="">More deatiles: https://hub.armo.cloud/docs/c-0074</failure></testcase><testcase classname="C-0018" status="passed" name="Configured readiness probe" time=""></testcase><testcase classname="C-0020" status="failed" name="Mount service principal" time=""><failure message="spec.template.spec.volumes[0].hostPath.path" type="">More deatiles: https://hub.armo.cloud/docs/c-0020</failure></testcase><testcase classname="C-0044" status="passed" name="Container hostPort" time=""></testcase><testcase classname="C-0012" status="passed" name="Applications credentials in configuration files" time=""></testcase><testcase classname="C-0041" status="passed" name="HostNetwork access" time=""></testcase><testcase classname="C-0055" status="failed" name="Linux hardening" time=""><failure message="spec.template.spec.securityContext" type="">More deatiles: https://hub.armo.cloud/docs/c-0055</failure></testcase><testcase classname="C-0006" status="failed" name="Allowed hostPath" time=""><failure message="spec.template.spec.containers[0].volumeMounts[0].readOnly=true" type="">More deatiles: https://hub.armo.cloud/docs/c-0006</failure></testcase><testcase classname="C-0077" status="failed" name="K8s common labels usage" time=""><failure message="metadata.labels=YOUR_VALUE;spec.template.metadata.labels=YOUR_VALUE" type="">More deatiles: https://hub.armo.cloud/docs/c-0077</failure></testcase><testcase classname="C-0004" status="passed" name="Resources memory limit and request" time=""></testcase><testcase classname="C-0056" status="failed" name="Configured liveness probe" time=""><failure message="spec.template.spec.containers[0].livenessProbe=YOUR_VALUE" type="">More deatiles: https://hub.armo.cloud/docs/c-0056</failure></testcase><testcase classname="C-0057" status="passed" name="Privileged container" time=""></testcase><testcase classname="C-0045" status="failed" name="Writable hostPath mount" time=""><failure message="spec.template.spec.containers[0].volumeMounts[0].readOnly=true" type="">More deatiles: https://hub.armo.cloud/docs/c-0045</failure></testcase><testcase classname="C-0076" status="failed" name="Label usage for resources" time=""><failure message="metadata.labels=YOUR_VALUE;spec.template.metadata.labels=YOUR_VALUE" type="">More deatiles: https://hub.armo.cloud/docs/c-0076</failure></testcase><testcase classname="C-0013" status="failed" name="Non-root containers" time=""><failure message="spec.template.spec.securityContext.runAsNonRoot=true;spec.template.spec.securityContext.allowPrivilegeEscalation=false" type="">More deatiles: https://hub.armo.cloud/docs/c-0013</failure></testcase><testcase classname="C-0062" status="passed" name="Sudo in container entrypoint" time=""></testcase></testsuite><testsuite name="apps/v1/kube-system/Deployment/coredns" disabled="0" errors="0" failures="7" hostname="" id="206" skipped="" time="" timestamp="0001-01-01 00:00:00 +0000 UTC"><properties><property name="ID" value="apps/v1/kube-system/Deployment/coredns"></property></properties><testcase classname="C-0034" status="failed" name="Automatic mapping of service account" time=""><failure message="spec.template.spec.automountServiceAccountToken=false" type="">More deatiles: https://hub.armo.cloud/docs/c-0034</failure></testcase><testcase classname="C-0078" status="passed" name="Images from allowed registry" time=""></testcase><testcase classname="C-0017" status="passed" name="Immutable container filesystem" time=""></testcase><testcase classname="C-0009" status="failed" name="Resource policies" time=""><failure message="spec.template.spec.containers[0].resources.limits.cpu=YOUR_VALUE" type="">More deatiles: https://hub.armo.cloud/docs/c-0009</failure></testcase><testcase classname="C-0030" status="failed" name="Ingress and Egress blocked" time=""><failure message="" type="">More deatiles: https://hub.armo.cloud/docs/c-0030</failure></testcase><testcase classname="C-0048" status="passed" name="HostPath mount" time=""></testcase><testcase classname="C-0075" status="passed" name="Image pull policy on latest tag" time=""></testcase><testcase classname="C-0050" status="failed" name="Resources CPU limit and request" time=""><failure message="spec.template.spec.containers[0].resources.limits.cpu=YOUR_VALUE;spec.template.spec.containers[0].resources.requests.cpu=YOUR_VALUE" type="">More deatiles: https://hub.armo.cloud/docs/c-0050</failure></testcase><testcase classname="C-0038" status="passed" name="Host PID/IPC privileges" time=""></testcase><testcase classname="C-0046" status="passed" name="Insecure capabilities" time=""></testcase><testcase classname="C-0061" status="passed" name="Pods in default namespace" time=""></testcase><testcase classname="C-0016" status="passed" name="Allow privilege escalation" time=""></testcase><testcase classname="C-0014" status="passed" name="Access Kubernetes dashboard" time=""></testcase><testcase classname="C-0001" status="passed" name="Forbidden Container Registries" time=""></testcase><testcase classname="C-0074" status="passed" name="Containers mounting Docker socket" time=""></testcase><testcase classname="C-0018" status="passed" name="Configured readiness probe" time=""></testcase><testcase classname="C-0020" status="passed" name="Mount service principal" time=""></testcase><testcase classname="C-0044" status="passed" name="Container hostPort" time=""></testcase><testcase classname="C-0012" status="passed" name="Applications credentials in configuration files" time=""></testcase><testcase classname="C-0041" status="passed" name="HostNetwork access" time=""></testcase><testcase classname="C-0055" status="passed" name="Linux hardening" time=""></testcase><testcase classname="C-0006" status="passed" name="Allowed hostPath" time=""></testcase><testcase classname="C-0077" status="failed" name="K8s common labels usage" time=""><failure message="metadata.labels=YOUR_VALUE;spec.template.metadata.labels=YOUR_VALUE" type="">More deatiles: https://hub.armo.cloud/docs/c-0077</failure></testcase><testcase classname="C-0004" status="passed" name="Resources memory limit and request" time=""></testcase><testcase classname="C-0056" status="passed" name="Configured liveness probe" time=""></testcase><testcase classname="C-0057" status="passed" name="Privileged container" time=""></testcase><testcase classname="C-0045" status="passed" name="Writable hostPath mount" time=""></testcase><testcase classname="C-0076" status="failed" name="Label usage for resources" time=""><failure message="metadata.labels=YOUR_VALUE;spec.template.metadata.labels=YOUR_VALUE" type="">More deatiles: https://hub.armo.cloud/docs/c-0076</failure></testcase><testcase classname="C-0013" status="failed" name="Non-root containers" time=""><failure message="spec.securityContext.runAsNonRoot=true" type="">More deatiles: https://hub.armo.cloud/docs/c-0013</failure></testcase><testcase classname="C-0062" status="passed" name="Sudo in container entrypoint" time=""></testcase></testsuite><testsuite name="/kube-system/ServiceAccount/replicaset-controller/rbac.authorization.k8s.io/v1//ClusterRole/system:controller:replicaset-controller/rbac.authorization.k8s.io/v1//ClusterRoleBinding/system:controller:replicaset-controller" disabled="0" errors="0" failures="2" hostname="" id="207" skipped="" time="" timestamp="0001-01-01 00:00:00 +0000 UTC"><properties><property name="ID" value="/kube-system/ServiceAccount/replicaset-controller/rbac.authorization.k8s.io/v1//ClusterRole/system:controller:replicaset-controller/rbac.authorization.k8s.io/v1//ClusterRoleBinding/system:controller:replicaset-controller"></property></properties><testcase classname="C-0002" status="passed" name="Exec into container" time=""></testcase><testcase classname="C-0031" status="passed" name="Delete Kubernetes events" time=""></testcase><testcase classname="C-0015" status="passed" name="List Kubernetes secrets" time=""></testcase><testcase classname="C-0035" status="passed" name="Cluster-admin binding" time=""></testcase><testcase classname="C-0007" status="failed" name="Data Destruction" time=""><failure message="relatedObjects[1].rules[3].resources[0];relatedObjects[1].rules[3].verbs[1];relatedObjects[1].rules[3].apiGroups[0];relatedObjects[0].roleRef.subjects[0];relatedObjects[0].roleRef.name" type="">More deatiles: https://hub.armo.cloud/docs/c-0007</failure></testcase><testcase classname="C-0065" status="passed" name="No impersonation" time=""></testcase><testcase classname="C-0063" status="passed" name="Portforwarding privileges" time=""></testcase><testcase classname="C-0014" status="passed" name="Access Kubernetes dashboard" time=""></testcase><testcase classname="C-0037" status="passed" name="CoreDNS poisoning" time=""></testcase><testcase classname="C-0053" status="failed" name="Access container service account" time=""><failure message="" type="">More deatiles: https://hub.armo.cloud/docs/c-0053</failure></testcase></testsuite><testsuite name="/v1/armo-system/ConfigMap/kube-root-ca.crt" disabled="0" errors="0" failures="0" hostname="" id="208" skipped="" time="" timestamp="0001-01-01 00:00:00 +0000 UTC"><properties><property name="ID" value="/v1/armo-system/ConfigMap/kube-root-ca.crt"></property></properties><testcase classname="C-0012" status="passed" name="Applications credentials in configuration files" time=""></testcase></testsuite><testsuite name="rbac.authorization.k8s.io//Group/system:serviceaccounts/rbac.authorization.k8s.io/v1//ClusterRole/system:service-account-issuer-discovery/rbac.authorization.k8s.io/v1//ClusterRoleBinding/system:service-account-issuer-discovery" disabled="0" errors="0" failures="0" hostname="" id="209" skipped="" time="" timestamp="0001-01-01 00:00:00 +0000 UTC"><properties><property name="ID" value="rbac.authorization.k8s.io//Group/system:serviceaccounts/rbac.authorization.k8s.io/v1//ClusterRole/system:service-account-issuer-discovery/rbac.authorization.k8s.io/v1//ClusterRoleBinding/system:service-account-issuer-discovery"></property></properties><testcase classname="C-0002" status="passed" name="Exec into container" time=""></testcase><testcase classname="C-0031" status="passed" name="Delete Kubernetes events" time=""></testcase><testcase classname="C-0015" status="passed" name="List Kubernetes secrets" time=""></testcase><testcase classname="C-0035" status="passed" name="Cluster-admin binding" time=""></testcase><testcase classname="C-0007" status="passed" name="Data Destruction" time=""></testcase><testcase classname="C-0065" status="passed" name="No impersonation" time=""></testcase><testcase classname="C-0063" status="passed" name="Portforwarding privileges" time=""></testcase><testcase classname="C-0014" status="passed" name="Access Kubernetes dashboard" time=""></testcase><testcase classname="C-0037" status="passed" name="CoreDNS poisoning" time=""></testcase></testsuite></testsuites>