<testsuites errors="0" disabled="0" failures="1" tests="1" time="" name="">
	<testsuite name="apps/v1//Deployment/example" disabled="0" errors="0" failures="1" hostname="" id="1" skipped="" time="" timestamp="0001-01-01 00:00:00 +0000 UTC">
		<properties>
			<property name="ID" value="apps/v1//Deployment/example">
			</property>
		</properties>
		<testcase classname="C-0061" status="failed" name="Pods in default namespace" time="">
			<failure message="metadata.namespace=YOUR_VALUE" type="">
				More deatiles: https://hub.armo.cloud/docs/c-0061
			</failure>
		</testcase>
		<testcase classname="C-0044" status="passed" name="Container hostPort" time="">
		</testcase>
	</testsuite>
</testsuites>
